"../../../Engine/Content/Functions/Engine_MaterialFunctions01/Opacity/CameraDepthFade.uasset" 0
"../../../Engine/Content/EngineMaterials/T_Default_Material_Grid_M.uasset" 1
"../../../Engine/Content/EngineMaterials/T_Default_Material_Grid_N.uasset" 2
"../../../Engine/Content/EngineMaterials/DefaultMaterial.uasset" 3
"../../../Engine/Content/BasicShapes/Cone.uasset" 4
"../../../Engine/Content/EngineMaterials/WorldGridMaterial.uasset" 5
"../../../Engine/Content/BasicShapes/Cube.uasset" 6
"../../../Engine/Content/BasicShapes/Cylinder.uasset" 7
"../../../Engine/Content/BasicShapes/Plane.uasset" 8
"../../../Engine/Content/BasicShapes/Sphere.uasset" 9
"../../../Engine/Content/EditorLandscapeResources/DataLayer.uasset" 10
"../../../Engine/Content/EditorMaterials/GizmoMaterial.uasset" 11
"../../../Engine/Content/EditorMaterials/MAT_Groups_Toggle.uasset" 12
"../../../Engine/Content/EditorMaterials/MAT_Groups_Visibility.uasset" 13
"../../../Engine/Content/EditorMaterials/PreviewShadowIndicator.uasset" 14
"../../../Engine/Content/EditorMaterials/PreviewShadowIndicatorMaterial.uasset" 15
"../../../Engine/Content/EditorMaterials/AssetViewer/EpicQuadPanorama_CC+EV1.uasset" 16
"../../../Engine/Content/EditorMaterials/MatineeGroups/MAT_ColorTrack.uasset" 17
"../../../Engine/Content/EditorMaterials/MatineeGroups/MAT_Groups_Anim.uasset" 18
"../../../Engine/Content/EditorMaterials/MatineeGroups/MAT_Groups_AudioMaster.uasset" 19
"../../../Engine/Content/EditorMaterials/MatineeGroups/MAT_Groups_Director.uasset" 20
"../../../Engine/Content/EditorMaterials/MatineeGroups/MAT_Groups_Event.uasset" 21
"../../../Engine/Content/EditorMaterials/MatineeGroups/MAT_Groups_Fade.uasset" 22
"../../../Engine/Content/EditorMaterials/MatineeGroups/MAT_Groups_Float.uasset" 23
"../../../Engine/Content/EditorMaterials/MatineeGroups/MAT_Groups_Move.uasset" 24
"../../../Engine/Content/EditorMaterials/MatineeGroups/MAT_Groups_Slomo.uasset" 25
"../../../Engine/Content/EditorMaterials/MatineeGroups/MAT_Groups_Sound.uasset" 26
"../../../Engine/Content/EditorMaterials/MatineeGroups/MAT_Groups_Vector.uasset" 27
"../../../Engine/Content/EditorMaterials/ParticleSystems/PSysThumbnail_NoImage.uasset" 28
"../../../Engine/Content/EditorMaterials/ParticleSystems/PSysThumbnail_OOD.uasset" 29
"../../../Engine/Content/EditorMaterials/Camera/CineMat.uasset" 30
"../../../Engine/Content/EditorMaterials/Camera/MI_CineMat_Rig.uasset" 31
"../../../Engine/Content/EditorMeshes/Camera/SM_CraneRig_Arm.uasset" 32
"../../../Engine/Content/EditorMeshes/Camera/SM_CraneRig_Base.uasset" 33
"../../../Engine/Content/EditorMeshes/Camera/SM_CraneRig_Body.uasset" 34
"../../../Engine/Content/EditorMeshes/Camera/SM_CraneRig_Mount.uasset" 35
"../../../Engine/Content/EditorMeshes/Camera/SM_RailRig_Mount.uasset" 36
"../../../Engine/Content/EditorMeshes/Camera/SM_RailRig_Track.uasset" 37
"../../../Engine/Content/EditorMeshes/ColorCalibrator/M_ChromeBall.uasset" 38
"../../../Engine/Content/EditorMeshes/ColorCalibrator/M_ClearCoat.uasset" 39
"../../../Engine/Content/EditorMeshes/ColorCalibrator/M_ClearCoatBlack.uasset" 40
"../../../Engine/Content/EditorMeshes/ColorCalibrator/T_ColorGrid.uasset" 41
"../../../Engine/Content/EditorMeshes/ColorCalibrator/M_ColorGrid.uasset" 42
"../../../Engine/Content/EditorMeshes/ColorCalibrator/M_GreyBall.uasset" 43
"../../../Engine/Content/EditorMeshes/ColorCalibrator/SM_ColorCalibrator.uasset" 44
"../../../Engine/Content/EditorResources/BSPVertex.uasset" 45
"../../../Engine/Content/EditorResources/EmptyActor.uasset" 46
"../../../Engine/Content/EditorResources/RGBTable16x1_AssetViewer.uasset" 47
"../../../Engine/Content/EditorResources/S_Actor.uasset" 48
"../../../Engine/Content/EditorResources/S_Trigger.uasset" 49
"../../../Engine/Content/EditorResources/AudioIcons/S_AudioComponent_AutoActivate.uasset" 50
"../../../Engine/Content/EditorResources/LightIcons/S_LightError.uasset" 51
"../../../Engine/Content/EditorResources/SequenceRecorder/Countdown.uasset" 52
"../../../Engine/Content/EditorResources/SequenceRecorder/RecordingIndicator.uasset" 53
"../../../Engine/Content/EditorSounds/Notifications/CompileFailed.uasset" 54
"../../../Engine/Content/EditorSounds/Notifications/CompileFailed_Cue.uasset" 55
"../../../Engine/Content/EditorSounds/Notifications/CompileSuccess.uasset" 56
"../../../Engine/Content/EditorSounds/Notifications/CompileStart_Cue.uasset" 57
"../../../Engine/Content/EditorSounds/Notifications/CompileSuccess_Cue.uasset" 58
"../../../Engine/Content/EngineDamageTypes/DmgTypeBP_Environmental.uasset" 59
"../../../Engine/Content/EngineDebugMaterials/HeatmapGradient.uasset" 60
"../../../Engine/Content/EngineDebugMaterials/BoneWeightMaterial.uasset" 61
"../../../Engine/Content/EngineDebugMaterials/DebugMeshMaterial.uasset" 62
"../../../Engine/Content/EngineDebugMaterials/GeomMaterial.uasset" 63
"../../../Engine/Content/EngineFonts/Faces/RobotoBold.uasset" 64
"../../../Engine/Content/EngineFonts/Faces/RobotoBoldItalic.uasset" 65
"../../../Engine/Content/EngineFonts/Faces/RobotoItalic.uasset" 66
"../../../Engine/Content/EngineFonts/Faces/RobotoLight.uasset" 67
"../../../Engine/Content/EngineFonts/Faces/RobotoRegular.uasset" 68
"../../../Engine/Content/EngineFonts/Roboto.uasset" 69
"../../../Engine/Content/EngineFonts/Faces/RobotoTiny.uasset" 70
"../../../Engine/Content/EngineFonts/RobotoTiny.uasset" 71
"../../../Engine/Content/EngineMaterials/DefaultBokeh.uasset" 72
"../../../Engine/Content/EngineMaterials/DefaultDiffuse.uasset" 73
"../../../Engine/Content/EngineMaterials/DefaultDeferredDecalMaterial.uasset" 74
"../../../Engine/Content/EngineMaterials/DefaultLightFunctionMaterial.uasset" 75
"../../../Engine/Content/EngineMaterials/DefaultPhysicalMaterial.uasset" 76
"../../../Engine/Content/Functions/Engine_MaterialFunctions02/Utility/BreakOutFloat2Components.uasset" 77
"../../../Engine/Content/EngineMaterials/DefaultPostProcessMaterial.uasset" 78
"../../../Engine/Content/EngineFonts/RobotoDistanceField.uasset" 79
"../../../Engine/Content/EngineMaterials/DefaultTextMaterialOpaque.uasset" 80
"../../../Engine/Content/EngineMaterials/DefaultWhiteGrid.uasset" 81
"../../../Engine/Content/EngineMaterials/EditorBrushMaterial.uasset" 82
"../../../Engine/Content/EngineMaterials/Good64x64TilingNoiseHighFreq.uasset" 83
"../../../Engine/Content/EngineMaterials/MiniFont.uasset" 84
"../../../Engine/Content/EngineMaterials/InvalidLightmapSettings.uasset" 85
"../../../Engine/Content/EngineMaterials/M_InvalidLightmapSettings.uasset" 86
"../../../Engine/Content/EngineMaterials/PhAT_JointLimitMaterial.uasset" 87
"../../../Engine/Content/EngineMaterials/PreintegratedSkinBRDF.uasset" 88
"../../../Engine/Content/EngineMaterials/RemoveSurfaceMaterial.uasset" 89
"../../../Engine/Content/EngineMaterials/WeightMapPlaceholderTexture.uasset" 90
"../../../Engine/Content/EngineResources/WhiteSquareTexture.uasset" 91
"../../../Engine/Content/EngineMaterials/Widget3DPassThrough.uasset" 92
"../../../Engine/Content/EngineMaterials/Widget3DPassThrough_Masked.uasset" 93
"../../../Engine/Content/EngineMaterials/Widget3DPassThrough_Opaque.uasset" 94
"../../../Engine/Content/EngineMaterials/Widget3DPassThrough_Masked_OneSided.uasset" 95
"../../../Engine/Content/EngineMaterials/Widget3DPassThrough_Opaque_OneSided.uasset" 96
"../../../Engine/Content/EngineMaterials/Widget3DPassThrough_Translucent.uasset" 97
"../../../Engine/Content/EngineMaterials/Widget3DPassThrough_Translucent_OneSided.uasset" 98
"../../../Engine/Content/EngineMeshes/Cube.uasset" 99
"../../../Engine/Content/EngineMeshes/Cylinder.uasset" 100
"../../../Engine/Content/EngineMeshes/Sphere.uasset" 101
"../../../Engine/Content/EngineResources/Black.uasset" 102
"../../../Engine/Content/EngineResources/DefaultTexture.uasset" 103
"../../../Engine/Content/EngineResources/DefaultTextureCube.uasset" 104
"../../../Engine/Content/EngineResources/GradientTexture0.uasset" 105
"../../../Engine/Content/EngineSounds/Master.uasset" 106
"../../../Engine/Content/Functions/Engine_MaterialFunctions01/Shading/ConvertFromDiffSpec.uasset" 107
"../../../Engine/Content/Functions/Engine_MaterialFunctions01/Shading/PowerToRoughness.uasset" 108
"../../../Engine/Content/Maps/Templates/Thumbnails/Default.uasset" 109
"../../../Engine/Content/Maps/Templates/Thumbnails/VR-Basic.uasset" 110
"../../../Engine/Content/MobileResources/T_MobileControls_texture.uasset" 111
"../../../Engine/Content/MobileResources/T_MobileMenu2.uasset" 112
"../../../Engine/Content/MobileResources/HUD/AnalogHat.uasset" 113
"../../../Engine/Content/MobileResources/HUD/VirtualJoystick_Background.uasset" 114
"../../../Engine/Content/MobileResources/HUD/VirtualJoystick_Thumb.uasset" 115
"../../../Engine/Content/MobileResources/HUD/DefaultVirtualJoysticks.uasset" 116
"../../../Engine/Content/MobileResources/HUD/LeftVirtualJoystickOnly.uasset" 117
"../../../Engine/Content/MobileResources/HUD/MobileHUDButton1_off.uasset" 118
"../../../Engine/Content/MobileResources/HUD/MobileHUDButton1_on.uasset" 119
"../../../Engine/Content/MobileResources/HUD/MobileHUDButton2_off.uasset" 120
"../../../Engine/Content/MobileResources/HUD/MobileHUDButton2_on.uasset" 121
"../../../Engine/Content/MobileResources/HUD/MobileHUDButton3.uasset" 122
"../../../Engine/Content/MobileResources/HUD/MobileHUDButtonFire.uasset" 123
"../../../Engine/Content/MobileResources/HUD/MobileHUDDirectionPad.uasset" 124
"../../../Engine/Content/MobileResources/HUD/MobileHUDDirectionPad2.uasset" 125
"../../../Engine/Content/MobileResources/HUD/MobileHUDDirectionPad3.uasset" 126
"../../../Engine/Content/MobileResources/HUD/MobileHUDDirectionStick.uasset" 127
"../../../Engine/Content/MobileResources/HUD/T_Castle_ThumbstickInner.uasset" 128
"../../../Engine/Content/MobileResources/HUD/T_Castle_ThumbstickOutter.uasset" 129
"../../../Engine/Content/Tutorial/ContentIntroCurve.uasset" 130
"../../../Engine/Content/Tutorial/Basics/TutorialAssets/icon_tab_Levels_40x.uasset" 131
"../../../Engine/Content/Tutorial/BlueprintTutorials/TutorialAssets/BlueprintInterface_64x.uasset" 132
"../../../Engine/Content/Tutorial/BlueprintTutorials/TutorialAssets/BlueprintMacroLibrary_64x.uasset" 133
"../../../Engine/Content/Tutorial/BlueprintTutorials/TutorialAssets/Blueprint_64x.uasset" 134
"../../../Engine/Content/Tutorial/BlueprintTutorials/TutorialAssets/Tutorial_BP_Interface.uasset" 135
"../../../Engine/Content/Tutorial/Foliage/TutorialAssets/Foliage.uasset" 136
"../../../Engine/Content/Tutorial/Landscape/TutorialAssets/Landscape.uasset" 137
"../../../Engine/Content/Tutorial/Paper2D/TutorialAssets/Paper2DFlipbook_TutorialIcon.uasset" 138
"../../../Engine/Content/Tutorial/Paper2D/TutorialAssets/Paper2DSprite_TutorialIcon.uasset" 139
"../../../Engine/Content/Tutorial/SubEditors/TutorialAssets/icon_Editor_Preferences_General_40x.uasset" 140
"../../../Engine/Content/Tutorial/SubEditors/TutorialAssets/icon_ShowSkeletalMeshes_40x.uasset" 141
"../../../Engine/Content/Tutorial/SubEditors/TutorialAssets/TutorialMaterial.uasset" 142
"../../../Engine/Content/Tutorial/SubEditors/TutorialAssets/T_SmokeSubUV_8X8.uasset" 143
"../../../Engine/Content/Tutorial/SubEditors/TutorialAssets/T_soft_smoke.uasset" 144
"../../../Engine/Content/Tutorial/SubEditors/TutorialAssets/M_smoke_subUV_blackbody.uasset" 145
"../../../Engine/Content/Tutorial/SubEditors/TutorialAssets/TutorialParticleSystem.uasset" 146
"../../../Engine/Content/EditorMeshes/EditorCube.uasset" 147
"../../../Engine/Content/Tutorial/SubEditors/TutorialAssets/Tutorial_DM.uasset" 148
"../../../Engine/Content/VREditor/Devices/Generic/GenericHMDMaterial.uasset" 149
"../../../Engine/Content/VREditor/Devices/Generic/GenericHMD.uasset" 150
"../../../Engine/Content/VREditor/FloatingText/LineMaterial.uasset" 151
"../../../Engine/Content/VREditor/FloatingText/JointSphere.uasset" 152
"../../../Engine/Content/VREditor/FloatingText/LineSegmentCylinder.uasset" 153
"../../../Engine/Content/VREditor/Fonts/VRText_RobotoLarge.uasset" 154
"../../../Engine/Content/VREditor/Fonts/VRTextMaterial.uasset" 155
"../../../Engine/Content/VREditor/Fonts/TranslucentVRTextMaterial.uasset" 156
"../../../Engine/Content/VREditor/LaserPointer/VR_LaserPower_01.uasset" 157
"../../../Engine/Content/VREditor/LaserPointer/LaserPointerMaterial.uasset" 158
"../../../Engine/Content/VREditor/LaserPointer/LaserPointerMaterialInst.uasset" 159
"../../../Engine/Content/VREditor/LaserPointer/TranslucentLaserPointerMaterialInst.uasset" 160
"../../../Engine/Content/VREditor/LaserPointer/LaserPointerMesh.uasset" 161
"../../../Engine/Content/VREditor/Sounds/VR_grab_Cue.uasset" 162
"../../../Engine/Content/VREditor/Sounds/VR_teleport_Cue.uasset" 163
"../../../Engine/Content/VREditor/TransformGizmo/TransformGizmoMaterial.uasset" 164
"../../../Engine/Content/VREditor/TransformGizmo/TranslucentTransformGizmoMaterial.uasset" 165
"../../../Engine/Content/VREditor/TransformGizmo/BoundingBoxCorner.uasset" 166
"../../../Engine/Content/VREditor/TransformGizmo/BoundingBoxEdge.uasset" 167
"../../../Engine/Content/VREditor/TransformGizmo/PlaneTranslationHandle.uasset" 168
"../../../Engine/Content/VREditor/TransformGizmo/RotationHandle.uasset" 169
"../../../Engine/Content/VREditor/TransformGizmo/RotationHandleFull.uasset" 170
"../../../Engine/Content/VREditor/TransformGizmo/StretchingHandle.uasset" 171
"../../../Engine/Content/VREditor/TransformGizmo/TranslateHandleLong.uasset" 172
"../../../Engine/Content/VREditor/TransformGizmo/TranslationHandle.uasset" 173
"../../../Engine/Content/VREditor/TransformGizmo/UniformScaleHandle.uasset" 174
"../../../Engine/Content/VREditor/UI/CloseButtonMesh.uasset" 175
"../../../Engine/Content/VREditor/UI/SelectionBarMesh.uasset" 176
"../../../Engine/Content/Functions/Engine_MaterialFunctions01/Gradient/RadialGradient.uasset" 177
"../../../Engine/Content/VREditor/WorldMovementGrid/SimpleGrid.uasset" 178
"../../../Engine/Content/VREditor/WorldMovementGrid/GridMaterial.uasset" 179
"../../../Engine/Content/Functions/Engine_MaterialFunctions01/Density/ExponentialDensity.uasset" 180
"../../../Engine/Content/VREditor/WorldMovementGrid/GridPostProcess.uasset" 181
"../../../Engine/Content/EditorLandscapeResources/FlattenHeightMat.uasset" 182
"../../../Engine/Content/VREditor/WorldMovementGrid/PlaneMesh.uasset" 183
"../../../SR2L/Content/Geometry/Meshes/CubeMaterial.uasset" 184
"../../../SR2L/Content/Geometry/Meshes/1M_Cube_Chamfer.uasset" 185
"../../../SR2L/Content/Geometry/Meshes/TemplateFloor.uasset" 186
"../../../SR2L/Content/StarterContent/Materials/M_Basic_Floor.uasset" 187
"../../../SR2L/Content/StarterContent/Architecture/Floor_400x400.uasset" 188
"../../../SR2L/Content/StarterContent/Materials/M_Basic_Wall.uasset" 189
"../../../SR2L/Content/StarterContent/Architecture/Pillar_50x500.uasset" 190
"../../../SR2L/Content/StarterContent/Materials/M_AssetPlatform.uasset" 191
"../../../SR2L/Content/StarterContent/Architecture/SM_AssetPlatform.uasset" 192
"../../../SR2L/Content/StarterContent/Architecture/Wall_400x200.uasset" 193
"../../../SR2L/Content/StarterContent/Architecture/Wall_400x300.uasset" 194
"../../../SR2L/Content/StarterContent/Architecture/Wall_400x400.uasset" 195
"../../../SR2L/Content/StarterContent/Architecture/Wall_500x500.uasset" 196
"../../../SR2L/Content/StarterContent/Architecture/Wall_Door_400x300.uasset" 197
"../../../SR2L/Content/StarterContent/Architecture/Wall_Door_400x400.uasset" 198
"../../../SR2L/Content/StarterContent/Architecture/Wall_Window_400x300.uasset" 199
"../../../SR2L/Content/StarterContent/Architecture/Wall_Window_400x400.uasset" 200
"../../../SR2L/Content/StarterContent/Audio/Collapse01.uasset" 201
"../../../SR2L/Content/StarterContent/Audio/Collapse02.uasset" 202
"../../../SR2L/Content/StarterContent/Audio/Collapse_Cue.uasset" 203
"../../../SR2L/Content/StarterContent/Audio/Light01.uasset" 204
"../../../SR2L/Content/StarterContent/Audio/Light01_Cue.uasset" 205
"../../../SR2L/Content/StarterContent/Audio/Light02.uasset" 206
"../../../SR2L/Content/StarterContent/Audio/Light02_Cue.uasset" 207
"../../../SR2L/Content/StarterContent/Audio/Starter_Birds01.uasset" 208
"../../../SR2L/Content/StarterContent/Audio/Starter_Wind05.uasset" 209
"../../../SR2L/Content/StarterContent/Audio/Starter_Wind06.uasset" 210
"../../../SR2L/Content/StarterContent/Audio/Starter_Background_Cue.uasset" 211
"../../../SR2L/Content/StarterContent/Audio/Starter_Music01.uasset" 212
"../../../SR2L/Content/StarterContent/Audio/Starter_Music_Cue.uasset" 213
"../../../SR2L/Content/StarterContent/Props/Materials/M_Lamp.uasset" 214
"../../../SR2L/Content/StarterContent/Props/SM_Lamp_Ceiling.uasset" 215
"../../../SR2L/Content/StarterContent/Blueprints/Blueprint_CeilingLight.uasset" 216
"../../../SR2L/Content/StarterContent/Audio/Explosion01.uasset" 217
"../../../SR2L/Content/StarterContent/Audio/Explosion02.uasset" 218
"../../../SR2L/Content/StarterContent/Audio/Explosion_Cue.uasset" 219
"../../../SR2L/Content/StarterContent/Textures/T_Burst_M.uasset" 220
"../../../SR2L/Content/StarterContent/Particles/Materials/M_Burst.uasset" 221
"../../../SR2L/Content/StarterContent/Textures/T_Explosion_SubUV.uasset" 222
"../../../SR2L/Content/StarterContent/Particles/Materials/M_explosion_subUV.uasset" 223
"../../../SR2L/Content/StarterContent/Particles/Materials/m_flare_01.uasset" 224
"../../../SR2L/Content/StarterContent/Particles/Materials/M_radial_ramp.uasset" 225
"../../../SR2L/Content/StarterContent/Textures/T_Smoke_SubUV.uasset" 226
"../../../SR2L/Content/StarterContent/Textures/T_Smoke_Tiled_D.uasset" 227
"../../../SR2L/Content/StarterContent/Particles/Materials/M_smoke_subUV.uasset" 228
"../../../SR2L/Content/StarterContent/Particles/P_Explosion.uasset" 229
"../../../SR2L/Content/StarterContent/Blueprints/Blueprint_Effect_Explosion.uasset" 230
"../../../SR2L/Content/StarterContent/Audio/Fire01.uasset" 231
"../../../SR2L/Content/StarterContent/Audio/Fire01_Cue.uasset" 232
"../../../SR2L/Content/StarterContent/Textures/T_Fire_SubUV.uasset" 233
"../../../SR2L/Content/StarterContent/Textures/T_Fire_Tiled_D.uasset" 234
"../../../SR2L/Content/StarterContent/Particles/Materials/M_Fire_SubUV.uasset" 235
"../../../SR2L/Content/StarterContent/Textures/T_Water_N.uasset" 236
"../../../SR2L/Content/StarterContent/Particles/Materials/M_Heat_Distortion.uasset" 237
"../../../SR2L/Content/StarterContent/Particles/Materials/M_Radial_Gradient.uasset" 238
"../../../SR2L/Content/StarterContent/Particles/P_Fire.uasset" 239
"../../../SR2L/Content/StarterContent/Blueprints/Blueprint_Effect_Fire.uasset" 240
"../../../SR2L/Content/StarterContent/Audio/Smoke01.uasset" 241
"../../../SR2L/Content/StarterContent/Audio/Smoke01_Cue.uasset" 242
"../../../SR2L/Content/StarterContent/Particles/P_Smoke.uasset" 243
"../../../SR2L/Content/StarterContent/Blueprints/Blueprint_Effect_Smoke.uasset" 244
"../../../SR2L/Content/StarterContent/Audio/Fire_Sparks01.uasset" 245
"../../../SR2L/Content/StarterContent/Audio/Fire_Sparks01_Cue.uasset" 246
"../../../SR2L/Content/StarterContent/Textures/T_Spark_Core.uasset" 247
"../../../SR2L/Content/StarterContent/Particles/Materials/M_Spark.uasset" 248
"../../../SR2L/Content/StarterContent/Particles/P_Sparks.uasset" 249
"../../../SR2L/Content/StarterContent/Blueprints/Blueprint_Effect_Sparks.uasset" 250
"../../../SR2L/Content/StarterContent/Audio/Steam01.uasset" 251
"../../../SR2L/Content/StarterContent/Audio/Steam01_Cue.uasset" 252
"../../../SR2L/Content/StarterContent/Particles/P_Steam_Lit.uasset" 253
"../../../SR2L/Content/StarterContent/Blueprints/Blueprint_Effect_Steam.uasset" 254
"../../../SR2L/Content/StarterContent/Props/SM_Lamp_Wall.uasset" 255
"../../../SR2L/Content/StarterContent/Blueprints/Blueprint_WallSconce.uasset" 256
"../../../SR2L/Content/StarterContent/Blueprints/Assets/FogBrightnessLUT.uasset" 257
"../../../SR2L/Content/StarterContent/Blueprints/Assets/SunlightColorLUT.uasset" 258
"../../../SR2L/Content/StarterContent/Blueprints/Assets/M_LightStage_Arrows.uasset" 259
"../../../Engine/Content/MapTemplates/Sky/DaylightAmbientCubemap.uasset" 260
"../../../SR2L/Content/StarterContent/Blueprints/Assets/M_LightStage_Skybox_Master.uasset" 261
"../../../SR2L/Content/StarterContent/Blueprints/Assets/M_LightStage_Skybox_Black.uasset" 262
"../../../SR2L/Content/StarterContent/Blueprints/Assets/M_LightStage_Skybox_HDRI.uasset" 263
"../../../SR2L/Content/VehicleAdvBP/Materials/night_sky.uasset" 264
"../../../SR2L/Content/VehicleAdvBP/Materials/night_sky_Mat.uasset" 265
"../../../SR2L/Content/StarterContent/Blueprints/Assets/Skybox.uasset" 266
"../../../SR2L/Content/StarterContent/Blueprints/Assets/SM_Arrows.uasset" 267
"../../../SR2L/Content/StarterContent/HDRI/HDRI_Epic_Courtyard_Daylight.uasset" 268
"../../../SR2L/Content/StarterContent/Blueprints/BP_LightStudio.uasset" 269
"../../../SR2L/Content/StarterContent/Textures/T_MacroVariation.uasset" 270
"../../../SR2L/Content/StarterContent/Materials/M_Brick_Clay_Beveled.uasset" 271
"../../../SR2L/Content/StarterContent/Materials/M_Brick_Clay_New.uasset" 272
"../../../SR2L/Content/StarterContent/Textures/T_Perlin_Noise_M.uasset" 273
"../../../SR2L/Content/StarterContent/Materials/M_Brick_Clay_Old.uasset" 274
"../../../SR2L/Content/StarterContent/Materials/M_Brick_Cut_Stone.uasset" 275
"../../../SR2L/Content/StarterContent/Materials/M_Brick_Hewn_Stone.uasset" 276
"../../../SR2L/Content/StarterContent/Materials/M_Ceramic_Tile_Checker.uasset" 277
"../../../SR2L/Content/StarterContent/Materials/M_CobbleStone_Pebble.uasset" 278
"../../../SR2L/Content/StarterContent/Textures/T_Gradinet_01.uasset" 279
"../../../SR2L/Content/StarterContent/Materials/M_CobbleStone_Rough.uasset" 280
"../../../SR2L/Content/StarterContent/Materials/M_CobbleStone_Smooth.uasset" 281
"../../../SR2L/Content/StarterContent/Materials/M_ColorGrid_LowSpec.uasset" 282
"../../../SR2L/Content/StarterContent/Textures/T_Metal_Rust_N.uasset" 283
"../../../SR2L/Content/StarterContent/Materials/M_Concrete_Grime.uasset" 284
"../../../SR2L/Content/StarterContent/Materials/M_Concrete_Panels.uasset" 285
"../../../SR2L/Content/StarterContent/Materials/M_Concrete_Poured.uasset" 286
"../../../SR2L/Content/StarterContent/Materials/M_Concrete_Tiles.uasset" 287
"../../../SR2L/Content/StarterContent/Materials/M_Ground_Grass.uasset" 288
"../../../SR2L/Content/StarterContent/Materials/M_Ground_Gravel.uasset" 289
"../../../SR2L/Content/StarterContent/Materials/M_Ground_Moss.uasset" 290
"../../../SR2L/Content/StarterContent/Textures/T_Metal_Aluminum_D.uasset" 291
"../../../SR2L/Content/StarterContent/Textures/T_Metal_Gold_N.uasset" 292
"../../../SR2L/Content/StarterContent/Materials/M_Metal_Burnished_Steel.uasset" 293
"../../../SR2L/Content/StarterContent/Textures/T_Metal_Copper_D.uasset" 294
"../../../SR2L/Content/StarterContent/Materials/M_Metal_Copper.uasset" 295
"../../../SR2L/Content/StarterContent/Textures/T_Metal_Gold_D.uasset" 296
"../../../SR2L/Content/StarterContent/Materials/M_Metal_Gold.uasset" 297
"../../../Engine/Content/Functions/Engine_MaterialFunctions02/Utility/BlendAngleCorrectedNormals.uasset" 298
"../../../SR2L/Content/StarterContent/Textures/T_Metal_Rust_D.uasset" 299
"../../../SR2L/Content/StarterContent/Materials/M_Metal_Rust.uasset" 300
"../../../SR2L/Content/StarterContent/Materials/M_Rock_Marble_Polished.uasset" 301
"../../../SR2L/Content/StarterContent/Materials/M_Rock_Sandstone.uasset" 302
"../../../SR2L/Content/StarterContent/Materials/M_Rock_Slate.uasset" 303
"../../../SR2L/Content/StarterContent/Materials/M_Tech_Checker_Dot.uasset" 304
"../../../SR2L/Content/StarterContent/Textures/T_Metal_Steel_D.uasset" 305
"../../../SR2L/Content/StarterContent/Textures/T_Tech_Panel_M.uasset" 306
"../../../SR2L/Content/StarterContent/Textures/T_Tech_Panel_N.uasset" 307
"../../../SR2L/Content/StarterContent/Materials/M_Tech_Panel.uasset" 308
"../../../SR2L/Content/StarterContent/Materials/M_Water_Lake.uasset" 309
"../../../SR2L/Content/StarterContent/Textures/T_Water_M.uasset" 310
"../../../SR2L/Content/StarterContent/Materials/M_Water_Ocean.uasset" 311
"../../../SR2L/Content/StarterContent/Materials/M_Wood_Floor_Walnut_Polished.uasset" 312
"../../../Engine/Content/Functions/Engine_MaterialFunctions01/Opacity/AlphaOffset.uasset" 313
"../../../SR2L/Content/StarterContent/Materials/M_Wood_Floor_Walnut_Worn.uasset" 314
"../../../SR2L/Content/StarterContent/Materials/M_Wood_Oak.uasset" 315
"../../../SR2L/Content/StarterContent/Materials/M_Wood_Pine.uasset" 316
"../../../SR2L/Content/StarterContent/Materials/M_Wood_Walnut.uasset" 317
"../../../SR2L/Content/StarterContent/Textures/T_Dust_Particle_D.uasset" 318
"../../../SR2L/Content/StarterContent/Particles/Materials/M_Dust_Particle.uasset" 319
"../../../SR2L/Content/StarterContent/Particles/P_Ambient_Dust.uasset" 320
"../../../SR2L/Content/StarterContent/Props/MaterialSphere.uasset" 321
"../../../SR2L/Content/StarterContent/Props/Materials/M_Bush.uasset" 322
"../../../SR2L/Content/StarterContent/Props/SM_Bush.uasset" 323
"../../../SR2L/Content/StarterContent/Props/Materials/M_Chair.uasset" 324
"../../../SR2L/Content/StarterContent/Props/SM_Chair.uasset" 325
"../../../SR2L/Content/StarterContent/Props/Materials/M_Frame.uasset" 326
"../../../SR2L/Content/StarterContent/Props/SM_CornerFrame.uasset" 327
"../../../SR2L/Content/StarterContent/Props/SM_Couch.uasset" 328
"../../../SR2L/Content/StarterContent/Materials/M_Glass.uasset" 329
"../../../SR2L/Content/StarterContent/Props/Materials/M_Door.uasset" 330
"../../../SR2L/Content/StarterContent/Props/SM_Door.uasset" 331
"../../../SR2L/Content/StarterContent/Props/SM_DoorFrame.uasset" 332
"../../../SR2L/Content/StarterContent/Props/SM_GlassWindow.uasset" 333
"../../../SR2L/Content/StarterContent/Props/Materials/M_MaterialSphere.uasset" 334
"../../../SR2L/Content/StarterContent/Props/Materials/M_MaterialSphere_Plain.uasset" 335
"../../../SR2L/Content/StarterContent/Props/SM_MatPreviewMesh_02.uasset" 336
"../../../SR2L/Content/StarterContent/Props/SM_PillarFrame.uasset" 337
"../../../SR2L/Content/StarterContent/Props/SM_PillarFrame300.uasset" 338
"../../../SR2L/Content/StarterContent/Props/Materials/M_Rock.uasset" 339
"../../../SR2L/Content/StarterContent/Props/SM_Rock.uasset" 340
"../../../SR2L/Content/StarterContent/Props/Materials/M_Shelf.uasset" 341
"../../../SR2L/Content/StarterContent/Props/SM_Shelf.uasset" 342
"../../../SR2L/Content/StarterContent/Props/SM_Stairs.uasset" 343
"../../../SR2L/Content/StarterContent/Props/Materials/M_TableRound.uasset" 344
"../../../SR2L/Content/StarterContent/Props/SM_TableRound.uasset" 345
"../../../SR2L/Content/StarterContent/Props/SM_WindowFrame.uasset" 346
"../../../SR2L/Content/StarterContent/Shapes/Shape_Cone.uasset" 347
"../../../SR2L/Content/StarterContent/Shapes/Shape_Cylinder.uasset" 348
"../../../SR2L/Content/StarterContent/Shapes/Shape_NarrowCapsule.uasset" 349
"../../../SR2L/Content/StarterContent/Shapes/Shape_Pipe.uasset" 350
"../../../SR2L/Content/StarterContent/Shapes/Shape_Pipe_180.uasset" 351
"../../../SR2L/Content/StarterContent/Shapes/Shape_Pipe_90.uasset" 352
"../../../SR2L/Content/StarterContent/Shapes/Shape_Plane.uasset" 353
"../../../SR2L/Content/StarterContent/Shapes/Shape_QuadPyramid.uasset" 354
"../../../SR2L/Content/StarterContent/Shapes/Shape_Sphere.uasset" 355
"../../../SR2L/Content/StarterContent/Shapes/Shape_Torus.uasset" 356
"../../../SR2L/Content/StarterContent/Shapes/Shape_Trim.uasset" 357
"../../../SR2L/Content/StarterContent/Shapes/Shape_Trim_90_In.uasset" 358
"../../../SR2L/Content/StarterContent/Shapes/Shape_Trim_90_Out.uasset" 359
"../../../SR2L/Content/StarterContent/Shapes/Shape_TriPyramid.uasset" 360
"../../../SR2L/Content/StarterContent/Shapes/Shape_Tube.uasset" 361
"../../../SR2L/Content/StarterContent/Shapes/Shape_Wedge_A.uasset" 362
"../../../SR2L/Content/StarterContent/Shapes/Shape_Wedge_B.uasset" 363
"../../../SR2L/Content/StarterContent/Shapes/Shape_WideCapsule.uasset" 364
"../../../SR2L/Content/VehicleAdv/ArenaMesh/CubeMaterial.uasset" 365
"../../../Engine/Content/EngineMaterials/Grid.uasset" 366
"../../../SR2L/Content/VehicleAdv/Materials/MasterGrid.uasset" 367
"../../../SR2L/Content/VehicleAdv/Materials/MaterialInstances/RedGrid.uasset" 368
"../../../SR2L/Content/VehicleAdv/ArenaMesh/pole.uasset" 369
"../../../SR2L/Content/VehicleAdv/Materials/MasterSolidColor.uasset" 370
"../../../SR2L/Content/VehicleAdv/Materials/MaterialInstances/SolidOrange.uasset" 371
"../../../SR2L/Content/VehicleAdv/ArenaMesh/RampTwist.uasset" 372
"../../../SR2L/Content/VehicleAdv/ArenaMesh/RoadSegment_01.uasset" 373
"../../../SR2L/Content/VehicleAdv/Sound/Engine_Speed_02_Loop.uasset" 374
"../../../SR2L/Content/VehicleAdv/Sound/Engine_Speed_04_Loop.uasset" 375
"../../../SR2L/Content/VehicleAdv/Sound/Engine_Speed_06_Loop.uasset" 376
"../../../SR2L/Content/VehicleAdv/Textures/VehicleJoystick_BackgroundL.uasset" 377
"../../../SR2L/Content/VehicleAdv/Textures/VehicleJoystick_BackgroundR.uasset" 378
"../../../SR2L/Content/VehicleAdv/Vehicle/LeftVirtualJoystickOnly.uasset" 379
"../../../SR2L/Content/VehicleAdv/Vehicle/VehicleBodyCollision.uasset" 380
"../../../SR2L/Content/VehicleAdv/Vehicle/WheelData/Vehicle_BackTireType.uasset" 381
"../../../SR2L/Content/VehicleAdv/Vehicle/WheelData/Vehicle_FrontTireType.uasset" 382
"../../../SR2L/Content/VehicleAdv/Vehicle/VehicleSkeleton.uasset" 383
"../../../SR2L/Content/VehicleAdv/Vehicle/VehicleAnimationBlueprint.uasset" 384
"../../../SR2L/Content/VehicleAdvBP/Materials/car_material.uasset" 385
"../../../SR2L/Content/VehicleAdvBP/Materials/Car_blue.uasset" 386
"../../../SR2L/Content/VehicleAdvBP/Blueprints/CarParts/car0_Body.uasset" 387
"../../../SR2L/Content/StarterContent/Materials/M_Metal_Chrome.uasset" 388
"../../../SR2L/Content/VehicleAdvBP/Blueprints/CarParts/car0_handle_BL.uasset" 389
"../../../SR2L/Content/VehicleAdvBP/Blueprints/CarParts/car0_handle_BR.uasset" 390
"../../../SR2L/Content/VehicleAdvBP/Blueprints/CarParts/car0_handle_FL.uasset" 391
"../../../SR2L/Content/VehicleAdvBP/Blueprints/CarParts/car0_handle_FR.uasset" 392
"../../../SR2L/Content/StarterContent/Textures/T_Tech_Hex_Tile_M.uasset" 393
"../../../SR2L/Content/StarterContent/Textures/T_Tech_Hex_Tile_N.uasset" 394
"../../../SR2L/Content/StarterContent/Materials/M_Tech_Hex_Tile.uasset" 395
"../../../SR2L/Content/VehicleAdvBP/Blueprints/CarParts/car0_Seat_back.uasset" 396
"../../../SR2L/Content/VehicleAdvBP/Blueprints/CarParts/car0_Seat_FL.uasset" 397
"../../../SR2L/Content/VehicleAdvBP/Blueprints/CarParts/car0_Seat_FR.uasset" 398
"../../../SR2L/Content/StarterContent/Textures/T_Metal_Steel_N.uasset" 399
"../../../SR2L/Content/StarterContent/Materials/M_Metal_Steel.uasset" 400
"../../../SR2L/Content/VehicleAdvBP/Blueprints/CarParts/car0_Shifter_base.uasset" 401
"../../../SR2L/Content/StarterContent/Materials/M_Rock_Basalt.uasset" 402
"../../../SR2L/Content/VehicleAdvBP/Blueprints/CarParts/car0_Shifter_handle.uasset" 403
"../../../SR2L/Content/VehicleAdvBP/Blueprints/CarParts/car0_Shifter_shaft.uasset" 404
"../../../SR2L/Content/StarterContent/Materials/M_Metal_Brushed_Nickel.uasset" 405
"../../../SR2L/Content/VehicleAdvBP/Blueprints/CarParts/car0_Shifter_wheel.uasset" 406
"../../../SR2L/Content/VehicleAdvBP/Blueprints/CarParts/car0_Trunk.uasset" 407
"../../../SR2L/Content/VehicleAdvBP/Blueprints/CarParts/car0_Wheel.uasset" 408
"../../../SR2L/Content/VehicleAdvBP/Blueprints/CarParts/car0_Wheel_connect.uasset" 409
"../../../SR2L/Content/VehicleAdvBP/Blueprints/CarParts/car0_Windshield.uasset" 410
"../../../SR2L/Content/VehicleAdvBP/Blueprints/AssembledCar.uasset" 411
"../../../SR2L/Content/VehicleAdvBP/Blueprints/WheelData/Vehicle_BackTireType.uasset" 412
"../../../SR2L/Content/VehicleAdvBP/Blueprints/WheelData/WheelBack.uasset" 413
"../../../SR2L/Content/VehicleAdvBP/Blueprints/WheelData/Vehicle_FrontTireType.uasset" 414
"../../../SR2L/Content/VehicleAdvBP/Blueprints/WheelData/WheelFront.uasset" 415
"../../../SR2L/Content/VehicleAdvBP/Blueprints/Impacrt.uasset" 416
"../../../SR2L/Content/VehicleAdvBP/Blueprints/BoostHUD.uasset" 417
"../../../SR2L/Content/VehicleAdv/Materials/MaterialInstances/BlackGrid.uasset" 418
"../../../SR2L/Content/VehicleAdvBP/Materials/Master.uasset" 419
"../../../SR2L/Content/VehicleAdvBP/Materials/Black_Metal_Mat.uasset" 420
"../../../SR2L/Content/VehicleAdv/PhysicsMaterials/NonSlippery.uasset" 421
"../../../SR2L/Content/VehicleAdv/Sound/Engine_att.uasset" 422
"../../../SR2L/Content/VehicleAdv/Sound/Engine_Loop_Cue.uasset" 423
"../../../SR2L/Content/VehicleAdv/Materials/Fixed_Template_Master.uasset" 424
"../../../SR2L/Content/VehicleAdv/Materials/MaterialInstances/Template_BaseBlue.uasset" 425
"../../../SR2L/Content/VehicleAdv/PhysicsMaterials/Slippery.uasset" 426
"../../../SR2L/Content/VehicleAdv/Vehicle/VehiclePhysicsAsset.uasset" 427
"../../../SR2L/Content/VehicleAdv/Vehicle/Vehicle_SkelMesh.uasset" 428
"../../../SR2L/Content/VehicleAdvBP/Blueprints/rocket.uasset" 429
"../../../SR2L/Content/VehicleAdvBP/SFX/Rocket-SoundBible_com-941967813_Cue.uasset" 430
"../../../SR2L/Content/VehicleAdvBP/Blueprints/VehicleBlueprint.uasset" 431
"../../../SR2L/Content/VehicleAdvBP/Blueprints/VehicleAdvHud.uasset" 432
"../../../SR2L/Content/VehicleAdvBP/Blueprints/VehicleAdvGameMode.uasset" 433
"../../../Engine/Plugins/2D/Paper2D/Content/DummySprite.uasset" 434
"../../../Engine/Plugins/2D/Paper2D/Content/DefaultPaperTerrainMaterial.uasset" 435
"../../../Engine/Plugins/2D/Paper2D/Content/DefaultSpriteMaterial.uasset" 436
"../../../Engine/Plugins/2D/Paper2D/Content/MaskedUnlitSpriteMaterial.uasset" 437
"../../../Engine/Plugins/2D/Paper2D/Content/OpaqueUnlitSpriteMaterial.uasset" 438
"../../../Engine/Plugins/2D/Paper2D/Content/PlaceholderTextures/DummySpriteTexture.uasset" 439
"../../../SR2L/Content/StarterContent/Materials/M_Tech_Hex_Tile_Pulse.uasset" 440
"../../../SR2L/Content/StarterContent/Particles/P_Explosion2.uasset" 441
"../../../SR2L/Content/StarterContent/Shapes/Shape_Cube.uasset" 442
"../../../SR2L/Content/VehicleAdvBP/Blueprints/Goal.uasset" 443
"../../../SR2L/Content/VehicleAdvBP/Blueprints/KillZ.uasset" 444
"../../../Engine/Content/EditorBlueprintResources/StandardMacros.uasset" 445
"../../../SR2L/Content/VehicleAdvBP/Blueprints/NecessaryShit.uasset" 446
"../../../SR2L/Content/VehicleAdvBP/Materials/RocketGlow.uasset" 447
"../../../SR2L/Content/VehicleAdvBP/Blueprints/RocketCharger.uasset" 448
"../../../SR2L/Content/VehicleAdvBP/Materials/car_material_-_orange.uasset" 449
"../../../SR2L/Content/VehicleAdvBP/Materials/car_material_-_orange_Mat.uasset" 450
"../../../SR2L/Content/VehicleAdvBP/Materials/window_texture.uasset" 451
"../../../SR2L/Content/VehicleAdvBP/Materials/window_texture_Mat.uasset" 452
"../../../SR2L/Content/VehicleAdvBP/Materials/Gray_mat.uasset" 453
"../../../SR2L/Content/VehicleAdvBP/Materials/Black_Mat.uasset" 454
"../../../SR2L/Content/VehicleAdvBP/SFX/FallToLight_Cue.uasset" 455
"../../../SR2L/Content/VehicleAdvBP/Maps/FuckingTemplate.umap" 456
"../../../SR2L/Content/VehicleAdvBP/Blueprints/Checkpoint.uasset" 457
"../../../SR2L/Content/VehicleAdvBP/Materials/WhiteGlow.uasset" 458
"../../../SR2L/Content/VehicleAdvBP/Blueprints/CarParts/arrow_solid_Cone.uasset" 459
"../../../SR2L/Content/VehicleAdvBP/Blueprints/CarParts/arrow_solid_Cone_001.uasset" 460
"../../../SR2L/Content/VehicleAdvBP/Blueprints/CarParts/arrow_solid_Cylinder.uasset" 461
"../../../SR2L/Content/VehicleAdvBP/Blueprints/AssembledArrow.uasset" 462
"../../../SR2L/Content/VehicleAdvBP/Maps/Level1.umap" 463
"../../../SR2L/Content/VehicleAdvBP/Maps/Level2.umap" 464
"../../../SR2L/Content/VehicleAdvBP/Materials/controls.uasset" 465
"../../../SR2L/Content/VehicleAdvBP/Materials/title.uasset" 466
"../../../SR2L/Content/VehicleAdvBP/Blueprints/TitleHUD.uasset" 467
"../../../SR2L/Content/VehicleAdvBP/Maps/Title.umap" 468
"../../../SR2L/Content/VehicleAdvBP/Maps/LayerInfo/Desert_LayerInfo.uasset" 469
"../../../SR2L/Content/VehicleAdvBP/Maps/LayerInfo/Track_LayerInfo.uasset" 470
"../../../Engine/Content/Functions/Engine_MaterialFunctions03/Procedurals/ComputeFilterWidth.uasset" 471
"../../../Engine/Content/EngineMaterials/AntiAliasedTextMaterialTranslucent.uasset" 472
"../../../SR2L/Content/VehicleAdv/Materials/Landscape.uasset" 473
"../../../SR2L/Content/VehicleAdv/Materials/MaterialInstances/LandscapeNoHole.uasset" 474
"../../../SR2L/Content/Geometry/Meshes/1M_Cube.uasset" 475
"../../../SR2L/Content/VehicleAdv/ArenaMesh/BumpWave.uasset" 476
"../../../SR2L/Content/VehicleAdv/ArenaMesh/BumpWaveSmall.uasset" 477
"../../../SR2L/Content/VehicleAdv/ArenaMesh/BumpWedge.uasset" 478
"../../../SR2L/Content/VehicleAdv/ArenaMesh/LoopBig.uasset" 479
"../../../SR2L/Content/VehicleAdv/ArenaMesh/LoopSmall.uasset" 480
"../../../SR2L/Content/VehicleAdv/ArenaMesh/RampLarge.uasset" 481
"../../../SR2L/Content/VehicleAdv/ArenaMesh/StraightFull.uasset" 482
"../../../SR2L/Content/VehicleAdv/ArenaMesh/StraightHalf.uasset" 483
"../../../SR2L/Content/VehicleAdv/ArenaMesh/StraightQuarter.uasset" 484
"../../../SR2L/Content/VehicleAdv/Materials/MaterialInstances/SolidRed.uasset" 485
"../../../SR2L/Content/VehicleAdv/ArenaMesh/turn_22andhalf.uasset" 486
"../../../SR2L/Content/VehicleAdv/ArenaMesh/Turn_45.uasset" 487
"../../../SR2L/Content/VehicleAdv/ArenaMesh/Turn_90.uasset" 488
"../../../SR2L/Content/VehicleAdv/ArenaMesh/Turn_90Large.uasset" 489
"../../../SR2L/Content/VehicleAdvBP/Maps/VehicleAdvExampleMap.umap" 490
"../../../Engine/Content/Maps/Entry.umap" 491
