[2015.09.20-19.05.03:881][  0]Log file open, 09/20/15 15:05:03
[2015.09.20-19.05.03:881][  0]LogInit:Display: Running engine for game: SR2L
[2015.09.20-19.05.03:881][  0]LogInit:Display: RandInit(-1883900885) SRandInit(-1883900885).
[2015.09.20-19.05.03:881][  0]LogTaskGraph: Started task graph with 4 named threads and 7 total threads.
[2015.09.20-19.05.03:881][  0]LogStats: Stats thread started at 0.082928
[2015.09.20-19.05.03:881][  0]LogInit: Version: 4.9.1-2689999+++depot+UE4-Releases+4.9
[2015.09.20-19.05.03:881][  0]LogInit: API Version: 2672455
[2015.09.20-19.05.03:881][  0]LogInit: Compiled (64-bit): Sep 14 2015 04:12:03
[2015.09.20-19.05.03:881][  0]LogInit: Compiled with Visual C++: 18.00.21005.01
[2015.09.20-19.05.03:881][  0]LogInit: Build Configuration: Development
[2015.09.20-19.05.03:881][  0]LogInit: Branch Name: ++depot+UE4-Releases+4.9
[2015.09.20-19.05.03:881][  0]LogInit: Command line:  
[2015.09.20-19.05.03:881][  0]LogInit: Base directory: C:/Program Files/Epic Games/4.9/Engine/Binaries/Win64/
[2015.09.20-19.05.03:881][  0]LogInit: Rocket: 1
[2015.09.20-19.05.03:894][  0]LogInit: Using libcurl 7.41.0
[2015.09.20-19.05.03:894][  0]LogInit:  - built for x86_64-pc-win32
[2015.09.20-19.05.03:894][  0]LogInit:  - supports SSL with WinSSL
[2015.09.20-19.05.03:894][  0]LogInit:  - other features:
[2015.09.20-19.05.03:894][  0]LogInit:      CURL_VERSION_SSL
[2015.09.20-19.05.03:894][  0]LogInit:      CURL_VERSION_IPV6
[2015.09.20-19.05.03:894][  0]LogInit:      CURL_VERSION_ASYNCHDNS
[2015.09.20-19.05.03:894][  0]LogInit:      CURL_VERSION_LARGEFILE
[2015.09.20-19.05.03:894][  0]LogInit:      CURL_VERSION_IDN
[2015.09.20-19.05.03:894][  0]LogInit:  CurlRequestOptions (configurable via config and command line):
[2015.09.20-19.05.03:894][  0]LogInit:  - bVerifyPeer = true  - Libcurl will verify peer certificate
[2015.09.20-19.05.03:894][  0]LogInit:  - bUseHttpProxy = false  - Libcurl will NOT use HTTP proxy
[2015.09.20-19.05.03:894][  0]LogInit:  - bDontReuseConnections = false  - Libcurl will reuse connections
[2015.09.20-19.05.03:894][  0]LogInit:  - CertBundlePath = nullptr  - Libcurl will use whatever was configured at build time.
[2015.09.20-19.05.03:903][  0]LogInit: Presizing for 0 objects not considered by GC, pre-allocating 0 bytes.
[2015.09.20-19.05.03:909][  0]LogInit: Object subsystem initialized
[2015.09.20-19.05.03:911][  0]LogInit: Selected Device Profile: [Windows]
[2015.09.20-19.05.03:911][  0]LogInit: Applying CVar settings loaded from the selected device profile: [Windows]
[2015.09.20-19.05.03:918][  0]LogInit: Computer: ADAM-ASUS
[2015.09.20-19.05.03:918][  0]LogInit: User: Adam
[2015.09.20-19.05.03:918][  0]LogInit: CPU Page size=4096, Cores=4
[2015.09.20-19.05.03:918][  0]LogInit: High frequency timer resolution =2.338344 MHz
[2015.09.20-19.05.03:918][  0]LogMemory: Memory total: Physical=15.8GB (16GB approx)
[2015.09.20-19.05.03:918][  0]LogMemory: Platform Memory Stats for Windows
[2015.09.20-19.05.03:918][  0]LogMemory: Process Physical Memory: 54.49 MB used, 54.49 MB peak
[2015.09.20-19.05.03:918][  0]LogMemory: Process Virtual Memory: 55.33 MB used, 55.33 MB peak
[2015.09.20-19.05.03:918][  0]LogMemory: Physical Memory: 3302.49 MB used, 16203.17 MB total
[2015.09.20-19.05.03:918][  0]LogMemory: Virtual Memory: 364.62 MB used, 134217728.00 MB total
[2015.09.20-19.05.03:962][  0]LogTextLocalizationManager: No specific translations for ('en-US') exist, so ('en') translations will be used.
[2015.09.20-19.05.04:567][  0]LogD3D11RHI: Found D3D11 adapter 0: NVIDIA GeForce GT 750M (Feature Level 11_0)
[2015.09.20-19.05.04:567][  0]LogD3D11RHI: Adapter has 1992MB of dedicated video memory, 0MB of dedicated system memory, and 8101MB of shared system memory, 1 output[s]
[2015.09.20-19.05.04:573][  0]LogD3D11RHI: Found D3D11 adapter 1: Intel(R) HD Graphics 4600 (Feature Level 11_0)
[2015.09.20-19.05.04:573][  0]LogD3D11RHI: Adapter has 112MB of dedicated video memory, 0MB of dedicated system memory, and 8101MB of shared system memory, 0 output[s]
[2015.09.20-19.05.04:575][  0]LogD3D11RHI: Found D3D11 adapter 2: Microsoft Basic Render Driver (Feature Level 11_0)
[2015.09.20-19.05.04:575][  0]LogD3D11RHI: Adapter has 0MB of dedicated video memory, 0MB of dedicated system memory, and 8101MB of shared system memory, 0 output[s]
[2015.09.20-19.05.04:575][  0]LogD3D11RHI: Chosen D3D11 Adapter Id = 0
[2015.09.20-19.05.04:578][  0]LogD3D11RHI: !Direct3DDevice
[2015.09.20-19.05.04:578][  0]LogRHI: Texture pool is 1361 MB (70% of 1945 MB)
[2015.09.20-19.05.04:592][  0]LogD3D11RHI: Async texture creation enabled
[2015.09.20-19.05.04:607][  0]LogShaderCompilers: Guid format shader working directory is 15 characters bigger than the processId version (../../../../../../Users/Adam/Documents/Unreal Projects/SR2L/Intermediate/Shaders/WorkingDirectory/3112/).
[2015.09.20-19.05.04:607][  0]LogShaderCompilers: Cleaned the shader compiler working directory '../../../../../../Users/Adam/Documents/Unreal Projects/SR2L/Intermediate/Shaders/tmp/E01D606346B65D2D556F578DE9DC46F9/'.
[2015.09.20-19.05.04:607][  0]LogShaderCompilers:Display: Using Local Shader Compiler.
[2015.09.20-19.05.05:676][  0]LogTemp:Display: Loaded TP AllDesktopTargetPlatform
[2015.09.20-19.05.05:682][  0]LogTemp:Display: Loaded TP WindowsClientTargetPlatform
[2015.09.20-19.05.05:688][  0]LogTemp:Display: Loaded TP WindowsNoEditorTargetPlatform
[2015.09.20-19.05.05:695][  0]LogTemp:Display: Loaded TP WindowsServerTargetPlatform
[2015.09.20-19.05.05:701][  0]LogTemp:Display: Loaded TP WindowsTargetPlatform
[2015.09.20-19.05.05:704][  0]LogTemp:Display: Loaded TP AndroidTargetPlatform
[2015.09.20-19.05.05:708][  0]LogTemp:Display: Loaded TP Android_ASTCTargetPlatform
[2015.09.20-19.05.05:711][  0]LogTemp:Display: Loaded TP Android_ATCTargetPlatform
[2015.09.20-19.05.05:715][  0]LogTemp:Display: Loaded TP Android_DXTTargetPlatform
[2015.09.20-19.05.05:719][  0]LogTemp:Display: Loaded TP Android_ETC1TargetPlatform
[2015.09.20-19.05.05:723][  0]LogTemp:Display: Loaded TP Android_ETC2TargetPlatform
[2015.09.20-19.05.05:726][  0]LogTemp:Display: Loaded TP Android_PVRTCTargetPlatform
[2015.09.20-19.05.05:727][  0]LogTemp:Display: Loaded TP HTML5TargetPlatform
[2015.09.20-19.05.05:746][  0]LogTemp:Display: Loaded TP IOSTargetPlatform
[2015.09.20-19.05.05:749][  0]LogTemp:Display: Loaded TP LinuxNoEditorTargetPlatform
[2015.09.20-19.05.05:753][  0]LogTemp:Display: Loaded TP LinuxServerTargetPlatform
[2015.09.20-19.05.05:757][  0]LogTemp:Display: Loaded TP LinuxTargetPlatform
[2015.09.20-19.05.05:757][  0]LogTargetPlatformManager:Display: Building Assets For Windows
[2015.09.20-19.05.05:861][  0]LogDerivedDataCache:Display: Max Cache Size: 512 MB
[2015.09.20-19.05.05:904][  0]LogDerivedDataCache: Loaded boot cache 0.04s 41MB C:/Users/Adam/AppData/Local/UnrealEngine/4.9/DerivedDataCache/Boot.ddc.
[2015.09.20-19.05.05:904][  0]LogDerivedDataCache:Display: Loaded Boot cache: C:/Users/Adam/AppData/Local/UnrealEngine/4.9/DerivedDataCache/Boot.ddc
[2015.09.20-19.05.05:904][  0]LogDerivedDataCache: FDerivedDataBackendGraph:  Pak pak cache file ../../../../../../Users/Adam/Documents/Unreal Projects/SR2L/DerivedDataCache/DDC.ddp not found, will not use a pak cache.
[2015.09.20-19.05.05:904][  0]LogDerivedDataCache: Unable to find inner node Pak for hierarchical cache Hierarchy.
[2015.09.20-19.05.05:904][  0]LogDerivedDataCache: FDerivedDataBackendGraph:  CompressedPak pak cache file ../../../../../../Users/Adam/Documents/Unreal Projects/SR2L/DerivedDataCache/Compressed.ddp not found, will not use a pak cache.
[2015.09.20-19.05.05:904][  0]LogDerivedDataCache: Unable to find inner node CompressedPak for hierarchical cache Hierarchy.
[2015.09.20-19.05.06:037][  0]LogDerivedDataCache:Display: Pak cache opened for reading ../../../Engine/DerivedDataCache/Compressed.ddp.
[2015.09.20-19.05.06:049][  0]LogDerivedDataCache: Using Local data cache path C:/Users/Adam/AppData/Local/UnrealEngine/Common/DerivedDataCache: Writable
[2015.09.20-19.05.06:239][  0]LogInit: Selected Device Profile: [Windows]
[2015.09.20-19.05.06:241][  0]LogContentStreaming: Texture pool size is 0.000000MB
[2015.09.20-19.05.06:379][  0]LogMeshUtilities: No automatic mesh reduction module available
[2015.09.20-19.05.06:379][  0]LogMeshUtilities: No automatic mesh merging module available
[2015.09.20-19.05.06:619][  0]LogInit: WinSock: version 1.1 (2.2), MaxSocks=32767, MaxUdp=65467
[2015.09.20-19.05.07:520][  0]UdpMessaging: Initializing bridge on interface 0.0.0.0:0 to multicast group 230.0.0.1:6666.
[2015.09.20-19.05.07:626][  0]LogAssetRegistry: FAssetRegistry took 0.0113 seconds to start up
[2015.09.20-19.05.07:847][  0]SourceControl: Info Source control is disabled
[2015.09.20-19.05.07:848][  0]SourceControl: Info Source control is disabled
[2015.09.20-19.05.07:865][  0]SourceControl: Info Source control is disabled
[2015.09.20-19.05.07:878][  0]SourceControl: Info Source control is disabled
[2015.09.20-19.05.08:068][  0]LogLinker:Warning: Asset '../../../Engine/Plugins/Runtime/LeapMotionController/Content/LM_PassthroughMaterial.uasset' has been saved with empty engine version. The asset will be loaded but may be incompatible.
[2015.09.20-19.05.08:170][  0]LogObj: 28361 objects as part of root set at end of initial load.
[2015.09.20-19.05.08:170][  0]LogUObjectAllocator: 6038864 out of 0 bytes used by permanent object pool.
[2015.09.20-19.05.08:227][  0]LogEngine: Initializing Engine...
[2015.09.20-19.05.08:231][  0]LogHMD: Can't find Oculus library dev build: is proper Runtime installed? Version: 0.7.0.0
[2015.09.20-19.05.08:231][  0]LogHMD: SteamVR failed to initialize.  Err: 110
[2015.09.20-19.05.08:356][  0]LogAIModule: Creating AISystem for world NewWorld
[2015.09.20-19.05.08:361][  0]LogInit: XAudio2 using 'Speakers (Realtek High Definition Audio)' : 2 channels at 48 kHz using 32 bits per sample (channel mask 0x3)
[2015.09.20-19.05.08:475][  0]LogInit: FAudioDevice initialized.
[2015.09.20-19.05.08:495][  0]LogDerivedDataCache: Saved boot cache 0.02s 41MB C:/Users/Adam/AppData/Local/UnrealEngine/4.9/DerivedDataCache/Boot.ddc.
[2015.09.20-19.05.08:498][  0]LogInit: Texture streaming: Enabled
[2015.09.20-19.05.08:505][  0]LogAnalytics: Creating configured Analytics provider AnalyticsET
[2015.09.20-19.05.08:505][  0]LogAnalytics: [UEEditor.Rocket.Release] APIServer = http://et2.epicgames.com/ET2/. AppVersion = 4.9.1-2689999+++depot+UE4-Releases+4.9
[2015.09.20-19.05.08:505][  0]LogAnalytics: [UEEditor.Rocket.Release] SetUserId b6aeed064c5facbea2fec1a4dfb34289|e8dad8564e6d4f898fb2f14da66fe74c|e1a63e55-60ec-4585-be06-279f35335c9b
[2015.09.20-19.05.08:505][  0]LogAnalytics: [UEEditor.Rocket.Release] AnalyticsET::StartSession
[2015.09.20-19.05.08:516][  0]LogWindowsTextInputMethodSystem:Display: IME system now deactivated.
[2015.09.20-19.05.08:516][  0]LogWindowsTextInputMethodSystem:Display: IME system now deactivated.
[2015.09.20-19.05.08:564][  0]LogInit: Transaction tracking system initialized
[2015.09.20-19.05.08:601][  0]BlueprintLog: New page: Editor Load
[2015.09.20-19.05.08:704][  0]LocalizationService: Info Localization service is disabled
[2015.09.20-19.05.08:799][  0]LogConsoleResponse:Display: 
[2015.09.20-19.05.08:919][  0]LogCook:Display: Done creating registry. It took  0.00s.
[2015.09.20-19.05.08:986][  0]LogFileCache: Scanning file cache for directory 'C:/Users/Adam/Documents/Unreal Projects/SR2L/Content/' took 0.01s
[2015.09.20-19.05.08:992][  0]SourceControl: Info Source control is disabled
[2015.09.20-19.05.08:992][  0]Cmd: MAP LOAD FILE="../../../../../../Users/Adam/Documents/Unreal Projects/SR2L/Content/VehicleAdvBP/Maps/VehicleAdvExampleMap.umap" TEMPLATE=0 SHOWPROGRESS=1 FEATURELEVEL=3
[2015.09.20-19.05.08:993][  0]LightingResults: New page: Lighting Build
[2015.09.20-19.05.08:997][  0]MapCheck: New page: Map Check
[2015.09.20-19.05.08:997][  0]LightingResults: New page: Lighting Build
[2015.09.20-19.05.09:006][  0]LogParticles: Destroying 0 GPU particle simulations for FXSystem 0x000000E19ED00400
[2015.09.20-19.05.09:577][  0]LogLinker:Warning: Asset '../../../../../../Users/Adam/Documents/Unreal Projects/SR2L/Content/VehicleAdvBP/Maps/LayerInfo/Desert_LayerInfo.uasset' has been saved with empty engine version. The asset will be loaded but may be incompatible.
[2015.09.20-19.05.09:578][  0]LogLinker:Warning: Asset '../../../../../../Users/Adam/Documents/Unreal Projects/SR2L/Content/VehicleAdvBP/Maps/LayerInfo/Track_LayerInfo.uasset' has been saved with empty engine version. The asset will be loaded but may be incompatible.
[2015.09.20-19.05.10:049][  0]LogAIModule: Creating AISystem for world VehicleAdvExampleMap
[2015.09.20-19.05.10:388][  0]LogEditorServer: Finished looking for orphan Actors (0.000 secs)
[2015.09.20-19.05.10:389][  0]Cmd: MAP CHECKDEP NOCLEARLOG
[2015.09.20-19.05.10:497][  0]MapCheck: Info Map check complete: 0 Error(s), 0 Warning(s), took 108.511ms to complete.
[2015.09.20-19.05.10:497][  0]LogFileHelpers: Loading map 'VehicleAdvExampleMap' took 1.505
[2015.09.20-19.05.10:621][  0]LogCollectionManager: Loaded 0 collections in 0.004394 seconds
[2015.09.20-19.05.10:662][  0]LogFileCache: Scanning file cache for directory 'C:/Users/Adam/Documents/Unreal Projects/SR2L/Saved/Collections/' took 0.01s
[2015.09.20-19.05.10:662][  0]LogFileCache: Scanning file cache for directory 'C:/Users/Adam/Documents/Unreal Projects/SR2L/Content/Developers/Adam/Collections/' took 0.01s
[2015.09.20-19.05.10:662][  0]LogFileCache: Scanning file cache for directory 'C:/Users/Adam/Documents/Unreal Projects/SR2L/Content/Collections/' took 0.01s
[2015.09.20-19.05.10:662][  0]LogContentBrowser: Native class hierarchy populated in 0.0070 seconds. Added 1867 classes and 333 folders.
[2015.09.20-19.05.10:668][  0]LogCollectionManager: Rebuilt the GUID cache for 0 collections in 0.000003 seconds
[2015.09.20-19.05.10:676][  0]LogContentBrowser: Native class hierarchy updated for 'WidgetCarousel' in 0.0003 seconds. Added 0 classes and 0 folders.
[2015.09.20-19.05.10:741][  0]LogContentBrowser: Native class hierarchy updated for 'AddContentDialog' in 0.0004 seconds. Added 0 classes and 0 folders.
[2015.09.20-19.05.10:745][  0]LogContentBrowser: Native class hierarchy updated for 'SceneOutliner' in 0.0003 seconds. Added 1 classes and 2 folders.
[2015.09.20-19.05.10:775][  0]LogCrashTracker: Crashtracker disabled due to settings.
[2015.09.20-19.05.10:779][  0]LogUObjectGlobals:Warning: Failed to find object 'Class None.'
[2015.09.20-19.05.10:802][  0]LogLoad: Full Startup: 7.45 seconds (BP compile: 0.19 seconds)
[2015.09.20-19.05.10:872][  0]LogContentStreaming: Texture pool size now 400 MB
[2015.09.20-19.05.11:015][  0]LogRenderer: Reallocating scene render targets to support 1208x576 (Frame:2).
[2015.09.20-19.05.11:072][  1]Cmd: UpdateLandscapeEditorData -warnings
[2015.09.20-19.05.11:305][  6]LogAssetRegistry: Asset discovery search completed in 3.6898 seconds
[2015.09.20-19.05.11:305][  6]LogCollectionManager: Rebuilt the object cache for 0 collections in 0.000001 seconds (found 0 objects)
[2015.09.20-19.05.11:305][  6]LogCollectionManager: Fixed up redirectors for 0 collections in 0.000031 seconds (updated 0 objects)
[2015.09.20-19.05.27:006][931]LogActorComponent: UnregisterComponent: (/Engine/Transient.MovementComp) Not registered. Aborting.
[2015.09.20-19.05.27:042][931]Cmd: MAP LOAD FILE="../../../../../../Users/Adam/Documents/Unreal Projects/SR2L/Content/VehicleAdvBP/Maps/Race1.umap" TEMPLATE=0 SHOWPROGRESS=1 FEATURELEVEL=3
[2015.09.20-19.05.27:083][931]LightingResults: New page: Lighting Build
[2015.09.20-19.05.27:107][931]LoadErrors: New page: Loading map: Race1.umap
[2015.09.20-19.05.27:109][931]MapCheck: New page: Map Check
[2015.09.20-19.05.27:109][931]LightingResults: New page: Lighting Build
[2015.09.20-19.05.27:121][931]LogParticles: Destroying 0 GPU particle simulations for FXSystem 0x000000E1A373C360
[2015.09.20-19.05.27:601][931]LogAIModule: Creating AISystem for world Race1
[2015.09.20-19.05.27:785][931]LogEditorServer: Finished looking for orphan Actors (0.000 secs)
[2015.09.20-19.05.27:822][931]Cmd: MAP CHECKDEP NOCLEARLOG
[2015.09.20-19.05.27:925][931]MapCheck: Info Map check complete: 0 Error(s), 0 Warning(s), took 102.548ms to complete.
[2015.09.20-19.05.27:925][931]LogFileHelpers: Loading map 'Race1' took 0.885
[2015.09.20-19.05.27:952][932]Cmd: UpdateLandscapeEditorData
[2015.09.20-19.05.27:953][932]Cmd: UpdateLandscapeEditorData -warnings
[2015.09.20-19.05.28:947][987]LogPlayLevel: PlayLevel: No blueprints needed recompiling
[2015.09.20-19.05.28:948][987]PIE: New page: PIE session: Race1 (Sep 20, 2015, 11:05:28 AM)
[2015.09.20-19.05.28:948][987]LogPlayLevel: Creating play world package: /Game/VehicleAdvBP/Maps/UEDPIE_0_Race1
[2015.09.20-19.05.28:973][987]LogPlayLevel: PIE: StaticDuplicateObject took: (0.025129s)
[2015.09.20-19.05.28:973][987]LogAIModule: Creating AISystem for world Race1
[2015.09.20-19.05.28:973][987]LogPlayLevel: PIE: World Init took: (0.000579s)
[2015.09.20-19.05.28:974][987]LogPlayLevel: PIE: Created PIE world by copying editor world from /Game/VehicleAdvBP/Maps/Race1.Race1 to /Game/VehicleAdvBP/Maps/UEDPIE_0_Race1.Race1 (0.025927s)
[2015.09.20-19.05.28:974][987]LogActorComponent: UnregisterComponent: (/Engine/Transient.MovementComp) Not registered. Aborting.
[2015.09.20-19.05.28:994][987]LogInit: XAudio2 using 'Speakers (Realtek High Definition Audio)' : 2 channels at 48 kHz using 32 bits per sample (channel mask 0x3)
[2015.09.20-19.05.29:002][987]LogInit: FAudioDevice initialized.
[2015.09.20-19.05.29:054][987]LogWorld: Game class is 'VehicleAdvGameMode_C'
[2015.09.20-19.05.29:078][987]LogWorld: Bringing World /Game/VehicleAdvBP/Maps/UEDPIE_0_Race1.Race1 up for play (max tick rate 60) at 2015.09.20-15.05.29
[2015.09.20-19.05.29:078][987]LogActor:Warning: GameSession /Game/VehicleAdvBP/Maps/UEDPIE_0_Race1.Race1:PersistentLevel.GameSession_0 has natively added scene component(s), but none of them were set as the actor's RootComponent - picking one arbitrarily
[2015.09.20-19.05.29:079][987]LogActor:Warning: GameNetworkManager /Game/VehicleAdvBP/Maps/UEDPIE_0_Race1.Race1:PersistentLevel.GameNetworkManager_0 has natively added scene component(s), but none of them were set as the actor's RootComponent - picking one arbitrarily
[2015.09.20-19.05.29:081][987]LogWorld: Bringing up level for play took: 0.022720
[2015.09.20-19.05.29:104][987]PIE: Info Play in editor start time for /Game/VehicleAdvBP/Maps/UEDPIE_0_Race1 0.222
[2015.09.20-19.05.29:125][988]LogRenderer: Reallocating scene render targets to support 1208x612 (Frame:987).
[2015.09.20-19.09.36:601][526]LogParticles: Destroying 0 GPU particle simulations for FXSystem 0x000000E1A3A439C0
[2015.09.20-19.09.39:405][655]Cmd: MAP LOAD FILE="../../../../../../Users/Adam/Documents/Unreal Projects/SR2L/Content/VehicleAdvBP/Maps/Race1.umap" TEMPLATE=0 SHOWPROGRESS=1 FEATURELEVEL=3
[2015.09.20-19.09.39:445][655]LightingResults: New page: Lighting Build
[2015.09.20-19.09.39:469][655]LoadErrors: New page: Loading map: Race1.umap
[2015.09.20-19.09.39:470][655]MapCheck: New page: Map Check
[2015.09.20-19.09.39:471][655]LightingResults: New page: Lighting Build
[2015.09.20-19.09.39:493][655]LogParticles: Destroying 0 GPU particle simulations for FXSystem 0x000000E194405120
[2015.09.20-19.09.39:640][655]LogAIModule: Creating AISystem for world Race1
[2015.09.20-19.09.39:780][655]LogEditorServer: Finished looking for orphan Actors (0.000 secs)
[2015.09.20-19.09.39:816][655]Cmd: MAP CHECKDEP NOCLEARLOG
[2015.09.20-19.09.39:930][655]MapCheck: Info Map check complete: 0 Error(s), 0 Warning(s), took 113.533ms to complete.
[2015.09.20-19.09.39:930][655]LogFileHelpers: Loading map 'Race1' took 0.527
[2015.09.20-19.09.39:950][656]Cmd: UpdateLandscapeEditorData
[2015.09.20-19.09.39:950][656]Cmd: UpdateLandscapeEditorData -warnings
[2015.09.20-19.09.43:272][826]LogActorComponent: UnregisterComponent: (/Engine/Transient.MovementComp) Not registered. Aborting.
[2015.09.20-19.09.43:341][826]Cmd: MAP LOAD FILE="../../../../../../Users/Adam/Documents/Unreal Projects/SR2L/Content/VehicleAdvBP/Maps/Template.umap" TEMPLATE=0 SHOWPROGRESS=1 FEATURELEVEL=3
[2015.09.20-19.09.43:408][826]LightingResults: New page: Lighting Build
[2015.09.20-19.09.43:501][826]LoadErrors: New page: Loading map: Template.umap
[2015.09.20-19.09.43:505][826]MapCheck: New page: Map Check
[2015.09.20-19.09.43:505][826]LightingResults: New page: Lighting Build
[2015.09.20-19.09.43:550][826]LogParticles: Destroying 0 GPU particle simulations for FXSystem 0x000000E18E394FE0
[2015.09.20-19.09.43:643][826]LogAIModule: Creating AISystem for world Template
[2015.09.20-19.09.43:697][826]LogEditorServer: Finished looking for orphan Actors (0.000 secs)
[2015.09.20-19.09.43:837][826]Cmd: MAP CHECKDEP NOCLEARLOG
[2015.09.20-19.09.44:252][826]MapCheck: Info Map check complete: 0 Error(s), 0 Warning(s), took 414.379ms to complete.
[2015.09.20-19.09.44:252][826]LogFileHelpers: Loading map 'Template' took 0.914
[2015.09.20-19.09.44:322][827]Cmd: UpdateLandscapeEditorData
[2015.09.20-19.09.52:296][282]MapCheck: New page: Map Check
[2015.09.20-19.09.52:323][282]Cmd: MAP REBUILD ALLVISIBLE
[2015.09.20-19.09.52:323][282]LogEditorServer: Rebuildmap Clear paths rebuilt
[2015.09.20-19.09.52:350][282]LightingResults: New page: Lighting Build - Sep 20, 2015, 11:09:52 AM
[2015.09.20-19.09.55:487][282]LogStaticLightingSystem: Running Lightmass w/ ImmediateImport mode ENABLED
[2015.09.20-19.09.55:487][282]LogStaticLightingSystem: Running Lightmass w/ ImmediateProcess mode ENABLED
[2015.09.20-19.09.55:487][282]LogStaticLightingSystem: Running Lightmass w/ Sorting mode ENABLED
[2015.09.20-19.09.55:487][282]LogStaticLightingSystem: Running Lightmass w/ Mapping paddings ENABLED
[2015.09.20-19.09.55:487][282]LogStaticLightingSystem: Running Lightmass w/ Mapping debug paddings DISABLED
[2015.09.20-19.09.55:676][282]LogEditorBuildUtils: Build time 0:00:03
[2015.09.20-19.09.55:693][283]LogActorComponent: UnregisterComponent: (/Engine/Transient.MovementComp) Not registered. Aborting.
[2015.09.20-19.09.56:834][324]LightingResults:Error: Error Skybox Object has overlapping UVs.
[2015.09.20-19.09.56:834][324]LightingResults: Info Skybox Lightmap UV are overlapping by 50.0%. Please adjust content - Enable Error Coloring to visualize.
[2015.09.20-19.15.58:694][986]Job has failed! Job is closed while Tasks are still RUNNING
[2015.09.20-19.16.10:125][663]MapCheck: New page: Map Check
[2015.09.20-19.16.10:167][663]Cmd: MAP REBUILD ALLVISIBLE
[2015.09.20-19.16.10:167][663]LogEditorServer: Rebuildmap Clear paths rebuilt
[2015.09.20-19.16.10:189][663]LogActorComponent: UnregisterComponent: (/Engine/Transient.MovementComp) Not registered. Aborting.
[2015.09.20-19.16.10:203][663]MapCheck:Warning: Warning WorldSettings Hierarchical LOD System is disabled or no HLOD level settings available, unable to build LOD actors. 
[2015.09.20-19.16.10:203][663]LogStats:          STAT_HLOD_BuildClusters - 14.219 ms
[2015.09.20-19.16.10:203][663]LightingResults: New page: Lighting Build - Sep 20, 2015, 11:16:10 AM
[2015.09.20-19.16.14:848][663]LogStaticLightingSystem: Running Lightmass w/ ImmediateImport mode ENABLED
[2015.09.20-19.16.14:848][663]LogStaticLightingSystem: Running Lightmass w/ ImmediateProcess mode ENABLED
[2015.09.20-19.16.14:848][663]LogStaticLightingSystem: Running Lightmass w/ Sorting mode ENABLED
[2015.09.20-19.16.14:848][663]LogStaticLightingSystem: Running Lightmass w/ Mapping paddings ENABLED
[2015.09.20-19.16.14:848][663]LogStaticLightingSystem: Running Lightmass w/ Mapping debug paddings DISABLED
[2015.09.20-19.16.14:962][663]LogEditorBuildUtils: Build time 0:00:04
[2015.09.20-19.16.15:926][694]LightingResults:Error: Error Skybox Object has overlapping UVs.
[2015.09.20-19.16.15:926][694]LightingResults: Info Skybox Lightmap UV are overlapping by 50.0%. Please adjust content - Enable Error Coloring to visualize.
[2015.09.20-19.16.49:065][654]Cmd: DELETE
[2015.09.20-19.16.49:065][654]Cmd: ACTOR DELETE
[2015.09.20-19.16.49:065][654]LogEditorActor: Deleted Actor: StaticMeshActor
[2015.09.20-19.16.49:065][654]LogActorComponent: UnregisterComponent: (/Engine/Transient.MovementComp) Not registered. Aborting.
[2015.09.20-19.16.49:081][654]LogEditorActor: Deleted 1 Actors (0.017 secs)
[2015.09.20-19.16.54:834][939]Job has failed! Job is closed while Tasks are still RUNNING
[2015.09.20-19.16.58:791][166]MapCheck: New page: Map Check
[2015.09.20-19.16.58:823][166]Cmd: MAP REBUILD ALLVISIBLE
[2015.09.20-19.16.58:823][166]LogEditorServer: Rebuildmap Clear paths rebuilt
[2015.09.20-19.16.58:845][166]LogActorComponent: UnregisterComponent: (/Engine/Transient.MovementComp) Not registered. Aborting.
[2015.09.20-19.16.58:857][166]MapCheck:Warning: Warning WorldSettings Hierarchical LOD System is disabled or no HLOD level settings available, unable to build LOD actors. 
[2015.09.20-19.16.58:857][166]LogStats:          STAT_HLOD_BuildClusters - 12.889 ms
[2015.09.20-19.16.58:858][166]LightingResults: New page: Lighting Build - Sep 20, 2015, 11:16:58 AM
[2015.09.20-19.17.03:467][166]LogStaticLightingSystem: Running Lightmass w/ ImmediateImport mode ENABLED
[2015.09.20-19.17.03:467][166]LogStaticLightingSystem: Running Lightmass w/ ImmediateProcess mode ENABLED
[2015.09.20-19.17.03:467][166]LogStaticLightingSystem: Running Lightmass w/ Sorting mode ENABLED
[2015.09.20-19.17.03:467][166]LogStaticLightingSystem: Running Lightmass w/ Mapping paddings ENABLED
[2015.09.20-19.17.03:467][166]LogStaticLightingSystem: Running Lightmass w/ Mapping debug paddings DISABLED
[2015.09.20-19.17.03:583][166]LogEditorBuildUtils: Build time 0:00:04
[2015.09.20-19.17.26:445][473]Job has failed! Job is closed while Tasks are still RUNNING
[2015.09.20-19.18.42:281][887]LogActorFactory: Actor Factory created Skybox
[2015.09.20-19.18.43:435][956]LogActorFactory: Actor Factory created Skybox
[2015.09.20-19.18.58:799][863]LogAIModule: Creating AISystem for world VehicleAdvExampleMap
[2015.09.20-19.18.58:812][863]LogActorComponent: UnregisterComponent: (/Engine/Transient.MovementComp) Not registered. Aborting.
[2015.09.20-19.19.06:881][863]LogSavePackage: Save=83.961983ms
[2015.09.20-19.19.06:881][863]LogSavePackage: Moving '../../../../../../Users/Adam/Documents/Unreal Projects/SR2L/Saved/Template6E76BB5A42A4DEF8200B149183825D74.tmp' to '../../../../../../Users/Adam/Documents/Unreal Projects/SR2L/Content/VehicleAdvBP/Maps/Template.umap'
[2015.09.20-19.19.06:884][863]LogSavePackage: Total save time: 94.839338ms
[2015.09.20-19.19.06:884][863]LogSavePackage:Warning: Finished SavePackage ../../../../../../Users/Adam/Documents/Unreal Projects/SR2L/Content/VehicleAdvBP/Maps/Template.umap
[2015.09.20-19.19.06:921][863]LogFileHelpers: Saving map 'Template' took 0.258
[2015.09.20-19.19.06:923][863]Cmd: MAP LOAD FILE="../../../../../../Users/Adam/Documents/Unreal Projects/SR2L/Content/VehicleAdvBP/Maps/VehicleAdvExampleMap.umap" TEMPLATE=0 SHOWPROGRESS=1 FEATURELEVEL=3
[2015.09.20-19.19.06:923][863]LightingResults: New page: Lighting Build
[2015.09.20-19.19.06:945][863]LoadErrors: New page: Loading map: VehicleAdvExampleMap.umap
[2015.09.20-19.19.06:947][863]MapCheck: New page: Map Check
[2015.09.20-19.19.06:947][863]LightingResults: New page: Lighting Build
[2015.09.20-19.19.07:265][863]LogParticles: Destroying 0 GPU particle simulations for FXSystem 0x000000E1A77CD620
[2015.09.20-19.19.07:289][863]LogEditorServer: Finished looking for orphan Actors (0.000 secs)
[2015.09.20-19.19.07:322][863]Cmd: MAP CHECKDEP NOCLEARLOG
[2015.09.20-19.19.07:431][863]MapCheck: Info Map check complete: 0 Error(s), 0 Warning(s), took 108.976ms to complete.
[2015.09.20-19.19.07:431][863]LogFileHelpers: Loading map 'VehicleAdvExampleMap' took 0.510
[2015.09.20-19.19.07:452][864]Cmd: UpdateLandscapeEditorData -warnings
[2015.09.20-19.19.07:452][864]Cmd: UpdateLandscapeEditorData
[2015.09.20-19.19.11:743][112]MapCheck: New page: Map Check
[2015.09.20-19.19.11:776][112]Cmd: MAP REBUILD ALLVISIBLE
[2015.09.20-19.19.11:776][112]LogEditorServer: Rebuildmap Clear paths rebuilt
[2015.09.20-19.19.11:810][112]LogActorComponent: UnregisterComponent: (/Engine/Transient.MovementComp) Not registered. Aborting.
[2015.09.20-19.19.11:823][112]MapCheck:Warning: Warning WorldSettings_1 Hierarchical LOD System is disabled or no HLOD level settings available, unable to build LOD actors. 
[2015.09.20-19.19.11:823][112]LogStats:          STAT_HLOD_BuildClusters - 13.245 ms
[2015.09.20-19.19.11:823][112]LightingResults: New page: Lighting Build - Sep 20, 2015, 11:19:11 AM
[2015.09.20-19.19.16:440][112]LogStaticLightingSystem: Running Lightmass w/ ImmediateImport mode ENABLED
[2015.09.20-19.19.16:440][112]LogStaticLightingSystem: Running Lightmass w/ ImmediateProcess mode ENABLED
[2015.09.20-19.19.16:440][112]LogStaticLightingSystem: Running Lightmass w/ Sorting mode ENABLED
[2015.09.20-19.19.16:440][112]LogStaticLightingSystem: Running Lightmass w/ Mapping paddings ENABLED
[2015.09.20-19.19.16:440][112]LogStaticLightingSystem: Running Lightmass w/ Mapping debug paddings DISABLED
[2015.09.20-19.19.16:602][112]LogEditorBuildUtils: Build time 0:00:04
[2015.09.20-19.19.16:706][113]Cmd: UpdateLandscapeEditorData
[2015.09.20-19.20.51:877][249]LightingResults:Error: Error Skybox Object has overlapping UVs.
[2015.09.20-19.20.51:904][250]LightingResults: Info Skybox Lightmap UV are overlapping by 50.0%. Please adjust content - Enable Error Coloring to visualize.
[2015.09.20-19.20.54:002][337]Job is a success!
[2015.09.20-19.20.55:751][339]LogTexture:Display: Building textures: SkyOcclusion1_1 (AutoDXT)
[2015.09.20-19.20.55:775][339]LogTexture:Display: Building textures: LQ_Lightmap_0_28 (DXT1)
[2015.09.20-19.20.55:777][339]LogTexture:Display: Building textures: HQ_Lightmap0_28 (AutoDXT)
[2015.09.20-19.20.55:780][339]LogTexture:Display: Building textures: SkyOcclusion0_28 (AutoDXT)
[2015.09.20-19.20.55:781][339]LogTexture:Display: Building textures: LQ_Lightmap_1_27 (DXT1)
[2015.09.20-19.20.55:783][339]LogTexture:Display: Building textures: HQ_Lightmap1_27 (AutoDXT)
[2015.09.20-19.20.55:784][339]LogTexture:Display: Building textures: SkyOcclusion1_27 (AutoDXT)
[2015.09.20-19.20.55:787][339]LogTexture:Display: Building textures: LQ_Lightmap_0_26 (DXT1)
[2015.09.20-19.20.55:824][339]LogTexture:Display: Building textures: HQ_Lightmap1_26 (AutoDXT)
[2015.09.20-19.20.55:861][339]LogTexture:Display: Building textures: SkyOcclusion0_26 (AutoDXT)
[2015.09.20-19.20.55:890][339]LogTexture:Display: Building textures: LQ_Lightmap_1_25 (DXT1)
[2015.09.20-19.20.55:933][339]LogTexture:Display: Building textures: HQ_Lightmap0_25 (AutoDXT)
[2015.09.20-19.20.55:969][339]LogTexture:Display: Building textures: SkyOcclusion1_25 (AutoDXT)
[2015.09.20-19.20.55:995][339]LogTexture:Display: Building textures: LQ_Lightmap_1_24 (DXT1)
[2015.09.20-19.20.56:033][339]LogTexture:Display: Building textures: HQ_Lightmap1_24 (AutoDXT)
[2015.09.20-19.20.56:070][339]LogTexture:Display: Building textures: SkyOcclusion1_24 (AutoDXT)
[2015.09.20-19.20.56:095][339]LogTexture:Display: Building textures: LQ_Lightmap_0_23 (DXT1)
[2015.09.20-19.20.56:133][339]LogTexture:Display: Building textures: HQ_Lightmap1_23 (AutoDXT)
[2015.09.20-19.20.56:170][339]LogTexture:Display: Building textures: SkyOcclusion0_23 (AutoDXT)
[2015.09.20-19.20.56:195][339]LogTexture:Display: Building textures: LQ_Lightmap_1_22 (DXT1)
[2015.09.20-19.20.56:233][339]LogTexture:Display: Building textures: HQ_Lightmap1_22 (AutoDXT)
[2015.09.20-19.20.56:274][339]LogTexture:Display: Building textures: SkyOcclusion1_22 (AutoDXT)
[2015.09.20-19.20.56:299][339]LogTexture:Display: Building textures: LQ_Lightmap_0_21 (DXT1)
[2015.09.20-19.20.56:338][339]LogTexture:Display: Building textures: HQ_Lightmap1_21 (AutoDXT)
[2015.09.20-19.20.56:374][339]LogTexture:Display: Building textures: SkyOcclusion0_21 (AutoDXT)
[2015.09.20-19.20.56:400][339]LogTexture:Display: Building textures: LQ_Lightmap_0_20 (DXT1)
[2015.09.20-19.20.56:441][339]LogTexture:Display: Building textures: HQ_Lightmap1_20 (AutoDXT)
[2015.09.20-19.20.56:478][339]LogTexture:Display: Building textures: SkyOcclusion0_20 (AutoDXT)
[2015.09.20-19.20.56:504][339]LogTexture:Display: Building textures: LQ_Lightmap_0_19 (DXT1)
[2015.09.20-19.20.56:542][339]LogTexture:Display: Building textures: HQ_Lightmap1_19 (AutoDXT)
[2015.09.20-19.20.56:579][339]LogTexture:Display: Building textures: SkyOcclusion0_19 (AutoDXT)
[2015.09.20-19.20.56:604][339]LogTexture:Display: Building textures: LQ_Lightmap_1_18 (DXT1)
[2015.09.20-19.20.56:644][339]LogTexture:Display: Building textures: HQ_Lightmap1_18 (AutoDXT)
[2015.09.20-19.20.56:692][339]LogTexture:Display: Building textures: SkyOcclusion1_18 (AutoDXT)
[2015.09.20-19.20.56:717][339]LogTexture:Display: Building textures: LQ_Lightmap_0_17 (DXT1)
[2015.09.20-19.20.56:755][339]LogTexture:Display: Building textures: HQ_Lightmap0_17 (AutoDXT)
[2015.09.20-19.20.56:791][339]LogTexture:Display: Building textures: SkyOcclusion0_17 (AutoDXT)
[2015.09.20-19.20.56:817][339]LogTexture:Display: Building textures: LQ_Lightmap_0_16 (DXT1)
[2015.09.20-19.20.56:868][339]LogTexture:Display: Building textures: HQ_Lightmap1_16 (AutoDXT)
[2015.09.20-19.20.56:964][339]LogTexture:Display: Building textures: SkyOcclusion0_16 (AutoDXT)
[2015.09.20-19.20.57:015][339]LogTexture:Display: Building textures: LQ_Lightmap_1_15 (DXT1)
[2015.09.20-19.20.57:047][339]LogTexture:Display: Building textures: HQ_Lightmap1_15 (AutoDXT)
[2015.09.20-19.20.57:131][339]LogTexture:Display: Building textures: SkyOcclusion1_15 (AutoDXT)
[2015.09.20-19.20.57:163][339]LogTexture:Display: Building textures: LQ_Lightmap_1_14 (DXT1)
[2015.09.20-19.20.57:228][339]LogTexture:Display: Building textures: HQ_Lightmap1_14 (AutoDXT)
[2015.09.20-19.20.57:349][339]LogTexture:Display: Building textures: SkyOcclusion1_14 (AutoDXT)
[2015.09.20-19.20.57:399][339]LogTexture:Display: Building textures: LQ_Lightmap_1_13 (DXT1)
[2015.09.20-19.20.57:407][339]LogTexture:Display: Building textures: HQ_Lightmap1_13 (AutoDXT)
[2015.09.20-19.20.57:431][339]LogTexture:Display: Building textures: SkyOcclusion1_13 (AutoDXT)
[2015.09.20-19.20.57:441][339]LogTexture:Display: Building textures: LQ_Lightmap_1_12 (DXT1)
[2015.09.20-19.20.57:469][339]LogTexture:Display: Building textures: HQ_Lightmap1_12 (AutoDXT)
[2015.09.20-19.20.57:517][339]LogTexture:Display: Building textures: SkyOcclusion1_12 (AutoDXT)
[2015.09.20-19.20.57:538][339]LogTexture:Display: Building textures: LQ_Lightmap_0_11 (DXT1)
[2015.09.20-19.20.57:549][339]LogTexture:Display: Building textures: HQ_Lightmap0_11 (AutoDXT)
[2015.09.20-19.20.57:574][339]LogTexture:Display: Building textures: SkyOcclusion0_11 (AutoDXT)
[2015.09.20-19.20.57:588][339]LogTexture:Display: Building textures: LQ_Lightmap_1_10 (DXT1)
[2015.09.20-19.20.57:668][339]LogTexture:Display: Building textures: HQ_Lightmap1_10 (AutoDXT)
[2015.09.20-19.20.57:828][339]LogTexture:Display: Building textures: SkyOcclusion1_10 (AutoDXT)
[2015.09.20-19.20.57:894][339]LogTexture:Display: Building textures: LQ_Lightmap_1_9 (DXT1)
[2015.09.20-19.20.57:970][339]LogTexture:Display: Building textures: HQ_Lightmap1_9 (AutoDXT)
[2015.09.20-19.20.58:143][339]LogTexture:Display: Building textures: SkyOcclusion1_9 (AutoDXT)
[2015.09.20-19.20.58:199][339]LogTexture:Display: Building textures: LQ_Lightmap_1_8 (DXT1)
[2015.09.20-19.20.58:267][339]LogTexture:Display: Building textures: HQ_Lightmap1_8 (AutoDXT)
[2015.09.20-19.20.58:401][339]LogTexture:Display: Building textures: SkyOcclusion1_8 (AutoDXT)
[2015.09.20-19.20.58:455][339]LogTexture:Display: Building textures: LQ_Lightmap_1_7 (DXT1)
[2015.09.20-19.20.58:538][339]LogTexture:Display: Building textures: HQ_Lightmap1_7 (AutoDXT)
[2015.09.20-19.20.58:684][339]LogTexture:Display: Building textures: SkyOcclusion1_7 (AutoDXT)
[2015.09.20-19.20.58:743][339]LogTexture:Display: Building textures: LQ_Lightmap_1_6 (DXT1)
[2015.09.20-19.20.58:922][339]LogTexture:Display: Building textures: HQ_Lightmap1_6 (AutoDXT)
[2015.09.20-19.20.59:302][339]LogTexture:Display: Building textures: SkyOcclusion1_6 (AutoDXT)
[2015.09.20-19.20.59:445][339]LogTexture:Display: Building textures: LQ_Lightmap_1_5 (DXT1)
[2015.09.20-19.20.59:474][339]LogTexture:Display: Building textures: HQ_Lightmap1_5 (AutoDXT)
[2015.09.20-19.20.59:512][339]LogTexture:Display: Building textures: SkyOcclusion1_5 (AutoDXT)
[2015.09.20-19.20.59:537][339]LogTexture:Display: Building textures: LQ_Lightmap_1_4 (DXT1)
[2015.09.20-19.20.59:575][339]LogTexture:Display: Building textures: HQ_Lightmap1_4 (AutoDXT)
[2015.09.20-19.20.59:614][339]LogTexture:Display: Building textures: SkyOcclusion1_4 (AutoDXT)
[2015.09.20-19.20.59:640][339]LogTexture:Display: Building textures: LQ_Lightmap_1_3 (DXT1)
[2015.09.20-19.20.59:718][339]LogTexture:Display: Building textures: HQ_Lightmap1_3 (AutoDXT)
[2015.09.20-19.20.59:890][339]LogTexture:Display: Building textures: SkyOcclusion1_3 (AutoDXT)
[2015.09.20-19.20.59:966][339]LogTexture:Display: Building textures: LQ_Lightmap_1_2 (DXT1)
[2015.09.20-19.20.59:988][339]LogTexture:Display: Building textures: HQ_Lightmap1_2 (AutoDXT)
[2015.09.20-19.21.00:028][339]LogTexture:Display: Building textures: SkyOcclusion1_2 (AutoDXT)
[2015.09.20-19.21.00:051][339]LogTexture:Display: Building textures: LQ_Lightmap_1_1 (DXT1)
[2015.09.20-19.21.00:076][339]LogTexture:Display: Building textures: HQ_Lightmap1_1 (AutoDXT)
[2015.09.20-19.21.00:147][339]LogTexture:Display: Building textures: ShadowMapTexture2D_27 (G8)
[2015.09.20-19.21.00:178][339]LogTexture:Display: Building textures: ShadowMapTexture2D_28 (G8)
[2015.09.20-19.21.00:289][339]LogTexture:Display: Building textures: ShadowMapTexture2D_29 (G8)
[2015.09.20-19.21.00:313][339]LogTexture:Display: Building textures: ShadowMapTexture2D_30 (G8)
[2015.09.20-19.21.00:321][339]LogTexture:Display: Building textures: ShadowMapTexture2D_31 (G8)
[2015.09.20-19.21.00:755][339]LogTexture:Display: Building textures: ShadowMapTexture2D_32 (G8)
[2015.09.20-19.21.00:944][339]LogTexture:Display: Building textures: ShadowMapTexture2D_33 (G8)
[2015.09.20-19.21.01:065][339]LogTexture:Display: Building textures: ShadowMapTexture2D_34 (G8)
[2015.09.20-19.21.01:187][339]LogTexture:Display: Building textures: ShadowMapTexture2D_35 (G8)
[2015.09.20-19.21.01:308][339]LogTexture:Display: Building textures: ShadowMapTexture2D_36 (G8)
[2015.09.20-19.21.01:335][339]LogTexture:Display: Building textures: ShadowMapTexture2D_37 (G8)
[2015.09.20-19.21.01:363][339]LogTexture:Display: Building textures: ShadowMapTexture2D_38 (G8)
[2015.09.20-19.21.01:375][339]LogTexture:Display: Building textures: ShadowMapTexture2D_39 (G8)
[2015.09.20-19.21.01:482][339]LogTexture:Display: Building textures: ShadowMapTexture2D_40 (G8)
[2015.09.20-19.21.01:525][339]LogTexture:Display: Building textures: ShadowMapTexture2D_41 (G8)
[2015.09.20-19.21.01:556][339]LogTexture:Display: Building textures: ShadowMapTexture2D_42 (G8)
[2015.09.20-19.21.01:568][339]LogTexture:Display: Building textures: ShadowMapTexture2D_43 (G8)
[2015.09.20-19.21.01:575][339]LogTexture:Display: Building textures: ShadowMapTexture2D_44 (G8)
[2015.09.20-19.21.01:584][339]LogTexture:Display: Building textures: ShadowMapTexture2D_45 (G8)
[2015.09.20-19.21.01:591][339]LogTexture:Display: Building textures: ShadowMapTexture2D_46 (G8)
[2015.09.20-19.21.01:599][339]LogTexture:Display: Building textures: ShadowMapTexture2D_47 (G8)
[2015.09.20-19.21.01:607][339]LogTexture:Display: Building textures: ShadowMapTexture2D_48 (G8)
[2015.09.20-19.21.01:617][339]LogTexture:Display: Building textures: ShadowMapTexture2D_49 (G8)
[2015.09.20-19.21.01:625][339]LogTexture:Display: Building textures: ShadowMapTexture2D_50 (G8)
[2015.09.20-19.21.01:632][339]LogTexture:Display: Building textures: ShadowMapTexture2D_51 (G8)
[2015.09.20-19.21.01:640][339]LogTexture:Display: Building textures: ShadowMapTexture2D_52 (G8)
[2015.09.20-19.21.01:642][339]LogTexture:Display: Building textures: ShadowMapTexture2D_53 (G8)
[2015.09.20-19.21.01:643][339]LogTexture:Display: Building textures: ShadowMapTexture2D_54 (G8)
[2015.09.20-19.21.01:680][339]Lightmass on ADAM-ASUS: 1:44 min total, 248 ms importing, 587 ms setup, 4.49 sec photons, 1:39 min processing, 0 ms extra exporting [141/141 mappings]. Threads: 11:34 min total, 8:59 min processing.
[2015.09.20-19.21.01:698][339]LogStaticLightingSystem: Illumination: 1:49 min (6.65 sec encoding lightmaps)
[2015.09.20-19.21.01:699][339]LogStaticLightingSystem: Lightmap texture memory:  12.2 MB (12.2 MB streaming, 0.0 MB non-streaming), 56 textures
[2015.09.20-19.21.01:699][339]LogStaticLightingSystem: Shadowmap texture memory: 8.1 MB (8.1 MB streaming, 0.0 MB non-streaming), 28 textures
[2015.09.20-19.21.02:470][340]Cmd: UpdateLandscapeEditorData
[2015.09.20-19.21.02:470][340]Cmd: MAP CHECK NOTIFYRESULTS
[2015.09.20-19.21.02:470][340]MapCheck: New page: VehicleAdvExampleMap - Sep 20, 2015, 11:21:02 AM
[2015.09.20-19.21.02:603][340]MapCheck: Info Map check complete: 0 Error(s), 0 Warning(s), took 132.594ms to complete.
[2015.09.20-19.21.11:080][738]LogWindowsTextInputMethodSystem:Display: IME system now deactivated.
[2015.09.20-19.21.11:080][738]LogWindowsTextInputMethodSystem:Display: IME system now deactivated.
[2015.09.20-19.21.11:335][739]Cmd: QUIT_EDITOR
[2015.09.20-19.21.12:367][739]LogExit: Preparing to exit.
[2015.09.20-19.21.13:306][739]LogExit: Editor shut down
[2015.09.20-19.21.13:306][739]LogExit: Transaction tracking system shut down
[2015.09.20-19.21.13:309][739]LogParticles: Destroying 0 GPU particle simulations for FXSystem 0x000000E1B69B8EA0
[2015.09.20-19.21.13:312][739]LogParticles: Destroying 0 GPU particle simulations for FXSystem 0x000000E1B717F9C0
[2015.09.20-19.21.13:312][739]LogParticles: Destroying 0 GPU particle simulations for FXSystem 0x000000E1B69B85E0
[2015.09.20-19.21.13:313][739]LogParticles: Destroying 0 GPU particle simulations for FXSystem 0x000000E1B70D5B20
[2015.09.20-19.21.13:468][739]LogParticles: Destroying 0 GPU particle simulations for FXSystem 0x000000E1C282BB00
[2015.09.20-19.21.13:468][739]LogExit: Object subsystem successfully closed.
[2015.09.20-19.21.13:479][739]LogD3D11RHI: Shutdown
[2015.09.20-19.21.13:479][739]LogD3D11RHI: CleanupD3DDevice
[2015.09.20-19.21.13:544][739]LogD3D11RHI: ~FD3D11DynamicRHI
[2015.09.20-19.21.13:568][739]LogModuleManager: Shutting down and abandoning module CrashTracker (197)
[2015.09.20-19.21.13:568][739]LogModuleManager: Shutting down and abandoning module SceneOutliner (196)
[2015.09.20-19.21.13:568][739]LogModuleManager: Shutting down and abandoning module SuperSearch (195)
[2015.09.20-19.21.13:568][739]LogModuleManager: Shutting down and abandoning module WidgetCarousel (194)
[2015.09.20-19.21.13:568][739]LogModuleManager: Shutting down and abandoning module AddContentDialog (193)
[2015.09.20-19.21.13:570][739]LogModuleManager: Shutting down and abandoning module EditorWidgets (192)
[2015.09.20-19.21.13:570][739]LogModuleManager: Shutting down and abandoning module CollectionManager (191)
[2015.09.20-19.21.13:571][739]LogModuleManager: Shutting down and abandoning module StatsViewer (190)
[2015.09.20-19.21.13:571][739]LogModuleManager: Shutting down and abandoning module FoliageEdit (189)
[2015.09.20-19.21.13:571][739]LogModuleManager: Shutting down and abandoning module LandscapeEditor (188)
[2015.09.20-19.21.13:571][739]LogModuleManager: Shutting down and abandoning module ActorPickerMode (187)
[2015.09.20-19.21.13:571][739]LogModuleManager: Shutting down and abandoning module GeometryMode (186)
[2015.09.20-19.21.13:571][739]LogModuleManager: Shutting down and abandoning module TextureAlignMode (185)
[2015.09.20-19.21.13:571][739]LogModuleManager: Shutting down and abandoning module BspMode (184)
[2015.09.20-19.21.13:571][739]LogModuleManager: Shutting down and abandoning module PlacementMode (183)
[2015.09.20-19.21.13:571][739]LogModuleManager: Shutting down and abandoning module AutomationWorker (182)
[2015.09.20-19.21.13:571][739]LogModuleManager: Shutting down and abandoning module CharacterAI (181)
[2015.09.20-19.21.13:571][739]LogModuleManager: Shutting down and abandoning module SmartSnapping (180)
[2015.09.20-19.21.13:571][739]LogModuleManager: Shutting down and abandoning module ViewportSnapping (179)
[2015.09.20-19.21.13:571][739]LogModuleManager: Shutting down and abandoning module LogVisualizer (178)
[2015.09.20-19.21.13:571][739]LogModuleManager: Shutting down and abandoning module GameProjectGeneration (177)
[2015.09.20-19.21.13:571][739]LogModuleManager: Shutting down and abandoning module IntroTutorials (176)
[2015.09.20-19.21.13:571][739]LogModuleManager: Shutting down and abandoning module EditorLiveStreaming (175)
[2015.09.20-19.21.13:571][739]LogModuleManager: Shutting down and abandoning module IOSPlatformEditor (174)
[2015.09.20-19.21.13:571][739]LogModuleManager: Shutting down and abandoning module HTML5PlatformEditor (173)
[2015.09.20-19.21.13:571][739]LogModuleManager: Shutting down and abandoning module AndroidDeviceDetection (172)
[2015.09.20-19.21.14:434][739]LogModuleManager: Shutting down and abandoning module AndroidPlatformEditor (171)
[2015.09.20-19.21.14:434][739]LogModuleManager: Shutting down and abandoning module IOSRuntimeSettings (170)
[2015.09.20-19.21.14:434][739]LogModuleManager: Shutting down and abandoning module AndroidRuntimeSettings (169)
[2015.09.20-19.21.14:434][739]LogModuleManager: Shutting down and abandoning module MergeActors (168)
[2015.09.20-19.21.14:434][739]LogModuleManager: Shutting down and abandoning module SizeMap (167)
[2015.09.20-19.21.14:434][739]LogModuleManager: Shutting down and abandoning module TreeMap (166)
[2015.09.20-19.21.14:434][739]LogModuleManager: Shutting down and abandoning module ReferenceViewer (165)
[2015.09.20-19.21.14:434][739]LogModuleManager: Shutting down and abandoning module LocalizationService (164)
[2015.09.20-19.21.14:434][739]LogModuleManager: Shutting down and abandoning module LocalizationDashboard (163)
[2015.09.20-19.21.14:434][739]LogModuleManager: Shutting down and abandoning module HardwareTargeting (162)
[2015.09.20-19.21.14:434][739]LogModuleManager: Shutting down and abandoning module DeviceProfileEditor (161)
[2015.09.20-19.21.14:434][739]LogModuleManager: Shutting down and abandoning module UndoHistory (160)
[2015.09.20-19.21.14:434][739]LogModuleManager: Shutting down and abandoning module GameplayTagsEditor (159)
[2015.09.20-19.21.14:434][739]LogModuleManager: Shutting down and abandoning module UserFeedback (158)
[2015.09.20-19.21.14:434][739]LogModuleManager: Shutting down and abandoning module XmlParser (157)
[2015.09.20-19.21.14:434][739]LogModuleManager: Shutting down and abandoning module Blutility (156)
[2015.09.20-19.21.14:434][739]LogModuleManager: Shutting down and abandoning module ProjectTargetPlatformEditor (155)
[2015.09.20-19.21.14:434][739]LogModuleManager: Shutting down and abandoning module ProjectSettingsViewer (154)
[2015.09.20-19.21.14:434][739]LogModuleManager: Shutting down and abandoning module InputBindingEditor (153)
[2015.09.20-19.21.14:434][739]LogModuleManager: Shutting down and abandoning module EditorSettingsViewer (152)
[2015.09.20-19.21.14:434][739]LogModuleManager: Shutting down and abandoning module SettingsEditor (151)
[2015.09.20-19.21.14:434][739]LogModuleManager: Shutting down and abandoning module ProjectLauncher (150)
[2015.09.20-19.21.14:434][739]LogModuleManager: Shutting down and abandoning module SessionFrontend (149)
[2015.09.20-19.21.14:434][739]LogModuleManager: Shutting down and abandoning module ProfilerClient (148)
[2015.09.20-19.21.14:434][739]LogModuleManager: Shutting down and abandoning module TargetDeviceServices (147)
[2015.09.20-19.21.14:434][739]LogModuleManager: Shutting down and abandoning module DeviceManager (146)
[2015.09.20-19.21.14:434][739]LogModuleManager: Shutting down and abandoning module AutomationController (145)
[2015.09.20-19.21.14:434][739]LogModuleManager: Shutting down and abandoning module AutomationWindow (144)
[2015.09.20-19.21.14:434][739]LogModuleManager: Shutting down and abandoning module Layers (143)
[2015.09.20-19.21.14:435][739]LogModuleManager: Shutting down and abandoning module ComponentVisualizers (142)
[2015.09.20-19.21.14:435][739]LogModuleManager: Shutting down and abandoning module DetailCustomizations (141)
[2015.09.20-19.21.14:435][739]LogModuleManager: Shutting down and abandoning module PackagesDialog (140)
[2015.09.20-19.21.14:435][739]LogModuleManager: Shutting down and abandoning module Persona (139)
[2015.09.20-19.21.14:435][739]LogModuleManager: Shutting down and abandoning module Kismet (138)
[2015.09.20-19.21.14:435][739]LogModuleManager: Shutting down and abandoning module GraphEditor (137)
[2015.09.20-19.21.14:435][739]LogModuleManager: Shutting down and abandoning module ClassViewer (136)
[2015.09.20-19.21.14:435][739]LogModuleManager: Shutting down and abandoning module Toolbox (135)
[2015.09.20-19.21.14:435][739]LogModuleManager: Shutting down and abandoning module ModuleUI (134)
[2015.09.20-19.21.14:435][739]LogModuleManager: Shutting down and abandoning module MovieSceneTools (133)
[2015.09.20-19.21.14:435][739]LogModuleManager: Shutting down and abandoning module OutputLog (132)
[2015.09.20-19.21.14:435][739]LogModuleManager: Shutting down and abandoning module GammaUI (131)
[2015.09.20-19.21.14:435][739]LogModuleManager: Shutting down and abandoning module Documentation (130)
[2015.09.20-19.21.14:435][739]LogModuleManager: Shutting down and abandoning module GameLiveStreaming (129)
[2015.09.20-19.21.14:435][739]LogModuleManager: Shutting down and abandoning module StreamingPauseRendering (128)
[2015.09.20-19.21.14:435][739]LogModuleManager: Shutting down and abandoning module AnalyticsET (127)
[2015.09.20-19.21.14:435][739]LogModuleManager: Shutting down and abandoning module Analytics (126)
[2015.09.20-19.21.14:435][739]LogModuleManager: Shutting down and abandoning module AITestSuite (125)
[2015.09.20-19.21.14:435][739]LogModuleManager: Shutting down and abandoning module GameplayDebugger (124)
[2015.09.20-19.21.14:435][739]LogModuleManager: Shutting down and abandoning module AIModule (123)
[2015.09.20-19.21.14:435][739]LogModuleManager: Shutting down and abandoning module ProfilerService (122)
[2015.09.20-19.21.14:480][739]LogModuleManager: Shutting down and abandoning module TaskGraph (121)
[2015.09.20-19.21.14:480][739]LogModuleManager: Shutting down and abandoning module SlateRemote (120)
[2015.09.20-19.21.14:480][739]LogModuleManager: Shutting down and abandoning module SteamVRController (119)
[2015.09.20-19.21.14:480][739]LogModuleManager: Shutting down and abandoning module SteamVR (118)
[2015.09.20-19.21.14:480][739]LogModuleManager: Shutting down and abandoning module ProceduralMeshComponent (117)
[2015.09.20-19.21.14:480][739]LogModuleManager: Shutting down and abandoning module OculusRift (116)
[2015.09.20-19.21.14:480][739]LogModuleManager: Shutting down and abandoning module OculusLibrary (115)
[2015.09.20-19.21.14:480][739]LogModuleManager: Shutting down and abandoning module LeapMotionController (114)
[2015.09.20-19.21.14:492][739]LogModuleManager: Shutting down and abandoning module CustomMeshComponent (113)
[2015.09.20-19.21.14:492][739]LogModuleManager: Shutting down and abandoning module CableComponent (112)
[2015.09.20-19.21.14:492][739]LogModuleManager: Shutting down and abandoning module ArchVisCharacter (111)
[2015.09.20-19.21.14:492][739]LogModuleManager: Shutting down and abandoning module MessagingDebugger (110)
[2015.09.20-19.21.14:492][739]LogModuleManager: Shutting down and abandoning module MediaPlayerEditor (109)
[2015.09.20-19.21.14:492][739]LogModuleManager: Shutting down and abandoning module HTML5Networking (108)
[2015.09.20-19.21.14:492][739]LogModuleManager: Shutting down and abandoning module SpeedTreeImporter (107)
[2015.09.20-19.21.14:492][739]LogModuleManager: Shutting down and abandoning module PluginBrowser (106)
[2015.09.20-19.21.14:492][739]LogModuleManager: Shutting down and abandoning module EpicSurvey (105)
[2015.09.20-19.21.14:492][739]LogModuleManager: Shutting down and abandoning module DesktopPlatform (104)
[2015.09.20-19.21.14:492][739]LogModuleManager: Shutting down and abandoning module VisualStudioSourceCodeAccess (103)
[2015.09.20-19.21.14:492][739]LogModuleManager: Shutting down and abandoning module UObjectPlugin (102)
[2015.09.20-19.21.14:492][739]LogModuleManager: Shutting down and abandoning module SubversionSourceControl (101)
[2015.09.20-19.21.14:492][739]LogModuleManager: Shutting down and abandoning module PerforceSourceControl (100)
[2015.09.20-19.21.14:492][739]LogModuleManager: Shutting down and abandoning module SourceControl (99)
[2015.09.20-19.21.14:492][739]LogModuleManager: Shutting down and abandoning module GitSourceControl (98)
[2015.09.20-19.21.14:492][739]LogModuleManager: Shutting down and abandoning module LightPropagationVolumeEditor (97)
[2015.09.20-19.21.14:492][739]LogModuleManager: Shutting down and abandoning module PaperTiledImporter (96)
[2015.09.20-19.21.14:492][739]LogModuleManager: Shutting down and abandoning module PaperSpriteSheetImporter (95)
[2015.09.20-19.21.14:492][739]LogModuleManager: Shutting down and abandoning module MeshPaint (94)
[2015.09.20-19.21.14:492][739]LogModuleManager: Shutting down and abandoning module SlateReflector (93)
[2015.09.20-19.21.14:492][739]LogModuleManager: Shutting down and abandoning module HotReload (92)
[2015.09.20-19.21.14:492][739]LogModuleManager: Shutting down and abandoning module MainFrame (91)
[2015.09.20-19.21.14:492][739]LogModuleManager: Shutting down and abandoning module LevelEditor (90)
[2015.09.20-19.21.14:493][739]LogModuleManager: Shutting down and abandoning module DirectoryWatcher (89)
[2015.09.20-19.21.14:495][739]LogModuleManager: Shutting down and abandoning module AssetRegistry (88)
[2015.09.20-19.21.14:608][739]LogModuleManager: Shutting down and abandoning module ContentBrowser (87)
[2015.09.20-19.21.14:608][739]LogModuleManager: Shutting down and abandoning module Paper2DEditor (86)
[2015.09.20-19.21.14:608][739]LogModuleManager: Shutting down and abandoning module UdpMessaging (85)
[2015.09.20-19.21.14:709][739]LogModuleManager: Shutting down and abandoning module LightPropagationVolumeRuntime (84)
[2015.09.20-19.21.14:709][739]LogModuleManager: Shutting down and abandoning module Paper2D (83)
[2015.09.20-19.21.14:709][739]LogModuleManager: Shutting down and abandoning module WindowsMoviePlayer (82)
[2015.09.20-19.21.14:712][739]LogModuleManager: Shutting down and abandoning module Media (81)
[2015.09.20-19.21.14:712][739]LogModuleManager: Shutting down and abandoning module WmfMedia (80)
[2015.09.20-19.21.14:712][739]LogModuleManager: Shutting down and abandoning module OnlineBlueprintSupport (79)
[2015.09.20-19.21.14:712][739]LogModuleManager: Shutting down and abandoning module GameplayTasksEditor (78)
[2015.09.20-19.21.14:712][739]LogModuleManager: Shutting down and abandoning module PropertyEditor (77)
[2015.09.20-19.21.14:712][739]LogModuleManager: Shutting down and abandoning module BehaviorTreeEditor (76)
[2015.09.20-19.21.14:712][739]LogModuleManager: Shutting down and abandoning module FunctionalTesting (75)
[2015.09.20-19.21.14:712][739]LogModuleManager: Shutting down and abandoning module CollisionAnalyzer (74)
[2015.09.20-19.21.14:712][739]LogModuleManager: Shutting down and abandoning module WorkspaceMenuStructure (73)
[2015.09.20-19.21.14:712][739]LogModuleManager: Shutting down and abandoning module MessageLog (72)
[2015.09.20-19.21.14:712][739]LogModuleManager: Shutting down and abandoning module Sequencer (71)
[2015.09.20-19.21.14:712][739]LogModuleManager: Shutting down and abandoning module AssetTools (70)
[2015.09.20-19.21.14:712][739]LogModuleManager: Shutting down and abandoning module UMGEditor (69)
[2015.09.20-19.21.14:712][739]LogModuleManager: Shutting down and abandoning module UMG (68)
[2015.09.20-19.21.14:713][739]LogModuleManager: Shutting down and abandoning module Slate (67)
[2015.09.20-19.21.14:713][739]LogModuleManager: Shutting down and abandoning module EditorStyle (66)
[2015.09.20-19.21.14:715][739]LogModuleManager: Shutting down and abandoning module SessionServices (65)
[2015.09.20-19.21.14:715][739]LogModuleManager: Shutting down and abandoning module SourceCodeAccess (64)
[2015.09.20-19.21.14:715][739]LogModuleManager: Shutting down and abandoning module HeadMountedDisplay (63)
[2015.09.20-19.21.14:715][739]LogModuleManager: Shutting down and abandoning module XAudio2 (62)
[2015.09.20-19.21.14:715][739]LogModuleManager: Shutting down and abandoning module Networking (60)
[2015.09.20-19.21.14:715][739]LogModuleManager: Shutting down and abandoning module Core (59)
[2015.09.20-19.21.14:715][739]LogModuleManager: Shutting down and abandoning module KismetCompiler (58)
[2015.09.20-19.21.14:715][739]LogModuleManager: Shutting down and abandoning module PhysXFormats (57)
[2015.09.20-19.21.14:715][739]LogModuleManager: Shutting down and abandoning module MeshUtilities (56)
[2015.09.20-19.21.14:715][739]LogModuleManager: Shutting down and abandoning module CookingStats (55)
[2015.09.20-19.21.14:722][739]LogModuleManager: Shutting down and abandoning module DerivedDataCache (54)
[2015.09.20-19.21.14:763][739]LogDerivedDataCache: Shutdown
[2015.09.20-19.21.14:763][739]LogModuleManager: Shutting down and abandoning module ShaderFormatOpenGL (53)
[2015.09.20-19.21.14:763][739]LogModuleManager: Shutting down and abandoning module ShaderFormatD3D (52)
[2015.09.20-19.21.14:763][739]LogModuleManager: Shutting down and abandoning module MetalShaderFormat (51)
[2015.09.20-19.21.14:763][739]LogModuleManager: Shutting down and abandoning module TextureFormatUncompressed (50)
[2015.09.20-19.21.14:763][739]LogModuleManager: Shutting down and abandoning module TextureFormatPVR (49)
[2015.09.20-19.21.14:763][739]LogModuleManager: Shutting down and abandoning module TextureFormatIntelISPCTexComp (48)
[2015.09.20-19.21.14:763][739]LogModuleManager: Shutting down and abandoning module TextureFormatDXT (47)
[2015.09.20-19.21.14:763][739]LogModuleManager: Shutting down and abandoning module ImageWrapper (46)
[2015.09.20-19.21.14:763][739]LogModuleManager: Shutting down and abandoning module TextureFormatASTC (45)
[2015.09.20-19.21.14:763][739]LogModuleManager: Shutting down and abandoning module TextureFormatAndroid (44)
[2015.09.20-19.21.14:763][739]LogModuleManager: Shutting down and abandoning module AudioFormatOpus (43)
[2015.09.20-19.21.14:763][739]LogModuleManager: Shutting down and abandoning module AudioFormatOgg (42)
[2015.09.20-19.21.14:763][739]LogModuleManager: Shutting down and abandoning module AudioFormatADPCM (41)
[2015.09.20-19.21.14:763][739]LogModuleManager: Shutting down and abandoning module LinuxTargetPlatform (40)
[2015.09.20-19.21.14:763][739]LogModuleManager: Shutting down and abandoning module LinuxServerTargetPlatform (39)
[2015.09.20-19.21.14:763][739]LogModuleManager: Shutting down and abandoning module LinuxNoEditorTargetPlatform (38)
[2015.09.20-19.21.14:763][739]LogModuleManager: Shutting down and abandoning module Messaging (37)
[2015.09.20-19.21.14:763][739]LogModuleManager: Shutting down and abandoning module IOSTargetPlatform (36)
[2015.09.20-19.21.14:763][739]LogModuleManager: Shutting down and abandoning module HTML5TargetPlatform (35)
[2015.09.20-19.21.14:763][739]LogModuleManager: Shutting down and abandoning module Android_PVRTCTargetPlatform (34)
[2015.09.20-19.21.14:763][739]LogModuleManager: Shutting down and abandoning module Android_ETC2TargetPlatform (33)
[2015.09.20-19.21.14:763][739]LogModuleManager: Shutting down and abandoning module Android_ETC1TargetPlatform (32)
[2015.09.20-19.21.14:763][739]LogModuleManager: Shutting down and abandoning module Android_DXTTargetPlatform (31)
[2015.09.20-19.21.14:763][739]LogModuleManager: Shutting down and abandoning module Android_ATCTargetPlatform (30)
[2015.09.20-19.21.14:763][739]LogModuleManager: Shutting down and abandoning module Android_ASTCTargetPlatform (29)
[2015.09.20-19.21.14:763][739]LogModuleManager: Shutting down and abandoning module AndroidTargetPlatform (28)
[2015.09.20-19.21.14:763][739]LogModuleManager: Shutting down and abandoning module WindowsTargetPlatform (27)
[2015.09.20-19.21.14:763][739]LogModuleManager: Shutting down and abandoning module WindowsServerTargetPlatform (26)
[2015.09.20-19.21.14:763][739]LogModuleManager: Shutting down and abandoning module WindowsNoEditorTargetPlatform (25)
[2015.09.20-19.21.14:763][739]LogModuleManager: Shutting down and abandoning module WindowsClientTargetPlatform (24)
[2015.09.20-19.21.14:763][739]LogModuleManager: Shutting down and abandoning module AllDesktopTargetPlatform (23)
[2015.09.20-19.21.14:763][739]LogModuleManager: Shutting down and abandoning module TargetPlatform (22)
[2015.09.20-19.21.14:763][739]LogModuleManager: Shutting down and abandoning module InputCore (21)
[2015.09.20-19.21.14:763][739]LogModuleManager: Shutting down and abandoning module Settings (20)
[2015.09.20-19.21.14:763][739]LogModuleManager: Shutting down and abandoning module OnlineSubsystem (18)
[2015.09.20-19.21.14:763][739]LogModuleManager: Shutting down and abandoning module HTTP (17)
[2015.09.20-19.21.16:765][739]LogModuleManager: Shutting down and abandoning module XMPP (16)
[2015.09.20-19.21.16:765][739]LogModuleManager: Shutting down and abandoning module ExampleDeviceProfileSelector (15)
[2015.09.20-19.21.16:765][739]LogModuleManager: Shutting down and abandoning module TextureCompressor (14)
[2015.09.20-19.21.16:765][739]LogModuleManager: Shutting down and abandoning module ShaderCore (13)
[2015.09.20-19.21.16:765][739]LogModuleManager: Shutting down and abandoning module Landscape (12)
[2015.09.20-19.21.16:765][739]LogModuleManager: Shutting down and abandoning module SlateRHIRenderer (11)
[2015.09.20-19.21.16:766][739]LogModuleManager: Shutting down and abandoning module OpenGLDrv (10)
[2015.09.20-19.21.16:766][739]LogModuleManager: Shutting down and abandoning module D3D11RHI (9)
[2015.09.20-19.21.16:766][739]LogModuleManager: Shutting down and abandoning module AnimGraphRuntime (8)
[2015.09.20-19.21.16:766][739]LogModuleManager: Shutting down and abandoning module Renderer (7)
[2015.09.20-19.21.16:766][739]LogModuleManager: Shutting down and abandoning module Engine (6)
[2015.09.20-19.21.16:766][739]LogModuleManager: Shutting down and abandoning module CoreUObject (5)
[2015.09.20-19.21.16:766][739]LogModuleManager: Shutting down and abandoning module NetworkFile (4)
[2015.09.20-19.21.16:766][739]LogModuleManager: Shutting down and abandoning module StreamingFile (3)
[2015.09.20-19.21.16:766][739]LogModuleManager: Shutting down and abandoning module SandboxFile (2)
[2015.09.20-19.21.16:766][739]LogModuleManager: Shutting down and abandoning module PakFile (1)
[2015.09.20-19.21.16:767][739]LogExit: Exiting.
[2015.09.20-19.21.16:769][739]Log file closed, 09/20/15 15:21:16
