[2015.09.19-03.54.46:178][  0]Log file open, 09/18/15 23:54:46
[2015.09.19-03.54.46:178][  0]LogInit:Display: Running engine for game: SR2L
[2015.09.19-03.54.46:178][  0]LogInit:Display: RandInit(-1027156850) SRandInit(-1027156849).
[2015.09.19-03.54.46:178][  0]LogTaskGraph: Started task graph with 4 named threads and 7 total threads.
[2015.09.19-03.54.46:178][  0]LogStats: Stats thread started at 0.199711
[2015.09.19-03.54.46:178][  0]LogInit: Version: 4.9.1-2689999+++depot+UE4-Releases+4.9
[2015.09.19-03.54.46:178][  0]LogInit: API Version: 2672455
[2015.09.19-03.54.46:178][  0]LogInit: Compiled (64-bit): Sep 14 2015 04:12:03
[2015.09.19-03.54.46:178][  0]LogInit: Compiled with Visual C++: 18.00.21005.01
[2015.09.19-03.54.46:178][  0]LogInit: Build Configuration: Development
[2015.09.19-03.54.46:178][  0]LogInit: Branch Name: ++depot+UE4-Releases+4.9
[2015.09.19-03.54.46:178][  0]LogInit: Command line:  
[2015.09.19-03.54.46:178][  0]LogInit: Base directory: C:/Program Files/Epic Games/4.9/Engine/Binaries/Win64/
[2015.09.19-03.54.46:178][  0]LogInit: Rocket: 1
[2015.09.19-03.54.46:217][  0]LogInit: Using libcurl 7.41.0
[2015.09.19-03.54.46:217][  0]LogInit:  - built for x86_64-pc-win32
[2015.09.19-03.54.46:217][  0]LogInit:  - supports SSL with WinSSL
[2015.09.19-03.54.46:217][  0]LogInit:  - other features:
[2015.09.19-03.54.46:217][  0]LogInit:      CURL_VERSION_SSL
[2015.09.19-03.54.46:217][  0]LogInit:      CURL_VERSION_IPV6
[2015.09.19-03.54.46:217][  0]LogInit:      CURL_VERSION_ASYNCHDNS
[2015.09.19-03.54.46:217][  0]LogInit:      CURL_VERSION_LARGEFILE
[2015.09.19-03.54.46:217][  0]LogInit:      CURL_VERSION_IDN
[2015.09.19-03.54.46:217][  0]LogInit:  CurlRequestOptions (configurable via config and command line):
[2015.09.19-03.54.46:217][  0]LogInit:  - bVerifyPeer = true  - Libcurl will verify peer certificate
[2015.09.19-03.54.46:217][  0]LogInit:  - bUseHttpProxy = false  - Libcurl will NOT use HTTP proxy
[2015.09.19-03.54.46:217][  0]LogInit:  - bDontReuseConnections = false  - Libcurl will reuse connections
[2015.09.19-03.54.46:217][  0]LogInit:  - CertBundlePath = nullptr  - Libcurl will use whatever was configured at build time.
[2015.09.19-03.54.46:250][  0]LogInit: Presizing for 0 objects not considered by GC, pre-allocating 0 bytes.
[2015.09.19-03.54.46:274][  0]LogInit: Object subsystem initialized
[2015.09.19-03.54.46:280][  0]LogInit: Selected Device Profile: [Windows]
[2015.09.19-03.54.46:280][  0]LogInit: Applying CVar settings loaded from the selected device profile: [Windows]
[2015.09.19-03.54.46:308][  0]LogInit: Computer: ADAM-ASUS
[2015.09.19-03.54.46:308][  0]LogInit: User: Adam
[2015.09.19-03.54.46:308][  0]LogInit: CPU Page size=4096, Cores=4
[2015.09.19-03.54.46:308][  0]LogInit: High frequency timer resolution =2.338344 MHz
[2015.09.19-03.54.46:308][  0]LogMemory: Memory total: Physical=15.8GB (16GB approx)
[2015.09.19-03.54.46:308][  0]LogMemory: Platform Memory Stats for Windows
[2015.09.19-03.54.46:308][  0]LogMemory: Process Physical Memory: 54.02 MB used, 54.02 MB peak
[2015.09.19-03.54.46:308][  0]LogMemory: Process Virtual Memory: 57.25 MB used, 57.25 MB peak
[2015.09.19-03.54.46:308][  0]LogMemory: Physical Memory: 4808.95 MB used, 16203.17 MB total
[2015.09.19-03.54.46:308][  0]LogMemory: Virtual Memory: 366.56 MB used, 134217728.00 MB total
[2015.09.19-03.54.46:436][  0]LogTextLocalizationManager: No specific translations for ('en-US') exist, so ('en') translations will be used.
[2015.09.19-03.54.48:916][  0]LogD3D11RHI: Found D3D11 adapter 0: NVIDIA GeForce GT 750M (Feature Level 11_0)
[2015.09.19-03.54.48:916][  0]LogD3D11RHI: Adapter has 1992MB of dedicated video memory, 0MB of dedicated system memory, and 8101MB of shared system memory, 1 output[s]
[2015.09.19-03.54.48:936][  0]LogD3D11RHI: Found D3D11 adapter 1: Intel(R) HD Graphics 4600 (Feature Level 11_0)
[2015.09.19-03.54.48:936][  0]LogD3D11RHI: Adapter has 112MB of dedicated video memory, 0MB of dedicated system memory, and 8101MB of shared system memory, 0 output[s]
[2015.09.19-03.54.48:941][  0]LogD3D11RHI: Found D3D11 adapter 2: Microsoft Basic Render Driver (Feature Level 11_0)
[2015.09.19-03.54.48:941][  0]LogD3D11RHI: Adapter has 0MB of dedicated video memory, 0MB of dedicated system memory, and 8101MB of shared system memory, 0 output[s]
[2015.09.19-03.54.48:941][  0]LogD3D11RHI: Chosen D3D11 Adapter Id = 0
[2015.09.19-03.54.48:955][  0]LogD3D11RHI: !Direct3DDevice
[2015.09.19-03.54.48:955][  0]LogRHI: Texture pool is 1361 MB (70% of 1945 MB)
[2015.09.19-03.54.49:003][  0]LogD3D11RHI: Async texture creation enabled
[2015.09.19-03.54.49:033][  0]LogShaderCompilers: Guid format shader working directory is 15 characters bigger than the processId version (../../../../../../Users/Adam/Documents/Unreal Projects/SR2L/Intermediate/Shaders/WorkingDirectory/8908/).
[2015.09.19-03.54.49:034][  0]LogShaderCompilers: Cleaned the shader compiler working directory '../../../../../../Users/Adam/Documents/Unreal Projects/SR2L/Intermediate/Shaders/tmp/9AB68FEA4EFC550739789BBF5E3E70BA/'.
[2015.09.19-03.54.49:034][  0]LogShaderCompilers:Display: Using Local Shader Compiler.
[2015.09.19-03.54.52:930][  0]LogTemp:Display: Loaded TP AllDesktopTargetPlatform
[2015.09.19-03.54.52:955][  0]LogTemp:Display: Loaded TP WindowsClientTargetPlatform
[2015.09.19-03.54.52:979][  0]LogTemp:Display: Loaded TP WindowsNoEditorTargetPlatform
[2015.09.19-03.54.53:003][  0]LogTemp:Display: Loaded TP WindowsServerTargetPlatform
[2015.09.19-03.54.53:026][  0]LogTemp:Display: Loaded TP WindowsTargetPlatform
[2015.09.19-03.54.53:042][  0]LogTemp:Display: Loaded TP AndroidTargetPlatform
[2015.09.19-03.54.53:057][  0]LogTemp:Display: Loaded TP Android_ASTCTargetPlatform
[2015.09.19-03.54.53:071][  0]LogTemp:Display: Loaded TP Android_ATCTargetPlatform
[2015.09.19-03.54.53:085][  0]LogTemp:Display: Loaded TP Android_DXTTargetPlatform
[2015.09.19-03.54.53:101][  0]LogTemp:Display: Loaded TP Android_ETC1TargetPlatform
[2015.09.19-03.54.53:116][  0]LogTemp:Display: Loaded TP Android_ETC2TargetPlatform
[2015.09.19-03.54.53:132][  0]LogTemp:Display: Loaded TP Android_PVRTCTargetPlatform
[2015.09.19-03.54.53:135][  0]LogTemp:Display: Loaded TP HTML5TargetPlatform
[2015.09.19-03.54.53:176][  0]LogTemp:Display: Loaded TP IOSTargetPlatform
[2015.09.19-03.54.53:189][  0]LogTemp:Display: Loaded TP LinuxNoEditorTargetPlatform
[2015.09.19-03.54.53:203][  0]LogTemp:Display: Loaded TP LinuxServerTargetPlatform
[2015.09.19-03.54.53:218][  0]LogTemp:Display: Loaded TP LinuxTargetPlatform
[2015.09.19-03.54.53:218][  0]LogTargetPlatformManager:Display: Building Assets For Windows
[2015.09.19-03.54.53:617][  0]LogDerivedDataCache:Display: Max Cache Size: 512 MB
[2015.09.19-03.54.53:738][  0]LogDerivedDataCache: Loaded boot cache 0.12s 41MB C:/Users/Adam/AppData/Local/UnrealEngine/4.9/DerivedDataCache/Boot.ddc.
[2015.09.19-03.54.53:738][  0]LogDerivedDataCache:Display: Loaded Boot cache: C:/Users/Adam/AppData/Local/UnrealEngine/4.9/DerivedDataCache/Boot.ddc
[2015.09.19-03.54.53:738][  0]LogDerivedDataCache: FDerivedDataBackendGraph:  Pak pak cache file ../../../../../../Users/Adam/Documents/Unreal Projects/SR2L/DerivedDataCache/DDC.ddp not found, will not use a pak cache.
[2015.09.19-03.54.53:738][  0]LogDerivedDataCache: Unable to find inner node Pak for hierarchical cache Hierarchy.
[2015.09.19-03.54.53:738][  0]LogDerivedDataCache: FDerivedDataBackendGraph:  CompressedPak pak cache file ../../../../../../Users/Adam/Documents/Unreal Projects/SR2L/DerivedDataCache/Compressed.ddp not found, will not use a pak cache.
[2015.09.19-03.54.53:738][  0]LogDerivedDataCache: Unable to find inner node CompressedPak for hierarchical cache Hierarchy.
[2015.09.19-03.54.54:244][  0]LogDerivedDataCache:Display: Pak cache opened for reading ../../../Engine/DerivedDataCache/Compressed.ddp.
[2015.09.19-03.54.54:258][  0]LogDerivedDataCache: Using Local data cache path C:/Users/Adam/AppData/Local/UnrealEngine/Common/DerivedDataCache: Writable
[2015.09.19-03.54.54:902][  0]LogInit: Selected Device Profile: [Windows]
[2015.09.19-03.54.54:912][  0]LogContentStreaming: Texture pool size is 0.000000MB
[2015.09.19-03.54.55:427][  0]LogMeshUtilities: No automatic mesh reduction module available
[2015.09.19-03.54.55:427][  0]LogMeshUtilities: No automatic mesh merging module available
[2015.09.19-03.54.56:248][  0]LogInit: WinSock: version 1.1 (2.2), MaxSocks=32767, MaxUdp=65467
[2015.09.19-03.54.59:475][  0]UdpMessaging: Initializing bridge on interface 0.0.0.0:0 to multicast group 230.0.0.1:6666.
[2015.09.19-03.54.59:702][  0]LogAssetRegistry: FAssetRegistry took 0.0114 seconds to start up
[2015.09.19-03.55.00:394][  0]SourceControl: Info Source control is disabled
[2015.09.19-03.55.00:396][  0]SourceControl: Info Source control is disabled
[2015.09.19-03.55.00:451][  0]SourceControl: Info Source control is disabled
[2015.09.19-03.55.00:508][  0]SourceControl: Info Source control is disabled
[2015.09.19-03.55.01:239][  0]LogLinker:Warning: Asset '../../../Engine/Plugins/Runtime/LeapMotionController/Content/LM_PassthroughMaterial.uasset' has been saved with empty engine version. The asset will be loaded but may be incompatible.
[2015.09.19-03.55.01:609][  0]LogObj: 28361 objects as part of root set at end of initial load.
[2015.09.19-03.55.01:609][  0]LogUObjectAllocator: 6038872 out of 0 bytes used by permanent object pool.
[2015.09.19-03.55.01:807][  0]LogEngine: Initializing Engine...
[2015.09.19-03.55.01:820][  0]LogHMD: Can't find Oculus library dev build: is proper Runtime installed? Version: 0.7.0.0
[2015.09.19-03.55.01:822][  0]LogHMD: SteamVR failed to initialize.  Err: 110
[2015.09.19-03.55.02:242][  0]LogAIModule: Creating AISystem for world NewWorld
[2015.09.19-03.55.02:263][  0]LogInit: XAudio2 using 'Speakers (Realtek High Definition Audio)' : 2 channels at 48 kHz using 32 bits per sample (channel mask 0x3)
[2015.09.19-03.55.02:460][  0]LogInit: FAudioDevice initialized.
[2015.09.19-03.55.02:517][  0]LogDerivedDataCache: Saved boot cache 0.06s 41MB C:/Users/Adam/AppData/Local/UnrealEngine/4.9/DerivedDataCache/Boot.ddc.
[2015.09.19-03.55.02:525][  0]LogInit: Texture streaming: Enabled
[2015.09.19-03.55.02:553][  0]LogAnalytics: Creating configured Analytics provider AnalyticsET
[2015.09.19-03.55.02:553][  0]LogAnalytics: [UEEditor.Rocket.Release] APIServer = http://et2.epicgames.com/ET2/. AppVersion = 4.9.1-2689999+++depot+UE4-Releases+4.9
[2015.09.19-03.55.02:553][  0]LogAnalytics: [UEEditor.Rocket.Release] SetUserId b6aeed064c5facbea2fec1a4dfb34289|e8dad8564e6d4f898fb2f14da66fe74c|e1a63e55-60ec-4585-be06-279f35335c9b
[2015.09.19-03.55.02:554][  0]LogAnalytics: [UEEditor.Rocket.Release] AnalyticsET::StartSession
[2015.09.19-03.55.02:597][  0]LogWindowsTextInputMethodSystem:Display: IME system now deactivated.
[2015.09.19-03.55.02:597][  0]LogWindowsTextInputMethodSystem:Display: IME system now deactivated.
[2015.09.19-03.55.02:777][  0]LogInit: Transaction tracking system initialized
[2015.09.19-03.55.02:964][  0]BlueprintLog: New page: Editor Load
[2015.09.19-03.55.03:446][  0]LocalizationService: Info Localization service is disabled
[2015.09.19-03.55.03:768][  0]LogConsoleResponse:Display: 
[2015.09.19-03.55.04:139][  0]LogCook:Display: Done creating registry. It took  0.00s.
[2015.09.19-03.55.04:368][  0]LogFileCache: Scanning file cache for directory 'C:/Users/Adam/Documents/Unreal Projects/SR2L/Content/' took 0.03s
[2015.09.19-03.55.04:368][  0]SourceControl: Info Source control is disabled
[2015.09.19-03.55.04:368][  0]Cmd: MAP LOAD FILE="../../../../../../Users/Adam/Documents/Unreal Projects/SR2L/Content/VehicleAdvBP/Maps/VehicleAdvExampleMap.umap" TEMPLATE=0 SHOWPROGRESS=1 FEATURELEVEL=3
[2015.09.19-03.55.04:370][  0]LightingResults: New page: Lighting Build
[2015.09.19-03.55.04:382][  0]MapCheck: New page: Map Check
[2015.09.19-03.55.04:382][  0]LightingResults: New page: Lighting Build
[2015.09.19-03.55.04:412][  0]LogParticles: Destroying 0 GPU particle simulations for FXSystem 0x00000047C535C400
[2015.09.19-03.55.06:280][  0]LogLinker:Warning: Asset '../../../../../../Users/Adam/Documents/Unreal Projects/SR2L/Content/VehicleAdvBP/Maps/LayerInfo/Desert_LayerInfo.uasset' has been saved with empty engine version. The asset will be loaded but may be incompatible.
[2015.09.19-03.55.06:283][  0]LogLinker:Warning: Asset '../../../../../../Users/Adam/Documents/Unreal Projects/SR2L/Content/VehicleAdvBP/Maps/LayerInfo/Track_LayerInfo.uasset' has been saved with empty engine version. The asset will be loaded but may be incompatible.
[2015.09.19-03.55.07:538][  0]LogAIModule: Creating AISystem for world VehicleAdvExampleMap
[2015.09.19-03.55.07:634][  0]LogEditorServer: Finished looking for orphan Actors (0.000 secs)
[2015.09.19-03.55.07:637][  0]Cmd: MAP CHECKDEP NOCLEARLOG
[2015.09.19-03.55.08:028][  0]MapCheck: Info Map check complete: 0 Error(s), 0 Warning(s), took 390.11ms to complete.
[2015.09.19-03.55.08:028][  0]LogFileHelpers: Loading map 'VehicleAdvExampleMap' took 3.661
[2015.09.19-03.55.08:354][  0]LogCollectionManager: Loaded 0 collections in 0.015509 seconds
[2015.09.19-03.55.08:435][  0]LogFileCache: Scanning file cache for directory 'C:/Users/Adam/Documents/Unreal Projects/SR2L/Saved/Collections/' took 0.01s
[2015.09.19-03.55.08:435][  0]LogFileCache: Scanning file cache for directory 'C:/Users/Adam/Documents/Unreal Projects/SR2L/Content/Developers/Adam/Collections/' took 0.01s
[2015.09.19-03.55.08:436][  0]LogFileCache: Scanning file cache for directory 'C:/Users/Adam/Documents/Unreal Projects/SR2L/Content/Collections/' took 0.01s
[2015.09.19-03.55.08:436][  0]LogContentBrowser: Native class hierarchy populated in 0.0386 seconds. Added 1867 classes and 333 folders.
[2015.09.19-03.55.08:466][  0]LogCollectionManager: Rebuilt the GUID cache for 0 collections in 0.000009 seconds
[2015.09.19-03.55.08:508][  0]LogContentBrowser: Native class hierarchy updated for 'WidgetCarousel' in 0.0014 seconds. Added 0 classes and 0 folders.
[2015.09.19-03.55.08:803][  0]LogContentBrowser: Native class hierarchy updated for 'AddContentDialog' in 0.0019 seconds. Added 0 classes and 0 folders.
[2015.09.19-03.55.08:826][  0]LogContentBrowser: Native class hierarchy updated for 'SceneOutliner' in 0.0020 seconds. Added 1 classes and 2 folders.
[2015.09.19-03.55.09:000][  0]LogCrashTracker: Crashtracker disabled due to settings.
[2015.09.19-03.55.09:017][  0]LogUObjectGlobals:Warning: Failed to find object 'Class None.'
[2015.09.19-03.55.09:043][  0]LogLoad: Full Startup: 24.70 seconds (BP compile: 0.74 seconds)
[2015.09.19-03.55.09:221][  0]LogContentStreaming: Texture pool size now 400 MB
[2015.09.19-03.55.09:731][  0]LogRenderer: Reallocating scene render targets to support 1208x576 (Frame:2).
[2015.09.19-03.55.09:908][  1]Cmd: UpdateLandscapeEditorData -warnings
[2015.09.19-03.55.10:765][ 11]LogAssetRegistry: Asset discovery search completed in 11.0739 seconds
[2015.09.19-03.55.10:765][ 11]LogCollectionManager: Rebuilt the object cache for 0 collections in 0.000001 seconds (found 0 objects)
[2015.09.19-03.55.10:765][ 11]LogCollectionManager: Fixed up redirectors for 0 collections in 0.000068 seconds (updated 0 objects)
[2015.09.19-03.55.19:035][176]LogFactory: FactoryCreateBinary: StaticMesh with FbxFactory (0 0 ../../../../../../Users/Adam/Downloads/wtf.fbx)
[2015.09.19-03.55.19:083][176]LogFbx: ItemName: GlobalSettings, ItemCount : 1
[2015.09.19-03.55.19:083][176]LogFbx: ItemName: Model, ItemCount : 18
[2015.09.19-03.55.19:083][176]LogFbx: ItemName: Geometry, ItemCount : 16
[2015.09.19-03.55.19:083][176]LogFbx: ItemName: NodeAttribute, ItemCount : 2
[2015.09.19-03.55.19:106][176]LogFbx: Loading FBX Scene from ../../../../../../Users/Adam/Downloads/wtf.fbx
[2015.09.19-03.55.19:652][176]LogFbx: FBX Scene Loaded Succesfully
[2015.09.19-03.55.21:117][176]LogFbx: Loading FBX Scene from ../../../../../../Users/Adam/Downloads/wtf.fbx
[2015.09.19-03.55.21:498][176]LogFbx: FBX Scene Loaded Succesfully
[2015.09.19-03.55.21:512][176]LogFbx:Warning: Triangulating static mesh Trunk
[2015.09.19-03.55.29:924][176]LogFbx:Warning: Triangulating static mesh Shifter_handle
[2015.09.19-03.55.38