[2015.09.19-03.47.05:562][  0]Log file open, 09/18/15 23:47:05
[2015.09.19-03.47.05:562][  0]LogInit:Display: Running engine for game: SR2L
[2015.09.19-03.47.05:562][  0]LogInit:Display: RandInit(-2104730009) SRandInit(-2104730008).
[2015.09.19-03.47.05:562][  0]LogTaskGraph: Started task graph with 4 named threads and 7 total threads.
[2015.09.19-03.47.05:562][  0]LogStats: Stats thread started at 0.212179
[2015.09.19-03.47.05:562][  0]LogInit: Version: 4.9.1-2689999+++depot+UE4-Releases+4.9
[2015.09.19-03.47.05:562][  0]LogInit: API Version: 2672455
[2015.09.19-03.47.05:563][  0]LogInit: Compiled (64-bit): Sep 14 2015 04:12:03
[2015.09.19-03.47.05:563][  0]LogInit: Compiled with Visual C++: 18.00.21005.01
[2015.09.19-03.47.05:563][  0]LogInit: Build Configuration: Development
[2015.09.19-03.47.05:563][  0]LogInit: Branch Name: ++depot+UE4-Releases+4.9
[2015.09.19-03.47.05:563][  0]LogInit: Command line:  
[2015.09.19-03.47.05:563][  0]LogInit: Base directory: C:/Program Files/Epic Games/4.9/Engine/Binaries/Win64/
[2015.09.19-03.47.05:563][  0]LogInit: Rocket: 1
[2015.09.19-03.47.05:606][  0]LogInit: Using libcurl 7.41.0
[2015.09.19-03.47.05:606][  0]LogInit:  - built for x86_64-pc-win32
[2015.09.19-03.47.05:607][  0]LogInit:  - supports SSL with WinSSL
[2015.09.19-03.47.05:607][  0]LogInit:  - other features:
[2015.09.19-03.47.05:607][  0]LogInit:      CURL_VERSION_SSL
[2015.09.19-03.47.05:607][  0]LogInit:      CURL_VERSION_IPV6
[2015.09.19-03.47.05:607][  0]LogInit:      CURL_VERSION_ASYNCHDNS
[2015.09.19-03.47.05:607][  0]LogInit:      CURL_VERSION_LARGEFILE
[2015.09.19-03.47.05:607][  0]LogInit:      CURL_VERSION_IDN
[2015.09.19-03.47.05:607][  0]LogInit:  CurlRequestOptions (configurable via config and command line):
[2015.09.19-03.47.05:607][  0]LogInit:  - bVerifyPeer = true  - Libcurl will verify peer certificate
[2015.09.19-03.47.05:607][  0]LogInit:  - bUseHttpProxy = false  - Libcurl will NOT use HTTP proxy
[2015.09.19-03.47.05:607][  0]LogInit:  - bDontReuseConnections = false  - Libcurl will reuse connections
[2015.09.19-03.47.05:607][  0]LogInit:  - CertBundlePath = nullptr  - Libcurl will use whatever was configured at build time.
[2015.09.19-03.47.05:640][  0]LogInit: Presizing for 0 objects not considered by GC, pre-allocating 0 bytes.
[2015.09.19-03.47.05:665][  0]LogInit: Object subsystem initialized
[2015.09.19-03.47.05:671][  0]LogInit: Selected Device Profile: [Windows]
[2015.09.19-03.47.05:671][  0]LogInit: Applying CVar settings loaded from the selected device profile: [Windows]
[2015.09.19-03.47.05:702][  0]LogInit: Computer: ADAM-ASUS
[2015.09.19-03.47.05:702][  0]LogInit: User: Adam
[2015.09.19-03.47.05:702][  0]LogInit: CPU Page size=4096, Cores=4
[2015.09.19-03.47.05:702][  0]LogInit: High frequency timer resolution =2.338344 MHz
[2015.09.19-03.47.05:702][  0]LogMemory: Memory total: Physical=15.8GB (16GB approx)
[2015.09.19-03.47.05:702][  0]LogMemory: Platform Memory Stats for Windows
[2015.09.19-03.47.05:702][  0]LogMemory: Process Physical Memory: 54.13 MB used, 54.13 MB peak
[2015.09.19-03.47.05:702][  0]LogMemory: Process Virtual Memory: 57.32 MB used, 57.32 MB peak
[2015.09.19-03.47.05:702][  0]LogMemory: Physical Memory: 4343.04 MB used, 16203.17 MB total
[2015.09.19-03.47.05:702][  0]LogMemory: Virtual Memory: 366.56 MB used, 134217728.00 MB total
[2015.09.19-03.47.05:845][  0]LogTextLocalizationManager: No specific translations for ('en-US') exist, so ('en') translations will be used.
[2015.09.19-03.47.08:302][  0]LogD3D11RHI: Found D3D11 adapter 0: NVIDIA GeForce GT 750M (Feature Level 11_0)
[2015.09.19-03.47.08:303][  0]LogD3D11RHI: Adapter has 1992MB of dedicated video memory, 0MB of dedicated system memory, and 8101MB of shared system memory, 1 output[s]
[2015.09.19-03.47.08:323][  0]LogD3D11RHI: Found D3D11 adapter 1: Intel(R) HD Graphics 4600 (Feature Level 11_0)
[2015.09.19-03.47.08:323][  0]LogD3D11RHI: Adapter has 112MB of dedicated video memory, 0MB of dedicated system memory, and 8101MB of shared system memory, 0 output[s]
[2015.09.19-03.47.08:328][  0]LogD3D11RHI: Found D3D11 adapter 2: Microsoft Basic Render Driver (Feature Level 11_0)
[2015.09.19-03.47.08:328][  0]LogD3D11RHI: Adapter has 0MB of dedicated video memory, 0MB of dedicated system memory, and 8101MB of shared system memory, 0 output[s]
[2015.09.19-03.47.08:328][  0]LogD3D11RHI: Chosen D3D11 Adapter Id = 0
[2015.09.19-03.47.08:342][  0]LogD3D11RHI: !Direct3DDevice
[2015.09.19-03.47.08:342][  0]LogRHI: Texture pool is 1361 MB (70% of 1945 MB)
[2015.09.19-03.47.08:389][  0]LogD3D11RHI: Async texture creation enabled
[2015.09.19-03.47.08:413][  0]LogShaderCompilers: Guid format shader working directory is 15 characters bigger than the processId version (../../../../../../Users/Adam/Documents/Unreal Projects/SR2L/Intermediate/Shaders/WorkingDirectory/4776/).
[2015.09.19-03.47.08:413][  0]LogShaderCompilers: Cleaned the shader compiler working directory '../../../../../../Users/Adam/Documents/Unreal Projects/SR2L/Intermediate/Shaders/tmp/1EF09942406AB5B3A53E96BC6BECB3C8/'.
[2015.09.19-03.47.08:413][  0]LogShaderCompilers:Display: Using Local Shader Compiler.
[2015.09.19-03.47.12:867][  0]LogTemp:Display: Loaded TP AllDesktopTargetPlatform
[2015.09.19-03.47.12:892][  0]LogTemp:Display: Loaded TP WindowsClientTargetPlatform
[2015.09.19-03.47.12:917][  0]LogTemp:Display: Loaded TP WindowsNoEditorTargetPlatform
[2015.09.19-03.47.12:943][  0]LogTemp:Display: Loaded TP WindowsServerTargetPlatform
[2015.09.19-03.47.12:967][  0]LogTemp:Display: Loaded TP WindowsTargetPlatform
[2015.09.19-03.47.12:985][  0]LogTemp:Display: Loaded TP AndroidTargetPlatform
[2015.09.19-03.47.13:000][  0]LogTemp:Display: Loaded TP Android_ASTCTargetPlatform
[2015.09.19-03.47.13:018][  0]LogTemp:Display: Loaded TP Android_ATCTargetPlatform
[2015.09.19-03.47.13:041][  0]LogTemp:Display: Loaded TP Android_DXTTargetPlatform
[2015.09.19-03.47.13:058][  0]LogTemp:Display: Loaded TP Android_ETC1TargetPlatform
[2015.09.19-03.47.13:074][  0]LogTemp:Display: Loaded TP Android_ETC2TargetPlatform
[2015.09.19-03.47.13:090][  0]LogTemp:Display: Loaded TP Android_PVRTCTargetPlatform
[2015.09.19-03.47.13:093][  0]LogTemp:Display: Loaded TP HTML5TargetPlatform
[2015.09.19-03.47.13:135][  0]LogTemp:Display: Loaded TP IOSTargetPlatform
[2015.09.19-03.47.13:149][  0]LogTemp:Display: Loaded TP LinuxNoEditorTargetPlatform
[2015.09.19-03.47.13:163][  0]LogTemp:Display: Loaded TP LinuxServerTargetPlatform
[2015.09.19-03.47.13:180][  0]LogTemp:Display: Loaded TP LinuxTargetPlatform
[2015.09.19-03.47.13:180][  0]LogTargetPlatformManager:Display: Building Assets For Windows
[2015.09.19-03.47.13:640][  0]LogDerivedDataCache:Display: Max Cache Size: 512 MB
[2015.09.19-03.47.13:784][  0]LogDerivedDataCache: Loaded boot cache 0.14s 41MB C:/Users/Adam/AppData/Local/UnrealEngine/4.9/DerivedDataCache/Boot.ddc.
[2015.09.19-03.47.13:784][  0]LogDerivedDataCache:Display: Loaded Boot cache: C:/Users/Adam/AppData/Local/UnrealEngine/4.9/DerivedDataCache/Boot.ddc
[2015.09.19-03.47.13:784][  0]LogDerivedDataCache: FDerivedDataBackendGraph:  Pak pak cache file ../../../../../../Users/Adam/Documents/Unreal Projects/SR2L/DerivedDataCache/DDC.ddp not found, will not use a pak cache.
[2015.09.19-03.47.13:784][  0]LogDerivedDataCache: Unable to find inner node Pak for hierarchical cache Hierarchy.
[2015.09.19-03.47.13:785][  0]LogDerivedDataCache: FDerivedDataBackendGraph:  CompressedPak pak cache file ../../../../../../Users/Adam/Documents/Unreal Projects/SR2L/DerivedDataCache/Compressed.ddp not found, will not use a pak cache.
[2015.09.19-03.47.13:785][  0]LogDerivedDataCache: Unable to find inner node CompressedPak for hierarchical cache Hierarchy.
[2015.09.19-03.47.14:346][  0]LogDerivedDataCache:Display: Pak cache opened for reading ../../../Engine/DerivedDataCache/Compressed.ddp.
[2015.09.19-03.47.14:361][  0]LogDerivedDataCache: Using Local data cache path C:/Users/Adam/AppData/Local/UnrealEngine/Common/DerivedDataCache: Writable
[2015.09.19-03.47.15:122][  0]LogInit: Selected Device Profile: [Windows]
[2015.09.19-03.47.15:133][  0]LogContentStreaming: Texture pool size is 0.000000MB
[2015.09.19-03.47.15:744][  0]LogMeshUtilities: No automatic mesh reduction module available
[2015.09.19-03.47.15:744][  0]LogMeshUtilities: No automatic mesh merging module available
[2015.09.19-03.47.16:715][  0]LogInit: WinSock: version 1.1 (2.2), MaxSocks=32767, MaxUdp=65467
[2015.09.19-03.47.20:503][  0]UdpMessaging: Initializing bridge on interface 0.0.0.0:0 to multicast group 230.0.0.1:6666.
[2015.09.19-03.47.20:731][  0]LogAssetRegistry: FAssetRegistry took 0.0119 seconds to start up
[2015.09.19-03.47.21:549][  0]SourceControl: Info Source control is disabled
[2015.09.19-03.47.21:553][  0]SourceControl: Info Source control is disabled
[2015.09.19-03.47.21:634][  0]SourceControl: Info Source control is disabled
[2015.09.19-03.47.21:695][  0]SourceControl: Info Source control is disabled
[2015.09.19-03.47.22:500][  0]LogLinker:Warning: Asset '../../../Engine/Plugins/Runtime/LeapMotionController/Content/LM_PassthroughMaterial.uasset' has been saved with empty engine version. The asset will be loaded but may be incompatible.
[2015.09.19-03.47.22:924][  0]LogObj: 28361 objects as part of root set at end of initial load.
[2015.09.19-03.47.22:924][  0]LogUObjectAllocator: 6038872 out of 0 bytes used by permanent object pool.
[2015.09.19-03.47.23:119][  0]LogEngine: Initializing Engine...
[2015.09.19-03.47.23:132][  0]LogHMD: Can't find Oculus library dev build: is proper Runtime installed? Version: 0.7.0.0
[2015.09.19-03.47.23:133][  0]LogHMD: SteamVR failed to initialize.  Err: 110
[2015.09.19-03.47.23:608][  0]LogAIModule: Creating AISystem for world NewWorld
[2015.09.19-03.47.23:631][  0]LogInit: XAudio2 using 'Speakers (Realtek High Definition Audio)' : 2 channels at 48 kHz using 32 bits per sample (channel mask 0x3)
[2015.09.19-03.47.23:957][  0]LogInit: FAudioDevice initialized.
[2015.09.19-03.47.24:021][  0]LogDerivedDataCache: Saved boot cache 0.06s 41MB C:/Users/Adam/AppData/Local/UnrealEngine/4.9/DerivedDataCache/Boot.ddc.
[2015.09.19-03.47.24:030][  0]LogInit: Texture streaming: Enabled
[2015.09.19-03.47.24:062][  0]LogAnalytics: Creating configured Analytics provider AnalyticsET
[2015.09.19-03.47.24:062][  0]LogAnalytics: [UEEditor.Rocket.Release] APIServer = http://et2.epicgames.com/ET2/. AppVersion = 4.9.1-2689999+++depot+UE4-Releases+4.9
[2015.09.19-03.47.24:063][  0]LogAnalytics: [UEEditor.Rocket.Release] SetUserId b6aeed064c5facbea2fec1a4dfb34289|e8dad8564e6d4f898fb2f14da66fe74c|e1a63e55-60ec-4585-be06-279f35335c9b
[2015.09.19-03.47.24:063][  0]LogAnalytics: [UEEditor.Rocket.Release] AnalyticsET::StartSession
[2015.09.19-03.47.24:106][  0]LogWindowsTextInputMethodSystem:Display: IME system now deactivated.
[2015.09.19-03.47.24:107][  0]LogWindowsTextInputMethodSystem:Display: IME system now deactivated.
[2015.09.19-03.47.24:292][  0]LogInit: Transaction tracking system initialized
[2015.09.19-03.47.24:461][  0]BlueprintLog: New page: Editor Load
[2015.09.19-03.47.24:939][  0]LocalizationService: Info Localization service is disabled
[2015.09.19-03.47.25:297][  0]LogConsoleResponse:Display: 
[2015.09.19-03.47.25:782][  0]LogCook:Display: Done creating registry. It took  0.00s.
[2015.09.19-03.47.25:845][  0]LogFileCache: Scanning file cache for directory 'C:/Users/Adam/Documents/Unreal Projects/SR2L/Content/' took 0.03s
[2015.09.19-03.47.26:115][  0]SourceControl: Info Source control is disabled
[2015.09.19-03.47.26:116][  0]Cmd: MAP LOAD FILE="../../../../../../Users/Adam/Documents/Unreal Projects/SR2L/Content/VehicleAdvBP/Maps/VehicleAdvExampleMap.umap" TEMPLATE=0 SHOWPROGRESS=1 FEATURELEVEL=3
[2015.09.19-03.47.26:119][  0]LightingResults: New page: Lighting Build
[2015.09.19-03.47.26:141][  0]MapCheck: New page: Map Check
[2015.09.19-03.47.26:142][  0]LightingResults: New page: Lighting Build
[2015.09.19-03.47.26:189][  0]LogParticles: Destroying 0 GPU particle simulations for FXSystem 0x0000009570DD4400
[2015.09.19-03.47.28:507][  0]LogLinker:Warning: Asset '../../../../../../Users/Adam/Documents/Unreal Projects/SR2L/Content/VehicleAdvBP/Maps/LayerInfo/Desert_LayerInfo.uasset' has been saved with empty engine version. The asset will be loaded but may be incompatible.
[2015.09.19-03.47.28:511][  0]LogLinker:Warning: Asset '../../../../../../Users/Adam/Documents/Unreal Projects/SR2L/Content/VehicleAdvBP/Maps/LayerInfo/Track_LayerInfo.uasset' has been saved with empty engine version. The asset will be loaded but may be incompatible.
[2015.09.19-03.47.29:517][  0]LogAIModule: Creating AISystem for world VehicleAdvExampleMap
[2015.09.19-03.47.29:579][  0]LogEditorServer: Finished looking for orphan Actors (0.000 secs)
[2015.09.19-03.47.29:580][  0]Cmd: MAP CHECKDEP NOCLEARLOG
[2015.09.19-03.47.29:793][  0]MapCheck: Info Map check complete: 0 Error(s), 0 Warning(s), took 212.881ms to complete.
[2015.09.19-03.47.29:793][  0]LogFileHelpers: Loading map 'VehicleAdvExampleMap' took 3.676
[2015.09.19-03.47.29:991][  0]LogCollectionManager: Loaded 0 collections in 0.008324 seconds
[2015.09.19-03.47.30:046][  0]LogFileCache: Scanning file cache for directory 'C:/Users/Adam/Documents/Unreal Projects/SR2L/Saved/Collections/' took 0.01s
[2015.09.19-03.47.30:046][  0]LogFileCache: Scanning file cache for directory 'C:/Users/Adam/Documents/Unreal Projects/SR2L/Content/Developers/Adam/Collections/' took 0.01s
[2015.09.19-03.47.30:046][  0]LogFileCache: Scanning file cache for directory 'C:/Users/Adam/Documents/Unreal Projects/SR2L/Content/Collections/' took 0.01s
[2015.09.19-03.47.30:046][  0]LogContentBrowser: Native class hierarchy populated in 0.0181 seconds. Added 1867 classes and 333 folders.
[2015.09.19-03.47.30:060][  0]LogCollectionManager: Rebuilt the GUID cache for 0 collections in 0.000005 seconds
[2015.09.19-03.47.30:080][  0]LogContentBrowser: Native class hierarchy updated for 'WidgetCarousel' in 0.0008 seconds. Added 0 classes and 0 folders.
[2015.09.19-03.47.30:250][  0]LogContentBrowser: Native class hierarchy updated for 'AddContentDialog' in 0.0007 seconds. Added 0 classes and 0 folders.
[2015.09.19-03.47.30:259][  0]LogContentBrowser: Native class hierarchy updated for 'SceneOutliner' in 0.0007 seconds. Added 1 classes and 2 folders.
[2015.09.19-03.47.30:321][  0]LogCrashTracker: Crashtracker disabled due to settings.
[2015.09.19-03.47.30:330][  0]LogUObjectGlobals:Warning: Failed to find object 'Class None.'
[2015.09.19-03.47.30:353][  0]LogLoad: Full Startup: 26.85 seconds (BP compile: 0.89 seconds)
[2015.09.19-03.47.30:455][  0]LogContentStreaming: Texture pool size now 400 MB
[2015.09.19-03.47.30:739][  0]LogRenderer: Reallocating scene render targets to support 1208x576 (Frame:2).
[2015.09.19-03.47.30:827][  1]Cmd: UpdateLandscapeEditorData -warnings
[2015.09.19-03.47.31:272][  7]LogAssetRegistry: Asset discovery search completed in 10.5524 seconds
[2015.09.19-03.47.31:272][  7]LogCollectionManager: Rebuilt the object cache for 0 collections in 0.000001 seconds (found 0 objects)
[2015.09.19-03.47.31:272][  7]LogCollectionManager: Fixed up redirectors for 0 collections in 0.000037 seconds (updated 0 objects)
[2015.09.19-03.47.49:194][749]LogFactory: FactoryCreateBinary: StaticMesh with FbxFactory (0 0 ../../../../../../Users/Adam/Downloads/Car (2).fbx)
[2015.09.19-03.47.49:236][749]LogFbx: ItemName: GlobalSettings, ItemCount : 1
[2015.09.19-03.47.49:236][749]LogFbx: ItemName: NodeAttribute, ItemCount : 2
[2015.09.19-03.47.49:236][749]LogFbx: ItemName: Geometry, ItemCount : 16
[2015.09.19-03.47.49:236][749]LogFbx: ItemName: Model, ItemCount : 18
[2015.09.19-03.47.49:257][749]LogFbx: Loading FBX Scene from ../../../../../../Users/Adam/Downloads/Car (2).fbx
[2015.09.19-03.47.49:577][749]LogFbx: FBX Scene Loaded Succesfully
[2015.09.19-03.47.51:292][749]LogFbx: Loading FBX Scene from ../../../../../../Users/Adam/Downloads/Car (2).fbx
[2015.09.19-03.47.51:607][749]LogFbx: FBX Scene Loaded Succesfully
[2015.09.19-03.47.51:621][749]LogFbx:Warning: Triangulating static mesh Trunk
[2015.09.19-03.48.01:024][749]LogFbx:Warning: Triangulating static mesh Shifter_handle
[2015.0