[2015.09.20-23.11.54:966][  0]Log file open, 09/20/15 19:11:54
[2015.09.20-23.11.54:966][  0]LogInit:Display: Running engine for game: SR2L
[2015.09.20-23.11.54:966][  0]LogInit:Display: RandInit(1524222615) SRandInit(1524222615).
[2015.09.20-23.11.54:966][  0]LogTaskGraph: Started task graph with 4 named threads and 7 total threads.
[2015.09.20-23.11.54:966][  0]LogStats: Stats thread started at 0.117424
[2015.09.20-23.11.54:966][  0]LogInit: Version: 4.9.1-2689999+++depot+UE4-Releases+4.9
[2015.09.20-23.11.54:966][  0]LogInit: API Version: 2672455
[2015.09.20-23.11.54:966][  0]LogInit: Compiled (64-bit): Sep 14 2015 04:12:03
[2015.09.20-23.11.54:966][  0]LogInit: Compiled with Visual C++: 18.00.21005.01
[2015.09.20-23.11.54:966][  0]LogInit: Build Configuration: Development
[2015.09.20-23.11.54:966][  0]LogInit: Branch Name: ++depot+UE4-Releases+4.9
[2015.09.20-23.11.54:966][  0]LogInit: Command line:  
[2015.09.20-23.11.54:966][  0]LogInit: Base directory: C:/Program Files/Epic Games/4.9/Engine/Binaries/Win64/
[2015.09.20-23.11.54:966][  0]LogInit: Rocket: 1
[2015.09.20-23.11.55:035][  0]LogInit: Using libcurl 7.41.0
[2015.09.20-23.11.55:035][  0]LogInit:  - built for x86_64-pc-win32
[2015.09.20-23.11.55:035][  0]LogInit:  - supports SSL with WinSSL
[2015.09.20-23.11.55:035][  0]LogInit:  - other features:
[2015.09.20-23.11.55:035][  0]LogInit:      CURL_VERSION_SSL
[2015.09.20-23.11.55:035][  0]LogInit:      CURL_VERSION_IPV6
[2015.09.20-23.11.55:035][  0]LogInit:      CURL_VERSION_ASYNCHDNS
[2015.09.20-23.11.55:035][  0]LogInit:      CURL_VERSION_LARGEFILE
[2015.09.20-23.11.55:035][  0]LogInit:      CURL_VERSION_IDN
[2015.09.20-23.11.55:035][  0]LogInit:  CurlRequestOptions (configurable via config and command line):
[2015.09.20-23.11.55:035][  0]LogInit:  - bVerifyPeer = true  - Libcurl will verify peer certificate
[2015.09.20-23.11.55:035][  0]LogInit:  - bUseHttpProxy = false  - Libcurl will NOT use HTTP proxy
[2015.09.20-23.11.55:035][  0]LogInit:  - bDontReuseConnections = false  - Libcurl will reuse connections
[2015.09.20-23.11.55:035][  0]LogInit:  - CertBundlePath = nullptr  - Libcurl will use whatever was configured at build time.
[2015.09.20-23.11.55:112][  0]LogInit: Presizing for 0 objects not considered by GC, pre-allocating 0 bytes.
[2015.09.20-23.11.55:119][  0]LogInit: Object subsystem initialized
[2015.09.20-23.11.55:120][  0]LogInit: Selected Device Profile: [Windows]
[2015.09.20-23.11.55:120][  0]LogInit: Applying CVar settings loaded from the selected device profile: [Windows]
[2015.09.20-23.11.55:127][  0]LogInit: Computer: ADAM-ASUS
[2015.09.20-23.11.55:127][  0]LogInit: User: Adam
[2015.09.20-23.11.55:127][  0]LogInit: CPU Page size=4096, Cores=4
[2015.09.20-23.11.55:127][  0]LogInit: High frequency timer resolution =2.338344 MHz
[2015.09.20-23.11.55:127][  0]LogMemory: Memory total: Physical=15.8GB (16GB approx)
[2015.09.20-23.11.55:127][  0]LogMemory: Platform Memory Stats for Windows
[2015.09.20-23.11.55:127][  0]LogMemory: Process Physical Memory: 54.89 MB used, 54.89 MB peak
[2015.09.20-23.11.55:127][  0]LogMemory: Process Virtual Memory: 55.32 MB used, 55.32 MB peak
[2015.09.20-23.11.55:127][  0]LogMemory: Physical Memory: 3716.00 MB used, 16203.17 MB total
[2015.09.20-23.11.55:127][  0]LogMemory: Virtual Memory: 364.62 MB used, 134217728.00 MB total
[2015.09.20-23.11.55:539][  0]LogTextLocalizationManager: No specific translations for ('en-US') exist, so ('en') translations will be used.
[2015.09.20-23.11.56:303][  0]LogD3D11RHI: Found D3D11 adapter 0: NVIDIA GeForce GT 750M (Feature Level 11_0)
[2015.09.20-23.11.56:303][  0]LogD3D11RHI: Adapter has 1992MB of dedicated video memory, 0MB of dedicated system memory, and 8101MB of shared system memory, 1 output[s]
[2015.09.20-23.11.56:309][  0]LogD3D11RHI: Found D3D11 adapter 1: Intel(R) HD Graphics 4600 (Feature Level 11_0)
[2015.09.20-23.11.56:309][  0]LogD3D11RHI: Adapter has 112MB of dedicated video memory, 0MB of dedicated system memory, and 8101MB of shared system memory, 0 output[s]
[2015.09.20-23.11.56:310][  0]LogD3D11RHI: Found D3D11 adapter 2: Microsoft Basic Render Driver (Feature Level 11_0)
[2015.09.20-23.11.56:310][  0]LogD3D11RHI: Adapter has 0MB of dedicated video memory, 0MB of dedicated system memory, and 8101MB of shared system memory, 0 output[s]
[2015.09.20-23.11.56:310][  0]LogD3D11RHI: Chosen D3D11 Adapter Id = 0
[2015.09.20-23.11.56:314][  0]LogD3D11RHI: !Direct3DDevice
[2015.09.20-23.11.56:314][  0]LogRHI: Texture pool is 1361 MB (70% of 1945 MB)
[2015.09.20-23.11.56:327][  0]LogD3D11RHI: Async texture creation enabled
[2015.09.20-23.11.56:343][  0]LogShaderCompilers: Guid format shader working directory is 16 characters bigger than the processId version (../../../../../../Users/Adam/Documents/Unreal Projects/SR2L/Intermediate/Shaders/WorkingDirectory/388/).
[2015.09.20-23.11.56:343][  0]LogShaderCompilers: Cleaned the shader compiler working directory '../../../../../../Users/Adam/Documents/Unreal Projects/SR2L/Intermediate/Shaders/tmp/9CFF0F96467B93022EC4CAACA2E13CDA/'.
[2015.09.20-23.11.56:343][  0]LogShaderCompilers:Display: Using Local Shader Compiler.
[2015.09.20-23.11.58:177][  0]LogTemp:Display: Loaded TP AllDesktopTargetPlatform
[2015.09.20-23.11.58:199][  0]LogTemp:Display: Loaded TP WindowsClientTargetPlatform
[2015.09.20-23.11.58:220][  0]LogTemp:Display: Loaded TP WindowsNoEditorTargetPlatform
[2015.09.20-23.11.58:242][  0]LogTemp:Display: Loaded TP WindowsServerTargetPlatform
[2015.09.20-23.11.58:259][  0]LogTemp:Display: Loaded TP WindowsTargetPlatform
[2015.09.20-23.11.58:283][  0]LogTemp:Display: Loaded TP AndroidTargetPlatform
[2015.09.20-23.11.58:318][  0]LogTemp:Display: Loaded TP Android_ASTCTargetPlatform
[2015.09.20-23.11.58:328][  0]LogTemp:Display: Loaded TP Android_ATCTargetPlatform
[2015.09.20-23.11.58:347][  0]LogTemp:Display: Loaded TP Android_DXTTargetPlatform
[2015.09.20-23.11.58:358][  0]LogTemp:Display: Loaded TP Android_ETC1TargetPlatform
[2015.09.20-23.11.58:372][  0]LogTemp:Display: Loaded TP Android_ETC2TargetPlatform
[2015.09.20-23.11.58:385][  0]LogTemp:Display: Loaded TP Android_PVRTCTargetPlatform
[2015.09.20-23.11.58:392][  0]LogTemp:Display: Loaded TP HTML5TargetPlatform
[2015.09.20-23.11.58:456][  0]LogTemp:Display: Loaded TP IOSTargetPlatform
[2015.09.20-23.11.58:473][  0]LogTemp:Display: Loaded TP LinuxNoEditorTargetPlatform
[2015.09.20-23.11.58:483][  0]LogTemp:Display: Loaded TP LinuxServerTargetPlatform
[2015.09.20-23.11.58:503][  0]LogTemp:Display: Loaded TP LinuxTargetPlatform
[2015.09.20-23.11.58:503][  0]LogTargetPlatformManager:Display: Building Assets For Windows
[2015.09.20-23.11.58:948][  0]LogDerivedDataCache:Display: Max Cache Size: 512 MB
[2015.09.20-23.11.59:287][  0]LogDerivedDataCache: Loaded boot cache 0.34s 41MB C:/Users/Adam/AppData/Local/UnrealEngine/4.9/DerivedDataCache/Boot.ddc.
[2015.09.20-23.11.59:287][  0]LogDerivedDataCache:Display: Loaded Boot cache: C:/Users/Adam/AppData/Local/UnrealEngine/4.9/DerivedDataCache/Boot.ddc
[2015.09.20-23.11.59:287][  0]LogDerivedDataCache: FDerivedDataBackendGraph:  Pak pak cache file ../../../../../../Users/Adam/Documents/Unreal Projects/SR2L/DerivedDataCache/DDC.ddp not found, will not use a pak cache.
[2015.09.20-23.11.59:287][  0]LogDerivedDataCache: Unable to find inner node Pak for hierarchical cache Hierarchy.
[2015.09.20-23.11.59:287][  0]LogDerivedDataCache: FDerivedDataBackendGraph:  CompressedPak pak cache file ../../../../../../Users/Adam/Documents/Unreal Projects/SR2L/DerivedDataCache/Compressed.ddp not found, will not use a pak cache.
[2015.09.20-23.11.59:287][  0]LogDerivedDataCache: Unable to find inner node CompressedPak for hierarchical cache Hierarchy.
[2015.09.20-23.11.59:468][  0]LogDerivedDataCache:Display: Pak cache opened for reading ../../../Engine/DerivedDataCache/Compressed.ddp.
[2015.09.20-23.11.59:491][  0]LogDerivedDataCache: Using Local data cache path C:/Users/Adam/AppData/Local/UnrealEngine/Common/DerivedDataCache: Writable
[2015.09.20-23.11.59:734][  0]LogInit: Selected Device Profile: [Windows]
[2015.09.20-23.11.59:737][  0]LogContentStreaming: Texture pool size is 0.000000MB
[2015.09.20-23.11.59:909][  0]LogMeshUtilities: No automatic mesh reduction module available
[2015.09.20-23.11.59:909][  0]LogMeshUtilities: No automatic mesh merging module available
[2015.09.20-23.12.00:250][  0]LogInit: WinSock: version 1.1 (2.2), MaxSocks=32767, MaxUdp=65467
[2015.09.20-23.12.01:970][  0]UdpMessaging: Initializing bridge on interface 0.0.0.0:0 to multicast group 230.0.0.1:6666.
[2015.09.20-23.12.02:297][  0]LogAssetRegistry: FAssetRegistry took 0.0105 seconds to start up
[2015.09.20-23.12.03:436][  0]SourceControl: Info Source control is disabled
[2015.09.20-23.12.03:437][  0]SourceControl: Info Source control is disabled
[2015.09.20-23.12.03:498][  0]SourceControl: Info Source control is disabled
[2015.09.20-23.12.03:554][  0]SourceControl: Info Source control is disabled
[2015.09.20-23.12.04:009][  0]LogLinker:Warning: Asset '../../../Engine/Plugins/Runtime/LeapMotionController/Content/LM_PassthroughMaterial.uasset' has been saved with empty engine version. The asset will be loaded but may be incompatible.
[2015.09.20-23.12.04:260][  0]LogObj: 28361 objects as part of root set at end of initial load.
[2015.09.20-23.12.04:260][  0]LogUObjectAllocator: 6038864 out of 0 bytes used by permanent object pool.
[2015.09.20-23.12.04:381][  0]LogEngine: Initializing Engine...
[2015.09.20-23.12.04:384][  0]LogHMD: Can't find Oculus library dev build: is proper Runtime installed? Version: 0.7.0.0
[2015.09.20-23.12.04:411][  0]LogHMD: SteamVR failed to initialize.  Err: 110
[2015.09.20-23.12.04:568][  0]LogAIModule: Creating AISystem for world NewWorld
[2015.09.20-23.12.04:573][  0]LogInit: XAudio2 using 'Speakers (Realtek High Definition Audio)' : 2 channels at 48 kHz using 32 bits per sample (channel mask 0x3)
[2015.09.20-23.12.04:683][  0]LogInit: FAudioDevice initialized.
[2015.09.20-23.12.04:702][  0]LogDerivedDataCache: Saved boot cache 0.02s 41MB C:/Users/Adam/AppData/Local/UnrealEngine/4.9/DerivedDataCache/Boot.ddc.
[2015.09.20-23.12.04:705][  0]LogInit: Texture streaming: Enabled
[2015.09.20-23.12.04:752][  0]LogAnalytics: Creating configured Analytics provider AnalyticsET
[2015.09.20-23.12.04:752][  0]LogAnalytics: [UEEditor.Rocket.Release] APIServer = http://et2.epicgames.com/ET2/. AppVersion = 4.9.1-2689999+++depot+UE4-Releases+4.9
[2015.09.20-23.12.04:752][  0]LogAnalytics: [UEEditor.Rocket.Release] SetUserId b6aeed064c5facbea2fec1a4dfb34289|e8dad8564e6d4f898fb2f14da66fe74c|e1a63e55-60ec-4585-be06-279f35335c9b
[2015.09.20-23.12.04:752][  0]LogAnalytics: [UEEditor.Rocket.Release] AnalyticsET::StartSession
[2015.09.20-23.12.04:778][  0]LogWindowsTextInputMethodSystem:Display: IME system now deactivated.
[2015.09.20-23.12.04:778][  0]LogWindowsTextInputMethodSystem:Display: IME system now deactivated.
[2015.09.20-23.12.04:826][  0]LogInit: Transaction tracking system initialized
[2015.09.20-23.12.04:975][  0]BlueprintLog: New page: Editor Load
[2015.09.20-23.12.05:714][  0]LocalizationService: Info Localization service is disabled
[2015.09.20-23.12.06:103][  0]LogConsoleResponse:Display: 
[2015.09.20-23.12.06:821][  0]LogCook:Display: Done creating registry. It took  0.00s.
[2015.09.20-23.12.07:406][  0]LogFileCache: Scanning file cache for directory 'C:/Users/Adam/Documents/Unreal Projects/SR2L/Content/' took 0.01s
[2015.09.20-23.12.07:406][  0]SourceControl: Info Source control is disabled
[2015.09.20-23.12.07:406][  0]Cmd: MAP LOAD FILE="../../../../../../Users/Adam/Documents/Unreal Projects/SR2L/Content/VehicleAdvBP/Maps/Title.umap" TEMPLATE=0 SHOWPROGRESS=1 FEATURELEVEL=3
[2015.09.20-23.12.07:453][  0]LightingResults: New page: Lighting Build
[2015.09.20-23.12.07:457][  0]MapCheck: New page: Map Check
[2015.09.20-23.12.07:457][  0]LightingResults: New page: Lighting Build
[2015.09.20-23.12.07:468][  0]LogParticles: Destroying 0 GPU particle simulations for FXSystem 0x000000ACBA088400
[2015.09.20-23.12.09:781][  0]LogMaterial: Missing cached shader map for material M_Rock_Basalt, compiling. 
[2015.09.20-23.12.09:782][  0]LogMaterial:Warning: Failed to compile Material /Game/StarterContent/Materials/M_Rock_Basalt.M_Rock_Basalt for platform PCD3D_SM5, Default Material will be used in game.
[2015.09.20-23.12.09:782][  0]LogMaterial:Warning: 	(Node TextureSample) TextureSample> Missing input texture
[2015.09.20-23.12.10:468][  0]LogAIModule: Creating AISystem for world Title
[2015.09.20-23.12.10:557][  0]LogEditorServer: Finished looking for orphan Actors (0.000 secs)
[2015.09.20-23.12.10:558][  0]Cmd: MAP CHECKDEP NOCLEARLOG
[2015.09.20-23.12.10:651][  0]MapCheck: Info Map check complete: 0 Error(s), 0 Warning(s), took 93.246ms to complete.
[2015.09.20-23.12.10:651][  0]LogFileHelpers: Loading map 'Title' took 3.245
[2015.09.20-23.12.10:808][  0]LogCollectionManager: Loaded 0 collections in 0.015360 seconds
[2015.09.20-23.12.10:849][  0]LogFileCache: Scanning file cache for directory 'C:/Users/Adam/Documents/Unreal Projects/SR2L/Saved/Collections/' took 0.01s
[2015.09.20-23.12.10:849][  0]LogFileCache: Scanning file cache for directory 'C:/Users/Adam/Documents/Unreal Projects/SR2L/Content/Developers/Adam/Collections/' took 0.01s
[2015.09.20-23.12.10:849][  0]LogFileCache: Scanning file cache for directory 'C:/Users/Adam/Documents/Unreal Projects/SR2L/Content/Collections/' took 0.01s
[2015.09.20-23.12.10:849][  0]LogContentBrowser: Native class hierarchy populated in 0.0074 seconds. Added 1867 classes and 333 folders.
[2015.09.20-23.12.10:854][  0]LogCollectionManager: Rebuilt the GUID cache for 0 collections in 0.000002 seconds
[2015.09.20-23.12.10:861][  0]LogContentBrowser: Native class hierarchy updated for 'WidgetCarousel' in 0.0003 seconds. Added 0 classes and 0 folders.
[2015.09.20-23.12.11:209][  0]LogContentBrowser: Native class hierarchy updated for 'AddContentDialog' in 0.0003 seconds. Added 0 classes and 0 folders.
[2015.09.20-23.12.11:254][  0]LogContentBrowser: Native class hierarchy updated for 'SceneOutliner' in 0.0004 seconds. Added 1 classes and 2 folders.
[2015.09.20-23.12.11:344][  0]LogCrashTracker: Crashtracker disabled due to settings.
[2015.09.20-23.12.11:405][  0]LogUObjectGlobals:Warning: Failed to find object 'Class None.'
[2015.09.20-23.12.11:427][  0]LogLoad: Full Startup: 17.48 seconds (BP compile: 0.26 seconds)
[2015.09.20-23.12.11:529][  0]LogContentStreaming: Texture pool size now 400 MB
[2015.09.20-23.12.11:678][  0]LogRenderer: Reallocating scene render targets to support 1284x532 (Frame:2).
[2015.09.20-23.12.11:973][  5]LogAssetRegistry: Asset discovery search completed in 9.6876 seconds
[2015.09.20-23.12.11:973][  5]LogCollectionManager: Rebuilt the object cache for 0 collections in 0.000001 seconds (found 0 objects)
[2015.09.20-23.12.11:973][  5]LogCollectionManager: Fixed up redirectors for 0 collections in 0.000021 seconds (updated 0 objects)
[2015.09.20-23.12.14:695][154]LogBlueprintUserMessages: Early PlayInEditor Detection: Level '/Game/VehicleAdvBP/Maps/Title.Title:PersistentLevel' has LevelScriptBlueprint '/Game/VehicleAdvBP/Maps/Title.Title:PersistentLevel.Title' with GeneratedClass '/Game/VehicleAdvBP/Maps/Title.Title_C' with ClassGeneratedBy '/Game/VehicleAdvBP/Maps/Title.Title:PersistentLevel.Title'
[2015.09.20-23.12.14:695][154]LogPlayLevel: PlayLevel: No blueprints needed recompiling
[2015.09.20-23.12.14:696][154]PIE: New page: PIE session: Title (Sep 20, 2015, 3:12:14 PM)
[2015.09.20-23.12.14:696][154]LogPlayLevel: Creating play world package: /Game/VehicleAdvBP/Maps/UEDPIE_0_Title
[2015.09.20-23.12.14:707][154]LogPlayLevel: PIE: StaticDuplicateObject took: (0.011104s)
[2015.09.20-23.12.14:707][154]LogAIModule: Creating AISystem for world Title
[2015.09.20-23.12.14:707][154]LogPlayLevel: PIE: World Init took: (0.000566s)
[2015.09.20-23.12.14:708][154]LogPlayLevel: PIE: Created PIE world by copying editor world from /Game/VehicleAdvBP/Maps/Title.Title to /Game/VehicleAdvBP/Maps/UEDPIE_0_Title.Title (0.011851s)
[2015.09.20-23.12.14:708][154]LogActorComponent: UnregisterComponent: (/Engine/Transient.MovementComp) Not registered. Aborting.
[2015.09.20-23.12.14:741][154]LogInit: XAudio2 using 'Speakers (Realtek High Definition Audio)' : 2 channels at 48 kHz using 32 bits per sample (channel mask 0x3)
[2015.09.20-23.12.14:748][154]LogInit: FAudioDevice initialized.
[2015.09.20-23.12.14:799][154]LogWorld: Game class is 'VehicleAdvGameMode_C'
[2015.09.20-23.12.14:807][154]LogWorld: Bringing World /Game/VehicleAdvBP/Maps/UEDPIE_0_Title.Title up for play (max tick rate 60) at 2015.09.20-19.12.14
[2015.09.20-23.12.14:807][154]LogActor:Warning: GameSession /Game/VehicleAdvBP/Maps/UEDPIE_0_Title.Title:PersistentLevel.GameSession_0 has natively added scene component(s), but none of them were set as the actor's RootComponent - picking one arbitrarily
[2015.09.20-23.12.14:807][154]LogActor:Warning: GameNetworkManager /Game/VehicleAdvBP/Maps/UEDPIE_0_Title.Title:PersistentLevel.GameNetworkManager_0 has natively added scene component(s), but none of them were set as the actor's RootComponent - picking one arbitrarily
[2015.09.20-23.12.14:808][154]LogWorld: Bringing up level for play took: 0.005399
[2015.09.20-23.12.14:831][154]PIE: Info Play in editor start time for /Game/VehicleAdvBP/Maps/UEDPIE_0_Title 0.157
[2015.09.20-23.12.14:831][154]LogBlueprintUserMessages: Late PlayInEditor Detection: Level '/Game/VehicleAdvBP/Maps/Title.Title:PersistentLevel' has LevelScriptBlueprint '/Game/VehicleAdvBP/Maps/Title.Title:PersistentLevel.Title' with GeneratedClass '/Game/VehicleAdvBP/Maps/Title.Title_C' with ClassGeneratedBy '/Game/VehicleAdvBP/Maps/Title.Title:PersistentLevel.Title'
[2015.09.20-23.12.14:862][155]LogRenderer: Reallocating scene render targets to support 1284x612 (Frame:161).
[2015.09.20-23.12.20:433][480]LogPackageName: SearchForPackageOnDisk took   0.084s to resolve Level1.umap.
[2015.09.20-23.12.20:522][481]LogPackageName: SearchForPackageOnDisk took   0.080s to resolve Level1.umap.
[2015.09.20-23.12.20:522][481]LogNet: Browse: /Game/VehicleAdvBP/Maps/Level1
[2015.09.20-23.12.20:523][481]LogLoad: LoadMap: /Game/VehicleAdvBP/Maps/Level1
[2015.09.20-23.12.20:538][481]LogParticles: Destroying 0 GPU particle simulations for FXSystem 0x000000ACC8891F80
[2015.09.20-23.12.20:541][481]Cmd: MEM
[2015.09.20-23.12.20:552][481]LogMemory: Platform Memory Stats for Windows
[2015.09.20-23.12.20:552][481]LogMemory: Process Physical Memory: 737.16 MB used, 743.01 MB peak
[2015.09.20-23.12.20:552][481]LogMemory: Process Virtual Memory: 1174.58 MB used, 1288.61 MB peak
[2015.09.20-23.12.20:552][481]LogMemory: Physical Memory: 4535.16 MB used, 16203.17 MB total
[2015.09.20-23.12.20:552][481]LogMemory: Virtual Memory: 1980.89 MB used, 134217728.00 MB total
[2015.09.20-23.12.20:552][481]LogMemory: 
[2015.09.20-23.12.20:552][481]Allocator Stats for TBB: (not implemented)
[2015.09.20-23.12.22:671][481]LogAIModule: Creating AISystem for world Level1
[2015.09.20-23.12.22:671][481]LogWorld: Game class is 'VehicleAdvGameMode_C'
[2015.09.20-23.12.22:684][481]LogWorld: Bringing World /Game/VehicleAdvBP/Maps/UEDPIE_0_Level1.Level1 up for play (max tick rate 60) at 2015.09.20-19.12.22
[2015.09.20-23.12.22:684][481]LogActor:Warning: GameSession /Game/VehicleAdvBP/Maps/UEDPIE_0_Level1.Level1:PersistentLevel.GameSession_1 has natively added scene component(s), but none of them were set as the actor's RootComponent - picking one arbitrarily
[2015.09.20-23.12.22:684][481]LogActor:Warning: GameNetworkManager /Game/VehicleAdvBP/Maps/UEDPIE_0_Level1.Level1:PersistentLevel.GameNetworkManager_1 has natively added scene component(s), but none of them were set as the actor's RootComponent - picking one arbitrarily
[2015.09.20-23.12.22:685][481]LogWorld: Bringing up level for play took: 0.010953
[2015.09.20-23.12.22:686][481]LogGameMode: Warning - PATHS NOT DEFINED or NO PLAYERSTART with positive rating
[2015.09.20-23.12.22:687][481]LogGameMode: Warning - PATHS NOT DEFINED or NO PLAYERSTART with positive rating
[2015.09.20-23.12.22:687][481]LogPlayerManagement:Error: Failed to Create Player: A local player already exists for controller ID 1,
[2015.09.20-23.13.09:647][275]LogPackageName: SearchForPackageOnDisk took   0.076s to resolve Level1.umap.
[2015.09.20-23.13.09:729][276]LogPackageName: SearchForPackageOnDisk took   0.075s to resolve Level1.umap.
[2015.09.20-23.13.09:729][276]LogNet: Browse: /Game/VehicleAdvBP/Maps/Level1
[2015.09.20-23.13.09:729][276]LogLoad: LoadMap: /Game/VehicleAdvBP/Maps/Level1
[2015.09.20-23.13.09:747][276]LogParticles: Destroying 0 GPU particle simulations for FXSystem 0x000000ACA9B3D440
[2015.09.20-23.13.09:750][276]Cmd: MEM
[2015.09.20-23.13.09:761][276]LogMemory: Platform Memory Stats for Windows
[2015.09.20-23.13.09:761][276]LogMemory: Process Physical Memory: 938.80 MB used, 954.75 MB peak
[2015.09.20-23.13.09:761][276]LogMemory: Process Virtual Memory: 1394.06 MB used, 1458.21 MB peak
[2015.09.20-23.13.09:761][276]LogMemory: Physical Memory: 4690.25 MB used, 16203.17 MB total
[2015.09.20-23.13.09:761][276]LogMemory: Virtual Memory: 2152.94 MB used, 134217728.00 MB total
[2015.09.20-23.13.09:761][276]LogMemory: 
[2015.09.20-23.13.09:761][276]Allocator Stats for TBB: (not implemented)
[2015.09.20-23.13.09:948][276]LogAIModule: Creating AISystem for world Level1
[2015.09.20-23.13.09:949][276]LogWorld: Game class is 'VehicleAdvGameMode_C'
[2015.09.20-23.13.09:962][276]LogWorld: Bringing World /Game/VehicleAdvBP/Maps/UEDPIE_0_Level1.Level1 up for play (max tick rate 60) at 2015.09.20-19.13.09
[2015.09.20-23.13.09:963][276]LogActor:Warning: GameSession /Game/VehicleAdvBP/Maps/UEDPIE_0_Level1.Level1:PersistentLevel.GameSession_2 has natively added scene component(s), but none of them were set as the actor's RootComponent - picking one arbitrarily
[2015.09.20-23.13.09:963][276]LogActor:Warning: GameNetworkManager /Game/VehicleAdvBP/Maps/UEDPIE_0_Level1.Level1:PersistentLevel.GameNetworkManager_2 has natively added scene component(s), but none of them were set as the actor's RootComponent - picking one arbitrarily
[2015.09.20-23.13.09:964][276]LogWorld: Bringing up level for play took: 0.011572
[2015.09.20-23.13.09:964][276]LogGameMode: Warning - PATHS NOT DEFINED or NO PLAYERSTART with positive rating
[2015.09.20-23.13.09:965][276]LogGameMode: Warning - PATHS NOT DEFINED or NO PLAYERSTART with positive rating
[2015.09.20-23.13.09:965][276]LogPlayerManagement:Error: Failed to Create Player: A local player already exists for controller ID 1,
[2015.09.20-23.13.22:326][  5]LogPackageName: SearchForPackageOnDisk took   0.077s to resolve Level1.umap.
[2015.09.20-23.13.22:409][  6]LogPackageName: SearchForPackageOnDisk took   0.077s to resolve Level1.umap.
[2015.09.20-23.13.22:409][  6]LogNet: Browse: /Game/VehicleAdvBP/Maps/Level1
[2015.09.20-23.13.22:409][  6]LogLoad: LoadMap: /Game/VehicleAdvBP/Maps/Level1
[2015.09.20-23.13.22:428][  6]LogParticles: Destroying 0 GPU particle simulations for FXSystem 0x000000ACA9A68CC0
[2015.09.20-23.13.22:428][  6]Cmd: MEM
[2015.09.20-23.13.22:442][  6]LogMemory: Platform Memory Stats for Windows
[2015.09.20-23.13.22:442][  6]LogMemory: Process Physical Memory: 933.36 MB used, 954.75 MB peak
[2015.09.20-23.13.22:442][  6]LogMemory: Process Virtual Memory: 1392.84 MB used, 1462.39 MB peak
[2015.09.20-23.13.22:442][  6]LogMemory: Physical Memory: 4722.64 MB used, 16203.17 MB total
[2015.09.20-23.13.22:442][  6]LogMemory: Virtual Memory: 2174.93 MB used, 134217728.00 MB total
[2015.09.20-23.13.22:442][  6]LogMemory: 
[2015.09.20-23.13.22:442][  6]Allocator Stats for TBB: (not implemented)
[2015.09.20-23.13.22:628][  6]LogAIModule: Creating AISystem for world Level1
[2015.09.20-23.13.22:629][  6]LogWorld: Game class is 'VehicleAdvGameMode_C'
[2015.09.20-23.13.22:642][  6]LogWorld: Bringing World /Game/VehicleAdvBP/Maps/UEDPIE_0_Level1.Level1 up for play (max tick rate 60) at 2015.09.20-19.13.22
[2015.09.20-23.13.22:642][  6]LogActor:Warning: GameSession /Game/VehicleAdvBP/Maps/UEDPIE_0_Level1.Level1:PersistentLevel.GameSession_3 has natively added scene component(s), but none of them were set as the actor's RootComponent - picking one arbitrarily
[2015.09.20-23.13.22:642][  6]LogActor:Warning: GameNetworkManager /Game/VehicleAdvBP/Maps/UEDPIE_0_Level1.Level1:PersistentLevel.GameNetworkManager_3 has natively added scene component(s), but none of them were set as the actor's RootComponent - picking one arbitrarily
[2015.09.20-23.13.22:643][  6]LogWorld: Bringing up level for play took: 0.011386
[2015.09.20-23.13.22:644][  6]LogGameMode: Warning - PATHS NOT DEFINED or NO PLAYERSTART with positive rating
[2015.09.20-23.13.22:645][  6]LogGameMode: Warning - PATHS NOT DEFINED or NO PLAYERSTART with positive rating
[2015.09.20-23.13.22:645][  6]LogPlayerManagement:Error: Failed to Create Player: A local player already exists for controller ID 1,
[2015.09.20-23.14.03:861][366]LogPackageName: SearchForPackageOnDisk took   0.077s to resolve Level1.umap.
[2015.09.20-23.14.03:944][367]LogPackageName: SearchForPackageOnDisk took   0.077s to resolve Level1.umap.
[2015.09.20-23.14.03:944][367]LogNet: Browse: /Game/VehicleAdvBP/Maps/Level1
[2015.09.20-23.14.03:944][367]LogLoad: LoadMap: /Game/VehicleAdvBP/Maps/Level1
[2015.09.20-23.14.03:962][367]LogParticles: Destroying 0 GPU particle simulations for FXSystem 0x000000ACA9CCA2A0
[2015.09.20-23.14.03:962][367]Cmd: MEM
[2015.09.20-23.14.03:973][367]LogMemory: Platform Memory Stats for Windows
[2015.09.20-23.14.03:973][367]LogMemory: Process Physical Memory: 935.29 MB used, 954.75 MB peak
[2015.09.20-23.14.03:973][367]LogMemory: Process Virtual Memory: 1394.76 MB used, 1467.37 MB peak
[2015.09.20-23.14.03:973][367]LogMemory: Physical Memory: 4720.98 MB used, 16203.17 MB total
[2015.09.20-23.14.03:973][367]LogMemory: Virtual Memory: 2158.93 MB used, 134217728.00 MB total
[2015.09.20-23.14.03:973][367]LogMemory: 
[2015.09.20-23.14.03:973][367]Allocator Stats for TBB: (not implemented)
[2015.09.20-23.14.04:158][367]LogAIModule: Creating AISystem for world Level1
[2015.09.20-23.14.04:159][367]LogWorld: Game class is 'VehicleAdvGameMode_C'
[2015.09.20-23.14.04:174][367]LogWorld: Bringing World /Game/VehicleAdvBP/Maps/UEDPIE_0_Level1.Level1 up for play (max tick rate 60) at 2015.09.20-19.14.04
[2015.09.20-23.14.04:174][367]LogActor:Warning: GameSession /Game/VehicleAdvBP/Maps/UEDPIE_0_Level1.Level1:PersistentLevel.GameSession_4 has natively added scene component(s), but none of them were set as the actor's RootComponent - picking one arbitrarily
[2015.09.20-23.14.04:174][367]LogActor:Warning: GameNetworkManager /Game/VehicleAdvBP/Maps/UEDPIE_0_Level1.Level1:PersistentLevel.GameNetworkManager_4 has natively added scene component(s), but none of them were set as the actor's RootComponent - picking one arbitrarily
[2015.09.20-23.14.04:175][367]LogWorld: Bringing up level for play took: 0.012619
[2015.09.20-23.14.04:175][367]LogGameMode: Warning - PATHS NOT DEFINED or NO PLAYERSTART with positive rating
[2015.09.20-23.14.04:176][367]LogGameMode: Warning - PATHS NOT DEFINED or NO PLAYERSTART with positive rating
[2015.09.20-23.14.04:177][367]LogPlayerManagement:Error: Failed to Create Player: A local player already exists for controller ID 1,
[2015.09.20-23.14.14:290][962]LogPackageName: SearchForPackageOnDisk took   0.080s to resolve Level1.umap.
[2015.09.20-23.14.14:373][963]LogPackageName: SearchForPackageOnDisk took   0.077s to resolve Level1.umap.
[2015.09.20-23.14.14:373][963]LogNet: Browse: /Game/VehicleAdvBP/Maps/Level1
[2015.09.20-23.14.14:373][963]LogLoad: LoadMap: /Game/VehicleAdvBP/Maps/Level1
[2015.09.20-23.14.14:391][963]LogParticles: Destroying 0 GPU particle simulations for FXSystem 0x000000ACA9A6BB00
[2015.09.20-23.14.14:391][963]Cmd: MEM
[2015.09.20-23.14.14:403][963]LogMemory: Platform Memory Stats for Windows
[2015.09.20-23.14.14:403][963]LogMemory: Process Physical Memory: 936.44 MB used, 954.75 MB peak
[2015.09.20-23.14.14:403][963]LogMemory: Process Virtual Memory: 1396.15 MB used, 1470.77 MB peak
[2015.09.20-23.14.14:403][963]LogMemory: Physical Memory: 4688.54 MB used, 16203.17 MB total
[2015.09.20-23.14.14:403][963]LogMemory: Virtual Memory: 2174.93 MB used, 134217728.00 MB total
[2015.09.20-23.14.14:403][963]LogMemory: 
[2015.09.20-23.14.14:403][963]Allocator Stats for TBB: (not implemented)
[2015.09.20-23.14.14:588][963]LogAIModule: Creating AISystem for world Level1
[2015.09.20-23.14.14:588][963]LogWorld: Game class is 'VehicleAdvGameMode_C'
[2015.09.20-23.14.14:601][963]LogWorld: Bringing World /Game/VehicleAdvBP/Maps/UEDPIE_0_Level1.Level1 up for play (max tick rate 60) at 2015.09.20-19.14.14
[2015.09.20-23.14.14:601][963]LogActor:Warning: GameSession /Game/VehicleAdvBP/Maps/UEDPIE_0_Level1.Level1:PersistentLevel.GameSession_5 has natively added scene component(s), but none of them were set as the actor's RootComponent - picking one arbitrarily
[2015.09.20-23.14.14:601][963]LogActor:Warning: GameNetworkManager /Game/VehicleAdvBP/Maps/UEDPIE_0_Level1.Level1:PersistentLevel.GameNetworkManager_5 has natively added scene component(s), but none of them were set as the actor's RootComponent - picking one arbitrarily
[2015.09.20-23.14.14:602][963]LogWorld: Bringing up level for play took: 0.011325
[2015.09.20-23.14.14:603][963]LogGameMode: Warning - PATHS NOT DEFINED or NO PLAYERSTART with positive rating
[2015.09.20-23.14.14:604][963]LogGameMode: Warning - PATHS NOT DEFINED or NO PLAYERSTART with positive rating
[2015.09.20-23.14.14:604][963]LogPlayerManagement:Error: Failed to Create Player: A local player already exists for controller ID 1,
[2015.09.20-23.14.33:125][ 43]LogPackageName: SearchForPackageOnDisk took   0.081s to resolve Level1.umap.
[2015.09.20-23.14.33:210][ 44]LogPackageName: SearchForPackageOnDisk took   0.076s to resolve Level1.umap.
[2015.09.20-23.14.33:210][ 44]LogNet: Browse: /Game/VehicleAdvBP/Maps/Level1
[2015.09.20-23.14.33:210][ 44]LogLoad: LoadMap: /Game/VehicleAdvBP/Maps/Level1
[2015.09.20-23.14.33:228][ 44]LogParticles: Destroying 0 GPU particle simulations for FXSystem 0x000000ACA9CC9120
[2015.09.20-23.14.33:228][ 44]Cmd: MEM
[2015.09.20-23.14.33:238][ 44]LogMemory: Platform Memory Stats for Windows
[2015.09.20-23.14.33:238][ 44]LogMemory: Process Physical Memory: 940.54 MB used, 954.75 MB peak
[2015.09.20-23.14.33:238][ 44]LogMemory: Process Virtual Memory: 1400.40 MB used, 1470.77 MB peak
[2015.09.20-23.14.33:239][ 44]LogMemory: Physical Memory: 4683.88 MB used, 16203.17 MB total
[2015.09.20-23.14.33:239][ 44]LogMemory: Virtual Memory: 2169.74 MB used, 134217728.00 MB total
[2015.09.20-23.14.33:239][ 44]LogMemory: 
[2015.09.20-23.14.33:239][ 44]Allocator Stats for TBB: (not implemented)
[2015.09.20-23.14.33:424][ 44]LogAIModule: Creating AISystem for world Level1
[2015.09.20-23.14.33:424][ 44]LogWorld: Game class is 'VehicleAdvGameMode_C'
[2015.09.20-23.14.33:438][ 44]LogWorld: Bringing World /Game/VehicleAdvBP/Maps/UEDPIE_0_Level1.Level1 up for play (max tick rate 60) at 2015.09.20-19.14.33
[2015.09.20-23.14.33:438][ 44]LogActor:Warning: GameSession /Game/VehicleAdvBP/Maps/UEDPIE_0_Level1.Level1:PersistentLevel.GameSession_6 has natively added scene component(s), but none of them were set as the actor's RootComponent - picking one arbitrarily
[2015.09.20-23.14.33:438][ 44]LogActor:Warning: GameNetworkManager /Game/VehicleAdvBP/Maps/UEDPIE_0_Level1.Level1:PersistentLevel.GameNetworkManager_6 has natively added scene component(s), but none of them were set as the actor's RootComponent - picking one arbitrarily
[2015.09.20-23.14.33:439][ 44]LogWorld: Bringing up level for play took: 0.011102
[2015.09.20-23.14.33:440][ 44]LogGameMode: Warning - PATHS NOT DEFINED or NO PLAYERSTART with positive rating
[2015.09.20-23.14.33:441][ 44]LogGameMode: Warning - PATHS NOT DEFINED or NO PLAYERSTART with positive rating
[2015.09.20-23.14.33:441][ 44]LogPlayerManagement:Error: Failed to Create Player: A local player already exists for controller ID 1,
[2015.09.20-23.14.43:786][654]LogPackageName: SearchForPackageOnDisk took   0.082s to resolve Level1.umap.
[2015.09.20-23.14.43:871][655]LogPackageName: SearchForPackageOnDisk took   0.077s to resolve Level1.umap.
[2015.09.20-23.14.43:871][655]LogNet: Browse: /Game/VehicleAdvBP/Maps/Level1
[2015.09.20-23.14.43:871][655]LogLoad: LoadMap: /Game/VehicleAdvBP/Maps/Level1
[2015.09.20-23.14.43:889][655]LogParticles: Destroying 0 GPU particle simulations for FXSystem 0x000000ACA9A9CF40
[2015.09.20-23.14.43:889][655]Cmd: MEM
[2015.09.20-23.14.43:900][655]LogMemory: Platform Memory Stats for Windows
[2015.09.20-23.14.43:900][655]LogMemory: Process Physical Memory: 940.48 MB used, 954.75 MB peak
[2015.09.20-23.14.43:900][655]LogMemory: Process Virtual Memory: 1400.88 MB used, 1471.89 MB peak
[2015.09.20-23.14.43:900][655]LogMemory: Physical Memory: 4682.85 MB used, 16203.17 MB total
[2015.09.20-23.14.43:900][655]LogMemory: Virtual Memory: 2177.74 MB used, 134217728.00 MB total
[2015.09.20-23.14.43:900][655]LogMemory: 
[2015.09.20-23.14.43:900][655]Allocator Stats for TBB: (not implemented)
[2015.09.20-23.14.44:082][655]LogAIModule: Creating AISystem for world Level1
[2015.09.20-23.14.44:083][655]LogWorld: Game class is 'VehicleAdvGameMode_C'
[2015.09.20-23.14.44:096][655]LogWorld: Bringing World /Game/VehicleAdvBP/Maps/UEDPIE_0_Level1.Level1 up for play (max tick rate 60) at 2015.09.20-19.14.44
[2015.09.20-23.14.44:096][655]LogActor:Warning: GameSession /Game/VehicleAdvBP/Maps/UEDPIE_0_Level1.Level1:PersistentLevel.GameSession_7 has natively added scene component(s), but none of them were set as the actor's RootComponent - picking one arbitrarily
[2015.09.20-23.14.44:096][655]LogActor:Warning: GameNetworkManager /Game/VehicleAdvBP/Maps/UEDPIE_0_Level1.Level1:PersistentLevel.GameNetworkManager_7 has natively added scene component(s), but none of them were set as the actor's RootComponent - picking one arbitrarily
[2015.09.20-23.14.44:097][655]LogWorld: Bringing up level for play took: 0.011395
[2015.09.20-23.14.44:098][655]LogGameMode: Warning - PATHS NOT DEFINED or NO PLAYERSTART with positive rating
[2015.09.20-23.14.44:098][655]LogGameMode: Warning - PATHS NOT DEFINED or NO PLAYERSTART with positive rating
[2015.09.20-23.14.44:099][655]LogPlayerManagement:Error: Failed to Create Player: A local player already exists for controller ID 1,
[2015.09.20-23.14.55:092][200]LogBlueprintUserMessages: Early EndPlayMap Detection: Level '/Game/VehicleAdvBP/Maps/Title.Title:PersistentLevel' has LevelScriptBlueprint '/Game/VehicleAdvBP/Maps/Title.Title:PersistentLevel.Title' with GeneratedClass '/Game/VehicleAdvBP/Maps/Title.Title_C' with ClassGeneratedBy '/Game/VehicleAdvBP/Maps/Title.Title:PersistentLevel.Title'
[2015.09.20-23.14.55:216][200]LogBlueprintUserMessages: Late EndPlayMap Detection: Level '/Game/VehicleAdvBP/Maps/Title.Title:PersistentLevel' has LevelScriptBlueprint '/Game/VehicleAdvBP/Maps/Title.Title:PersistentLevel.Title' with GeneratedClass '/Game/VehicleAdvBP/Maps/Title.Title_C' with ClassGeneratedBy '/Game/VehicleAdvBP/Maps/Title.Title:PersistentLevel.Title'
[2015.09.20-23.14.55:328][201]LogParticles: Destroying 0 GPU particle simulations for FXSystem 0x000000ACA9DAD760
[2015.09.20-23.14.59:552][440]Cmd: MAP LOAD FILE="../../../../../../Users/Adam/Documents/Unreal Projects/SR2L/Content/VehicleAdvBP/Maps/FuckingTemplate.umap" TEMPLATE=0 SHOWPROGRESS=1 FEATURELEVEL=3
[2015.09.20-23.14.59:596][440]LightingResults: New page: Lighting Build
[2015.09.20-23.14.59:623][440]LoadErrors: New page: Loading map: FuckingTemplate.umap
[2015.09.20-23.14.59:624][440]MapCheck: New page: Map Check
[2015.09.20-23.14.59:624][440]LightingResults: New page: Lighting Build
[2015.09.20-23.14.59:635][440]LogParticles: Destroying 0 GPU particle simulations for FXSystem 0x000000ACC3E84720
[2015.09.20-23.14.59:836][440]LogAIModule: Creating AISystem for world FuckingTemplate
[2015.09.20-23.14.59:854][440]LogEditorServer: Finished looking for orphan Actors (0.000 secs)
[2015.09.20-23.14.59:922][440]Cmd: MAP CHECKDEP NOCLEARLOG
[2015.09.20-23.15.00:024][440]MapCheck: Info Map check complete: 0 Error(s), 0 Warning(s), took 102.139ms to complete.
[2015.09.20-23.15.00:024][440]LogFileHelpers: Loading map 'FuckingTemplate' took 0.473
[2015.09.20-23.15.02:462][581]LogActorComponent: UnregisterComponent: (/Engine/Transient.MovementComp) Not registered. Aborting.
[2015.09.20-23.15.06:501][686]LogSavePackage: Save=60.968788ms
[2015.09.20-23.15.06:501][686]LogSavePackage: Moving '../../../../../../Users/Adam/Documents/Unreal Projects/SR2L/Saved/Level33F02658F4D0E0D1A1B999BAB5DA2810B.tmp' to '../../../../../../Users/Adam/Documents/Unreal Projects/SR2L/Content/VehicleAdvBP/Maps/Level3.umap'
[2015.09.20-23.15.06:503][686]LogSavePackage: Total save time: 62.606700ms
[2015.09.20-23.15.06:503][686]LogSavePackage:Warning: Finished SavePackage ../../../../../../Users/Adam/Documents/Unreal Projects/SR2L/Content/VehicleAdvBP/Maps/Level3.umap
[2015.09.20-23.15.06:537][686]LogFileHelpers: Saving map 'Level3' took 0.325
[2015.09.20-23.15.12:325][ 33]LogEditorViewport: Clicking on Actor (LMB): Goal_C (Goal)
[2015.09.20-23.15.12:990][ 71]Cmd: DELETE
[2015.09.20-23.15.12:990][ 71]Cmd: ACTOR DELETE
[2015.09.20-23.15.12:992][ 71]LogEditorActor: Deleted Actor: Goal_C
[2015.09.20-23.15.13:006][ 71]LogEditorActor: Deleted 1 Actors (0.016 secs)
[2015.09.20-23.15.13:943][126]Cmd: DELETE
[2015.09.20-23.15.13:943][126]Cmd: ACTOR DELETE
[2015.09.20-23.15.13:944][126]LogEditorActor: Deleted Actor: Brush
[2015.09.20-23.15.14:039][126]LogEditorActor: Deleted 1 Actors (0.096 secs)
[2015.09.20-23.15.29:144][993]LogSavePackage: Save=54.345726ms
[2015.09.20-23.15.29:144][993]LogSavePackage: Moving '../../../../../../Users/Adam/Documents/Unreal Projects/SR2L/Saved/Level3089023174288E5912FB719AFB10FAE07.tmp' to '../../../../../../Users/Adam/Documents/Unreal Projects/SR2L/Content/VehicleAdvBP/Maps/Level3.umap'
[2015.09.20-23.15.29:147][993]LogSavePackage: Total save time: 122.638073ms
[2015.09.20-23.15.29:147][993]LogSavePackage:Warning: Finished SavePackage ../../../../../../Users/Adam/Documents/Unreal Projects/SR2L/Content/VehicleAdvBP/Maps/Level3.umap
[2015.09.20-23.15.29:179][993]LogFileHelpers: Saving map 'Level3' took 0.278
[2015.09.20-23.16.57:350][282]LogPlayLevel: PlayLevel: No blueprints needed recompiling
[2015.09.20-23.16.57:350][282]PIE: New page: PIE session: Level3 (Sep 20, 2015, 3:16:57 PM)
[2015.09.20-23.16.57:351][282]LogPlayLevel: Creating play world package: /Game/VehicleAdvBP/Maps/UEDPIE_0_Level3
[2015.09.20-23.16.57:359][282]LogPlayLevel: PIE: StaticDuplicateObject took: (0.008716s)
[2015.09.20-23.16.57:360][282]LogAIModule: Creating AISystem for world Level3
[2015.09.20-23.16.57:360][282]LogPlayLevel: PIE: World Init took: (0.000736s)
[2015.09.20-23.16.57:360][282]LogPlayLevel: PIE: Created PIE world by copying editor world from /Game/VehicleAdvBP/Maps/Level3.Level3 to /Game/VehicleAdvBP/Maps/UEDPIE_0_Level3.Level3 (0.009639s)
[2015.09.20-23.16.57:376][282]LogInit: XAudio2 using 'Speakers (Realtek High Definition Audio)' : 2 channels at 48 kHz using 32 bits per sample (channel mask 0x3)
[2015.09.20-23.16.57:384][282]LogInit: FAudioDevice initialized.
[2015.09.20-23.16.57:419][282]LogWorld: Game class is 'VehicleAdvGameMode_C'
[2015.09.20-23.16.57:428][282]LogWorld: Bringing World /Game/VehicleAdvBP/Maps/UEDPIE_0_Level3.Level3 up for play (max tick rate 60) at 2015.09.20-19.16.57
[2015.09.20-23.16.57:428][282]LogActor:Warning: GameSession /Game/VehicleAdvBP/Maps/UEDPIE_0_Level3.Level3:PersistentLevel.GameSession_8 has natively added scene component(s), but none of them were set as the actor's RootComponent - picking one arbitrarily
[2015.09.20-23.16.57:428][282]LogActor:Warning: GameNetworkManager /Game/VehicleAdvBP/Maps/UEDPIE_0_Level3.Level3:PersistentLevel.GameNetworkManager_8 has natively added scene component(s), but none of them were set as the actor's RootComponent - picking one arbitrarily
[2015.09.20-23.16.57:429][282]LogWorld: Bringing up level for play took: 0.006060
[2015.09.20-23.16.57:452][282]PIE: Info Play in editor start time for /Game/VehicleAdvBP/Maps/UEDPIE_0_Level3 0.778
[2015.09.20-23.17.05:338][639]LogParticles: Destroying 0 GPU particle simulations for FXSystem 0x000000ACAA491C60
[2015.09.20-23.17.05:908][667]Cmd: POLY SELECT ADJACENT WALLS
[2015.09.20-23.17.07:376][735]LogActorComponent: UnregisterComponent: (/Engine/Transient.MovementComp) Not registered. Aborting.
[2015.09.21-00.54.25:783][659]LogActorComponent: UnregisterComponent: (/Engine/Transient.MovementComp) Not registered. Aborting.
[2015.09.21-00.54.25:895][659]LogWindowsTextInputMethodSystem:Display: IME system now deactivated.
[2015.09.21-00.54.25:895][659]LogWindowsTextInputMethodSystem:Display: IME system now deactivated.
[2015.09.21-00.54.26:162][660]Cmd: QUIT_EDITOR
[2015.09.21-00.54.27:352][660]LogExit: Preparing to exit.
[2015.09.21-00.54.28:523][660]LogExit: Editor shut down
[2015.09.21-00.54.28:523][660]LogExit: Transaction tracking system shut down
[2015.09.21-00.54.28:543][660]LogParticles: Destroying 0 GPU particle simulations for FXSystem 0x000000ACC8891E40
[2015.09.21-00.54.28:543][660]LogParticles: Destroying 0 GPU particle simulations for FXSystem 0x000000ACC8EC3880
[2015.09.21-00.54.28:543][660]LogParticles: Destroying 0 GPU particle simulations for FXSystem 0x000000ACC2F653A0
[2015.09.21-00.54.28:543][660]LogParticles: Destroying 0 GPU particle simulations for FXSystem 0x000000ACD3A33BA0
[2015.09.21-00.54.28:543][660]LogParticles: Destroying 0 GPU particle simulations for FXSystem 0x000000ACD3A339C0
[2015.09.21-00.54.28:841][660]LogExit: Object subsystem successfully closed.
[2015.09.21-00.54.28:855][660]LogD3D11RHI: Shutdown
[2015.09.21-00.54.28:855][660]LogD3D11RHI: CleanupD3DDevice
[2015.09.21-00.54.28:951][660]LogD3D11RHI: ~FD3D11DynamicRHI
[2015.09.21-00.54.28:979][660]LogModuleManager: Shutting down and abandoning module CrashTracker (197)
[2015.09.21-00.54.28:979][660]LogModuleManager: Shutting down and abandoning module SceneOutliner (196)
[2015.09.21-00.54.28:979][660]LogModuleManager: Shutting down and abandoning module SuperSearch (195)
[2015.09.21-00.54.28:979][660]LogModuleManager: Shutting down and abandoning module WidgetCarousel (194)
[2015.09.21-00.54.28:979][660]LogModuleManager: Shutting down and abandoning module AddContentDialog (193)
[2015.09.21-00.54.28:983][660]LogModuleManager: Shutting down and abandoning module EditorWidgets (192)
[2015.09.21-00.54.28:983][660]LogModuleManager: Shutting down and abandoning module CollectionManager (191)
[2015.09.21-00.54.28:983][660]LogModuleManager: Shutting down and abandoning module StatsViewer (190)
[2015.09.21-00.54.28:983][660]LogModuleManager: Shutting down and abandoning module FoliageEdit (189)
[2015.09.21-00.54.28:984][660]LogModuleManager: Shutting down and abandoning module LandscapeEditor (188)
[2015.09.21-00.54.28:984][660]LogModuleManager: Shutting down and abandoning module ActorPickerMode (187)
[2015.09.21-00.54.28:984][660]LogModuleManager: Shutting down and abandoning module GeometryMode (186)
[2015.09.21-00.54.28:984][660]LogModuleManager: Shutting down and abandoning module TextureAlignMode (185)
[2015.09.21-00.54.28:984][660]LogModuleManager: Shutting down and abandoning module BspMode (184)
[2015.09.21-00.54.28:984][660]LogModuleManager: Shutting down and abandoning module PlacementMode (183)
[2015.09.21-00.54.28:984][660]LogModuleManager: Shutting down and abandoning module AutomationWorker (182)
[2015.09.21-00.54.28:984][660]LogModuleManager: Shutting down and abandoning module CharacterAI (181)
[2015.09.21-00.54.28:984][660]LogModuleManager: Shutting down and abandoning module SmartSnapping (180)
[2015.09.21-00.54.28:984][660]LogModuleManager: Shutting down and abandoning module ViewportSnapping (179)
[2015.09.21-00.54.28:984][660]LogModuleManager: Shutting down and abandoning module LogVisualizer (178)
[2015.09.21-00.54.28:984][660]LogModuleManager: Shutting down and abandoning module GameProjectGeneration (177)
[2015.09.21-00.54.28:984][660]LogModuleManager: Shutting down and abandoning module IntroTutorials (176)
[2015.09.21-00.54.28:984][660]LogModuleManager: Shutting down and abandoning module EditorLiveStreaming (175)
[2015.09.21-00.54.28:984][660]LogModuleManager: Shutting down and abandoning module IOSPlatformEditor (174)
[2015.09.21-00.54.28:984][660]LogModuleManager: Shutting down and abandoning module HTML5PlatformEditor (173)
[2015.09.21-00.54.28:984][660]LogModuleManager: Shutting down and abandoning module AndroidDeviceDetection (172)
[2015.09.21-00.54.29:285][660]LogModuleManager: Shutting down and abandoning module AndroidPlatformEditor (171)
[2015.09.21-00.54.29:285][660]LogModuleManager: Shutting down and abandoning module IOSRuntimeSettings (170)
[2015.09.21-00.54.29:285][660]LogModuleManager: Shutting down and abandoning module AndroidRuntimeSettings (169)
[2015.09.21-00.54.29:285][660]LogModuleManager: Shutting down and abandoning module MergeActors (168)
[2015.09.21-00.54.29:285][660]LogModuleManager: Shutting down and abandoning module SizeMap (167)
[2015.09.21-00.54.29:285][660]LogModuleManager: Shutting down and abandoning module TreeMap (166)
[2015.09.21-00.54.29:285][660]LogModuleManager: Shutting down and abandoning module ReferenceViewer (165)
[2015.09.21-00.54.29:285][660]LogModuleManager: Shutting down and abandoning module LocalizationService (164)
[2015.09.21-00.54.29:285][660]LogModuleManager: Shutting down and abandoning module LocalizationDashboard (163)
[2015.09.21-00.54.29:285][660]LogModuleManager: Shutting down and abandoning module HardwareTargeting (162)
[2015.09.21-00.54.29:285][660]LogModuleManager: Shutting down and abandoning module DeviceProfileEditor (161)
[2015.09.21-00.54.29:285][660]LogModuleManager: Shutting down and abandoning module UndoHistory (160)
[2015.09.21-00.54.29:285][660]LogModuleManager: Shutting down and abandoning module GameplayTagsEditor (159)
[2015.09.21-00.54.29:285][660]LogModuleManager: Shutting down and abandoning module UserFeedback (158)
[2015.09.21-00.54.29:285][660]LogModuleManager: Shutting down and abandoning module XmlParser (157)
[2015.09.21-00.54.29:285][660]LogModuleManager: Shutting down and abandoning module Blutility (156)
[2015.09.21-00.54.29:285][660]LogModuleManager: Shutting down and abandoning module ProjectTargetPlatformEditor (155)
[2015.09.21-00.54.29:285][660]LogModuleManager: Shutting down and abandoning module ProjectSettingsViewer (154)
[2015.09.21-00.54.29:285][660]LogModuleManager: Shutting down and abandoning module InputBindingEditor (153)
[2015.09.21-00.54.29:285][660]LogModuleManager: Shutting down and abandoning module EditorSettingsViewer (152)
[2015.09.21-00.54.29:285][660]LogModuleManager: Shutting down and abandoning module SettingsEditor (151)
[2015.09.21-00.54.29:285][660]LogModuleManager: Shutting down and abandoning module ProjectLauncher (150)
[2015.09.21-00.54.29:285][660]LogModuleManager: Shutting down and abandoning module SessionFrontend (149)
[2015.09.21-00.54.29:285][660]LogModuleManager: Shutting down and abandoning module ProfilerClient (148)
[2015.09.21-00.54.29:285][660]LogModuleManager: Shutting down and abandoning module TargetDeviceServices (147)
[2015.09.21-00.54.29:285][660]LogModuleManager: Shutting down and abandoning module DeviceManager (146)
[2015.09.21-00.54.29:285][660]LogModuleManager: Shutting down and abandoning module AutomationController (145)
[2015.09.21-00.54.29:285][660]LogModuleManager: Shutting down and abandoning module AutomationWindow (144)
[2015.09.21-00.54.29:285][660]LogModuleManager: Shutting down and abandoning module Layers (143)
[2015.09.21-00.54.29:285][660]LogModuleManager: Shutting down and abandoning module ComponentVisualizers (142)
[2015.09.21-00.54.29:285][660]LogModuleManager: Shutting down and abandoning module DetailCustomizations (141)
[2015.09.21-00.54.29:286][660]LogModuleManager: Shutting down and abandoning module PackagesDialog (140)
[2015.09.21-00.54.29:286][660]LogModuleManager: Shutting down and abandoning module Persona (139)
[2015.09.21-00.54.29:286][660]LogModuleManager: Shutting down and abandoning module Kismet (138)
[2015.09.21-00.54.29:286][660]LogModuleManager: Shutting down and abandoning module GraphEditor (137)
[2015.09.21-00.54.29:286][660]LogModuleManager: Shutting down and abandoning module ClassViewer (136)
[2015.09.21-00.54.29:286][660]LogModuleManager: Shutting down and abandoning module Toolbox (135)
[2015.09.21-00.54.29:286][660]LogModuleManager: Shutting down and abandoning module ModuleUI (134)
[2015.09.21-00.54.29:286][660]LogModuleManager: Shutting down and abandoning module MovieSceneTools (133)
[2015.09.21-00.54.29:286][660]LogModuleManager: Shutting down and abandoning module OutputLog (132)
[2015.09.21-00.54.29:286][660]LogModuleManager: Shutting down and abandoning module GammaUI (131)
[2015.09.21-00.54.29:286][660]LogModuleManager: Shutting down and abandoning module Documentation (130)
[2015.09.21-00.54.29:286][660]LogModuleManager: Shutting down and abandoning module GameLiveStreaming (129)
[2015.09.21-00.54.29:286][660]LogModuleManager: Shutting down and abandoning module StreamingPauseRendering (128)
[2015.09.21-00.54.29:286][660]LogModuleManager: Shutting down and abandoning module AnalyticsET (127)
[2015.09.21-00.54.29:286][660]LogModuleManager: Shutting down and abandoning module Analytics (126)
[2015.09.21-00.54.29:286][660]LogModuleManager: Shutting down and abandoning module AITestSuite (125)
[2015.09.21-00.54.29:286][660]LogModuleManager: Shutting down and abandoning module GameplayDebugger (124)
[2015.09.21-00.54.29:286][660]LogModuleManager: Shutting down and abandoning module AIModule (123)
[2015.09.21-00.54.29:286][660]LogModuleManager: Shutting down and abandoning module ProfilerService (122)
[2015.09.21-00.54.29:407][660]LogModuleManager: Shutting down and abandoning module TaskGraph (121)
[2015.09.21-00.54.29:407][660]LogModuleManager: Shutting down and abandoning module SlateRemote (120)
[2015.09.21-00.54.29:407][660]LogModuleManager: Shutting down and abandoning module SteamVRController (119)
[2015.09.21-00.54.29:407][660]LogModuleManager: Shutting down and abandoning module SteamVR (118)
[2015.09.21-00.54.29:407][660]LogModuleManager: Shutting down and abandoning module ProceduralMeshComponent (117)
[2015.09.21-00.54.29:407][660]LogModuleManager: Shutting down and abandoning module OculusRift (116)
[2015.09.21-00.54.29:407][660]LogModuleManager: Shutting down and abandoning module OculusLibrary (115)
[2015.09.21-00.54.29:407][660]LogModuleManager: Shutting down and abandoning module LeapMotionController (114)
[2015.09.21-00.54.29:420][660]LogModuleManager: Shutting down and abandoning module CustomMeshComponent (113)
[2015.09.21-00.54.29:420][660]LogModuleManager: Shutting down and abandoning module CableComponent (112)
[2015.09.21-00.54.29:420][660]LogModuleManager: Shutting down and abandoning module ArchVisCharacter (111)
[2015.09.21-00.54.29:420][660]LogModuleManager: Shutting down and abandoning module MessagingDebugger (110)
[2015.09.21-00.54.29:420][660]LogModuleManager: Shutting down and abandoning module MediaPlayerEditor (109)
[2015.09.21-00.54.29:420][660]LogModuleManager: Shutting down and abandoning module HTML5Networking (108)
[2015.09.21-00.54.29:420][660]LogModuleManager: Shutting down and abandoning module SpeedTreeImporter (107)
[2015.09.21-00.54.29:420][660]LogModuleManager: Shutting down and abandoning module PluginBrowser (106)
[2015.09.21-00.54.29:420][660]LogModuleManager: Shutting down and abandoning module EpicSurvey (105)
[2015.09.21-00.54.29:420][660]LogModuleManager: Shutting down and abandoning module DesktopPlatform (104)
[2015.09.21-00.54.29:420][660]LogModuleManager: Shutting down and abandoning module VisualStudioSourceCodeAccess (103)
[2015.09.21-00.54.29:420][660]LogModuleManager: Shutting down and abandoning module UObjectPlugin (102)
[2015.09.21-00.54.29:420][660]LogModuleManager: Shutting down and abandoning module SubversionSourceControl (101)
[2015.09.21-00.54.29:420][660]LogModuleManager: Shutting down and abandoning module PerforceSourceControl (100)
[2015.09.21-00.54.29:420][660]LogModuleManager: Shutting down and abandoning module SourceControl (99)
[2015.09.21-00.54.29:420][660]LogModuleManager: Shutting down and abandoning module GitSourceControl (98)
[2015.09.21-00.54.29:420][660]LogModuleManager: Shutting down and abandoning module LightPropagationVolumeEditor (97)
[2015.09.21-00.54.29:420][660]LogModuleManager: Shutting down and abandoning module PaperTiledImporter (96)
[2015.09.21-00.54.29:420][660]LogModuleManager: Shutting down and abandoning module PaperSpriteSheetImporter (95)
[2015.09.21-00.54.29:420][660]LogModuleManager: Shutting down and abandoning module MeshPaint (94)
[2015.09.21-00.54.29:420][660]LogModuleManager: Shutting down and abandoning module SlateReflector (93)
[2015.09.21-00.54.29:420][660]LogModuleManager: Shutting down and abandoning module HotReload (92)
[2015.09.21-00.54.29:420][660]LogModuleManager: Shutting down and abandoning module MainFrame (91)
[2015.09.21-00.54.29:420][660]LogModuleManager: Shutting down and abandoning module LevelEditor (90)
[2015.09.21-00.54.29:421][660]LogModuleManager: Shutting down and abandoning module DirectoryWatcher (89)
[2015.09.21-00.54.29:423][660]LogModuleManager: Shutting down and abandoning module AssetRegistry (88)
[2015.09.21-00.54.29:557][660]LogModuleManager: Shutting down and abandoning module ContentBrowser (87)
[2015.09.21-00.54.29:558][660]LogModuleManager: Shutting down and abandoning module Paper2DEditor (86)
[2015.09.21-00.54.29:559][660]LogModuleManager: Shutting down and abandoning module UdpMessaging (85)
[2015.09.21-00.54.29:659][660]LogModuleManager: Shutting down and abandoning module LightPropagationVolumeRuntime (84)
[2015.09.21-00.54.29:659][660]LogModuleManager: Shutting down and abandoning module Paper2D (83)
[2015.09.21-00.54.29:659][660]LogModuleManager: Shutting down and abandoning module WindowsMoviePlayer (82)
[2015.09.21-00.54.29:663][660]LogModuleManager: Shutting down and abandoning module Media (81)
[2015.09.21-00.54.29:663][660]LogModuleManager: Shutting down and abandoning module WmfMedia (80)
[2015.09.21-00.54.29:664][660]LogModuleManager: Shutting down and abandoning module OnlineBlueprintSupport (79)
[2015.09.21-00.54.29:664][660]LogModuleManager: Shutting down and abandoning module GameplayTasksEditor (78)
[2015.09.21-00.54.29:664][660]LogModuleManager: Shutting down and abandoning module PropertyEditor (77)
[2015.09.21-00.54.29:664][660]LogModuleManager: Shutting down and abandoning module BehaviorTreeEditor (76)
[2015.09.21-00.54.29:664][660]LogModuleManager: Shutting down and abandoning module FunctionalTesting (75)
[2015.09.21-00.54.29:664][660]LogModuleManager: Shutting down and abandoning module CollisionAnalyzer (74)
[2015.09.21-00.54.29:664][660]LogModuleManager: Shutting down and abandoning module WorkspaceMenuStructure (73)
[2015.09.21-00.54.29:664][660]LogModuleManager: Shutting down and abandoning module MessageLog (72)
[2015.09.21-00.54.29:664][660]LogModuleManager: Shutting down and abandoning module Sequencer (71)
[2015.09.21-00.54.29:664][660]LogModuleManager: Shutting down and abandoning module AssetTools (70)
[2015.09.21-00.54.29:664][660]LogModuleManager: Shutting down and abandoning module UMGEditor (69)
[2015.09.21-00.54.29:664][660]LogModuleManager: Shutting down and abandoning module UMG (68)
[2015.09.21-00.54.29:664][660]LogModuleManager: Shutting down and abandoning module Slate (67)
[2015.09.21-00.54.29:664][660]LogModuleManager: Shutting down and abandoning module EditorStyle (66)
[2015.09.21-00.54.29:666][660]LogModuleManager: Shutting down and abandoning module SessionServices (65)
[2015.09.21-00.54.29:666][660]LogModuleManager: Shutting down and abandoning module SourceCodeAccess (64)
[2015.09.21-00.54.29:666][660]LogModuleManager: Shutting down and abandoning module HeadMountedDisplay (63)
[2015.09.21-00.54.29:666][660]LogModuleManager: Shutting down and abandoning module XAudio2 (62)
[2015.09.21-00.54.29:666][660]LogModuleManager: Shutting down and abandoning module Networking (60)
[2015.09.21-00.54.29:666][660]LogModuleManager: Shutting down and abandoning module Core (59)
[2015.09.21-00.54.29:666][660]LogModuleManager: Shutting down and abandoning module KismetCompiler (58)
[2015.09.21-00.54.29:666][660]LogModuleManager: Shutting down and abandoning module PhysXFormats (57)
[2015.09.21-00.54.29:666][660]LogModuleManager: Shutting down and abandoning module MeshUtilities (56)
[2015.09.21-00.54.29:667][660]LogModuleManager: Shutting down and abandoning module CookingStats (55)
[2015.09.21-00.54.29:669][660]LogModuleManager: Shutting down and abandoning module DerivedDataCache (54)
[2015.09.21-00.54.29:728][660]LogDerivedDataCache: Shutdown
[2015.09.21-00.54.29:728][660]LogModuleManager: Shutting down and abandoning module ShaderFormatOpenGL (53)
[2015.09.21-00.54.29:728][660]LogModuleManager: Shutting down and abandoning module ShaderFormatD3D (52)
[2015.09.21-00.54.29:728][660]LogModuleManager: Shutting down and abandoning module MetalShaderFormat (51)
[2015.09.21-00.54.29:728][660]LogModuleManager: Shutting down and abandoning module TextureFormatUncompressed (50)
[2015.09.21-00.54.29:728][660]LogModuleManager: Shutting down and abandoning module TextureFormatPVR (49)
[2015.09.21-00.54.29:728][660]LogModuleManager: Shutting down and abandoning module TextureFormatIntelISPCTexComp (48)
[2015.09.21-00.54.29:728][660]LogModuleManager: Shutting down and abandoning module TextureFormatDXT (47)
[2015.09.21-00.54.29:728][660]LogModuleManager: Shutting down and abandoning module ImageWrapper (46)
[2015.09.21-00.54.29:728][660]LogModuleManager: Shutting down and abandoning module TextureFormatASTC (45)
[2015.09.21-00.54.29:728][660]LogModuleManager: Shutting down and abandoning module TextureFormatAndroid (44)
[2015.09.21-00.54.29:728][660]LogModuleManager: Shutting down and abandoning module AudioFormatOpus (43)
[2015.09.21-00.54.29:728][660]LogModuleManager: Shutting down and abandoning module AudioFormatOgg (42)
[2015.09.21-00.54.29:728][660]LogModuleManager: Shutting down and abandoning module AudioFormatADPCM (41)
[2015.09.21-00.54.29:728][660]LogModuleManager: Shutting down and abandoning module LinuxTargetPlatform (40)
[2015.09.21-00.54.29:728][660]LogModuleManager: Shutting down and abandoning module LinuxServerTargetPlatform (39)
[2015.09.21-00.54.29:728][660]LogModuleManager: Shutting down and abandoning module LinuxNoEditorTargetPlatform (38)
[2015.09.21-00.54.29:728][660]LogModuleManager: Shutting down and abandoning module Messaging (37)
[2015.09.21-00.54.29:728][660]LogModuleManager: Shutting down and abandoning module IOSTargetPlatform (36)
[2015.09.21-00.54.29:728][660]LogModuleManager: Shutting down and abandoning module HTML5TargetPlatform (35)
[2015.09.21-00.54.29:728][660]LogModuleManager: Shutting down and abandoning module Android_PVRTCTargetPlatform (34)
[2015.09.21-00.54.29:728][660]LogModuleManager: Shutting down and abandoning module Android_ETC2TargetPlatform (33)
[2015.09.21-00.54.29:728][660]LogModuleManager: Shutting down and abandoning module Android_ETC1TargetPlatform (32)
[2015.09.21-00.54.29:728][660]LogModuleManager: Shutting down and abandoning module Android_DXTTargetPlatform (31)
[2015.09.21-00.54.29:728][660]LogModuleManager: Shutting down and abandoning module Android_ATCTargetPlatform (30)
[2015.09.21-00.54.29:728][660]LogModuleManager: Shutting down and abandoning module Android_ASTCTargetPlatform (29)
[2015.09.21-00.54.29:729][660]LogModuleManager: Shutting down and abandoning module AndroidTargetPlatform (28)
[2015.09.21-00.54.29:729][660]LogModuleManager: Shutting down and abandoning module WindowsTargetPlatform (27)
[2015.09.21-00.54.29:729][660]LogModuleManager: Shutting down and abandoning module WindowsServerTargetPlatform (26)
[2015.09.21-00.54.29:729][660]LogModuleManager: Shutting down and abandoning module WindowsNoEditorTargetPlatform (25)
[2015.09.21-00.54.29:729][660]LogModuleManager: Shutting down and abandoning module WindowsClientTargetPlatform (24)
[2015.09.21-00.54.29:729][660]LogModuleManager: Shutting down and abandoning module AllDesktopTargetPlatform (23)
[2015.09.21-00.54.29:729][660]LogModuleManager: Shutting down and abandoning module TargetPlatform (22)
[2015.09.21-00.54.29:729][660]LogModuleManager: Shutting down and abandoning module InputCore (21)
[2015.09.21-00.54.29:729][660]LogModuleManager: Shutting down and abandoning module Settings (20)
[2015.09.21-00.54.29:729][660]LogModuleManager: Shutting down and abandoning module OnlineSubsystem (18)
[2015.09.21-00.54.29:729][660]LogModuleManager: Shutting down and abandoning module HTTP (17)
[2015.09.21-00.54.31:730][660]LogModuleManager: Shutting down and abandoning module XMPP (16)
[2015.09.21-00.54.31:730][660]LogModuleManager: Shutting down and abandoning module ExampleDeviceProfileSelector (15)
[2015.09.21-00.54.31:730][660]LogModuleManager: Shutting down and abandoning module TextureCompressor (14)
[2015.09.21-00.54.31:730][660]LogModuleManager: Shutting down and abandoning module ShaderCore (13)
[2015.09.21-00.54.31:730][660]LogModuleManager: Shutting down and abandoning module Landscape (12)
[2015.09.21-00.54.31:730][660]LogModuleManager: Shutting down and abandoning module SlateRHIRenderer (11)
[2015.09.21-00.54.31:733][660]LogModuleManager: Shutting down and abandoning module OpenGLDrv (10)
[2015.09.21-00.54.31:733][660]LogModuleManager: Shutting down and abandoning module D3D11RHI (9)
[2015.09.21-00.54.31:733][660]LogModuleManager: Shutting down and abandoning module AnimGraphRuntime (8)
[2015.09.21-00.54.31:733][660]LogModuleManager: Shutting down and abandoning module Renderer (7)
[2015.09.21-00.54.31:733][660]LogModuleManager: Shutting down and abandoning module Engine (6)
[2015.09.21-00.54.31:733][660]LogModuleManager: Shutting down and abandoning module CoreUObject (5)
[2015.09.21-00.54.31:733][660]LogModuleManager: Shutting down and abandoning module NetworkFile (4)
[2015.09.21-00.54.31:733][660]LogModuleManager: Shutting down and abandoning module StreamingFile (3)
[2015.09.21-00.54.31:733][660]LogModuleManager: Shutting down and abandoning module SandboxFile (2)
[2015.09.21-00.54.31:733][660]LogModuleManager: Shutting down and abandoning module PakFile (1)
[2015.09.21-00.54.31:734][660]LogExit: Exiting.
[2015.09.21-00.54.31:738][660]Log file closed, 09/20/15 20:54:31
