[2015.09.23-02.38.12:192][  0]Log file open, 09/22/15 22:38:12
[2015.09.23-02.38.12:192][  0]LogInit:Display: Running engine for game: SR2L
[2015.09.23-02.38.12:192][  0]LogInit:Display: RandInit(1079668601) SRandInit(1079668601).
[2015.09.23-02.38.12:192][  0]LogTaskGraph: Started task graph with 4 named threads and 7 total threads.
[2015.09.23-02.38.12:192][  0]LogStats: Stats thread started at 0.083374
[2015.09.23-02.38.12:192][  0]LogInit: Version: 4.9.1-2689999+++depot+UE4-Releases+4.9
[2015.09.23-02.38.12:192][  0]LogInit: API Version: 2672455
[2015.09.23-02.38.12:192][  0]LogInit: Compiled (64-bit): Sep 14 2015 04:12:03
[2015.09.23-02.38.12:192][  0]LogInit: Compiled with Visual C++: 18.00.21005.01
[2015.09.23-02.38.12:192][  0]LogInit: Build Configuration: Development
[2015.09.23-02.38.12:192][  0]LogInit: Branch Name: ++depot+UE4-Releases+4.9
[2015.09.23-02.38.12:192][  0]LogInit: Command line:  
[2015.09.23-02.38.12:192][  0]LogInit: Base directory: C:/Program Files/Epic Games/4.9/Engine/Binaries/Win64/
[2015.09.23-02.38.12:193][  0]LogInit: Rocket: 1
[2015.09.23-02.38.12:249][  0]LogInit: Using libcurl 7.41.0
[2015.09.23-02.38.12:249][  0]LogInit:  - built for x86_64-pc-win32
[2015.09.23-02.38.12:249][  0]LogInit:  - supports SSL with WinSSL
[2015.09.23-02.38.12:249][  0]LogInit:  - other features:
[2015.09.23-02.38.12:249][  0]LogInit:      CURL_VERSION_SSL
[2015.09.23-02.38.12:249][  0]LogInit:      CURL_VERSION_IPV6
[2015.09.23-02.38.12:249][  0]LogInit:      CURL_VERSION_ASYNCHDNS
[2015.09.23-02.38.12:249][  0]LogInit:      CURL_VERSION_LARGEFILE
[2015.09.23-02.38.12:249][  0]LogInit:      CURL_VERSION_IDN
[2015.09.23-02.38.12:249][  0]LogInit:  CurlRequestOptions (configurable via config and command line):
[2015.09.23-02.38.12:249][  0]LogInit:  - bVerifyPeer = true  - Libcurl will verify peer certificate
[2015.09.23-02.38.12:249][  0]LogInit:  - bUseHttpProxy = false  - Libcurl will NOT use HTTP proxy
[2015.09.23-02.38.12:249][  0]LogInit:  - bDontReuseConnections = false  - Libcurl will reuse connections
[2015.09.23-02.38.12:249][  0]LogInit:  - CertBundlePath = nullptr  - Libcurl will use whatever was configured at build time.
[2015.09.23-02.38.12:258][  0]LogInit: Presizing for 0 objects not considered by GC, pre-allocating 0 bytes.
[2015.09.23-02.38.12:264][  0]LogInit: Object subsystem initialized
[2015.09.23-02.38.12:266][  0]LogInit: Selected Device Profile: [Windows]
[2015.09.23-02.38.12:266][  0]LogInit: Applying CVar settings loaded from the selected device profile: [Windows]
[2015.09.23-02.38.12:273][  0]LogInit: Computer: ADAM-ASUS
[2015.09.23-02.38.12:273][  0]LogInit: User: Adam
[2015.09.23-02.38.12:273][  0]LogInit: CPU Page size=4096, Cores=4
[2015.09.23-02.38.12:273][  0]LogInit: High frequency timer resolution =2.338344 MHz
[2015.09.23-02.38.12:273][  0]LogMemory: Memory total: Physical=15.8GB (16GB approx)
[2015.09.23-02.38.12:273][  0]LogMemory: Platform Memory Stats for Windows
[2015.09.23-02.38.12:273][  0]LogMemory: Process Physical Memory: 54.77 MB used, 54.77 MB peak
[2015.09.23-02.38.12:273][  0]LogMemory: Process Virtual Memory: 55.36 MB used, 55.36 MB peak
[2015.09.23-02.38.12:273][  0]LogMemory: Physical Memory: 4938.98 MB used, 16203.17 MB total
[2015.09.23-02.38.12:273][  0]LogMemory: Virtual Memory: 364.62 MB used, 134217728.00 MB total
[2015.09.23-02.38.12:314][  0]LogTextLocalizationManager: No specific translations for ('en-US') exist, so ('en') translations will be used.
[2015.09.23-02.38.13:048][  0]LogD3D11RHI: Found D3D11 adapter 0: NVIDIA GeForce GT 750M (Feature Level 11_0)
[2015.09.23-02.38.13:048][  0]LogD3D11RHI: Adapter has 1992MB of dedicated video memory, 0MB of dedicated system memory, and 8101MB of shared system memory, 1 output[s]
[2015.09.23-02.38.13:053][  0]LogD3D11RHI: Found D3D11 adapter 1: Intel(R) HD Graphics 4600 (Feature Level 11_0)
[2015.09.23-02.38.13:053][  0]LogD3D11RHI: Adapter has 112MB of dedicated video memory, 0MB of dedicated system memory, and 8101MB of shared system memory, 0 output[s]
[2015.09.23-02.38.13:055][  0]LogD3D11RHI: Found D3D11 adapter 2: Microsoft Basic Render Driver (Feature Level 11_0)
[2015.09.23-02.38.13:055][  0]LogD3D11RHI: Adapter has 0MB of dedicated video memory, 0MB of dedicated system memory, and 8101MB of shared system memory, 0 output[s]
[2015.09.23-02.38.13:055][  0]LogD3D11RHI: Chosen D3D11 Adapter Id = 0
[2015.09.23-02.38.13:060][  0]LogD3D11RHI: !Direct3DDevice
[2015.09.23-02.38.13:060][  0]LogRHI: Texture pool is 1361 MB (70% of 1945 MB)
[2015.09.23-02.38.13:075][  0]LogD3D11RHI: Async texture creation enabled
[2015.09.23-02.38.13:090][  0]LogShaderCompilers: Guid format shader working directory is 15 characters bigger than the processId version (../../../../../../Users/Adam/Documents/Unreal Projects/SR2L/Intermediate/Shaders/WorkingDirectory/9812/).
[2015.09.23-02.38.13:091][  0]LogShaderCompilers: Cleaned the shader compiler working directory '../../../../../../Users/Adam/Documents/Unreal Projects/SR2L/Intermediate/Shaders/tmp/B6374ACA4B82A3D25189C89C380BD744/'.
[2015.09.23-02.38.13:091][  0]LogShaderCompilers:Display: Using Local Shader Compiler.
[2015.09.23-02.38.14:150][  0]LogTemp:Display: Loaded TP AllDesktopTargetPlatform
[2015.09.23-02.38.14:157][  0]LogTemp:Display: Loaded TP WindowsClientTargetPlatform
[2015.09.23-02.38.14:163][  0]LogTemp:Display: Loaded TP WindowsNoEditorTargetPlatform
[2015.09.23-02.38.14:169][  0]LogTemp:Display: Loaded TP WindowsServerTargetPlatform
[2015.09.23-02.38.14:175][  0]LogTemp:Display: Loaded TP WindowsTargetPlatform
[2015.09.23-02.38.14:179][  0]LogTemp:Display: Loaded TP AndroidTargetPlatform
[2015.09.23-02.38.14:183][  0]LogTemp:Display: Loaded TP Android_ASTCTargetPlatform
[2015.09.23-02.38.14:186][  0]LogTemp:Display: Loaded TP Android_ATCTargetPlatform
[2015.09.23-02.38.14:190][  0]LogTemp:Display: Loaded TP Android_DXTTargetPlatform
[2015.09.23-02.38.14:194][  0]LogTemp:Display: Loaded TP Android_ETC1TargetPlatform
[2015.09.23-02.38.14:198][  0]LogTemp:Display: Loaded TP Android_ETC2TargetPlatform
[2015.09.23-02.38.14:202][  0]LogTemp:Display: Loaded TP Android_PVRTCTargetPlatform
[2015.09.23-02.38.14:203][  0]LogTemp:Display: Loaded TP HTML5TargetPlatform
[2015.09.23-02.38.14:222][  0]LogTemp:Display: Loaded TP IOSTargetPlatform
[2015.09.23-02.38.14:226][  0]LogTemp:Display: Loaded TP LinuxNoEditorTargetPlatform
[2015.09.23-02.38.14:229][  0]LogTemp:Display: Loaded TP LinuxServerTargetPlatform
[2015.09.23-02.38.14:234][  0]LogTemp:Display: Loaded TP LinuxTargetPlatform
[2015.09.23-02.38.14:234][  0]LogTargetPlatformManager:Display: Building Assets For Windows
[2015.09.23-02.38.14:340][  0]LogDerivedDataCache:Display: Max Cache Size: 512 MB
[2015.09.23-02.38.14:386][  0]LogDerivedDataCache: Loaded boot cache 0.05s 45MB C:/Users/Adam/AppData/Local/UnrealEngine/4.9/DerivedDataCache/Boot.ddc.
[2015.09.23-02.38.14:386][  0]LogDerivedDataCache:Display: Loaded Boot cache: C:/Users/Adam/AppData/Local/UnrealEngine/4.9/DerivedDataCache/Boot.ddc
[2015.09.23-02.38.14:386][  0]LogDerivedDataCache: FDerivedDataBackendGraph:  Pak pak cache file ../../../../../../Users/Adam/Documents/Unreal Projects/SR2L/DerivedDataCache/DDC.ddp not found, will not use a pak cache.
[2015.09.23-02.38.14:386][  0]LogDerivedDataCache: Unable to find inner node Pak for hierarchical cache Hierarchy.
[2015.09.23-02.38.14:386][  0]LogDerivedDataCache: FDerivedDataBackendGraph:  CompressedPak pak cache file ../../../../../../Users/Adam/Documents/Unreal Projects/SR2L/DerivedDataCache/Compressed.ddp not found, will not use a pak cache.
[2015.09.23-02.38.14:386][  0]LogDerivedDataCache: Unable to find inner node CompressedPak for hierarchical cache Hierarchy.
[2015.09.23-02.38.14:521][  0]LogDerivedDataCache:Display: Pak cache opened for reading ../../../Engine/DerivedDataCache/Compressed.ddp.
[2015.09.23-02.38.14:533][  0]LogDerivedDataCache: Using Local data cache path C:/Users/Adam/AppData/Local/UnrealEngine/Common/DerivedDataCache: Writable
[2015.09.23-02.38.14:746][  0]LogInit: Selected Device Profile: [Windows]
[2015.09.23-02.38.14:749][  0]LogContentStreaming: Texture pool size is 0.000000MB
[2015.09.23-02.38.14:925][  0]LogMeshUtilities: No automatic mesh reduction module available
[2015.09.23-02.38.14:925][  0]LogMeshUtilities: No automatic mesh merging module available
[2015.09.23-02.38.15:161][  0]LogInit: WinSock: version 1.1 (2.2), MaxSocks=32767, MaxUdp=65467
[2015.09.23-02.38.16:091][  0]UdpMessaging: Initializing bridge on interface 0.0.0.0:0 to multicast group 230.0.0.1:6666.
[2015.09.23-02.38.16:197][  0]LogAssetRegistry: FAssetRegistry took 0.0106 seconds to start up
[2015.09.23-02.38.16:418][  0]SourceControl: Info Source control is disabled
[2015.09.23-02.38.16:418][  0]SourceControl: Info Source control is disabled
[2015.09.23-02.38.16:433][  0]SourceControl: Info Source control is disabled
[2015.09.23-02.38.16:447][  0]SourceControl: Info Source control is disabled
[2015.09.23-02.38.16:642][  0]LogLinker:Warning: Asset '../../../Engine/Plugins/Runtime/LeapMotionController/Content/LM_PassthroughMaterial.uasset' has been saved with empty engine version. The asset will be loaded but may be incompatible.
[2015.09.23-02.38.16:746][  0]LogObj: 28361 objects as part of root set at end of initial load.
[2015.09.23-02.38.16:746][  0]LogUObjectAllocator: 6038872 out of 0 bytes used by permanent object pool.
[2015.09.23-02.38.16:801][  0]LogEngine: Initializing Engine...
[2015.09.23-02.38.16:805][  0]LogHMD: Can't find Oculus library dev build: is proper Runtime installed? Version: 0.7.0.0
[2015.09.23-02.38.16:805][  0]LogHMD: SteamVR failed to initialize.  Err: 110
[2015.09.23-02.38.16:917][  0]LogAIModule: Creating AISystem for world NewWorld
[2015.09.23-02.38.16:925][  0]LogInit: XAudio2 using 'InFocus3128D (Intel(R) Display Audio)' : 2 channels at 48 kHz using 16 bits per sample (channel mask 0x3)
[2015.09.23-02.38.16:939][  0]LogInit: FAudioDevice initialized.
[2015.09.23-02.38.16:963][  0]LogDerivedDataCache: Saved boot cache 0.02s 45MB C:/Users/Adam/AppData/Local/UnrealEngine/4.9/DerivedDataCache/Boot.ddc.
[2015.09.23-02.38.16:966][  0]LogInit: Texture streaming: Enabled
[2015.09.23-02.38.16:973][  0]LogAnalytics: Creating configured Analytics provider AnalyticsET
[2015.09.23-02.38.16:973][  0]LogAnalytics: [UEEditor.Rocket.Release] APIServer = http://et2.epicgames.com/ET2/. AppVersion = 4.9.1-2689999+++depot+UE4-Releases+4.9
[2015.09.23-02.38.16:973][  0]LogAnalytics: [UEEditor.Rocket.Release] SetUserId b6aeed064c5facbea2fec1a4dfb34289|e8dad8564e6d4f898fb2f14da66fe74c|e1a63e55-60ec-4585-be06-279f35335c9b
[2015.09.23-02.38.16:973][  0]LogAnalytics: [UEEditor.Rocket.Release] AnalyticsET::StartSession
[2015.09.23-02.38.16:986][  0]LogWindowsTextInputMethodSystem:Display: IME system now deactivated.
[2015.09.23-02.38.16:987][  0]LogWindowsTextInputMethodSystem:Display: IME system now deactivated.
[2015.09.23-02.38.17:039][  0]LogInit: Transaction tracking system initialized
[2015.09.23-02.38.17:075][  0]BlueprintLog: New page: Editor Load
[2015.09.23-02.38.17:189][  0]LocalizationService: Info Localization service is disabled
[2015.09.23-02.38.17:273][  0]LogConsoleResponse:Display: 
[2015.09.23-02.38.17:386][  0]LogCook:Display: Done creating registry. It took  0.00s.
[2015.09.23-02.38.17:470][  0]LogFileCache: Scanning file cache for directory 'C:/Users/Adam/Documents/Unreal Projects/SR2L/Content/' took 0.02s
[2015.09.23-02.38.17:470][  0]SourceControl: Info Source control is disabled
[2015.09.23-02.38.17:470][  0]Cmd: MAP LOAD FILE="../../../../../../Users/Adam/Documents/Unreal Projects/SR2L/Content/VehicleAdvBP/Maps/Title.umap" TEMPLATE=0 SHOWPROGRESS=1 FEATURELEVEL=3
[2015.09.23-02.38.17:498][  0]LightingResults: New page: Lighting Build
[2015.09.23-02.38.17:501][  0]MapCheck: New page: Map Check
[2015.09.23-02.38.17:501][  0]LightingResults: New page: Lighting Build
[2015.09.23-02.38.17:511][  0]LogParticles: Destroying 0 GPU particle simulations for FXSystem 0x000000BB46414400
[2015.09.23-02.38.24:274][  0]LogMaterial: Missing cached shader map for material M_Rock_Basalt, compiling. 
[2015.09.23-02.38.24:275][  0]LogMaterial:Warning: Failed to compile Material /Game/StarterContent/Materials/M_Rock_Basalt.M_Rock_Basalt for platform PCD3D_SM5, Default Material will be used in game.
[2015.09.23-02.38.24:275][  0]LogMaterial:Warning: 	(Node TextureSample) TextureSample> Missing input texture
[2015.09.23-02.38.25:548][  0]LogAIModule: Creating AISystem for world Title
[2015.09.23-02.38.25:661][  0]LogEditorServer: Finished looking for orphan Actors (0.000 secs)
[2015.09.23-02.38.25:661][  0]Cmd: MAP CHECKDEP NOCLEARLOG
[2015.09.23-02.38.25:754][  0]MapCheck: Info Map check complete: 0 Error(s), 0 Warning(s), took 92.539ms to complete.
[2015.09.23-02.38.25:754][  0]LogFileHelpers: Loading map 'Title' took 8.284
[2015.09.23-02.38.25:868][  0]LogCollectionManager: Loaded 0 collections in 0.002834 seconds
[2015.09.23-02.38.25:909][  0]LogFileCache: Scanning file cache for directory 'C:/Users/Adam/Documents/Unreal Projects/SR2L/Saved/Collections/' took 0.01s
[2015.09.23-02.38.25:909][  0]LogFileCache: Scanning file cache for directory 'C:/Users/Adam/Documents/Unreal Projects/SR2L/Content/Developers/Adam/Collections/' took 0.01s
[2015.09.23-02.38.25:909][  0]LogFileCache: Scanning file cache for directory 'C:/Users/Adam/Documents/Unreal Projects/SR2L/Content/Collections/' took 0.01s
[2015.09.23-02.38.25:909][  0]LogContentBrowser: Native class hierarchy populated in 0.0070 seconds. Added 1867 classes and 333 folders.
[2015.09.23-02.38.25:918][  0]LogCollectionManager: Rebuilt the GUID cache for 0 collections in 0.000003 seconds
[2015.09.23-02.38.25:926][  0]LogContentBrowser: Native class hierarchy updated for 'WidgetCarousel' in 0.0003 seconds. Added 0 classes and 0 folders.
[2015.09.23-02.38.25:987][  0]LogContentBrowser: Native class hierarchy updated for 'AddContentDialog' in 0.0003 seconds. Added 0 classes and 0 folders.
[2015.09.23-02.38.25:992][  0]LogContentBrowser: Native class hierarchy updated for 'SceneOutliner' in 0.0003 seconds. Added 1 classes and 2 folders.
[2015.09.23-02.38.26:050][  0]LogCrashTracker: Crashtracker disabled due to settings.
[2015.09.23-02.38.26:055][  0]LogUObjectGlobals:Warning: Failed to find object 'Class None.'
[2015.09.23-02.38.26:078][  0]LogLoad: Full Startup: 14.45 seconds (BP compile: 0.26 seconds)
[2015.09.23-02.38.26:151][  0]LogContentStreaming: Texture pool size now 400 MB
[2015.09.23-02.38.26:349][  0]LogRenderer: Reallocating scene render targets to support 896x460 (Frame:2).
[2015.09.23-02.38.26:567][  5]LogAssetRegistry: Asset discovery search completed in 10.3799 seconds
[2015.09.23-02.38.26:567][  5]LogCollectionManager: Rebuilt the object cache for 0 collections in 0.000000 seconds (found 0 objects)
[2015.09.23-02.38.26:567][  5]LogCollectionManager: Fixed up redirectors for 0 collections in 0.000021 seconds (updated 0 objects)
[2015.09.23-02.38.38:779][715]LogLinker:Warning: Asset '../../../Engine/Content/ArtTools/RenderToTexture/Macros/RenderToTextureMacros.uasset' has been saved with empty engine version. The asset will be loaded but may be incompatible.
[2015.09.23-02.38.39:250][715]LogContentBrowser: Native class hierarchy updated for 'BlueprintGraph' in 0.0007 seconds. Added 107 classes and 0 folders.
[2015.09.23-02.38.40:860][772]LogRenderer: Reallocating scene render targets to support 912x540 (Frame:1539).
[2015.09.23-02.41.06:195][348]LogBlueprintUserMessages: CustomizeDetails for Blueprint 'VehicleBlueprint', cached variable property's owner is '/Game/VehicleAdvBP/Blueprints/VehicleBlueprint.SKEL_VehicleBlueprint_C'
[2015.09.23-02.41.19:944][173]LogBlueprintUserMessages: CustomizeDetails for Blueprint 'VehicleBlueprint', cached variable property's owner is '/Game/VehicleAdvBP/Blueprints/VehicleBlueprint.SKEL_VehicleBlueprint_C'
[2015.09.23-02.41.20:576][211]LogBlueprintUserMessages: CustomizeDetails for Blueprint 'VehicleBlueprint', cached variable property's owner is '/Game/VehicleAdvBP/Blueprints/VehicleBlueprint.SKEL_VehicleBlueprint_C'
[2015.09.23-02.41.22:945][353]LogBlueprintUserMessages: CustomizeDetails for Blueprint 'VehicleBlueprint', cached variable property's owner is '/Game/VehicleAdvBP/Blueprints/VehicleBlueprint.SKEL_VehicleBlueprint_C'
[2015.09.23-02.41.59:955][539]LogBlueprintUserMessages: CustomizeDetails for Blueprint 'VehicleBlueprint', cached variable property's owner is '/Game/VehicleAdvBP/Blueprints/VehicleBlueprint.SKEL_VehicleBlueprint_C'
[2015.09.23-02.42.03:222][735]LogBlueprintUserMessages: CustomizeDetails for Blueprint 'VehicleBlueprint', cached variable property's owner is '/Game/VehicleAdvBP/Blueprints/VehicleBlueprint.SKEL_VehicleBlueprint_C'
[2015.09.23-02.42.52:316][681]BlueprintLog: New page: Compile VehicleBlueprint
[2015.09.23-02.42.52:540][681]LogActorComponent: UnregisterComponent: (/Engine/Transient.MovementComp) Not registered. Aborting.
[2015.09.23-02.42.52:617][681]BlueprintEditorCompileResults: Info [0280.99] Compile of VehicleBlueprint successful! [in 300 ms]
[2015.09.23-02.43.34:337][162]BlueprintLog: New page: Compile VehicleBlueprint
[2015.09.23-02.43.34:539][162]LogActorComponent: UnregisterComponent: (/Engine/Transient.MovementComp) Not registered. Aborting.
[2015.09.23-02.43.34:594][162]BlueprintEditorCompileResults: Info [0322.97] Compile of VehicleBlueprint successful! [in 256 ms]
[2015.09.23-02.43.35:117][191]LogActorComponent: UnregisterComponent: (/Engine/Transient.MovementComp) Not registered. Aborting.
[2015.09.23-02.43.35:868][191]LogSavePackage: Save=129.856430ms
[2015.09.23-02.43.35:868][191]LogSavePackage: Moving '../../../../../../Users/Adam/Documents/Unreal Projects/SR2L/Saved/Title34360B7A4E30FF9C95C8AF982DDBC60C.tmp' to '../../../../../../Users/Adam/Documents/Unreal Projects/SR2L/Content/VehicleAdvBP/Maps/Title.umap'
[2015.09.23-02.43.35:871][191]LogSavePackage: Total save time: 557.729743ms
[2015.09.23-02.43.35:871][191]LogSavePackage:Warning: Finished SavePackage ../../../../../../Users/Adam/Documents/Unreal Projects/SR2L/Content/VehicleAdvBP/Maps/Title.umap
[2015.09.23-02.43.35:908][191]LogFileHelpers: Saving map 'Title' took 0.726
[2015.09.23-02.43.36:416][191]LogSavePackage: Save=443.345795ms
[2015.09.23-02.43.36:416][191]LogSavePackage: Moving '../../../../../../Users/Adam/Documents/Unreal Projects/SR2L/Saved/VehicleBlueprintE647BA974B2511AFDF5F209072998972.tmp' to '../../../../../../Users/Adam/Documents/Unreal Projects/SR2L/Content/VehicleAdvBP/Blueprints/VehicleBlueprint.uasset'
[2015.09.23-02.43.36:419][191]LogSavePackage: Total save time: 477.349352ms
[2015.09.23-02.43.36:419][191]LogSavePackage:Warning: Finished SavePackage ../../../../../../Users/Adam/Documents/Unreal Projects/SR2L/Content/VehicleAdvBP/Blueprints/VehicleBlueprint.uasset
[2015.09.23-02.44.59:364][122]LogBlueprintUserMessages: CustomizeDetails for Blueprint 'RocketCharger', cached variable property's owner is '/Game/VehicleAdvBP/Blueprints/VehicleBlueprint.VehicleBlueprint_C'
[2015.09.23-02.46.26:235][293]LogBlueprintUserMessages: CustomizeDetails for Blueprint 'KillZ', cached variable property's owner is '/Game/VehicleAdvBP/Blueprints/VehicleBlueprint.VehicleBlueprint_C'
[2015.09.23-02.47.07:156][746]LogActorComponent: UnregisterComponent: (/Engine/Transient.MovementComp) Not registered. Aborting.
[2015.09.23-02.47.07:187][746]LogParticles: Destroying 0 GPU particle simulations for FXSystem 0x000000BB58EA2980
[2015.09.23-02.47.07:189][746]LogParticles: Destroying 0 GPU particle simulations for FXSystem 0x000000BB646EC2C0
[2015.09.23-02.47.07:524][746]LogSavePackage: Save=127.764778ms
[2015.09.23-02.47.07:524][746]LogSavePackage: Moving '../../../../../../Users/Adam/Documents/Unreal Projects/SR2L/Saved/Title39C5435B486DFFE3B8A22889499C733D.tmp' to '../../../../../../Users/Adam/Documents/Unreal Projects/SR2L/Content/VehicleAdvBP/Maps/Title.umap'
[2015.09.23-02.47.07:527][746]LogSavePackage: Total save time: 144.503973ms
[2015.09.23-02.47.07:527][746]LogSavePackage:Warning: Finished SavePackage ../../../../../../Users/Adam/Documents/Unreal Projects/SR2L/Content/VehicleAdvBP/Maps/Title.umap
[2015.09.23-02.47.07:561][746]LogFileHelpers: Saving map 'Title' took 0.320
[2015.09.23-02.47.07:567][746]Cmd: OBJ SAVEPACKAGE PACKAGE="/Game/VehicleAdvBP/Blueprints/KillZ" FILE="../../../../../../Users/Adam/Documents/Unreal Projects/SR2L/Content/VehicleAdvBP/Blueprints/KillZ.uasset" SILENT=true
[2015.09.23-02.47.07:629][746]LogSavePackage: Save=38.041023ms
[2015.09.23-02.47.07:629][746]LogSavePackage: Moving '../../../../../../Users/Adam/Documents/Unreal Projects/SR2L/Saved/KillZ056E8A104ADBDF9AE7B38DB00BD069A1.tmp' to '../../../../../../Users/Adam/Documents/Unreal Projects/SR2L/Content/VehicleAdvBP/Blueprints/KillZ.uasset'
[2015.09.23-02.47.07:631][746]LogSavePackage: Total save time: 63.731857ms
[2015.09.23-02.47.07:631][746]LogSavePackage:Warning: Finished SavePackage ../../../../../../Users/Adam/Documents/Unreal Projects/SR2L/Content/VehicleAdvBP/Blueprints/KillZ.uasset
[2015.09.23-02.48.37:888][ 65]LogBlueprintUserMessages: CustomizeDetails for Blueprint 'NecessaryShit', cached variable property's owner is '/Game/VehicleAdvBP/Blueprints/BoostHUD.BoostHUD_C'
[2015.09.23-02.50.14:989][795]LogEditorTransaction: Undo Delete current selection
[2015.09.23-02.52.01:776][124]BlueprintLog: New page: Compile NecessaryShit
[2015.09.23-02.52.01:808][124]LogBlueprint:Error: [compiler NecessaryShit] Error Pins  EdGraphPin_30255  and  EdGraphPin_30256  on the same node  Print String  are connected to each other, creating a loop.
[2015.09.23-02.52.01:808][124]LogBlueprint:Warning: [compiler NecessaryShit] Warning Can't connect pins  EdGraphPin_30255  and  EdGraphPin_30256 : Both are on the same node
[2015.09.23-02.52.01:808][124]LogBlueprint:Error: [compiler NecessaryShit] Error Pins  EdGraphPin_30256  and  EdGraphPin_30255  on the same node  Print String  are connected to each other, creating a loop.
[2015.09.23-02.52.01:808][124]LogBlueprint:Warning: [compiler NecessaryShit] Warning Can't connect pins  EdGraphPin_30256  and  EdGraphPin_30255 : Both are on the same node
[2015.09.23-02.52.01:891][124]LogActorComponent: UnregisterComponent: (/Engine/Transient.MovementComp) Not registered. Aborting.
[2015.09.23-02.52.01:916][124]LogParticles: Destroying 0 GPU particle simulations for FXSystem 0x000000BB3A4FCEA0
[2015.09.23-02.52.01:917][124]LogParticles: Destroying 0 GPU particle simulations for FXSystem 0x000000BB7B5931A0
[2015.09.23-02.52.01:918][124]LogParticles: Destroying 0 GPU particle simulations for FXSystem 0x000000BB7B590A40
[2015.09.23-02.52.01:925][124]LogBlueprint:Warning: [compiler NecessaryShit] Warning [0830.30] Compile of NecessaryShit failed. 2 Fatal Issue(s) 2 Warning(s) [in 149 ms]
[2015.09.23-02.52.01:925][124]BlueprintEditorCompileResults:Error: Error Pins  EdGraphPin_30255  and  EdGraphPin_30256  on the same node  Print String  are connected to each other, creating a loop.
[2015.09.23-02.52.01:925][124]BlueprintEditorCompileResults:Warning: Warning Can't connect pins  EdGraphPin_30255  and  EdGraphPin_30256 : Both are on the same node
[2015.09.23-02.52.01:925][124]BlueprintEditorCompileResults:Error: Error Pins  EdGraphPin_30256  and  EdGraphPin_30255  on the same node  Print String  are connected to each other, creating a loop.
[2015.09.23-02.52.01:925][124]BlueprintEditorCompileResults:Warning: Warning Can't connect pins  EdGraphPin_30256  and  EdGraphPin_30255 : Both are on the same node
[2015.09.23-02.52.01:925][124]BlueprintEditorCompileResults:Warning: Warning [0830.30] Compile of NecessaryShit failed. 2 Fatal Issue(s) 2 Warning(s) [in 149 ms]
[2015.09.23-02.52.29:107][741]BlueprintLog: New page: Compile NecessaryShit
[2015.09.23-02.52.29:210][741]BlueprintEditorCompileResults: Info [0857.59] Compile of NecessaryShit successful! [in 102 ms]
[2015.09.23-02.53.26:087][ 14]LogSavePackage: Save=132.038742ms
[2015.09.23-02.53.26:087][ 14]LogSavePackage: Moving '../../../../../../Users/Adam/Documents/Unreal Projects/SR2L/Saved/Title1DE7AE4E48FD724E0FE9CAAA9985EC3C.tmp' to '../../../../../../Users/Adam/Documents/Unreal Projects/SR2L/Content/VehicleAdvBP/Maps/Title.umap'
[2015.09.23-02.53.26:090][ 14]LogSavePackage: Total save time: 154.640637ms
[2015.09.23-02.53.26:090][ 14]LogSavePackage:Warning: Finished SavePackage ../../../../../../Users/Adam/Documents/Unreal Projects/SR2L/Content/VehicleAdvBP/Maps/Title.umap
[2015.09.23-02.53.26:126][ 14]LogFileHelpers: Saving map 'Title' took 0.326
[2015.09.23-02.53.26:231][ 14]LogSavePackage: Save=71.335953ms
[2015.09.23-02.53.26:231][ 14]LogSavePackage: Moving '../../../../../../Users/Adam/Documents/Unreal Projects/SR2L/Saved/NecessaryShit933ACC234F100F61875CB1B008A2F7AD.tmp' to '../../../../../../Users/Adam/Documents/Unreal Projects/SR2L/Content/VehicleAdvBP/Blueprints/NecessaryShit.uasset'
[2015.09.23-02.53.26:234][ 14]LogSavePackage: Total save time: 101.757910ms
[2015.09.23-02.53.26:234][ 14]LogSavePackage:Warning: Finished SavePackage ../../../../../../Users/Adam/Documents/Unreal Projects/SR2L/Content/VehicleAdvBP/Blueprints/NecessaryShit.uasset
[2015.09.23-02.53.33:485][448]LogEditorViewport: Clicking on Actor (LMB): RocketCharger_C (RocketCharger)
[2015.09.23-02.53.34:405][503]Cmd: DELETE
[2015.09.23-02.53.34:405][503]Cmd: ACTOR DELETE
[2015.09.23-02.53.34:406][503]LogEditorActor: Deleted Actor: RocketCharger_C
[2015.09.23-02.53.34:436][503]LogEditorActor: Deleted 1 Actors (0.031 secs)
[2015.09.23-02.53.35:989][576]LogSavePackage: Save=126.745255ms
[2015.09.23-02.53.35:989][576]LogSavePackage: Moving '../../../../../../Users/Adam/Documents/Unreal Projects/SR2L/Saved/Title7C322F7B4BAA2A7FEDBCF69AF93C9869.tmp' to '../../../../../../Users/Adam/Documents/Unreal Projects/SR2L/Content/VehicleAdvBP/Maps/Title.umap'
[2015.09.23-02.53.35:992][576]LogSavePackage: Total save time: 143.288154ms
[2015.09.23-02.53.35:992][576]LogSavePackage:Warning: Finished SavePackage ../../../../../../Users/Adam/Documents/Unreal Projects/SR2L/Content/VehicleAdvBP/Maps/Title.umap
[2015.09.23-02.53.36:027][576]LogFileHelpers: Saving map 'Title' took 0.309
[2015.09.23-02.53.40:085][813]LogPackageName:Error: DoesPackageExist: DoesPackageExist FAILED: '/Platforms/Linux/GettingStarted' is not a standard unreal filename or a long path name. Reason: Path does not start with a valid root. Path must begin with: '/Engine/', '/Game/', '/Paper2D/', '/LeapMotionController/', '/Config/', '/Script/', or '/Temp/'
[2015.09.23-02.53.40:085][813]LogLinker:Warning: Can't find file '/Platforms/Linux/GettingStarted'
[2015.09.23-02.53.40:085][813]LogPackageName:Error: DoesPackageExist: DoesPackageExist FAILED: '/Platforms/Linux/GettingStarted' is not a standard unreal filename or a long path name. Reason: Path does not start with a valid root. Path must begin with: '/Engine/', '/Game/', '/Paper2D/', '/LeapMotionController/', '/Config/', '/Script/', or '/Temp/'
[2015.09.23-02.53.40:085][813]LogLinker:Warning: Can't find file '/Platforms/Linux/GettingStarted'
[2015.09.23-02.53.40:085][813]LogUObjectGlobals:Warning: Failed to find object 'Blueprint None./Platforms/Linux/GettingStarted'
[2015.09.23-02.53.40:086][813]LogWindows: LaunchURL http://docs.unrealengine.com/latest/INT/Platforms/Linux/GettingStarted/index.html
[2015.09.23-02.55.46:579][ 49]LogActorComponent: UnregisterComponent: (/Engine/Transient.MovementComp) Not registered. Aborting.
[2015.09.23-02.55.46:806][ 49]LogWindowsTextInputMethodSystem:Display: IME system now deactivated.
[2015.09.23-02.55.46:808][ 49]LogWindowsTextInputMethodSystem:Display: IME system now deactivated.
[2015.09.23-02.55.47:064][ 50]Cmd: QUIT_EDITOR
[2015.09.23-02.55.47:314][ 50]LogExit: Preparing to exit.
[2015.09.23-02.55.47:939][ 50]LogExit: Editor shut down
[2015.09.23-02.55.47:939][ 50]LogExit: Transaction tracking system shut down
[2015.09.23-02.55.47:943][ 50]LogParticles: Destroying 0 GPU particle simulations for FXSystem 0x000000BB392F8D60
[2015.09.23-02.55.47:943][ 50]LogParticles: Destroying 0 GPU particle simulations for FXSystem 0x000000BB58C5F880
[2015.09.23-02.55.47:944][ 50]LogParticles: Destroying 0 GPU particle simulations for FXSystem 0x000000BB58877BA0
[2015.09.23-02.55.47:944][ 50]LogParticles: Destroying 0 GPU particle simulations for FXSystem 0x000000BB58B9DEE0
[2015.09.23-02.55.47:944][ 50]LogParticles: Destroying 0 GPU particle simulations for FXSystem 0x000000BB58B9C900
[2015.09.23-02.55.47:948][ 50]LogParticles: Destroying 0 GPU particle simulations for FXSystem 0x000000BB7AE67880
[2015.09.23-02.55.47:948][ 50]LogParticles: Destroying 0 GPU particle simulations for FXSystem 0x000000BB3BEB8E00
[2015.09.23-02.55.47:949][ 50]LogParticles: Destroying 0 GPU particle simulations for FXSystem 0x000000BB3BEB8860
[2015.09.23-02.55.48:112][ 50]LogExit: Object subsystem successfully closed.
[2015.09.23-02.55.48:125][ 50]LogD3D11RHI: Shutdown
[2015.09.23-02.55.48:125][ 50]LogD3D11RHI: CleanupD3DDevice
[2015.09.23-02.55.48:230][ 50]LogD3D11RHI: ~FD3D11DynamicRHI
[2015.09.23-02.55.48:260][ 50]LogModuleManager: Shutting down and abandoning module ExternalImagePicker (200)
[2015.09.23-02.55.48:260][ 50]LogModuleManager: Shutting down and abandoning module SequencerWidgets (199)
[2015.09.23-02.55.48:260][ 50]LogModuleManager: Shutting down and abandoning module BlueprintGraph (198)
[2015.09.23-02.55.48:260][ 50]LogModuleManager: Shutting down and abandoning module CrashTracker (197)
[2015.09.23-02.55.48:260][ 50]LogModuleManager: Shutting down and abandoning module SceneOutliner (196)
[2015.09.23-02.55.48:260][ 50]LogModuleManager: Shutting down and abandoning module SuperSearch (195)
[2015.09.23-02.55.48:260][ 50]LogModuleManager: Shutting down and abandoning module WidgetCarousel (194)
[2015.09.23-02.55.48:260][ 50]LogModuleManager: Shutting down and abandoning module AddContentDialog (193)
[2015.09.23-02.55.48:261][ 50]LogModuleManager: Shutting down and abandoning module EditorWidgets (192)
[2015.09.23-02.55.48:261][ 50]LogModuleManager: Shutting down and abandoning module CollectionManager (191)
[2015.09.23-02.55.48:261][ 50]LogModuleManager: Shutting down and abandoning module StatsViewer (190)
[2015.09.23-02.55.48:261][ 50]LogModuleManager: Shutting down and abandoning module FoliageEdit (189)
[2015.09.23-02.55.48:261][ 50]LogModuleManager: Shutting down and abandoning module LandscapeEditor (188)
[2015.09.23-02.55.48:261][ 50]LogModuleManager: Shutting down and abandoning module ActorPickerMode (187)
[2015.09.23-02.55.48:261][ 50]LogModuleManager: Shutting down and abandoning module GeometryMode (186)
[2015.09.23-02.55.48:261][ 50]LogModuleManager: Shutting down and abandoning module TextureAlignMode (185)
[2015.09.23-02.55.48:261][ 50]LogModuleManager: Shutting down and abandoning module BspMode (184)
[2015.09.23-02.55.48:261][ 50]LogModuleManager: Shutting down and abandoning module PlacementMode (183)
[2015.09.23-02.55.48:261][ 50]LogModuleManager: Shutting down and abandoning module AutomationWorker (182)
[2015.09.23-02.55.48:261][ 50]LogModuleManager: Shutting down and abandoning module CharacterAI (181)
[2015.09.23-02.55.48:261][ 50]LogModuleManager: Shutting down and abandoning module SmartSnapping (180)
[2015.09.23-02.55.48:261][ 50]LogModuleManager: Shutting down and abandoning module ViewportSnapping (179)
[2015.09.23-02.55.48:261][ 50]LogModuleManager: Shutting down and abandoning module LogVisualizer (178)
[2015.09.23-02.55.48:261][ 50]LogModuleManager: Shutting down and abandoning module GameProjectGeneration (177)
[2015.09.23-02.55.48:261][ 50]LogModuleManager: Shutting down and abandoning module IntroTutorials (176)
[2015.09.23-02.55.48:261][ 50]LogModuleManager: Shutting down and abandoning module EditorLiveStreaming (175)
[2015.09.23-02.55.48:261][ 50]LogModuleManager: Shutting down and abandoning module IOSPlatformEditor (174)
[2015.09.23-02.55.48:261][ 50]LogModuleManager: Shutting down and abandoning module HTML5PlatformEditor (173)
[2015.09.23-02.55.48:261][ 50]LogModuleManager: Shutting down and abandoning module AndroidDeviceDetection (172)
[2015.09.23-02.55.48:985][ 50]LogModuleManager: Shutting down and abandoning module AndroidPlatformEditor (171)
[2015.09.23-02.55.48:985][ 50]LogModuleManager: Shutting down and abandoning module IOSRuntimeSettings (170)
[2015.09.23-02.55.48:985][ 50]LogModuleManager: Shutting down and abandoning module AndroidRuntimeSettings (169)
[2015.09.23-02.55.48:985][ 50]LogModuleManager: Shutting down and abandoning module MergeActors (168)
[2015.09.23-02.55.48:985][ 50]LogModuleManager: Shutting down and abandoning module SizeMap (167)
[2015.09.23-02.55.48:985][ 50]LogModuleManager: Shutting down and abandoning module TreeMap (166)
[2015.09.23-02.55.48:985][ 50]LogModuleManager: Shutting down and abandoning module ReferenceViewer (165)
[2015.09.23-02.55.48:985][ 50]LogModuleManager: Shutting down and abandoning module LocalizationService (164)
[2015.09.23-02.55.48:985][ 50]LogModuleManager: Shutting down and abandoning module LocalizationDashboard (163)
[2015.09.23-02.55.48:985][ 50]LogModuleManager: Shutting down and abandoning module HardwareTargeting (162)
[2015.09.23-02.55.48:985][ 50]LogModuleManager: Shutting down and abandoning module DeviceProfileEditor (161)
[2015.09.23-02.55.48:985][ 50]LogModuleManager: Shutting down and abandoning module UndoHistory (160)
[2015.09.23-02.55.48:985][ 50]LogModuleManager: Shutting down and abandoning module GameplayTagsEditor (159)
[2015.09.23-02.55.48:985][ 50]LogModuleManager: Shutting down and abandoning module UserFeedback (158)
[2015.09.23-02.55.48:985][ 50]LogModuleManager: Shutting down and abandoning module XmlParser (157)
[2015.09.23-02.55.48:985][ 50]LogModuleManager: Shutting down and abandoning module Blutility (156)
[2015.09.23-02.55.48:985][ 50]LogModuleManager: Shutting down and abandoning module ProjectTargetPlatformEditor (155)
[2015.09.23-02.55.48:985][ 50]LogModuleManager: Shutting down and abandoning module ProjectSettingsViewer (154)
[2015.09.23-02.55.48:985][ 50]LogModuleManager: Shutting down and abandoning module InputBindingEditor (153)
[2015.09.23-02.55.48:985][ 50]LogModuleManager: Shutting down and abandoning module EditorSettingsViewer (152)
[2015.09.23-02.55.48:985][ 50]LogModuleManager: Shutting down and abandoning module SettingsEditor (151)
[2015.09.23-02.55.48:985][ 50]LogModuleManager: Shutting down and abandoning module ProjectLauncher (150)
[2015.09.23-02.55.48:985][ 50]LogModuleManager: Shutting down and abandoning module SessionFrontend (149)
[2015.09.23-02.55.48:985][ 50]LogModuleManager: Shutting down and abandoning module ProfilerClient (148)
[2015.09.23-02.55.48:985][ 50]LogModuleManager: Shutting down and abandoning module TargetDeviceServices (147)
[2015.09.23-02.55.48:985][ 50]LogModuleManager: Shutting down and abandoning module DeviceManager (146)
[2015.09.23-02.55.48:986][ 50]LogModuleManager: Shutting down and abandoning module AutomationController (145)
[2015.09.23-02.55.48:986][ 50]LogModuleManager: Shutting down and abandoning module AutomationWindow (144)
[2015.09.23-02.55.48:986][ 50]LogModuleManager: Shutting down and abandoning module Layers (143)
[2015.09.23-02.55.48:986][ 50]LogModuleManager: Shutting down and abandoning module ComponentVisualizers (142)
[2015.09.23-02.55.48:986][ 50]LogModuleManager: Shutting down and abandoning module DetailCustomizations (141)
[2015.09.23-02.55.48:986][ 50]LogModuleManager: Shutting down and abandoning module PackagesDialog (140)
[2015.09.23-02.55.48:986][ 50]LogModuleManager: Shutting down and abandoning module Persona (139)
[2015.09.23-02.55.48:986][ 50]LogModuleManager: Shutting down and abandoning module Kismet (138)
[2015.09.23-02.55.48:986][ 50]LogModuleManager: Shutting down and abandoning module GraphEditor (137)
[2015.09.23-02.55.48:986][ 50]LogModuleManager: Shutting down and abandoning module ClassViewer (136)
[2015.09.23-02.55.48:986][ 50]LogModuleManager: Shutting down and abandoning module Toolbox (135)
[2015.09.23-02.55.48:986][ 50]LogModuleManager: Shutting down and abandoning module ModuleUI (134)
[2015.09.23-02.55.48:986][ 50]LogModuleManager: Shutting down and abandoning module MovieSceneTools (133)
[2015.09.23-02.55.48:986][ 50]LogModuleManager: Shutting down and abandoning module OutputLog (132)
[2015.09.23-02.55.48:986][ 50]LogModuleManager: Shutting down and abandoning module GammaUI (131)
[2015.09.23-02.55.48:986][ 50]LogModuleManager: Shutting down and abandoning module Documentation (130)
[2015.09.23-02.55.48:986][ 50]LogModuleManager: Shutting down and abandoning module GameLiveStreaming (129)
[2015.09.23-02.55.48:986][ 50]LogModuleManager: Shutting down and abandoning module StreamingPauseRendering (128)
[2015.09.23-02.55.48:986][ 50]LogModuleManager: Shutting down and abandoning module AnalyticsET (127)
[2015.09.23-02.55.48:986][ 50]LogModuleManager: Shutting down and abandoning module Analytics (126)
[2015.09.23-02.55.48:986][ 50]LogModuleManager: Shutting down and abandoning module AITestSuite (125)
[2015.09.23-02.55.48:986][ 50]LogModuleManager: Shutting down and abandoning module GameplayDebugger (124)
[2015.09.23-02.55.48:986][ 50]LogModuleManager: Shutting down and abandoning module AIModule (123)
[2015.09.23-02.55.48:986][ 50]LogModuleManager: Shutting down and abandoning module ProfilerService (122)
[2015.09.23-02.55.49:139][ 50]LogModuleManager: Shutting down and abandoning module TaskGraph (121)
[2015.09.23-02.55.49:139][ 50]LogModuleManager: Shutting down and abandoning module SlateRemote (120)
[2015.09.23-02.55.49:139][ 50]LogModuleManager: Shutting down and abandoning module SteamVRController (119)
[2015.09.23-02.55.49:139][ 50]LogModuleManager: Shutting down and abandoning module SteamVR (118)
[2015.09.23-02.55.49:139][ 50]LogModuleManager: Shutting down and abandoning module ProceduralMeshComponent (117)
[2015.09.23-02.55.49:139][ 50]LogModuleManager: Shutting down and abandoning module OculusRift (116)
[2015.09.23-02.55.49:139][ 50]LogModuleManager: Shutting down and abandoning module OculusLibrary (115)
[2015.09.23-02.55.49:139][ 50]LogModuleManager: Shutting down and abandoning module LeapMotionController (114)
[2015.09.23-02.55.49:156][ 50]LogModuleManager: Shutting down and abandoning module CustomMeshComponent (113)
[2015.09.23-02.55.49:156][ 50]LogModuleManager: Shutting down and abandoning module CableComponent (112)
[2015.09.23-02.55.49:156][ 50]LogModuleManager: Shutting down and abandoning module ArchVisCharacter (111)
[2015.09.23-02.55.49:156][ 50]LogModuleManager: Shutting down and abandoning module MessagingDebugger (110)
[2015.09.23-02.55.49:156][ 50]LogModuleManager: Shutting down and abandoning module MediaPlayerEditor (109)
[2015.09.23-02.55.49:156][ 50]LogModuleManager: Shutting down and abandoning module HTML5Networking (108)
[2015.09.23-02.55.49:156][ 50]LogModuleManager: Shutting down and abandoning module SpeedTreeImporter (107)
[2015.09.23-02.55.49:156][ 50]LogModuleManager: Shutting down and abandoning module PluginBrowser (106)
[2015.09.23-02.55.49:156][ 50]LogModuleManager: Shutting down and abandoning module EpicSurvey (105)
[2015.09.23-02.55.49:156][ 50]LogModuleManager: Shutting down and abandoning module DesktopPlatform (104)
[2015.09.23-02.55.49:156][ 50]LogModuleManager: Shutting down and abandoning module VisualStudioSourceCodeAccess (103)
[2015.09.23-02.55.49:156][ 50]LogModuleManager: Shutting down and abandoning module UObjectPlugin (102)
[2015.09.23-02.55.49:156][ 50]LogModuleManager: Shutting down and abandoning module SubversionSourceControl (101)
[2015.09.23-02.55.49:156][ 50]LogModuleManager: Shutting down and abandoning module PerforceSourceControl (100)
[2015.09.23-02.55.49:156][ 50]LogModuleManager: Shutting down and abandoning module SourceControl (99)
[2015.09.23-02.55.49:156][ 50]LogModuleManager: Shutting down and abandoning module GitSourceControl (98)
[2015.09.23-02.55.49:156][ 50]LogModuleManager: Shutting down and abandoning module LightPropagationVolumeEditor (97)
[2015.09.23-02.55.49:156][ 50]LogModuleManager: Shutting down and abandoning module PaperTiledImporter (96)
[2015.09.23-02.55.49:156][ 50]LogModuleManager: Shutting down and abandoning module PaperSpriteSheetImporter (95)
[2015.09.23-02.55.49:156][ 50]LogModuleManager: Shutting down and abandoning module MeshPaint (94)
[2015.09.23-02.55.49:156][ 50]LogModuleManager: Shutting down and abandoning module SlateReflector (93)
[2015.09.23-02.55.49:156][ 50]LogModuleManager: Shutting down and abandoning module HotReload (92)
[2015.09.23-02.55.49:156][ 50]LogModuleManager: Shutting down and abandoning module MainFrame (91)
[2015.09.23-02.55.49:156][ 50]LogModuleManager: Shutting down and abandoning module LevelEditor (90)
[2015.09.23-02.55.49:157][ 50]LogModuleManager: Shutting down and abandoning module DirectoryWatcher (89)
[2015.09.23-02.55.49:158][ 50]LogModuleManager: Shutting down and abandoning module AssetRegistry (88)
[2015.09.23-02.55.49:187][ 50]LogModuleManager: Shutting down and abandoning module ContentBrowser (87)
[2015.09.23-02.55.49:188][ 50]LogModuleManager: Shutting down and abandoning module Paper2DEditor (86)
[2015.09.23-02.55.49:188][ 50]LogModuleManager: Shutting down and abandoning module UdpMessaging (85)
[2015.09.23-02.55.49:289][ 50]LogModuleManager: Shutting down and abandoning module LightPropagationVolumeRuntime (84)
[2015.09.23-02.55.49:289][ 50]LogModuleManager: Shutting down and abandoning module Paper2D (83)
[2015.09.23-02.55.49:289][ 50]LogModuleManager: Shutting down and abandoning module WindowsMoviePlayer (82)
[2015.09.23-02.55.49:292][ 50]LogModuleManager: Shutting down and abandoning module Media (81)
[2015.09.23-02.55.49:292][ 50]LogModuleManager: Shutting down and abandoning module WmfMedia (80)
[2015.09.23-02.55.49:292][ 50]LogModuleManager: Shutting down and abandoning module OnlineBlueprintSupport (79)
[2015.09.23-02.55.49:292][ 50]LogModuleManager: Shutting down and abandoning module GameplayTasksEditor (78)
[2015.09.23-02.55.49:292][ 50]LogModuleManager: Shutting down and abandoning module PropertyEditor (77)
[2015.09.23-02.55.49:292][ 50]LogModuleManager: Shutting down and abandoning module BehaviorTreeEditor (76)
[2015.09.23-02.55.49:292][ 50]LogModuleManager: Shutting down and abandoning module FunctionalTesting (75)
[2015.09.23-02.55.49:292][ 50]LogModuleManager: Shutting down and abandoning module CollisionAnalyzer (74)
[2015.09.23-02.55.49:292][ 50]LogModuleManager: Shutting down and abandoning module WorkspaceMenuStructure (73)
[2015.09.23-02.55.49:292][ 50]LogModuleManager: Shutting down and abandoning module MessageLog (72)
[2015.09.23-02.55.49:292][ 50]LogModuleManager: Shutting down and abandoning module Sequencer (71)
[2015.09.23-02.55.49:292][ 50]LogModuleManager: Shutting down and abandoning module AssetTools (70)
[2015.09.23-02.55.49:292][ 50]LogModuleManager: Shutting down and abandoning module UMGEditor (69)
[2015.09.23-02.55.49:292][ 50]LogModuleManager: Shutting down and abandoning module UMG (68)
[2015.09.23-02.55.49:292][ 50]LogModuleManager: Shutting down and abandoning module Slate (67)
[2015.09.23-02.55.49:292][ 50]LogModuleManager: Shutting down and abandoning module EditorStyle (66)
[2015.09.23-02.55.49:295][ 50]LogModuleManager: Shutting down and abandoning module SessionServices (65)
[2015.09.23-02.55.49:295][ 50]LogModuleManager: Shutting down and abandoning module SourceCodeAccess (64)
[2015.09.23-02.55.49:295][ 50]LogModuleManager: Shutting down and abandoning module HeadMountedDisplay (63)
[2015.09.23-02.55.49:295][ 50]LogModuleManager: Shutting down and abandoning module XAudio2 (62)
[2015.09.23-02.55.49:295][ 50]LogModuleManager: Shutting down and abandoning module Networking (60)
[2015.09.23-02.55.49:295][ 50]LogModuleManager: Shutting down and abandoning module Core (59)
[2015.09.23-02.55.49:295][ 50]LogModuleManager: Shutting down and abandoning module KismetCompiler (58)
[2015.09.23-02.55.49:295][ 50]LogModuleManager: Shutting down and abandoning module PhysXFormats (57)
[2015.09.23-02.55.49:295][ 50]LogModuleManager: Shutting down and abandoning module MeshUtilities (56)
[2015.09.23-02.55.49:295][ 50]LogModuleManager: Shutting down and abandoning module CookingStats (55)
[2015.09.23-02.55.49:296][ 50]LogModuleManager: Shutting down and abandoning module DerivedDataCache (54)
[2015.09.23-02.55.49:354][ 50]LogDerivedDataCache: Shutdown
[2015.09.23-02.55.49:354][ 50]LogModuleManager: Shutting down and abandoning module ShaderFormatOpenGL (53)
[2015.09.23-02.55.49:354][ 50]LogModuleManager: Shutting down and abandoning module ShaderFormatD3D (52)
[2015.09.23-02.55.49:354][ 50]LogModuleManager: Shutting down and abandoning module MetalShaderFormat (51)
[2015.09.23-02.55.49:354][ 50]LogModuleManager: Shutting down and abandoning module TextureFormatUncompressed (50)
[2015.09.23-02.55.49:354][ 50]LogModuleManager: Shutting down and abandoning module TextureFormatPVR (49)
[2015.09.23-02.55.49:354][ 50]LogModuleManager: Shutting down and abandoning module TextureFormatIntelISPCTexComp (48)
[2015.09.23-02.55.49:354][ 50]LogModuleManager: Shutting down and abandoning module TextureFormatDXT (47)
[2015.09.23-02.55.49:354][ 50]LogModuleManager: Shutting down and abandoning module ImageWrapper (46)
[2015.09.23-02.55.49:354][ 50]LogModuleManager: Shutting down and abandoning module TextureFormatASTC (45)
[2015.09.23-02.55.49:354][ 50]LogModuleManager: Shutting down and abandoning module TextureFormatAndroid (44)
[2015.09.23-02.55.49:354][ 50]LogModuleManager: Shutting down and abandoning module AudioFormatOpus (43)
[2015.09.23-02.55.49:354][ 50]LogModuleManager: Shutting down and abandoning module AudioFormatOgg (42)
[2015.09.23-02.55.49:354][ 50]LogModuleManager: Shutting down and abandoning module AudioFormatADPCM (41)
[2015.09.23-02.55.49:354][ 50]LogModuleManager: Shutting down and abandoning module LinuxTargetPlatform (40)
[2015.09.23-02.55.49:354][ 50]LogModuleManager: Shutting down and abandoning module LinuxServerTargetPlatform (39)
[2015.09.23-02.55.49:354][ 50]LogModuleManager: Shutting down and abandoning module LinuxNoEditorTargetPlatform (38)
[2015.09.23-02.55.49:354][ 50]LogModuleManager: Shutting down and abandoning module Messaging (37)
[2015.09.23-02.55.49:354][ 50]LogModuleManager: Shutting down and abandoning module IOSTargetPlatform (36)
[2015.09.23-02.55.49:354][ 50]LogModuleManager: Shutting down and abandoning module HTML5TargetPlatform (35)
[2015.09.23-02.55.49:354][ 50]LogModuleManager: Shutting down and abandoning module Android_PVRTCTargetPlatform (34)
[2015.09.23-02.55.49:354][ 50]LogModuleManager: Shutting down and abandoning module Android_ETC2TargetPlatform (33)
[2015.09.23-02.55.49:354][ 50]LogModuleManager: Shutting down and abandoning module Android_ETC1TargetPlatform (32)
[2015.09.23-02.55.49:354][ 50]LogModuleManager: Shutting down and abandoning module Android_DXTTargetPlatform (31)
[2015.09.23-02.55.49:354][ 50]LogModuleManager: Shutting down and abandoning module Android_ATCTargetPlatform (30)
[2015.09.23-02.55.49:354][ 50]LogModuleManager: Shutting down and abandoning module Android_ASTCTargetPlatform (29)
[2015.09.23-02.55.49:354][ 50]LogModuleManager: Shutting down and abandoning module AndroidTargetPlatform (28)
[2015.09.23-02.55.49:354][ 50]LogModuleManager: Shutting down and abandoning module WindowsTargetPlatform (27)
[2015.09.23-02.55.49:354][ 50]LogModuleManager: Shutting down and abandoning module WindowsServerTargetPlatform (26)
[2015.09.23-02.55.49:354][ 50]LogModuleManager: Shutting down and abandoning module WindowsNoEditorTargetPlatform (25)
[2015.09.23-02.55.49:354][ 50]LogModuleManager: Shutting down and abandoning module WindowsClientTargetPlatform (24)
[2015.09.23-02.55.49:354][ 50]LogModuleManager: Shutting down and abandoning module AllDesktopTargetPlatform (23)
[2015.09.23-02.55.49:354][ 50]LogModuleManager: Shutting down and abandoning module TargetPlatform (22)
[2015.09.23-02.55.49:354][ 50]LogModuleManager: Shutting down and abandoning module InputCore (21)
[2015.09.23-02.55.49:354][ 50]LogModuleManager: Shutting down and abandoning module Settings (20)
[2015.09.23-02.55.49:354][ 50]LogModuleManager: Shutting down and abandoning module OnlineSubsystem (18)
[2015.09.23-02.55.49:354][ 50]LogModuleManager: Shutting down and abandoning module HTTP (17)
[2015.09.23-02.55.51:358][ 50]LogModuleManager: Shutting down and abandoning module XMPP (16)
[2015.09.23-02.55.51:358][ 50]LogModuleManager: Shutting down and abandoning module ExampleDeviceProfileSelector (15)
[2015.09.23-02.55.51:358][ 50]LogModuleManager: Shutting down and abandoning module TextureCompressor (14)
[2015.09.23-02.55.51:358][ 50]LogModuleManager: Shutting down and abandoning module ShaderCore (13)
[2015.09.23-02.55.51:358][ 50]LogModuleManager: Shutting down and abandoning module Landscape (12)
[2015.09.23-02.55.51:358][ 50]LogModuleManager: Shutting down and abandoning module SlateRHIRenderer (11)
[2015.09.23-02.55.51:360][ 50]LogModuleManager: Shutting down and abandoning module OpenGLDrv (10)
[2015.09.23-02.55.51:360][ 50]LogModuleManager: Shutting down and abandoning module D3D11RHI (9)
[2015.09.23-02.55.51:360][ 50]LogModuleManager: Shutting down and abandoning module AnimGraphRuntime (8)
[2015.09.23-02.55.51:360][ 50]LogModuleManager: Shutting down and abandoning module Renderer (7)
[2015.09.23-02.55.51:360][ 50]LogModuleManager: Shutting down and abandoning module Engine (6)
[2015.09.23-02.55.51:360][ 50]LogModuleManager: Shutting down and abandoning module CoreUObject (5)
[2015.09.23-02.55.51:360][ 50]LogModuleManager: Shutting down and abandoning module NetworkFile (4)
[2015.09.23-02.55.51:360][ 50]LogModuleManager: Shutting down and abandoning module StreamingFile (3)
[2015.09.23-02.55.51:360][ 50]LogModuleManager: Shutting down and abandoning module SandboxFile (2)
[2015.09.23-02.55.51:360][ 50]LogModuleManager: Shutting down and abandoning module PakFile (1)
[2015.09.23-02.55.51:361][ 50]LogExit: Exiting.
[2015.09.23-02.55.51:362][ 50]Log file closed, 09/22/15 22:55:51
