[2015.09.19-03.28.22:239][  0]Log file open, 09/18/15 23:28:22
[2015.09.19-03.28.22:239][  0]LogInit:Display: Running engine for game: SR2L
[2015.09.19-03.28.22:239][  0]LogInit:Display: RandInit(-436576561) SRandInit(-436576559).
[2015.09.19-03.28.22:239][  0]LogTaskGraph: Started task graph with 4 named threads and 7 total threads.
[2015.09.19-03.28.22:239][  0]LogStats: Stats thread started at 0.203264
[2015.09.19-03.28.22:239][  0]LogInit: Version: 4.9.1-2689999+++depot+UE4-Releases+4.9
[2015.09.19-03.28.22:239][  0]LogInit: API Version: 2672455
[2015.09.19-03.28.22:239][  0]LogInit: Compiled (64-bit): Sep 14 2015 04:12:03
[2015.09.19-03.28.22:239][  0]LogInit: Compiled with Visual C++: 18.00.21005.01
[2015.09.19-03.28.22:239][  0]LogInit: Build Configuration: Development
[2015.09.19-03.28.22:239][  0]LogInit: Branch Name: ++depot+UE4-Releases+4.9
[2015.09.19-03.28.22:239][  0]LogInit: Command line:  
[2015.09.19-03.28.22:239][  0]LogInit: Base directory: C:/Program Files/Epic Games/4.9/Engine/Binaries/Win64/
[2015.09.19-03.28.22:239][  0]LogInit: Rocket: 1
[2015.09.19-03.28.22:278][  0]LogInit: Using libcurl 7.41.0
[2015.09.19-03.28.22:278][  0]LogInit:  - built for x86_64-pc-win32
[2015.09.19-03.28.22:278][  0]LogInit:  - supports SSL with WinSSL
[2015.09.19-03.28.22:278][  0]LogInit:  - other features:
[2015.09.19-03.28.22:278][  0]LogInit:      CURL_VERSION_SSL
[2015.09.19-03.28.22:278][  0]LogInit:      CURL_VERSION_IPV6
[2015.09.19-03.28.22:278][  0]LogInit:      CURL_VERSION_ASYNCHDNS
[2015.09.19-03.28.22:278][  0]LogInit:      CURL_VERSION_LARGEFILE
[2015.09.19-03.28.22:279][  0]LogInit:      CURL_VERSION_IDN
[2015.09.19-03.28.22:279][  0]LogInit:  CurlRequestOptions (configurable via config and command line):
[2015.09.19-03.28.22:279][  0]LogInit:  - bVerifyPeer = true  - Libcurl will verify peer certificate
[2015.09.19-03.28.22:279][  0]LogInit:  - bUseHttpProxy = false  - Libcurl will NOT use HTTP proxy
[2015.09.19-03.28.22:279][  0]LogInit:  - bDontReuseConnections = false  - Libcurl will reuse connections
[2015.09.19-03.28.22:279][  0]LogInit:  - CertBundlePath = nullptr  - Libcurl will use whatever was configured at build time.
[2015.09.19-03.28.22:315][  0]LogInit: Presizing for 0 objects not considered by GC, pre-allocating 0 bytes.
[2015.09.19-03.28.22:340][  0]LogInit: Object subsystem initialized
[2015.09.19-03.28.22:346][  0]LogInit: Selected Device Profile: [Windows]
[2015.09.19-03.28.22:346][  0]LogInit: Applying CVar settings loaded from the selected device profile: [Windows]
[2015.09.19-03.28.22:377][  0]LogInit: Computer: ADAM-ASUS
[2015.09.19-03.28.22:377][  0]LogInit: User: Adam
[2015.09.19-03.28.22:377][  0]LogInit: CPU Page size=4096, Cores=4
[2015.09.19-03.28.22:377][  0]LogInit: High frequency timer resolution =2.338344 MHz
[2015.09.19-03.28.22:377][  0]LogMemory: Memory total: Physical=15.8GB (16GB approx)
[2015.09.19-03.28.22:377][  0]LogMemory: Platform Memory Stats for Windows
[2015.09.19-03.28.22:377][  0]LogMemory: Process Physical Memory: 54.12 MB used, 54.12 MB peak
[2015.09.19-03.28.22:377][  0]LogMemory: Process Virtual Memory: 57.33 MB used, 57.33 MB peak
[2015.09.19-03.28.22:377][  0]LogMemory: Physical Memory: 3680.11 MB used, 16203.17 MB total
[2015.09.19-03.28.22:377][  0]LogMemory: Virtual Memory: 366.56 MB used, 134217728.00 MB total
[2015.09.19-03.28.22:516][  0]LogTextLocalizationManager: No specific translations for ('en-US') exist, so ('en') translations will be used.
[2015.09.19-03.28.24:961][  0]LogD3D11RHI: Found D3D11 adapter 0: NVIDIA GeForce GT 750M (Feature Level 11_0)
[2015.09.19-03.28.24:961][  0]LogD3D11RHI: Adapter has 1992MB of dedicated video memory, 0MB of dedicated system memory, and 8101MB of shared system memory, 1 output[s]
[2015.09.19-03.28.24:983][  0]LogD3D11RHI: Found D3D11 adapter 1: Intel(R) HD Graphics 4600 (Feature Level 11_0)
[2015.09.19-03.28.24:983][  0]LogD3D11RHI: Adapter has 112MB of dedicated video memory, 0MB of dedicated system memory, and 8101MB of shared system memory, 0 output[s]
[2015.09.19-03.28.24:989][  0]LogD3D11RHI: Found D3D11 adapter 2: Microsoft Basic Render Driver (Feature Level 11_0)
[2015.09.19-03.28.24:989][  0]LogD3D11RHI: Adapter has 0MB of dedicated video memory, 0MB of dedicated system memory, and 8101MB of shared system memory, 0 output[s]
[2015.09.19-03.28.24:989][  0]LogD3D11RHI: Chosen D3D11 Adapter Id = 0
[2015.09.19-03.28.25:003][  0]LogD3D11RHI: !Direct3DDevice
[2015.09.19-03.28.25:003][  0]LogRHI: Texture pool is 1361 MB (70% of 1945 MB)
[2015.09.19-03.28.25:051][  0]LogD3D11RHI: Async texture creation enabled
[2015.09.19-03.28.25:075][  0]LogShaderCompilers: Guid format shader working directory is 15 characters bigger than the processId version (../../../../../../Users/Adam/Documents/Unreal Projects/SR2L/Intermediate/Shaders/WorkingDirectory/1568/).
[2015.09.19-03.28.25:075][  0]LogShaderCompilers: Cleaned the shader compiler working directory '../../../../../../Users/Adam/Documents/Unreal Projects/SR2L/Intermediate/Shaders/tmp/FEE2E074414E893B557B5997BC27DD86/'.
[2015.09.19-03.28.25:075][  0]LogShaderCompilers:Display: Using Local Shader Compiler.
[2015.09.19-03.28.29:574][  0]LogTemp:Display: Loaded TP AllDesktopTargetPlatform
[2015.09.19-03.28.29:600][  0]LogTemp:Display: Loaded TP WindowsClientTargetPlatform
[2015.09.19-03.28.29:634][  0]LogTemp:Display: Loaded TP WindowsNoEditorTargetPlatform
[2015.09.19-03.28.29:659][  0]LogTemp:Display: Loaded TP WindowsServerTargetPlatform
[2015.09.19-03.28.29:683][  0]LogTemp:Display: Loaded TP WindowsTargetPlatform
[2015.09.19-03.28.29:699][  0]LogTemp:Display: Loaded TP AndroidTargetPlatform
[2015.09.19-03.28.29:714][  0]LogTemp:Display: Loaded TP Android_ASTCTargetPlatform
[2015.09.19-03.28.29:729][  0]LogTemp:Display: Loaded TP Android_ATCTargetPlatform
[2015.09.19-03.28.29:744][  0]LogTemp:Display: Loaded TP Android_DXTTargetPlatform
[2015.09.19-03.28.29:760][  0]LogTemp:Display: Loaded TP Android_ETC1TargetPlatform
[2015.09.19-03.28.29:776][  0]LogTemp:Display: Loaded TP Android_ETC2TargetPlatform
[2015.09.19-03.28.29:792][  0]LogTemp:Display: Loaded TP Android_PVRTCTargetPlatform
[2015.09.19-03.28.29:795][  0]LogTemp:Display: Loaded TP HTML5TargetPlatform
[2015.09.19-03.28.29:837][  0]LogTemp:Display: Loaded TP IOSTargetPlatform
[2015.09.19-03.28.29:851][  0]LogTemp:Display: Loaded TP LinuxNoEditorTargetPlatform
[2015.09.19-03.28.29:866][  0]LogTemp:Display: Loaded TP LinuxServerTargetPlatform
[2015.09.19-03.28.29:884][  0]LogTemp:Display: Loaded TP LinuxTargetPlatform
[2015.09.19-03.28.29:884][  0]LogTargetPlatformManager:Display: Building Assets For Windows
[2015.09.19-03.28.30:333][  0]LogDerivedDataCache:Display: Max Cache Size: 512 MB
[2015.09.19-03.28.30:487][  0]LogDerivedDataCache: Loaded boot cache 0.15s 41MB C:/Users/Adam/AppData/Local/UnrealEngine/4.9/DerivedDataCache/Boot.ddc.
[2015.09.19-03.28.30:487][  0]LogDerivedDataCache:Display: Loaded Boot cache: C:/Users/Adam/AppData/Local/UnrealEngine/4.9/DerivedDataCache/Boot.ddc
[2015.09.19-03.28.30:487][  0]LogDerivedDataCache: FDerivedDataBackendGraph:  Pak pak cache file ../../../../../../Users/Adam/Documents/Unreal Projects/SR2L/DerivedDataCache/DDC.ddp not found, will not use a pak cache.
[2015.09.19-03.28.30:488][  0]LogDerivedDataCache: Unable to find inner node Pak for hierarchical cache Hierarchy.
[2015.09.19-03.28.30:488][  0]LogDerivedDataCache: FDerivedDataBackendGraph:  CompressedPak pak cache file ../../../../../../Users/Adam/Documents/Unreal Projects/SR2L/DerivedDataCache/Compressed.ddp not found, will not use a pak cache.
[2015.09.19-03.28.30:488][  0]LogDerivedDataCache: Unable to find inner node CompressedPak for hierarchical cache Hierarchy.
[2015.09.19-03.28.31:043][  0]LogDerivedDataCache:Display: Pak cache opened for reading ../../../Engine/DerivedDataCache/Compressed.ddp.
[2015.09.19-03.28.31:058][  0]LogDerivedDataCache: Using Local data cache path C:/Users/Adam/AppData/Local/UnrealEngine/Common/DerivedDataCache: Writable
[2015.09.19-03.28.31:845][  0]LogInit: Selected Device Profile: [Windows]
[2015.09.19-03.28.31:855][  0]LogContentStreaming: Texture pool size is 0.000000MB
[2015.09.19-03.28.32:410][  0]LogMeshUtilities: No automatic mesh reduction module available
[2015.09.19-03.28.32:410][  0]LogMeshUtilities: No automatic mesh merging module available
[2015.09.19-03.28.33:407][  0]LogInit: WinSock: version 1.1 (2.2), MaxSocks=32767, MaxUdp=65467
[2015.09.19-03.28.37:659][  0]UdpMessaging: Initializing bridge on interface 0.0.0.0:0 to multicast group 230.0.0.1:6666.
[2015.09.19-03.28.37:926][  0]LogAssetRegistry: FAssetRegistry took 0.0112 seconds to start up
[2015.09.19-03.28.38:764][  0]SourceControl: Info Source control is disabled
[2015.09.19-03.28.38:766][  0]SourceControl: Info Source control is disabled
[2015.09.19-03.28.38:831][  0]SourceControl: Info Source control is disabled
[2015.09.19-03.28.38:892][  0]SourceControl: Info Source control is disabled
[2015.09.19-03.28.39:725][  0]LogLinker:Warning: Asset '../../../Engine/Plugins/Runtime/LeapMotionController/Content/LM_PassthroughMaterial.uasset' has been saved with empty engine version. The asset will be loaded but may be incompatible.
[2015.09.19-03.28.40:124][  0]LogObj: 28361 objects as part of root set at end of initial load.
[2015.09.19-03.28.40:124][  0]LogUObjectAllocator: 6038872 out of 0 bytes used by permanent object pool.
[2015.09.19-03.28.40:342][  0]LogEngine: Initializing Engine...
[2015.09.19-03.28.40:364][  0]LogHMD: Can't find Oculus library dev build: is proper Runtime installed? Version: 0.7.0.0
[2015.09.19-03.28.40:366][  0]LogHMD: SteamVR failed to initialize.  Err: 110
[2015.09.19-03.28.40:873][  0]LogAIModule: Creating AISystem for world NewWorld
[2015.09.19-03.28.40:893][  0]LogInit: XAudio2 using 'Speakers (Realtek High Definition Audio)' : 2 channels at 48 kHz using 32 bits per sample (channel mask 0x3)
[2015.09.19-03.28.41:081][  0]LogInit: FAudioDevice initialized.
[2015.09.19-03.28.41:142][  0]LogDerivedDataCache: Saved boot cache 0.06s 41MB C:/Users/Adam/AppData/Local/UnrealEngine/4.9/DerivedDataCache/Boot.ddc.
[2015.09.19-03.28.41:151][  0]LogInit: Texture streaming: Enabled
[2015.09.19-03.28.41:181][  0]LogAnalytics: Creating configured Analytics provider AnalyticsET
[2015.09.19-03.28.41:181][  0]LogAnalytics: [UEEditor.Rocket.Release] APIServer = http://et2.epicgames.com/ET2/. AppVersion = 4.9.1-2689999+++depot+UE4-Releases+4.9
[2015.09.19-03.28.41:181][  0]LogAnalytics: [UEEditor.Rocket.Release] SetUserId b6aeed064c5facbea2fec1a4dfb34289|e8dad8564e6d4f898fb2f14da66fe74c|e1a63e55-60ec-4585-be06-279f35335c9b
[2015.09.19-03.28.41:181][  0]LogAnalytics: [UEEditor.Rocket.Release] AnalyticsET::StartSession
[2015.09.19-03.28.41:226][  0]LogWindowsTextInputMethodSystem:Display: IME system now deactivated.
[2015.09.19-03.28.41:226][  0]LogWindowsTextInputMethodSystem:Display: IME system now deactivated.
[2015.09.19-03.28.41:411][  0]LogInit: Transaction tracking system initialized
[2015.09.19-03.28.41:601][  0]BlueprintLog: New page: Editor Load
[2015.09.19-03.28.42:092][  0]LocalizationService: Info Localization service is disabled
[2015.09.19-03.28.42:463][  0]LogConsoleResponse:Display: 
[2015.09.19-03.28.42:990][  0]LogCook:Display: Done creating registry. It took  0.00s.
[2015.09.19-03.28.43:060][  0]LogFileCache: Scanning file cache for directory 'C:/Users/Adam/Documents/Unreal Projects/SR2L/Content/' took 0.03s
[2015.09.19-03.28.43:334][  0]SourceControl: Info Source control is disabled
[2015.09.19-03.28.43:335][  0]Cmd: MAP LOAD FILE="../../../../../../Users/Adam/Documents/Unreal Projects/SR2L/Content/VehicleAdvBP/Maps/VehicleAdvExampleMap.umap" TEMPLATE=0 SHOWPROGRESS=1 FEATURELEVEL=3
[2015.09.19-03.28.43:337][  0]LightingResults: New page: Lighting Build
[2015.09.19-03.28.43:358][  0]MapCheck: New page: Map Check
[2015.09.19-03.28.43:359][  0]LightingResults: New page: Lighting Build
[2015.09.19-03.28.43:402][  0]LogParticles: Destroying 0 GPU particle simulations for FXSystem 0x0000008FAE258400
[2015.09.19-03.28.45:639][  0]LogLinker:Warning: Asset '../../../../../../Users/Adam/Documents/Unreal Projects/SR2L/Content/VehicleAdvBP/Maps/LayerInfo/Desert_LayerInfo.uasset' has been saved with empty engine version. The asset will be loaded but may be incompatible.
[2015.09.19-03.28.45:644][  0]LogLinker:Warning: Asset '../../../../../../Users/Adam/Documents/Unreal Projects/SR2L/Content/VehicleAdvBP/Maps/LayerInfo/Track_LayerInfo.uasset' has been saved with empty engine version. The asset will be loaded but may be incompatible.
[2015.09.19-03.28.47:060][  0]LogAIModule: Creating AISystem for world VehicleAdvExampleMap
[2015.09.19-03.28.47:168][  0]LogEditorServer: Finished looking for orphan Actors (0.000 secs)
[2015.09.19-03.28.47:170][  0]Cmd: MAP CHECKDEP NOCLEARLOG
[2015.09.19-03.28.47:638][  0]MapCheck: Info Map check complete: 0 Error(s), 0 Warning(s), took 467.928ms to complete.
[2015.09.19-03.28.47:639][  0]LogFileHelpers: Loading map 'VehicleAdvExampleMap' took 4.304
[2015.09.19-03.28.48:027][  0]LogCollectionManager: Loaded 0 collections in 0.010028 seconds
[2015.09.19-03.28.48:093][  0]LogFileCache: Scanning file cache for directory 'C:/Users/Adam/Documents/Unreal Projects/SR2L/Saved/Collections/' took 0.01s
[2015.09.19-03.28.48:093][  0]LogFileCache: Scanning file cache for directory 'C:/Users/Adam/Documents/Unreal Projects/SR2L/Content/Developers/Adam/Collections/' took 0.01s
[2015.09.19-03.28.48:093][  0]LogFileCache: Scanning file cache for directory 'C:/Users/Adam/Documents/Unreal Projects/SR2L/Content/Collections/' took 0.01s
[2015.09.19-03.28.48:093][  0]LogContentBrowser: Native class hierarchy populated in 0.0273 seconds. Added 1867 classes and 333 folders.
[2015.09.19-03.28.48:113][  0]LogCollectionManager: Rebuilt the GUID cache for 0 collections in 0.000007 seconds
[2015.09.19-03.28.48:138][  0]LogContentBrowser: Native class hierarchy updated for 'WidgetCarousel' in 0.0010 seconds. Added 0 classes and 0 folders.
[2015.09.19-03.28.48:400][  0]LogContentBrowser: Native class hierarchy updated for 'AddContentDialog' in 0.0012 seconds. Added 0 classes and 0 folders.
[2015.09.19-03.28.48:422][  0]LogContentBrowser: Native class hierarchy updated for 'SceneOutliner' in 0.0019 seconds. Added 1 classes and 2 folders.
[2015.09.19-03.28.48:544][  0]LogCrashTracker: Crashtracker disabled due to settings.
[2015.09.19-03.28.48:563][  0]LogUObjectGlobals:Warning: Failed to find object 'Class None.'
[2015.09.19-03.28.48:588][  0]LogLoad: Full Startup: 28.44 seconds (BP compile: 0.82 seconds)
[2015.09.19-03.28.48:743][  0]LogContentStreaming: Texture pool size now 400 MB
[2015.09.19-03.28.49:268][  0]LogRenderer: Reallocating scene render targets to support 1208x576 (Frame:2).
[2015.09.19-03.28.49:427][  1]Cmd: UpdateLandscapeEditorData -warnings
[2015.09.19-03.28.50:381][ 11]LogAssetRegistry: Asset discovery search completed in 12.4655 seconds
[2015.09.19-03.28.50:381][ 11]LogCollectionManager: Rebuilt the object cache for 0 collections in 0.000001 seconds (found 0 objects)
[2015.09.19-03.28.50:381][ 11]LogCollectionManager: Fixed up redirectors for 0 collections in 0.000083 seconds (updated 0 objects)
[2015.09.19-03.29.03:239][541]LogFactory: FactoryCreateBinary: StaticMesh with FbxFactory (0 0 ../../../../../../Users/Adam/Downloads/rocket.fbx)
[2015.09.19-03.29.03:270][541]LogFbx: ItemName: GlobalSettings, ItemCount : 1
[2015.09.19-03.29.03:270][541]LogFbx: ItemName: NodeAttribute, ItemCount : 2
[2015.09.19-03.29.03:270][541]LogFbx: ItemName: Geometry, ItemCount : 1
[2015.09.19-03.29.03:271][541]LogFbx: ItemName: Model, ItemCount : 3
[2015.09.19-03.29.03:292][541]LogFbx: Loading FBX Scene from ../../../../../../Users/Adam/Downloads/rocket.fbx
[2015.09.19-03.29.03:321][541]LogFbx: FBX Scene Loaded Succesfully
[2015.09.19-03.29.07:097][541]LogFbx: Loading FBX Scene from ../../../../../../Users/Adam/Downloads/rocket.fbx
[2015.09.19-03.29.07:125][541]LogFbx: FBX Scene Loaded Succesfully
[2015.09.19-03.29.07:135][541]LogFbx:Warning: Triangulating static mesh Cone.002
[2015.09.19-03.29.07:460][541]LogStaticMesh: Building static mesh rocket...
[2015.09.19-03.29.07:5