[2015.09.19-04.28.55:324][  0]Log file open, 09/19/15 00:28:55
[2015.09.19-04.28.55:324][  0]LogInit:Display: Running engine for game: SR2L
[2015.09.19-04.28.55:324][  0]LogInit:Display: RandInit(1917117898) SRandInit(1917117898).
[2015.09.19-04.28.55:324][  0]LogTaskGraph: Started task graph with 4 named threads and 7 total threads.
[2015.09.19-04.28.55:324][  0]LogStats: Stats thread started at 0.073647
[2015.09.19-04.28.55:324][  0]LogInit: Version: 4.9.1-2689999+++depot+UE4-Releases+4.9
[2015.09.19-04.28.55:324][  0]LogInit: API Version: 2672455
[2015.09.19-04.28.55:324][  0]LogInit: Compiled (64-bit): Sep 14 2015 04:12:03
[2015.09.19-04.28.55:324][  0]LogInit: Compiled with Visual C++: 18.00.21005.01
[2015.09.19-04.28.55:324][  0]LogInit: Build Configuration: Development
[2015.09.19-04.28.55:324][  0]LogInit: Branch Name: ++depot+UE4-Releases+4.9
[2015.09.19-04.28.55:324][  0]LogInit: Command line:  
[2015.09.19-04.28.55:324][  0]LogInit: Base directory: C:/Program Files/Epic Games/4.9/Engine/Binaries/Win64/
[2015.09.19-04.28.55:324][  0]LogInit: Rocket: 1
[2015.09.19-04.28.55:333][  0]LogInit: Using libcurl 7.41.0
[2015.09.19-04.28.55:333][  0]LogInit:  - built for x86_64-pc-win32
[2015.09.19-04.28.55:333][  0]LogInit:  - supports SSL with WinSSL
[2015.09.19-04.28.55:333][  0]LogInit:  - other features:
[2015.09.19-04.28.55:333][  0]LogInit:      CURL_VERSION_SSL
[2015.09.19-04.28.55:333][  0]LogInit:      CURL_VERSION_IPV6
[2015.09.19-04.28.55:333][  0]LogInit:      CURL_VERSION_ASYNCHDNS
[2015.09.19-04.28.55:333][  0]LogInit:      CURL_VERSION_LARGEFILE
[2015.09.19-04.28.55:333][  0]LogInit:      CURL_VERSION_IDN
[2015.09.19-04.28.55:333][  0]LogInit:  CurlRequestOptions (configurable via config and command line):
[2015.09.19-04.28.55:333][  0]LogInit:  - bVerifyPeer = true  - Libcurl will verify peer certificate
[2015.09.19-04.28.55:333][  0]LogInit:  - bUseHttpProxy = false  - Libcurl will NOT use HTTP proxy
[2015.09.19-04.28.55:333][  0]LogInit:  - bDontReuseConnections = false  - Libcurl will reuse connections
[2015.09.19-04.28.55:333][  0]LogInit:  - CertBundlePath = nullptr  - Libcurl will use whatever was configured at build time.
[2015.09.19-04.28.55:340][  0]LogInit: Presizing for 0 objects not considered by GC, pre-allocating 0 bytes.
[2015.09.19-04.28.55:347][  0]LogInit: Object subsystem initialized
[2015.09.19-04.28.55:349][  0]LogInit: Selected Device Profile: [Windows]
[2015.09.19-04.28.55:349][  0]LogInit: Applying CVar settings loaded from the selected device profile: [Windows]
[2015.09.19-04.28.55:356][  0]LogInit: Computer: M543
[2015.09.19-04.28.55:356][  0]LogInit: User: kquigley
[2015.09.19-04.28.55:356][  0]LogInit: CPU Page size=4096, Cores=4
[2015.09.19-04.28.55:356][  0]LogInit: High frequency timer resolution =2.630781 MHz
[2015.09.19-04.28.55:356][  0]LogMemory: Memory total: Physical=15.9GB (16GB approx)
[2015.09.19-04.28.55:356][  0]LogMemory: Platform Memory Stats for Windows
[2015.09.19-04.28.55:356][  0]LogMemory: Process Physical Memory: 55.70 MB used, 55.70 MB peak
[2015.09.19-04.28.55:356][  0]LogMemory: Process Virtual Memory: 60.11 MB used, 60.11 MB peak
[2015.09.19-04.28.55:356][  0]LogMemory: Physical Memory: 5158.95 MB used, 16317.72 MB total
[2015.09.19-04.28.55:356][  0]LogMemory: Virtual Memory: 341.98 MB used, 8388608.00 MB total
[2015.09.19-04.28.55:396][  0]LogTextLocalizationManager: No specific translations for ('en-US') exist, so ('en') translations will be used.
[2015.09.19-04.28.56:029][  0]LogD3D11RHI: Found D3D11 adapter 0: AMD FirePro M4000 (Feature Level 11_0)
[2015.09.19-04.28.56:029][  0]LogD3D11RHI: Adapter has 995MB of dedicated video memory, 0MB of dedicated system memory, and 7902MB of shared system memory, 1 output[s]
[2015.09.19-04.28.56:029][  0]LogD3D11RHI: Chosen D3D11 Adapter Id = 0
[2015.09.19-04.28.56:034][  0]LogD3D11RHI: !Direct3DDevice
[2015.09.19-04.28.56:034][  0]LogRHI: Texture pool is 696 MB (70% of 995 MB)
[2015.09.19-04.28.56:061][  0]LogD3D11RHI: Async texture creation disabled: no driver support
[2015.09.19-04.28.56:071][  0]LogShaderCompilers: Guid format shader working directory is 15 characters bigger than the processId version (../../../../../../Users/Class2016/Documents/Unreal Projects/SR2L/Intermediate/Shaders/WorkingDirectory/3332/).
[2015.09.19-04.28.56:071][  0]LogShaderCompilers: Cleaned the shader compiler working directory '../../../../../../Users/Class2016/Documents/Unreal Projects/SR2L/Intermediate/Shaders/tmp/DFCAF3F94DB22B52CC1545820241BEDB/'.
[2015.09.19-04.28.56:071][  0]LogShaderCompilers:Display: Using Local Shader Compiler.
[2015.09.19-04.28.57:305][  0]LogTemp:Display: Loaded TP AllDesktopTargetPlatform
[2015.09.19-04.28.57:310][  0]LogTemp:Display: Loaded TP WindowsClientTargetPlatform
[2015.09.19-04.28.57:316][  0]LogTemp:Display: Loaded TP WindowsNoEditorTargetPlatform
[2015.09.19-04.28.57:321][  0]LogTemp:Display: Loaded TP WindowsServerTargetPlatform
[2015.09.19-04.28.57:326][  0]LogTemp:Display: Loaded TP WindowsTargetPlatform
[2015.09.19-04.28.57:330][  0]LogTemp:Display: Loaded TP AndroidTargetPlatform
[2015.09.19-04.28.57:333][  0]LogTemp:Display: Loaded TP Android_ASTCTargetPlatform
[2015.09.19-04.28.57:336][  0]LogTemp:Display: Loaded TP Android_ATCTargetPlatform
[2015.09.19-04.28.57:340][  0]LogTemp:Display: Loaded TP Android_DXTTargetPlatform
[2015.09.19-04.28.57:343][  0]LogTemp:Display: Loaded TP Android_ETC1TargetPlatform
[2015.09.19-04.28.57:346][  0]LogTemp:Display: Loaded TP Android_ETC2TargetPlatform
[2015.09.19-04.28.57:350][  0]LogTemp:Display: Loaded TP Android_PVRTCTargetPlatform
[2015.09.19-04.28.57:351][  0]LogTemp:Display: Loaded TP HTML5TargetPlatform
[2015.09.19-04.28.57:368][  0]LogTemp:Display: Loaded TP IOSTargetPlatform
[2015.09.19-04.28.57:372][  0]LogTemp:Display: Loaded TP LinuxNoEditorTargetPlatform
[2015.09.19-04.28.57:375][  0]LogTemp:Display: Loaded TP LinuxServerTargetPlatform
[2015.09.19-04.28.57:379][  0]LogTemp:Display: Loaded TP LinuxTargetPlatform
[2015.09.19-04.28.57:379][  0]LogTargetPlatformManager:Display: Building Assets For Windows
[2015.09.19-04.28.57:463][  0]LogDerivedDataCache:Display: Max Cache Size: 512 MB
[2015.09.19-04.28.57:506][  0]LogDerivedDataCache: Loaded boot cache 0.04s 41MB C:/Users/Class2016/AppData/Local/UnrealEngine/4.9/DerivedDataCache/Boot.ddc.
[2015.09.19-04.28.57:506][  0]LogDerivedDataCache:Display: Loaded Boot cache: C:/Users/Class2016/AppData/Local/UnrealEngine/4.9/DerivedDataCache/Boot.ddc
[2015.09.19-04.28.57:506][  0]LogDerivedDataCache: FDerivedDataBackendGraph:  Pak pak cache file ../../../../../../Users/Class2016/Documents/Unreal Projects/SR2L/DerivedDataCache/DDC.ddp not found, will not use a pak cache.
[2015.09.19-04.28.57:506][  0]LogDerivedDataCache: Unable to find inner node Pak for hierarchical cache Hierarchy.
[2015.09.19-04.28.57:506][  0]LogDerivedDataCache: FDerivedDataBackendGraph:  CompressedPak pak cache file ../../../../../../Users/Class2016/Documents/Unreal Projects/SR2L/DerivedDataCache/Compressed.ddp not found, will not use a pak cache.
[2015.09.19-04.28.57:506][  0]LogDerivedDataCache: Unable to find inner node CompressedPak for hierarchical cache Hierarchy.
[2015.09.19-04.28.57:658][  0]LogDerivedDataCache:Display: Pak cache opened for reading ../../../Engine/DerivedDataCache/Compressed.ddp.
[2015.09.19-04.28.57:670][  0]LogDerivedDataCache: Using Local data cache path C:/Users/Class2016/AppData/Local/UnrealEngine/Common/DerivedDataCache: Writable
[2015.09.19-04.28.57:863][  0]LogInit: Selected Device Profile: [Windows]
[2015.09.19-04.28.57:864][  0]LogContentStreaming: Texture pool size is 0.000000MB
[2015.09.19-04.28.57:890][  0]LogMeshUtilities: No automatic mesh reduction module available
[2015.09.19-04.28.57:890][  0]LogMeshUtilities: No automatic mesh merging module available
[2015.09.19-04.28.58:248][  0]LogInit: WinSock: version 1.1 (2.2), MaxSocks=32767, MaxUdp=65467
[2015.09.19-04.28.58:929][  0]UdpMessaging: Initializing bridge on interface 0.0.0.0:0 to multicast group 230.0.0.1:6666.
[2015.09.19-04.28.59:022][  0]LogAssetRegistry: FAssetRegistry took 0.0100 seconds to start up
[2015.09.19-04.28.59:201][  0]SourceControl: Info Source control is disabled
[2015.09.19-04.28.59:230][  0]SourceControl: Info Source control is disabled
[2015.09.19-04.28.59:241][  0]SourceControl: Info Source control is disabled
[2015.09.19-04.28.59:252][  0]SourceControl: Info Source control is disabled
[2015.09.19-04.28.59:392][  0]LogLinker:Warning: Asset '../../../Engine/Plugins/Runtime/LeapMotionController/Content/LM_PassthroughMaterial.uasset' has been saved with empty engine version. The asset will be loaded but may be incompatible.
[2015.09.19-04.28.59:471][  0]LogObj: 28361 objects as part of root set at end of initial load.
[2015.09.19-04.28.59:471][  0]LogUObjectAllocator: 6038872 out of 0 bytes used by permanent object pool.
[2015.09.19-04.28.59:528][  0]LogEngine: Initializing Engine...
[2015.09.19-04.28.59:530][  0]LogHMD: Can't find Oculus library dev build: is proper Runtime installed? Version: 0.7.0.0
[2015.09.19-04.28.59:541][  0]LogHMD: SteamVR failed to initialize.  Err: 108
[2015.09.19-04.28.59:671][  0]LogAIModule: Creating AISystem for world NewWorld
[2015.09.19-04.28.59:678][  0]LogInit: XAudio2 using 'Speakers / HP (IDT High Definition Audio CODEC)' : 2 channels at 48 kHz using 16 bits per sample (channel mask 0x3)
[2015.09.19-04.28.59:750][  0]LogInit: FAudioDevice initialized.
[2015.09.19-04.28.59:772][  0]LogDerivedDataCache: Saved boot cache 0.02s 41MB C:/Users/Class2016/AppData/Local/UnrealEngine/4.9/DerivedDataCache/Boot.ddc.
[2015.09.19-04.28.59:774][  0]LogInit: Texture streaming: Enabled
[2015.09.19-04.28.59:780][  0]LogAnalytics: Creating configured Analytics provider AnalyticsET
[2015.09.19-04.28.59:780][  0]LogAnalytics: [UEEditor.Rocket.Release] APIServer = http://et2.epicgames.com/ET2/. AppVersion = 4.9.1-2689999+++depot+UE4-Releases+4.9
[2015.09.19-04.28.59:780][  0]LogAnalytics: [UEEditor.Rocket.Release] SetUserId f06af28e44af78c68f6fb4b9c978cff0|1399726e6de04195913aee01235a0998|b027d75e-97b4-46e0-b1fb-f0de01022484
[2015.09.19-04.28.59:780][  0]LogAnalytics: [UEEditor.Rocket.Release] AnalyticsET::StartSession
[2015.09.19-04.28.59:802][  0]LogInit: Transaction tracking system initialized
[2015.09.19-04.28.59:832][  0]BlueprintLog: New page: Editor Load
[2015.09.19-04.28.59:913][  0]LocalizationService: Info Localization service is disabled
[2015.09.19-04.28.59:972][  0]LogLinker:Warning: Can't find file '/Game/ThirdPerson/ThirdPersonOverview'
[2015.09.19-04.28.59:972][  0]LogLinker:Warning: Can't find file '/Game/ThirdPerson/ThirdPersonOverview'
[2015.09.19-04.28.59:972][  0]LogUObjectGlobals:Warning: Failed to find object 'Class /Game/ThirdPerson/ThirdPersonOverview.ThirdPersonOverview_C'
[2015.09.19-04.29.00:147][  0]LogConsoleResponse:Display: 
[2015.09.19-04.29.00:265][  0]LogCook:Display: Done creating registry. It took  0.00s.
[2015.09.19-04.29.00:318][  0]LogFileCache: Scanning file cache for directory 'C:/Users/Class2016/Documents/Unreal Projects/SR2L/Content/' took 0.01s
[2015.09.19-04.29.00:318][  0]SourceControl: Info Source control is disabled
[2015.09.19-04.29.00:318][  0]Cmd: MAP LOAD FILE="../../../../../../Users/Class2016/Documents/Unreal Projects/SR2L/Content/VehicleAdvBP/Maps/VehicleAdvExampleMap.umap" TEMPLATE=0 SHOWPROGRESS=1 FEATURELEVEL=3
[2015.09.19-04.29.00:318][  0]LightingResults: New page: Lighting Build
[2015.09.19-04.29.00:321][  0]MapCheck: New page: Map Check
[2015.09.19-04.29.00:321][  0]LightingResults: New page: Lighting Build
[2015.09.19-04.29.00:331][  0]LogParticles: Destroying 0 GPU particle simulations for FXSystem 0x0000000020C8A160
[2015.09.19-04.29.00:870][  0]LogLinker:Warning: Asset '../../../../../../Users/Class2016/Documents/Unreal Projects/SR2L/Content/VehicleAdvBP/Maps/LayerInfo/Desert_LayerInfo.uasset' has been saved with empty engine version. The asset will be loaded but may be incompatible.
[2015.09.19-04.29.00:871][  0]LogLinker:Warning: Asset '../../../../../../Users/Class2016/Documents/Unreal Projects/SR2L/Content/VehicleAdvBP/Maps/LayerInfo