[2015.09.20-18.45.10:904][  0]Log file open, 09/20/15 14:45:10
[2015.09.20-18.45.10:904][  0]LogInit:Display: Running engine for game: SR2L
[2015.09.20-18.45.10:904][  0]LogInit:Display: RandInit(-378507163) SRandInit(-378507163).
[2015.09.20-18.45.10:904][  0]LogTaskGraph: Started task graph with 4 named threads and 7 total threads.
[2015.09.20-18.45.10:904][  0]LogStats: Stats thread started at 0.081704
[2015.09.20-18.45.10:905][  0]LogInit: Version: 4.9.1-2689999+++depot+UE4-Releases+4.9
[2015.09.20-18.45.10:905][  0]LogInit: API Version: 2672455
[2015.09.20-18.45.10:905][  0]LogInit: Compiled (64-bit): Sep 14 2015 04:12:03
[2015.09.20-18.45.10:905][  0]LogInit: Compiled with Visual C++: 18.00.21005.01
[2015.09.20-18.45.10:905][  0]LogInit: Build Configuration: Development
[2015.09.20-18.45.10:905][  0]LogInit: Branch Name: ++depot+UE4-Releases+4.9
[2015.09.20-18.45.10:905][  0]LogInit: Command line:  
[2015.09.20-18.45.10:905][  0]LogInit: Base directory: C:/Program Files/Epic Games/4.9/Engine/Binaries/Win64/
[2015.09.20-18.45.10:905][  0]LogInit: Rocket: 1
[2015.09.20-18.45.10:917][  0]LogInit: Using libcurl 7.41.0
[2015.09.20-18.45.10:917][  0]LogInit:  - built for x86_64-pc-win32
[2015.09.20-18.45.10:917][  0]LogInit:  - supports SSL with WinSSL
[2015.09.20-18.45.10:917][  0]LogInit:  - other features:
[2015.09.20-18.45.10:917][  0]LogInit:      CURL_VERSION_SSL
[2015.09.20-18.45.10:917][  0]LogInit:      CURL_VERSION_IPV6
[2015.09.20-18.45.10:917][  0]LogInit:      CURL_VERSION_ASYNCHDNS
[2015.09.20-18.45.10:917][  0]LogInit:      CURL_VERSION_LARGEFILE
[2015.09.20-18.45.10:917][  0]LogInit:      CURL_VERSION_IDN
[2015.09.20-18.45.10:917][  0]LogInit:  CurlRequestOptions (configurable via config and command line):
[2015.09.20-18.45.10:917][  0]LogInit:  - bVerifyPeer = true  - Libcurl will verify peer certificate
[2015.09.20-18.45.10:917][  0]LogInit:  - bUseHttpProxy = false  - Libcurl will NOT use HTTP proxy
[2015.09.20-18.45.10:917][  0]LogInit:  - bDontReuseConnections = false  - Libcurl will reuse connections
[2015.09.20-18.45.10:917][  0]LogInit:  - CertBundlePath = nullptr  - Libcurl will use whatever was configured at build time.
[2015.09.20-18.45.10:926][  0]LogInit: Presizing for 0 objects not considered by GC, pre-allocating 0 bytes.
[2015.09.20-18.45.10:932][  0]LogInit: Object subsystem initialized
[2015.09.20-18.45.10:933][  0]LogInit: Selected Device Profile: [Windows]
[2015.09.20-18.45.10:933][  0]LogInit: Applying CVar settings loaded from the selected device profile: [Windows]
[2015.09.20-18.45.10:941][  0]LogInit: Computer: ADAM-ASUS
[2015.09.20-18.45.10:941][  0]LogInit: User: Adam
[2015.09.20-18.45.10:941][  0]LogInit: CPU Page size=4096, Cores=4
[2015.09.20-18.45.10:941][  0]LogInit: High frequency timer resolution =2.338344 MHz
[2015.09.20-18.45.10:941][  0]LogMemory: Memory total: Physical=15.8GB (16GB approx)
[2015.09.20-18.45.10:941][  0]LogMemory: Platform Memory Stats for Windows
[2015.09.20-18.45.10:941][  0]LogMemory: Process Physical Memory: 54.48 MB used, 54.48 MB peak
[2015.09.20-18.45.10:941][  0]LogMemory: Process Virtual Memory: 55.36 MB used, 55.36 MB peak
[2015.09.20-18.45.10:941][  0]LogMemory: Physical Memory: 3149.00 MB used, 16203.17 MB total
[2015.09.20-18.45.10:941][  0]LogMemory: Virtual Memory: 364.62 MB used, 134217728.00 MB total
[2015.09.20-18.45.10:981][  0]LogTextLocalizationManager: No specific translations for ('en-US') exist, so ('en') translations will be used.
[2015.09.20-18.45.11:564][  0]LogD3D11RHI: Found D3D11 adapter 0: NVIDIA GeForce GT 750M (Feature Level 11_0)
[2015.09.20-18.45.11:564][  0]LogD3D11RHI: Adapter has 1992MB of dedicated video memory, 0MB of dedicated system memory, and 8101MB of shared system memory, 1 output[s]
[2015.09.20-18.45.11:570][  0]LogD3D11RHI: Found D3D11 adapter 1: Intel(R) HD Graphics 4600 (Feature Level 11_0)
[2015.09.20-18.45.11:571][  0]LogD3D11RHI: Adapter has 112MB of dedicated video memory, 0MB of dedicated system memory, and 8101MB of shared system memory, 0 output[s]
[2015.09.20-18.45.11:573][  0]LogD3D11RHI: Found D3D11 adapter 2: Microsoft Basic Render Driver (Feature Level 11_0)
[2015.09.20-18.45.11:573][  0]LogD3D11RHI: Adapter has 0MB of dedicated video memory, 0MB of dedicated system memory, and 8101MB of shared system memory, 0 output[s]
[2015.09.20-18.45.11:573][  0]LogD3D11RHI: Chosen D3D11 Adapter Id = 0
[2015.09.20-18.45.11:577][  0]LogD3D11RHI: !Direct3DDevice
[2015.09.20-18.45.11:577][  0]LogRHI: Texture pool is 1361 MB (70% of 1945 MB)
[2015.09.20-18.45.11:593][  0]LogD3D11RHI: Async texture creation enabled
[2015.09.20-18.45.11:610][  0]LogShaderCompilers: Guid format shader working directory is 16 characters bigger than the processId version (../../../../../../Users/Adam/Documents/Unreal Projects/SR2L/Intermediate/Shaders/WorkingDirectory/816/).
[2015.09.20-18.45.11:611][  0]LogShaderCompilers: Cleaned the shader compiler working directory '../../../../../../Users/Adam/Documents/Unreal Projects/SR2L/Intermediate/Shaders/tmp/FAD034E241E5B58D2E90F78B4D4F83E8/'.
[2015.09.20-18.45.11:611][  0]LogShaderCompilers:Display: Using Local Shader Compiler.
[2015.09.20-18.45.12:667][  0]LogTemp:Display: Loaded TP AllDesktopTargetPlatform
[2015.09.20-18.45.12:674][  0]LogTemp:Display: Loaded TP WindowsClientTargetPlatform
[2015.09.20-18.45.12:680][  0]LogTemp:Display: Loaded TP WindowsNoEditorTargetPlatform
[2015.09.20-18.45.12:686][  0]LogTemp:Display: Loaded TP WindowsServerTargetPlatform
[2015.09.20-18.45.12:692][  0]LogTemp:Display: Loaded TP WindowsTargetPlatform
[2015.09.20-18.45.12:696][  0]LogTemp:Display: Loaded TP AndroidTargetPlatform
[2015.09.20-18.45.12:700][  0]LogTemp:Display: Loaded TP Android_ASTCTargetPlatform
[2015.09.20-18.45.12:703][  0]LogTemp:Display: Loaded TP Android_ATCTargetPlatform
[2015.09.20-18.45.12:707][  0]LogTemp:Display: Loaded TP Android_DXTTargetPlatform
[2015.09.20-18.45.12:710][  0]LogTemp:Display: Loaded TP Android_ETC1TargetPlatform
[2015.09.20-18.45.12:714][  0]LogTemp:Display: Loaded TP Android_ETC2TargetPlatform
[2015.09.20-18.45.12:718][  0]LogTemp:Display: Loaded TP Android_PVRTCTargetPlatform
[2015.09.20-18.45.12:718][  0]LogTemp:Display: Loaded TP HTML5TargetPlatform
[2015.09.20-18.45.12:737][  0]LogTemp:Display: Loaded TP IOSTargetPlatform
[2015.09.20-18.45.12:740][  0]LogTemp:Display: Loaded TP LinuxNoEditorTargetPlatform
[2015.09.20-18.45.12:744][  0]LogTemp:Display: Loaded TP LinuxServerTargetPlatform
[2015.09.20-18.45.12:748][  0]LogTemp:Display: Loaded TP LinuxTargetPlatform
[2015.09.20-18.45.12:748][  0]LogTargetPlatformManager:Display: Building Assets For Windows
[2015.09.20-18.45.12:853][  0]LogDerivedDataCache:Display: Max Cache Size: 512 MB
[2015.09.20-18.45.12:895][  0]LogDerivedDataCache: Loaded boot cache 0.04s 41MB C:/Users/Adam/AppData/Local/UnrealEngine/4.9/DerivedDataCache/Boot.ddc.
[2015.09.20-18.45.12:895][  0]LogDerivedDataCache:Display: Loaded Boot cache: C:/Users/Adam/AppData/Local/UnrealEngine/4.9/DerivedDataCache/Boot.ddc
[2015.09.20-18.45.12:895][  0]LogDerivedDataCache: FDerivedDataBackendGraph:  Pak pak cache file ../../../../../../Users/Adam/Documents/Unreal Projects/SR2L/DerivedDataCache/DDC.ddp not found, will not use a pak cache.
[2015.09.20-18.45.12:895][  0]LogDerivedDataCache: Unable to find inner node Pak for hierarchical cache Hierarchy.
[2015.09.20-18.45.12:896][  0]LogDerivedDataCache: FDerivedDataBackendGraph:  CompressedPak pak cache file ../../../../../../Users/Adam/Documents/Unreal Projects/SR2L/DerivedDataCache/Compressed.ddp not found, will not use a pak cache.
[2015.09.20-18.45.12:896][  0]LogDerivedDataCache: Unable to find inner node CompressedPak for hierarchical cache Hierarchy.
[2015.09.20-18.45.13:033][  0]LogDerivedDataCache:Display: Pak cache opened for reading ../../../Engine/DerivedDataCache/Compressed.ddp.
[2015.09.20-18.45.13:045][  0]LogDerivedDataCache: Using Local data cache path C:/Users/Adam/AppData/Local/UnrealEngine/Common/DerivedDataCache: Writable
[2015.09.20-18.45.13:230][  0]LogInit: Selected Device Profile: [Windows]
[2015.09.20-18.45.13:232][  0]LogContentStreaming: Texture pool size is 0.000000MB
[2015.09.20-18.45.13:360][  0]LogMeshUtilities: No automatic mesh reduction module available
[2015.09.20-18.45.13:360][  0]LogMeshUtilities: No automatic mesh merging module available
[2015.09.20-18.45.13:602][  0]LogInit: WinSock: version 1.1 (2.2), MaxSocks=32767, MaxUdp=65467
[2015.09.20-18.45.14:492][  0]UdpMessaging: Initializing bridge on interface 0.0.0.0:0 to multicast group 230.0.0.1:6666.
[2015.09.20-18.45.14:598][  0]LogAssetRegistry: FAssetRegistry took 0.0113 seconds to start up
[2015.09.20-18.45.14:778][  0]SourceControl: Info Source control is disabled
[2015.09.20-18.45.14:779][  0]SourceControl: Info Source control is disabled
[2015.09.20-18.45.14:793][  0]SourceControl: Info Source control is disabled
[2015.09.20-18.45.14:807][  0]SourceControl: Info Source control is disabled
[2015.09.20-18.45.15:003][  0]LogLinker:Warning: Asset '../../../Engine/Plugins/Runtime/LeapMotionController/Content/LM_PassthroughMaterial.uasset' has been saved with empty engine version. The asset will be loaded but may be incompatible.
[2015.09.20-18.45.15:101][  0]LogObj: 28361 objects as part of root set at end of initial load.
[2015.09.20-18.45.15:101][  0]LogUObjectAllocator: 6038872 out of 0 bytes used by permanent object pool.
[2015.09.20-18.45.15:157][  0]LogEngine: Initializing Engine...
[2015.09.20-18.45.15:161][  0]LogHMD: Can't find Oculus library dev build: is proper Runtime installed? Version: 0.7.0.0
[2015.09.20-18.45.15:161][  0]LogHMD: SteamVR failed to initialize.  Err: 110
[2015.09.20-18.45.15:280][  0]LogAIModule: Creating AISystem for world NewWorld
[2015.09.20-18.45.15:286][  0]LogInit: XAudio2 using 'Speakers (Realtek High Definition Audio)' : 2 channels at 48 kHz using 32 bits per sample (channel mask 0x3)
[2015.09.20-18.45.15:300][  0]LogAudio:Warning: CreateMasteringVoice error: Unhandled error code -2004287478
[2015.09.20-18.45.15:300][  0]LogInit:Warning: Failed to create the mastering voice for XAudio2
[2015.09.20-18.45.15:319][  0]LogDerivedDataCache: Saved boot cache 0.02s 41MB C:/Users/Adam/AppData/Local/UnrealEngine/4.9/DerivedDataCache/Boot.ddc.
[2015.09.20-18.45.15:322][  0]LogInit: Texture streaming: Enabled
[2015.09.20-18.45.15:329][  0]LogAnalytics: Creating configured Analytics provider AnalyticsET
[2015.09.20-18.45.15:329][  0]LogAnalytics: [UEEditor.Rocket.Release] APIServer = http://et2.epicgames.com/ET2/. AppVersion = 4.9.1-2689999+++depot+UE4-Releases+4.9
[2015.09.20-18.45.15:329][  0]LogAnalytics: [UEEditor.Rocket.Release] SetUserId b6aeed064c5facbea2fec1a4dfb34289|e8dad8564e6d4f898fb2f14da66fe74c|e1a63e55-60ec-4585-be06-279f35335c9b
[2015.09.20-18.45.15:330][  0]LogAnalytics: [UEEditor.Rocket.Release] AnalyticsET::StartSession
[2015.09.20-18.45.15:341][  0]LogWindowsTextInputMethodSystem:Display: IME system now deactivated.
[2015.09.20-18.45.15:341][  0]LogWindowsTextInputMethodSystem:Display: IME system now deactivated.
[2015.09.20-18.45.15:389][  0]LogInit: Transaction tracking system initialized
[2015.09.20-18.45.15:425][  0]BlueprintLog: New page: Editor Load
[2015.09.20-18.45.15:527][  0]LocalizationService: Info Localization service is disabled
[2015.09.20-18.45.15:612][  0]LogConsoleResponse:Display: 
[2015.09.20-18.45.15:724][  0]LogCook:Display: Done creating registry. It took  0.00s.
[2015.09.20-18.45.15:796][  0]LogFileCache: Scanning file cache for directory 'C:/Users/Adam/Documents/Unreal Projects/SR2L/Content/' took 0.01s
[2015.09.20-18.45.15:796][  0]SourceControl: Info Source control is disabled
[2015.09.20-18.45.15:796][  0]Cmd: MAP LOAD FILE="../../../../../../Users/Adam/Documents/Unreal Projects/SR2L/Content/VehicleAdvBP/Maps/VehicleAdvExampleMap.umap" TEMPLATE=0 SHOWPROGRESS=1 FEATURELEVEL=3
[2015.09.20-18.45.15:796][  0]LightingResults: New page: Lighting Build
[2015.09.20-18.45.15:801][  0]MapCheck: New page: Map Check
[2015.09.20-18.45.15:801][  0]LightingResults: New page: Lighting Build
[2015.09.20-18.45.15:813][  0]LogParticles: Destroying 0 GPU particle simulations for FXSystem 0x000000431F258400
[2015.09.20-18.45.16:372][  0]LogLinker:Warning: Asset '../../../../../../Users/Adam/Documents/Unreal Projects/SR2L/Content/VehicleAdvBP/Maps/LayerInfo/Desert_LayerInfo.uasset' has been saved with empty engine version. The asset will be loaded but may be incompatible.
[2015.09.20-18.45.16:373][  0]LogLinker:Warning: Asset '../../../../../../Users/Adam/Documents/Unreal Projects/SR2L/Content/VehicleAdvBP/Maps/LayerInfo/Track_LayerInfo.uasset' has been saved with empty engine version. The asset will be loaded but may be incompatible.
[2015.09.20-18.45.16:852][  0]LogAIModule: Creating AISystem for world VehicleAdvExampleMap
[2015.09.20-18.45.17:218][  0]LogEditorServer: Finished looking for orphan Actors (0.000 secs)
[2015.09.20-18.45.17:218][  0]Cmd: MAP CHECKDEP NOCLEARLOG
[2015.09.20-18.45.17:321][  0]MapCheck: Info Map check complete: 0 Error(s), 0 Warning(s), took 102.458ms to complete.
[2015.09.20-18.45.17:321][  0]LogFileHelpers: Loading map 'VehicleAdvExampleMap' took 1.525
[2015.09.20-18.45.17:427][  0]LogCollectionManager: Loaded 0 collections in 0.002785 seconds
[2015.09.20-18.45.17:473][  0]LogFileCache: Scanning file cache for directory 'C:/Users/Adam/Documents/Unreal Projects/SR2L/Saved/Collections/' took 0.01s
[2015.09.20-18.45.17:473][  0]LogFileCache: Scanning file cache for directory 'C:/Users/Adam/Documents/Unreal Projects/SR2L/Content/Developers/Adam/Collections/' took 0.01s
[2015.09.20-18.45.17:473][  0]LogFileCache: Scanning file cache for directory 'C:/Users/Adam/Documents/Unreal Projects/SR2L/Content/Collections/' took 0.01s
[2015.09.20-18.45.17:473][  0]LogContentBrowser: Native class hierarchy populated in 0.0117 seconds. Added 1867 classes and 333 folders.
[2015.09.20-18.45.17:481][  0]LogCollectionManager: Rebuilt the GUID cache for 0 collections in 0.000003 seconds
[2015.09.20-18.45.17:492][  0]LogContentBrowser: Native class hierarchy updated for 'WidgetCarousel' in 0.0003 seconds. Added 0 classes and 0 folders.
[2015.09.20-18.45.17:561][  0]LogContentBrowser: Native class hierarchy updated for 'AddContentDialog' in 0.0003 seconds. Added 0 classes and 0 folders.
[2015.09.20-18.45.17:566][  0]LogContentBrowser: Native class hierarchy updated for 'SceneOutliner' in 0.0003 seconds. Added 1 classes and 2 folders.
[2015.09.20-18.45.17:599][  0]LogCrashTracker: Crashtracker disabled due to settings.
[2015.09.20-18.45.17:604][  0]LogUObjectGlobals:Warning: Failed to find object 'Class None.'
[2015.09.20-18.45.17:627][  0]LogLoad: Full Startup: 7.24 seconds (BP compile: 0.19 seconds)
[2015.09.20-18.45.17:703][  0]LogContentStreaming: Texture pool size now 400 MB
[2015.09.20-18.45.17:852][  0]LogRenderer: Reallocating scene render targets to support 1208x576 (Frame:2).
[2015.09.20-18.45.17:906][  1]Cmd: UpdateLandscapeEditorData -warnings
[2015.09.20-18.45.18:121][  5]LogAssetRegistry: Asset discovery search completed in 3.5348 seconds
[2015.09.20-18.45.18:122][  5]LogCollectionManager: Rebuilt the object cache for 0 collections in 0.000002 seconds (found 0 objects)
[2015.09.20-18.45.18:122][  5]LogCollectionManager: Fixed up redirectors for 0 collections in 0.000035 seconds (updated 0 objects)
[2015.09.20-18.45.22:134][224]LogActorComponent: UnregisterComponent: (/Engine/Transient.MovementComp) Not registered. Aborting.
[2015.09.20-18.45.22:168][224]Cmd: MAP LOAD FILE="../../../../../../Users/Adam/Documents/Unreal Projects/SR2L/Content/VehicleAdvBP/Maps/Template.umap" TEMPLATE=0 SHOWPROGRESS=1 FEATURELEVEL=3
[2015.09.20-18.45.22:200][224]LightingResults: New page: Lighting Build
[2015.09.20-18.45.22:226][224]LoadErrors: New page: Loading map: Template.umap
[2015.09.20-18.45.22:227][224]MapCheck: New page: Map Check
[2015.09.20-18.45.22:227][224]LightingResults: New page: Lighting Build
[2015.09.20-18.45.22:240][224]LogParticles: Destroying 0 GPU particle simulations for FXSystem 0x0000004327FB3560
[2015.09.20-18.45.22:424][224]LogAIModule: Creating AISystem for world Template
[2015.09.20-18.45.22:551][224]LogEditorServer: Finished looking for orphan Actors (0.000 secs)
[2015.09.20-18.45.22:589][224]Cmd: MAP CHECKDEP NOCLEARLOG
[2015.09.20-18.45.22:687][224]MapCheck: Info Map check complete: 0 Error(s), 0 Warning(s), took 97.894ms to complete.
[2015.09.20-18.45.22:687][224]LogFileHelpers: Loading map 'Template' took 0.521
[2015.09.20-18.45.22:713][225]Cmd: UpdateLandscapeEditorData
[2015.09.20-18.45.22:713][225]Cmd: UpdateLandscapeEditorData -warnings
[2015.09.20-18.45.23:998][301]LogEditorViewport: Clicking on Actor (LMB): Landscape (Landscape1)
[2015.09.20-18.45.26:737][422]LogEditorViewport: Clicking on Actor (LMB): Landscape (Landscape1)
[2015.09.20-18.45.27:717][466]Cmd: DELETE
[2015.09.20-18.45.27:717][466]Cmd: ACTOR DELETE
[2015.09.20-18.45.27:719][466]LogEditorActor: Deleted Actor: Landscape
[2015.09.20-18.45.27:762][466]LogActorComponent: UnregisterComponent: (/Engine/Transient.MovementComp) Not registered. Aborting.
[2015.09.20-18.45.27:776][466]LogEditorActor: Deleted 1 Actors (0.059 secs)
[2015.09.20-18.45.27:781][467]Cmd: UpdateLandscapeEditorData
[2015.09.20-18.45.29:383][562]LogPlayLevel: PlayLevel: No blueprints needed recompiling
[2015.09.20-18.45.29:384][562]PIE: New page: PIE session: Template (Sep 20, 2015, 10:45:29 AM)
[2015.09.20-18.45.29:384][562]LogPlayLevel: Creating play world package: /Game/VehicleAdvBP/Maps/UEDPIE_0_Template
[2015.09.20-18.45.29:392][562]LogPlayLevel: PIE: StaticDuplicateObject took: (0.007853s)
[2015.09.20-18.45.29:392][562]LogAIModule: Creating AISystem for world Template
[2015.09.20-18.45.29:392][562]LogPlayLevel: PIE: World Init took: (0.000604s)
[2015.09.20-18.45.29:392][562]LogPlayLevel: PIE: Created PIE world by copying editor world from /Game/VehicleAdvBP/Maps/Template.Template to /Game/VehicleAdvBP/Maps/UEDPIE_0_Template.Template (0.008627s)
[2015.09.20-18.45.29:460][562]LogWorld: Game class is 'VehicleAdvGameMode_C'
[2015.09.20-18.45.29:469][562]LogWorld: Bringing World /Game/VehicleAdvBP/Maps/UEDPIE_0_Template.Template up for play (max tick rate 60) at 2015.09.20-14.45.29
[2015.09.20-18.45.29:469][562]LogActor:Warning: GameSession /Game/VehicleAdvBP/Maps/UEDPIE_0_Template.Template:PersistentLevel.GameSession_0 has natively added scene component(s), but none of them were set as the actor's RootComponent - picking one arbitrarily
[2015.09.20-18.45.29:469][562]LogActor:Warning: GameNetworkManager /Game/VehicleAdvBP/Maps/UEDPIE_0_Template.Template:PersistentLevel.GameNetworkManager_0 has natively added scene component(s), but none of them were set as the actor's RootComponent - picking one arbitrarily
[2015.09.20-18.45.29:471][562]LogWorld: Bringing up level for play took: 0.006445
[2015.09.20-18.45.29:495][562]PIE: Info Play in editor start time for /Game/VehicleAdvBP/Maps/UEDPIE_0_Template 0.613
[2015.09.20-18.45.29:513][563]LogRenderer: Reallocating scene render targets to support 1208x612 (Frame:734).
[2015.09.20-18.46.56:542][632]LogParticles: Destroying 0 GPU particle simulations for FXSystem 0x00000043280127A0
[2015.09.20-18.46.57:488][673]LogSavePackage: Save=81.937042ms
[2015.09.20-18.46.57:488][673]LogSavePackage: Moving '../../../../../../Users/Adam/Documents/Unreal Projects/SR2L/Saved/Template76FC68EE4B9146779BCAED8778A7610F.tmp' to '../../../../../../Users/Adam/Documents/Unreal Projects/SR2L/Content/VehicleAdvBP/Maps/Template.umap'
[2015.09.20-18.46.57:491][673]LogSavePackage: Total save time: 98.307606ms
[2015.09.20-18.46.57:491][673]LogSavePackage:Warning: Finished SavePackage ../../../../../../Users/Adam/Documents/Unreal Projects/SR2L/Content/VehicleAdvBP/Maps/Template.umap
[2015.09.20-18.46.57:522][673]LogFileHelpers: Saving map 'Template' took 0.242
[2015.09.20-18.46.59:849][812]LogPlayLevel: PlayLevel: No blueprints needed recompiling
[2015.09.20-18.46.59:849][812]PIE: New page: PIE session: Template (Sep 20, 2015, 10:46:59 AM)
[2015.09.20-18.46.59:849][812]LogPlayLevel: Creating play world package: /Game/VehicleAdvBP/Maps/UEDPIE_0_Template
[2015.09.20-18.46.59:857][812]LogPlayLevel: PIE: StaticDuplicateObject took: (0.007576s)
[2015.09.20-18.46.59:857][812]LogAIModule: Creating AISystem for world Template
[2015.09.20-18.46.59:858][812]LogPlayLevel: PIE: World Init took: (0.000677s)
[2015.09.20-18.46.59:858][812]LogPlayLevel: PIE: Created PIE world by copying editor world from /Game/VehicleAdvBP/Maps/Template.Template to /Game/VehicleAdvBP/Maps/UEDPIE_0_Template.Template (0.008415s)
[2015.09.20-18.46.59:915][812]LogWorld: Game class is 'VehicleAdvGameMode_C'
[2015.09.20-18.46.59:928][812]LogWorld: Bringing World /Game/VehicleAdvBP/Maps/UEDPIE_0_Template.Template up for play (max tick rate 60) at 2015.09.20-14.46.59
[2015.09.20-18.46.59:928][812]LogActor:Warning: GameSession /Game/VehicleAdvBP/Maps/UEDPIE_0_Template.Template:PersistentLevel.GameSession_1 has natively added scene component(s), but none of them were set as the actor's RootComponent - picking one arbitrarily
[2015.09.20-18.46.59:928][812]LogActor:Warning: GameNetworkManager /Game/VehicleAdvBP/Maps/UEDPIE_0_Template.Template:PersistentLevel.GameNetworkManager_1 has natively added scene component(s), but none of them were set as the actor's RootComponent - picking one arbitrarily
[2015.09.20-18.46.59:929][812]LogWorld: Bringing up level for play took: 0.005901
[2015.09.20-18.46.59:951][812]PIE: Info Play in editor start time for /Game/VehicleAdvBP/Maps/UEDPIE_0_Template 1.069
[2015.09.20-18.46.59:968][813]Cmd: UpdateLandscapeEditorData
[2015.09.20-18.47.04:509][ 81]LogParticles: Destroying 0 GPU particle simulations for FXSystem 0x000000431011B1A0
[2015.09.20-18.47.19:765][989]Cmd: POLY SELECT ADJACENT COPLANARS
[2015.09.20-18.47.20:026][  4]Cmd: POLY SELECT ADJACENT ALL
[2015.09.20-18.47.39:430][135]LogEditorViewport: Clicking on Actor (LMB): StaticMeshActor (Skybox)
[2015.09.20-18.47.40:794][212]LogPlayLevel: PlayLevel: No blueprints needed recompiling
[2015.09.20-18.47.40:794][212]PIE: New page: PIE session: Template (Sep 20, 2015, 10:47:40 AM)
[2015.09.20-18.47.40:794][212]LogPlayLevel: Creating play world package: /Game/VehicleAdvBP/Maps/UEDPIE_0_Template
[2015.09.20-18.47.40:802][212]LogPlayLevel: PIE: StaticDuplicateObject took: (0.007532s)
[2015.09.20-18.47.40:803][212]LogAIModule: Creating AISystem for world Template
[2015.09.20-18.47.40:803][212]LogPlayLevel: PIE: World Init took: (0.000819s)
[2015.09.20-18.47.40:803][212]LogPlayLevel: PIE: Created PIE world by copying editor world from /Game/VehicleAdvBP/Maps/Template.Template to /Game/VehicleAdvBP/Maps/UEDPIE_0_Template.Template (0.008610s)
[2015.09.20-18.47.40:803][212]LogActorComponent: UnregisterComponent: (/Engine/Transient.MovementComp) Not registered. Aborting.
[2015.09.20-18.47.40:855][212]LogWorld: Game class is 'VehicleAdvGameMode_C'
[2015.09.20-18.47.40:864][212]LogWorld: Bringing World /Game/VehicleAdvBP/Maps/UEDPIE_0_Template.Template up for play (max tick rate 60) at 2015.09.20-14.47.40
[2015.09.20-18.47.40:864][212]LogActor:Warning: GameSession /Game/VehicleAdvBP/Maps/UEDPIE_0_Template.Template:PersistentLevel.GameSession_2 has natively added scene component(s), but none of them were set as the actor's RootComponent - picking one arbitrarily
[2015.09.20-18.47.40:864][212]LogActor:Warning: GameNetworkManager /Game/VehicleAdvBP/Maps/UEDPIE_0_Template.Template:PersistentLevel.GameNetworkManager_2 has natively added scene component(s), but none of them were set as the actor's RootComponent - picking one arbitrarily
[2015.09.20-18.47.40:865][212]LogWorld: Bringing up level for play took: 0.005837
[2015.09.20-18.47.40:886][212]PIE: Info Play in editor start time for /Game/VehicleAdvBP/Maps/UEDPIE_0_Template 0.005
[2015.09.20-18.47.45:988][512]LogParticles: Destroying 0 GPU particle simulations for FXSystem 0x000000430F0AF600
[2015.09.20-18.48.08:296][710]Cmd: OBJ SAVEPACKAGE PACKAGE="/Game/VehicleAdvBP/Materials/Black_Mat" FILE="../../../../../../Users/Adam/Documents/Unreal Projects/SR2L/Content/VehicleAdvBP/Materials/Black_Mat.uasset" SILENT=true
[2015.09.20-18.48.08:307][710]LogSavePackage: Save=9.533242ms
[2015.09.20-18.48.08:307][710]LogSavePackage: Moving '../../../../../../Users/Adam/Documents/Unreal Projects/SR2L/Saved/Black_MatEA8CE2F14DF93B49F36AF0AAF6F0DA8D.tmp' to '../../../../../../Users/Adam/Documents/Unreal Projects/SR2L/Content/VehicleAdvBP/Materials/Black_Mat.uasset'
[2015.09.20-18.48.08:309][710]LogSavePackage: Total save time: 12.023035ms
[2015.09.20-18.48.08:309][710]LogSavePackage:Warning: Finished SavePackage ../../../../../../Users/Adam/Documents/Unreal Projects/SR2L/Content/VehicleAdvBP/Materials/Black_Mat.uasset
[2015.09.20-18.48.16:286][181]LogParticles: Destroying 0 GPU particle simulations for FXSystem 0x000000430DE716C0
[2015.09.20-18.48.16:524][181]LogSavePackage: Save=79.030289ms
[2015.09.20-18.48.16:524][181]LogSavePackage: Moving '../../../../../../Users/Adam/Documents/Unreal Projects/SR2L/Saved/TemplateD691285948D5437FB95380BB4EB84857.tmp' to '../../../../../../Users/Adam/Documents/Unreal Projects/SR2L/Content/VehicleAdvBP/Maps/Template.umap'
[2015.09.20-18.48.16:527][181]LogSavePackage: Total save time: 86.959403ms
[2015.09.20-18.48.16:527][181]LogSavePackage:Warning: Finished SavePackage ../../../../../../Users/Adam/Documents/Unreal Projects/SR2L/Content/VehicleAdvBP/Maps/Template.umap
[2015.09.20-18.48.16:557][181]LogFileHelpers: Saving map 'Template' took 0.237
[2015.09.20-18.48.17:405][230]LogPlayLevel: PlayLevel: No blueprints needed recompiling
[2015.09.20-18.48.17:405][230]PIE: New page: PIE session: Template (Sep 20, 2015, 10:48:17 AM)
[2015.09.20-18.48.17:405][230]LogPlayLevel: Creating play world package: /Game/VehicleAdvBP/Maps/UEDPIE_0_Template
[2015.09.20-18.48.17:413][230]LogPlayLevel: PIE: StaticDuplicateObject took: (0.007717s)
[2015.09.20-18.48.17:414][230]LogAIModule: Creating AISystem for world Template
[2015.09.20-18.48.17:414][230]LogPlayLevel: PIE: World Init took: (0.000745s)
[2015.09.20-18.48.17:414][230]LogPlayLevel: PIE: Created PIE world by copying editor world from /Game/VehicleAdvBP/Maps/Template.Template to /Game/VehicleAdvBP/Maps/UEDPIE_0_Template.Template (0.008709s)
[2015.09.20-18.48.17:469][230]LogWorld: Game class is 'VehicleAdvGameMode_C'
[2015.09.20-18.48.17:476][230]LogWorld: Bringing World /Game/VehicleAdvBP/Maps/UEDPIE_0_Template.Template up for play (max tick rate 60) at 2015.09.20-14.48.17
[2015.09.20-18.48.17:476][230]LogActor:Warning: GameSession /Game/VehicleAdvBP/Maps/UEDPIE_0_Template.Template:PersistentLevel.GameSession_3 has natively added scene component(s), but none of them were set as the actor's RootComponent - picking one arbitrarily
[2015.09.20-18.48.17:477][230]LogActor:Warning: GameNetworkManager /Game/VehicleAdvBP/Maps/UEDPIE_0_Template.Template:PersistentLevel.GameNetworkManager_3 has natively added scene component(s), but none of them were set as the actor's RootComponent - picking one arbitrarily
[2015.09.20-18.48.17:477][230]LogWorld: Bringing up level for play took: 0.004954
[2015.09.20-18.48.17:501][230]PIE: Info Play in editor start time for /Game/VehicleAdvBP/Maps/UEDPIE_0_Template 0.619
[2015.09.20-18.48.20:532][405]LogParticles: Destroying 0 GPU particle simulations for FXSystem 0x0000004313EBC400
[2015.09.20-18.48.29:413][919]Cmd: OBJ SAVEPACKAGE PACKAGE="/Game/VehicleAdvBP/Materials/Black_Mat" FILE="../../../../../../Users/Adam/Documents/Unreal Projects/SR2L/Content/VehicleAdvBP/Materials/Black_Mat.uasset" SILENT=true
[2015.09.20-18.48.29:431][919]LogSavePackage: Save=11.016771ms
[2015.09.20-18.48.29:431][919]LogSavePackage: Moving '../../../../../../Users/Adam/Documents/Unreal Projects/SR2L/Saved/Black_Mat562B12964F2B6DEE137E2FA14FB5074C.tmp' to '../../../../../../Users/Adam/Documents/Unreal Projects/SR2L/Content/VehicleAdvBP/Materials/Black_Mat.uasset'
[2015.09.20-18.48.29:434][919]LogSavePackage: Total save time: 19.550588ms
[2015.09.20-18.48.29:434][919]LogSavePackage:Warning: Finished SavePackage ../../../../../../Users/Adam/Documents/Unreal Projects/SR2L/Content/VehicleAdvBP/Materials/Black_Mat.uasset
[2015.09.20-18.48.32:236][ 84]LogPlayLevel: PlayLevel: No blueprints needed recompiling
[2015.09.20-18.48.32:236][ 84]PIE: New page: PIE session: Template (Sep 20, 2015, 10:48:32 AM)
[2015.09.20-18.48.32:236][ 84]LogPlayLevel: Creating play world package: /Game/VehicleAdvBP/Maps/UEDPIE_0_Template
[2015.09.20-18.48.32:244][ 84]LogPlayLevel: PIE: StaticDuplicateObject took: (0.007696s)
[2015.09.20-18.48.32:245][ 84]LogAIModule: Creating AISystem for world Template
[2015.09.20-18.48.32:245][ 84]LogPlayLevel: PIE: World Init took: (0.000531s)
[2015.09.20-18.48.32:245][ 84]LogPlayLevel: PIE: Created PIE world by copying editor world from /Game/VehicleAdvBP/Maps/Template.Template to /Game/VehicleAdvBP/Maps/UEDPIE_0_Template.Template (0.008384s)
[2015.09.20-18.48.32:261][ 84]LogParticles: Destroying 0 GPU particle simulations for FXSystem 0x0000004313E6A3E0
[2015.09.20-18.48.32:293][ 84]LogWorld: Game class is 'VehicleAdvGameMode_C'
[2015.09.20-18.48.32:301][ 84]LogWorld: Bringing World /Game/VehicleAdvBP/Maps/UEDPIE_0_Template.Template up for play (max tick rate 60) at 2015.09.20-14.48.32
[2015.09.20-18.48.32:301][ 84]LogActor:Warning: GameSession /Game/VehicleAdvBP/Maps/UEDPIE_0_Template.Template:PersistentLevel.GameSession_4 has natively added scene component(s), but none of them were set as the actor's RootComponent - picking one arbitrarily
[2015.09.20-18.48.32:301][ 84]LogActor:Warning: GameNetworkManager /Game/VehicleAdvBP/Maps/UEDPIE_0_Template.Template:PersistentLevel.GameNetworkManager_4 has natively added scene component(s), but none of them were set as the actor's RootComponent - picking one arbitrarily
[2015.09.20-18.48.32:302][ 84]LogWorld: Bringing up level for play took: 0.004806
[2015.09.20-18.48.32:323][ 84]PIE: Info Play in editor start time for /Game/VehicleAdvBP/Maps/UEDPIE_0_Template -0.558
[2015.09.20-18.48.35:554][272]LogParticles: Destroying 0 GPU particle simulations for FXSystem 0x000000430F1D82C0
[2015.09.20-18.48.46:053][782]Cmd: OBJ SAVEPACKAGE PACKAGE="/Game/VehicleAdvBP/Materials/Black_Mat" FILE="../../../../../../Users/Adam/Documents/Unreal Projects/SR2L/Content/VehicleAdvBP/Materials/Black_Mat.uasset" SILENT=true
[2015.09.20-18.48.46:070][782]LogSavePackage: Save=10.184985ms
[2015.09.20-18.48.46:070][782]LogSavePackage: Moving '../../../../../../Users/Adam/Documents/Unreal Projects/SR2L/Saved/Black_Mat9BE2E865400FC9CFF97D0C9CB7F3E354.tmp' to '../../../../../../Users/Adam/Documents/Unreal Projects/SR2L/Content/VehicleAdvBP/Materials/Black_Mat.uasset'
[2015.09.20-18.48.46:072][782]LogSavePackage: Total save time: 17.993931ms
[2015.09.20-18.48.46:072][782]LogSavePackage:Warning: Finished SavePackage ../../../../../../Users/Adam/Documents/Unreal Projects/SR2L/Content/VehicleAdvBP/Materials/Black_Mat.uasset
[2015.09.20-18.48.48:778][938]LogPlayLevel: PlayLevel: No blueprints needed recompiling
[2015.09.20-18.48.48:778][938]PIE: New page: PIE session: Template (Sep 20, 2015, 10:48:48 AM)
[2015.09.20-18.48.48:778][938]LogPlayLevel: Creating play world package: /Game/VehicleAdvBP/Maps/UEDPIE_0_Template
[2015.09.20-18.48.48:785][938]LogPlayLevel: PIE: StaticDuplicateObject took: (0.007417s)
[2015.09.20-18.48.48:786][938]LogAIModule: Creating AISystem for world Template
[2015.09.20-18.48.48:786][938]LogPlayLevel: PIE: World Init took: (0.000632s)
[2015.09.20-18.48.48:786][938]LogPlayLevel: PIE: Created PIE world by copying editor world from /Game/VehicleAdvBP/Maps/Template.Template to /Game/VehicleAdvBP/Maps/UEDPIE_0_Template.Template (0.008207s)
[2015.09.20-18.48.48:801][938]LogParticles: Destroying 0 GPU particle simulations for FXSystem 0x000000430F0FD580
[2015.09.20-18.48.48:837][938]LogWorld: Game class is 'VehicleAdvGameMode_C'
[2015.09.20-18.48.48:844][938]LogWorld: Bringing World /Game/VehicleAdvBP/Maps/UEDPIE_0_Template.Template up for play (max tick rate 60) at 2015.09.20-14.48.48
[2015.09.20-18.48.48:844][938]LogActor:Warning: GameSession /Game/VehicleAdvBP/Maps/UEDPIE_0_Template.Template:PersistentLevel.GameSession_5 has natively added scene component(s), but none of them were set as the actor's RootComponent - picking one arbitrarily
[2015.09.20-18.48.48:844][938]LogActor:Warning: GameNetworkManager /Game/VehicleAdvBP/Maps/UEDPIE_0_Template.Template:PersistentLevel.GameNetworkManager_5 has natively added scene component(s), but none of them were set as the actor's RootComponent - picking one arbitrarily
[2015.09.20-18.48.48:845][938]LogWorld: Bringing up level for play took: 0.004756
[2015.09.20-18.48.48:867][938]PIE: Info Play in editor start time for /Game/VehicleAdvBP/Maps/UEDPIE_0_Template -0.014
[2015.09.20-18.49.19:841][675]LogParticles: Destroying 0 GPU particle simulations for FXSystem 0x0000004313E99120
[2015.09.20-18.49.38:776][804]Cmd: TRANSACTION UNDO
[2015.09.20-18.49.38:776][804]LogEditorTransaction: Undo Edit Z
[2015.09.20-18.49.39:291][825]Cmd: TRANSACTION UNDO
[2015.09.20-18.49.39:291][825]LogEditorTransaction: Undo Edit Y
[2015.09.20-18.49.39:780][852]Cmd: TRANSACTION UNDO
[2015.09.20-18.49.39:780][852]LogEditorTransaction: Undo Edit X
[2015.09.20-18.49.45:261][178]LogEditorViewport: Clicking on Actor (LMB): StaticMeshActor (Skybox)
[2015.09.20-18.49.46:134][227]LogPlayLevel: PlayLevel: No blueprints needed recompiling
[2015.09.20-18.49.46:135][227]PIE: New page: PIE session: Template (Sep 20, 2015, 10:49:46 AM)
[2015.09.20-18.49.46:135][227]LogPlayLevel: Creating play world package: /Game/VehicleAdvBP/Maps/UEDPIE_0_Template
[2015.09.20-18.49.46:143][227]LogPlayLevel: PIE: StaticDuplicateObject took: (0.008129s)
[2015.09.20-18.49.46:143][227]LogAIModule: Creating AISystem for world Template
[2015.09.20-18.49.46:144][227]LogPlayLevel: PIE: World Init took: (0.000735s)
[2015.09.20-18.49.46:144][227]LogPlayLevel: PIE: Created PIE world by copying editor world from /Game/VehicleAdvBP/Maps/Template.Template to /Game/VehicleAdvBP/Maps/UEDPIE_0_Template.Template (0.009047s)
[2015.09.20-18.49.46:201][227]LogWorld: Game class is 'VehicleAdvGameMode_C'
[2015.09.20-18.49.46:209][227]LogWorld: Bringing World /Game/VehicleAdvBP/Maps/UEDPIE_0_Template.Template up for play (max tick rate 60) at 2015.09.20-14.49.46
[2015.09.20-18.49.46:209][227]LogActor:Warning: GameSession /Game/VehicleAdvBP/Maps/UEDPIE_0_Template.Template:PersistentLevel.GameSession_6 has natively added scene component(s), but none of them were set as the actor's RootComponent - picking one arbitrarily
[2015.09.20-18.49.46:209][227]LogActor:Warning: GameNetworkManager /Game/VehicleAdvBP/Maps/UEDPIE_0_Template.Template:PersistentLevel.GameNetworkManager_6 has natively added scene component(s), but none of them were set as the actor's RootComponent - picking one arbitrarily
[2015.09.20-18.49.46:210][227]LogWorld: Bringing up level for play took: 0.006233
[2015.09.20-18.49.46:230][227]PIE: Info Play in editor start time for /Game/VehicleAdvBP/Maps/UEDPIE_0_Template -0.651
[2015.09.20-18.50.02:678][208]LogParticles: Destroying 0 GPU particle simulations for FXSystem 0x0000004313E3DEE0
[2015.09.20-18.50.05:141][355]LogEditorViewport: Clicking on Actor (LMB): StaticMeshActor (Skybox)
[2015.09.20-18.50.41:260][475]LogPlayLevel: PlayLevel: No blueprints needed recompiling
[2015.09.20-18.50.41:261][475]PIE: New page: PIE session: Template (Sep 20, 2015, 10:50:41 AM)
[2015.09.20-18.50.41:261][475]LogPlayLevel: Creating play world package: /Game/VehicleAdvBP/Maps/UEDPIE_0_Template
[2015.09.20-18.50.41:268][475]LogPlayLevel: PIE: StaticDuplicateObject took: (0.007444s)
[2015.09.20-18.50.41:269][475]LogAIModule: Creating AISystem for world Template
[2015.09.20-18.50.41:269][475]LogPlayLevel: PIE: World Init took: (0.000618s)
[2015.09.20-18.50.41:269][475]LogPlayLevel: PIE: Created PIE world by copying editor world from /Game/VehicleAdvBP/Maps/Template.Template to /Game/VehicleAdvBP/Maps/UEDPIE_0_Template.Template (0.008223s)
[2015.09.20-18.50.41:320][475]LogWorld: Game class is 'VehicleAdvGameMode_C'
[2015.09.20-18.50.41:327][475]LogWorld: Bringing World /Game/VehicleAdvBP/Maps/UEDPIE_0_Template.Template up for play (max tick rate 60) at 2015.09.20-14.50.41
[2015.09.20-18.50.41:327][475]LogActor:Warning: GameSession /Game/VehicleAdvBP/Maps/UEDPIE_0_Template.Template:PersistentLevel.GameSession_7 has natively added scene component(s), but none of them were set as the actor's RootComponent - picking one arbitrarily
[2015.09.20-18.50.41:327][475]LogActor:Warning: GameNetworkManager /Game/VehicleAdvBP/Maps/UEDPIE_0_Template.Template:PersistentLevel.GameNetworkManager_7 has natively added scene component(s), but none of them were set as the actor's RootComponent - picking one arbitrarily
[2015.09.20-18.50.41:328][475]LogWorld: Bringing up level for play took: 0.004914
[2015.09.20-18.50.41:347][475]PIE: Info Play in editor start time for /Game/VehicleAdvBP/Maps/UEDPIE_0_Template 0.466
[2015.09.20-18.50.49:610][966]LogParticles: Destroying 0 GPU particle simulations for FXSystem 0x000000430DF3B420
[2015.09.20-18.50.56:130][355]LogPlayLevel: PlayLevel: No blueprints needed recompiling
[2015.09.20-18.50.56:130][355]PIE: New page: PIE session: Template (Sep 20, 2015, 10:50:56 AM)
[2015.09.20-18.50.56:130][355]LogPlayLevel: Creating play world package: /Game/VehicleAdvBP/Maps/UEDPIE_0_Template
[2015.09.20-18.50.56:138][355]LogPlayLevel: PIE: StaticDuplicateObject took: (0.007584s)
[2015.09.20-18.50.56:138][355]LogAIModule: Creating AISystem for world Template
[2015.09.20-18.50.56:138][355]LogPlayLevel: PIE: World Init took: (0.000549s)
[2015.09.20-18.50.56:138][355]LogPlayLevel: PIE: Created PIE world by copying editor world from /Game/VehicleAdvBP/Maps/Template.Template to /Game/VehicleAdvBP/Maps/UEDPIE_0_Template.Template (0.008299s)
[2015.09.20-18.50.56:191][355]LogWorld: Game class is 'VehicleAdvGameMode_C'
[2015.09.20-18.50.56:199][355]LogWorld: Bringing World /Game/VehicleAdvBP/Maps/UEDPIE_0_Template.Template up for play (max tick rate 60) at 2015.09.20-14.50.56
[2015.09.20-18.50.56:199][355]LogActor:Warning: GameSession /Game/VehicleAdvBP/Maps/UEDPIE_0_Template.Template:PersistentLevel.GameSession_8 has natively added scene component(s), but none of them were set as the actor's RootComponent - picking one arbitrarily
[2015.09.20-18.50.56:199][355]LogActor:Warning: GameNetworkManager /Game/VehicleAdvBP/Maps/UEDPIE_0_Template.Template:PersistentLevel.GameNetworkManager_8 has natively added scene component(s), but none of them were set as the actor's RootComponent - picking one arbitrarily
[2015.09.20-18.50.56:200][355]LogWorld: Bringing up level for play took: 0.004929
[2015.09.20-18.50.56:222][355]PIE: Info Play in editor start time for /Game/VehicleAdvBP/Maps/UEDPIE_0_Template -0.659
[2015.09.20-18.51.09:521][135]LogParticles: Destroying 0 GPU particle simulations for FXSystem 0x00000043418167A0
[2015.09.20-18.51.10:383][168]LogSavePackage: Save=86.716072ms
[2015.09.20-18.51.10:383][168]LogSavePackage: Moving '../../../../../../Users/Adam/Documents/Unreal Projects/SR2L/Saved/Template7CABDB0C42EE09596B72FA92AE4EA05A.tmp' to '../../../../../../Users/Adam/Documents/Unreal Projects/SR2L/Content/VehicleAdvBP/Maps/Template.umap'
[2015.09.20-18.51.10:386][168]LogSavePackage: Total save time: 94.693936ms
[2015.09.20-18.51.10:386][168]LogSavePackage:Warning: Finished SavePackage ../../../../../../Users/Adam/Documents/Unreal Projects/SR2L/Content/VehicleAdvBP/Maps/Template.umap
[2015.09.20-18.51.10:420][168]LogFileHelpers: Saving map 'Template' took 0.281
[2015.09.20-18.52.18:237][154]LogPlayLevel: PlayLevel: No blueprints needed recompiling
[2015.09.20-18.52.18:237][154]PIE: New page: PIE session: Template (Sep 20, 2015, 10:52:18 AM)
[2015.09.20-18.52.18:237][154]LogPlayLevel: Creating play world package: /Game/VehicleAdvBP/Maps/UEDPIE_0_Template
[2015.09.20-18.52.18:245][154]LogPlayLevel: PIE: StaticDuplicateObject took: (0.007848s)
[2015.09.20-18.52.18:246][154]LogAIModule: Creating AISystem for world Template
[2015.09.20-18.52.18:246][154]LogPlayLevel: PIE: World Init took: (0.000661s)
[2015.09.20-18.52.18:246][154]LogPlayLevel: PIE: Created PIE world by copying editor world from /Game/VehicleAdvBP/Maps/Template.Template to /Game/VehicleAdvBP/Maps/UEDPIE_0_Template.Template (0.008679s)
[2015.09.20-18.52.18:246][154]LogActorComponent: UnregisterComponent: (/Engine/Transient.MovementComp) Not registered. Aborting.
[2015.09.20-18.52.18:294][154]LogWorld: Game class is 'VehicleAdvGameMode_C'
[2015.09.20-18.52.18:302][154]LogWorld: Bringing World /Game/VehicleAdvBP/Maps/UEDPIE_0_Template.Template up for play (max tick rate 60) at 2015.09.20-14.52.18
[2015.09.20-18.52.18:302][154]LogActor:Warning: GameSession /Game/VehicleAdvBP/Maps/UEDPIE_0_Template.Template:PersistentLevel.GameSession_9 has natively added scene component(s), but none of them were set as the actor's RootComponent - picking one arbitrarily
[2015.09.20-18.52.18:302][154]LogActor:Warning: GameNetworkManager /Game/VehicleAdvBP/Maps/UEDPIE_0_Template.Template:PersistentLevel.GameNetworkManager_9 has natively added scene component(s), but none of them were set as the actor's RootComponent - picking one arbitrarily
[2015.09.20-18.52.18:303][154]LogWorld: Bringing up level for play took: 0.005258
[2015.09.20-18.52.18:325][154]PIE: Info Play in editor start time for /Game/VehicleAdvBP/Maps/UEDPIE_0_Template -0.556
[2015.09.20-18.52.27:331][685]LogParticles: Destroying 0 GPU particle simulations for FXSystem 0x000000433EED3420
[2015.09.20-18.52.28:079][714]LogSavePackage: Save=78.906700ms
[2015.09.20-18.52.28:079][714]LogSavePackage: Moving '../../../../../../Users/Adam/Documents/Unreal Projects/SR2L/Saved/Template0A57583C4ADE9F1767490D874978EA43.tmp' to '../../../../../../Users/Adam/Documents/Unreal Projects/SR2L/Content/VehicleAdvBP/Maps/Template.umap'
[2015.09.20-18.52.28:081][714]LogSavePackage: Total save time: 87.440085ms
[2015.09.20-18.52.28:081][714]LogSavePackage:Warning: Finished SavePackage ../../../../../../Users/Adam/Documents/Unreal Projects/SR2L/Content/VehicleAdvBP/Maps/Template.umap
[2015.09.20-18.52.28:113][714]LogFileHelpers: Saving map 'Template' took 0.230
[2015.09.20-18.52.29:032][748]LogLinker:Warning: Asset '../../../Engine/Content/ArtTools/RenderToTexture/Macros/RenderToTextureMacros.uasset' has been saved with empty engine version. The asset will be loaded but may be incompatible.
[2015.09.20-18.52.29:506][748]LogContentBrowser: Native class hierarchy updated for 'BlueprintGraph' in 0.0007 seconds. Added 107 classes and 0 folders.
[2015.09.20-18.52.53:963][158]BlueprintLog: New page: Compile KillZ
[2015.09.20-18.52.54:011][158]LogActorComponent: UnregisterComponent: (/Engine/Transient.MovementComp) Not registered. Aborting.
[2015.09.20-18.52.54:039][158]BlueprintEditorCompileResults: Info [0463.65] Compile of KillZ successful! [in 75 ms]
[2015.09.20-18.52.55:334][232]LogPlayLevel: PlayLevel: No blueprints needed recompiling
[2015.09.20-18.52.55:334][232]PIE: New page: PIE session: Template (Sep 20, 2015, 10:52:55 AM)
[2015.09.20-18.52.55:334][232]LogPlayLevel: Creating play world package: /Game/VehicleAdvBP/Maps/UEDPIE_0_Template
[2015.09.20-18.52.55:341][232]LogPlayLevel: PIE: StaticDuplicateObject took: (0.007377s)
[2015.09.20-18.52.55:342][232]LogAIModule: Creating AISystem for world Template
[2015.09.20-18.52.55:342][232]LogPlayLevel: PIE: World Init took: (0.000604s)
[2015.09.20-18.52.55:342][232]LogPlayLevel: PIE: Created PIE world by copying editor world from /Game/VehicleAdvBP/Maps/Template.Template to /Game/VehicleAdvBP/Maps/UEDPIE_0_Template.Template (0.008140s)
[2015.09.20-18.52.55:401][232]LogWorld: Game class is 'VehicleAdvGameMode_C'
[2015.09.20-18.52.55:409][232]LogWorld: Bringing World /Game/VehicleAdvBP/Maps/UEDPIE_0_Template.Template up for play (max tick rate 60) at 2015.09.20-14.52.55
[2015.09.20-18.52.55:410][232]LogActor:Warning: GameSession /Game/VehicleAdvBP/Maps/UEDPIE_0_Template.Template:PersistentLevel.GameSession_10 has natively added scene component(s), but none of them were set as the actor's RootComponent - picking one arbitrarily
[2015.09.20-18.52.55:410][232]LogActor:Warning: GameNetworkManager /Game/VehicleAdvBP/Maps/UEDPIE_0_Template.Template:PersistentLevel.GameNetworkManager_10 has natively added scene component(s), but none of them were set as the actor's RootComponent - picking one arbitrarily
[2015.09.20-18.52.55:411][232]LogWorld: Bringing up level for play took: 0.005218
[2015.09.20-18.52.55:434][232]PIE: Info Play in editor start time for /Game/VehicleAdvBP/Maps/UEDPIE_0_Template 0.553
[2015.09.20-18.53.07:545][952]LogParticles: Destroying 0 GPU particle simulations for FXSystem 0x000000432FBEB4C0
[2015.09.20-18.53.50:689][491]BlueprintLog: New page: Compile KillZ
[2015.09.20-18.53.50:760][491]BlueprintEditorCompileResults: Info [0520.37] Compile of KillZ successful! [in 71 ms]
[2015.09.20-18.53.52:349][584]LogPlayLevel: PlayLevel: No blueprints needed recompiling
[2015.09.20-18.53.52:349][584]PIE: New page: PIE session: Template (Sep 20, 2015, 10:53:52 AM)
[2015.09.20-18.53.52:349][584]LogPlayLevel: Creating play world package: /Game/VehicleAdvBP/Maps/UEDPIE_0_Template
[2015.09.20-18.53.52:357][584]LogPlayLevel: PIE: StaticDuplicateObject took: (0.007858s)
[2015.09.20-18.53.52:357][584]LogAIModule: Creating AISystem for world Template
[2015.09.20-18.53.52:357][584]LogPlayLevel: PIE: World Init took: (0.000642s)
[2015.09.20-18.53.52:358][584]LogPlayLevel: PIE: Created PIE world by copying editor world from /Game/VehicleAdvBP/Maps/Template.Template to /Game/VehicleAdvBP/Maps/UEDPIE_0_Template.Template (0.008665s)
[2015.09.20-18.53.52:414][584]LogWorld: Game class is 'VehicleAdvGameMode_C'
[2015.09.20-18.53.52:422][584]LogWorld: Bringing World /Game/VehicleAdvBP/Maps/UEDPIE_0_Template.Template up for play (max tick rate 60) at 2015.09.20-14.53.52
[2015.09.20-18.53.52:422][584]LogActor:Warning: GameSession /Game/VehicleAdvBP/Maps/UEDPIE_0_Template.Template:PersistentLevel.GameSession_11 has natively added scene component(s), but none of them were set as the actor's RootComponent - picking one arbitrarily
[2015.09.20-18.53.52:422][584]LogActor:Warning: GameNetworkManager /Game/VehicleAdvBP/Maps/UEDPIE_0_Template.Template:PersistentLevel.GameNetworkManager_11 has natively added scene component(s), but none of them were set as the actor's RootComponent - picking one arbitrarily
[2015.09.20-18.53.52:423][584]LogWorld: Bringing up level for play took: 0.005001
[2015.09.20-18.53.52:443][584]PIE: Info Play in editor start time for /Game/VehicleAdvBP/Maps/UEDPIE_0_Template -0.439
[2015.09.20-18.54.07:433][473]LogParticles: Destroying 0 GPU particle simulations for FXSystem 0x0000004344CA6160
[2015.09.20-18.54.15:018][907]LogSavePackage: Save=79.985237ms
[2015.09.20-18.54.15:018][907]LogSavePackage: Moving '../../../../../../Users/Adam/Documents/Unreal Projects/SR2L/Saved/TemplateE64FAE8E4738F891CCBF228B6CF26E2F.tmp' to '../../../../../../Users/Adam/Documents/Unreal Projects/SR2L/Content/VehicleAdvBP/Maps/Template.umap'
[2015.09.20-18.54.15:021][907]LogSavePackage: Total save time: 88.155121ms
[2015.09.20-18.54.15:021][907]LogSavePackage:Warning: Finished SavePackage ../../../../../../Users/Adam/Documents/Unreal Projects/SR2L/Content/VehicleAdvBP/Maps/Template.umap
[2015.09.20-18.54.15:052][907]LogFileHelpers: Saving map 'Template' took 0.256
[2015.09.20-18.54.15:057][907]Cmd: OBJ SAVEPACKAGE PACKAGE="/Game/VehicleAdvBP/Blueprints/KillZ" FILE="../../../../../../Users/Adam/Documents/Unreal Projects/SR2L/Content/VehicleAdvBP/Blueprints/KillZ.uasset" SILENT=true
[2015.09.20-18.54.15:092][907]LogSavePackage: Save=27.739288ms
[2015.09.20-18.54.15:092][907]LogSavePackage: Moving '../../../../../../Users/Adam/Documents/Unreal Projects/SR2L/Saved/KillZ50298373446E45C0B2D8B19F62961C43.tmp' to '../../../../../../Users/Adam/Documents/Unreal Projects/SR2L/Content/VehicleAdvBP/Blueprints/KillZ.uasset'
[2015.09.20-18.54.15:094][907]LogSavePackage: Total save time: 36.773462ms
[2015.09.20-18.54.15:094][907]LogSavePackage:Warning: Finished SavePackage ../../../../../../Users/Adam/Documents/Unreal Projects/SR2L/Content/VehicleAdvBP/Blueprints/KillZ.uasset
[2015.09.20-18.54.48:003][789]LogProperty:Warning: Illegal TEXT reference to a private object in external package (EdGraphPin /Game/VehicleAdvBP/Blueprints/KillZ.KillZ:EventGraph.K2Node_CallFunction_15002.EdGraphPin_6168) from referencer (EdGraphPin /Game/VehicleAdvBP/Blueprints/VehicleBlueprint.VehicleBlueprint:EventGraph.K2Node_CallFunction_2450.EdGraphPin_26263).  Import failed...
[2015.09.20-18.54.48:003][789]LogProperty:Warning: ObjectProperty /Script/Engine.EdGraphPin:LinkedTo.LinkedTo: unresolved reference to 'EdGraphPin'K2Node_CallFunction_15002.EdGraphPin_6168''
[2015.09.20-18.54.48:003][789]LogProperty:Warning: Illegal TEXT reference to a private object in external package (EdGraphPin /Game/VehicleAdvBP/Blueprints/KillZ.KillZ:EventGraph.K2Node_CallFunction_14720.EdGraphPin_6116) from referencer (EdGraphPin /Game/VehicleAdvBP/Blueprints/VehicleBlueprint.VehicleBlueprint:EventGraph.K2Node_CallFunction_2450.EdGraphPin_26264).  Import failed...
[2015.09.20-18.54.48:003][789]LogProperty:Warning: ObjectProperty /Script/Engine.EdGraphPin:LinkedTo.LinkedTo: unresolved reference to 'EdGraphPin'K2Node_CallFunction_14720.EdGraphPin_6116''
[2015.09.20-18.54.48:003][789]LogProperty:Warning: Illegal TEXT reference to a private object in external package (EdGraphPin /Game/VehicleAdvBP/Blueprints/KillZ.KillZ:EventGraph.K2Node_VariableGet_5915.EdGraphPin_6161) from referencer (EdGraphPin /Game/VehicleAdvBP/Blueprints/VehicleBlueprint.VehicleBlueprint:EventGraph.K2Node_CallFunction_2450.EdGraphPin_26265).  Import failed...
[2015.09.20-18.54.48:003][789]LogProperty:Warning: ObjectProperty /Script/Engine.EdGraphPin:LinkedTo.LinkedTo: unresolved reference to 'EdGraphPin'K2Node_VariableGet_5915.EdGraphPin_6161''
[2015.09.20-18.54.48:003][789]LogUObjectHash:Warning: Ambiguous search, could be K2Node_CallFunction /Game/VehicleAdvBP/Blueprints/KillZ.KillZ:EventGraph.K2Node_CallFunction_2467 or K2Node_CallFunction /Game/VehicleAdvBP/Blueprints/VehicleBlueprint.VehicleBlueprint:EventGraph.K2Node_CallFunction_2467
[2015.09.20-18.54.48:003][789]LogProperty:Warning: Illegal TEXT reference to a private object in external package (EdGraphPin /Game/VehicleAdvBP/Blueprints/KillZ.KillZ:EventGraph.K2Node_CallFunction_2467.EdGraphPin_26317) from referencer (EdGraphPin /Game/VehicleAdvBP/Blueprints/VehicleBlueprint.VehicleBlueprint:EventGraph.K2Node_CallFunction_2450.EdGraphPin_26266).  Import failed...
[2015.09.20-18.54.48:003][789]LogProperty:Warning: ObjectProperty /Script/Engine.EdGraphPin:LinkedTo.LinkedTo: unresolved reference to 'EdGraphPin'K2Node_CallFunction_2467.EdGraphPin_26317''
[2015.09.20-18.54.48:003][789]LogUObjectHash:Warning: Ambiguous search, could be K2Node_CallFunction /Game/VehicleAdvBP/Blueprints/KillZ.KillZ:EventGraph.K2Node_CallFunction_2467 or K2Node_CallFunction /Game/VehicleAdvBP/Blueprints/VehicleBlueprint.VehicleBlueprint:EventGraph.K2Node_CallFunction_2467
[2015.09.20-18.54.48:004][789]LogProperty:Warning: Illegal TEXT reference to a private object in external package (EdGraphPin /Game/VehicleAdvBP/Blueprints/KillZ.KillZ:EventGraph.K2Node_CallFunction_2467.EdGraphPin_26316) from referencer (EdGraphPin /Game/VehicleAdvBP/Blueprints/VehicleBlueprint.VehicleBlueprint:EventGraph.K2Node_CallFunction_2466.EdGraphPin_26312).  Import failed...
[2015.09.20-18.54.48:004][789]LogProperty:Warning: ObjectProperty /Script/Engine.EdGraphPin:LinkedTo.LinkedTo: unresolved reference to 'EdGraphPin'K2Node_CallFunction_2467.EdGraphPin_26316''
[2015.09.20-18.54.48:004][789]LogUObjectHash:Warning: Ambiguous search, could be K2Node_CallFunction /Game/VehicleAdvBP/Blueprints/KillZ.KillZ:EventGraph.K2Node_CallFunction_2467 or K2Node_CallFunction /Game/VehicleAdvBP/Blueprints/VehicleBlueprint.VehicleBlueprint:EventGraph.K2Node_CallFunction_2467
[2015.09.20-18.54.48:004][789]LogProperty:Warning: Illegal TEXT reference to a private object in external package (EdGraphPin /Game/VehicleAdvBP/Blueprints/KillZ.KillZ:EventGraph.K2Node_CallFunction_2467.EdGraphPin_26315) from referencer (EdGraphPin /Game/VehicleAdvBP/Blueprints/VehicleBlueprint.VehicleBlueprint:EventGraph.K2Node_CallFunction_2466.EdGraphPin_26311).  Import failed...
[2015.09.20-18.54.48:004][789]LogProperty:Warning: ObjectProperty /Script/Engine.EdGraphPin:LinkedTo.LinkedTo: unresolved reference to 'EdGraphPin'K2Node_CallFunction_2467.EdGraphPin_26315''
[2015.09.20-18.54.48:004][789]LogProperty:Warning: Illegal TEXT reference to a private object in external package (EdGraphPin /Game/VehicleAdvBP/Blueprints/KillZ.KillZ:EventGraph.K2Node_CallFunction_2465.EdGraphPin_26307) from referencer (EdGraphPin /Game/VehicleAdvBP/Blueprints/VehicleBlueprint.VehicleBlueprint:EventGraph.K2Node_CallFunction_2466.EdGraphPin_26309).  Import failed...
[2015.09.20-18.54.48:004][789]LogProperty:Warning: ObjectProperty /Script/Engine.EdGraphPin:LinkedTo.LinkedTo: unresolved reference to 'EdGraphPin'K2Node_CallFunction_2465.EdGraphPin_26307''
[2015.09.20-18.55.04:665][735]BlueprintLog: New page: Compile VehicleBlueprint
[2015.09.20-18.55.04:755][735]LogBlueprint:Error: [compiler VehicleBlueprint] Error This blueprint (self) is not a SceneComponent, therefore ' Target ' must have a connection.
[2015.09.20-18.55.04:908][735]LogActorComponent: UnregisterComponent: (/Engine/Transient.MovementComp) Not registered. Aborting.
[2015.09.20-18.55.04:955][735]LogBlueprint:Warning: [compiler VehicleBlueprint] Warning [0594.57] Compile of VehicleBlueprint failed. 1 Fatal Issue(s) 0 Warning(s) [in 289 ms]
[2015.09.20-18.55.04:955][735]BlueprintEditorCompileResults:Error: Error This blueprint (self) is not a SceneComponent, therefore ' Target ' must have a connection.
[2015.09.20-18.55.04:955][735]BlueprintEditorCompileResults:Warning: Warning [0594.57] Compile of VehicleBlueprint failed. 1 Fatal Issue(s) 0 Warning(s) [in 289 ms]
[2015.09.20-18.55.23:424][757]LogBlueprintUserMessages: CustomizeDetails for Blueprint 'VehicleBlueprint', cached variable property's owner is '/Script/Engine.WheeledVehicle'
[2015.09.20-18.55.27:306][990]LogBlueprintUserMessages: CustomizeDetails for Blueprint 'VehicleBlueprint', cached variable property's owner is '/Script/Engine.WheeledVehicle'
[2015.09.20-18.55.55:949][706]BlueprintLog: New page: Compile VehicleBlueprint
[2015.09.20-18.55.56:127][706]LogActorComponent: UnregisterComponent: (/Engine/Transient.MovementComp) Not registered. Aborting.
[2015.09.20-18.55.56:177][706]BlueprintEditorCompileResults: Info [0645.79] Compile of VehicleBlueprint successful! [in 226 ms]
[2015.09.20-18.55.56:392][709]LogActorComponent: UnregisterComponent: (/Engine/Transient.MovementComp) Not registered. Aborting.
[2015.09.20-18.55.56:682][709]LogSavePackage: Save=80.410324ms
[2015.09.20-18.55.56:682][709]LogSavePackage: Moving '../../../../../../Users/Adam/Documents/Unreal Projects/SR2L/Saved/Template238E69D240B96273AECDAEBD6409C149.tmp' to '../../../../../../Users/Adam/Documents/Unreal Projects/SR2L/Content/VehicleAdvBP/Maps/Template.umap'
[2015.09.20-18.55.56:684][709]LogSavePackage: Total save time: 88.465597ms
[2015.09.20-18.55.56:684][709]LogSavePackage:Warning: Finished SavePackage ../../../../../../Users/Adam/Documents/Unreal Projects/SR2L/Content/VehicleAdvBP/Maps/Template.umap
[2015.09.20-18.55.56:719][709]LogFileHelpers: Saving map 'Template' took 0.254
[2015.09.20-18.55.57:142][709]LogSavePackage: Save=385.039154ms
[2015.09.20-18.55.57:142][709]LogSavePackage: Moving '../../../../../../Users/Adam/Documents/Unreal Projects/SR2L/Saved/VehicleBlueprintE4EE1A5D4C63A877FA76D5AB4532C116.tmp' to '../../../../../../Users/Adam/Documents/Unreal Projects/SR2L/Content/VehicleAdvBP/Blueprints/VehicleBlueprint.uasset'
[2015.09.20-18.55.57:145][709]LogSavePackage: Total save time: 396.275740ms
[2015.09.20-18.55.57:145][709]LogSavePackage:Warning: Finished SavePackage ../../../../../../Users/Adam/Documents/Unreal Projects/SR2L/Content/VehicleAdvBP/Blueprints/VehicleBlueprint.uasset
[2015.09.20-18.55.57:151][709]Cmd: OBJ SAVEPACKAGE PACKAGE="/Game/VehicleAdvBP/Blueprints/KillZ" FILE="../../../../../../Users/Adam/Documents/Unreal Projects/SR2L/Content/VehicleAdvBP/Blueprints/KillZ.uasset" SILENT=true
[2015.09.20-18.55.57:185][709]LogSavePackage: Save=27.713631ms
[2015.09.20-18.55.57:185][709]LogSavePackage: Moving '../../../../../../Users/Adam/Documents/Unreal Projects/SR2L/Saved/KillZ69AFC9E04A0D30883C7B8B8DED8F70D0.tmp' to '../../../../../../Users/Adam/Documents/Unreal Projects/SR2L/Content/VehicleAdvBP/Blueprints/KillZ.uasset'
[2015.09.20-18.55.57:188][709]LogSavePackage: Total save time: 35.700478ms
[2015.09.20-18.55.57:188][709]LogSavePackage:Warning: Finished SavePackage ../../../../../../Users/Adam/Documents/Unreal Projects/SR2L/Content/VehicleAdvBP/Blueprints/KillZ.uasset
[2015.09.20-18.55.58:534][788]LogPlayLevel: PlayLevel: No blueprints needed recompiling
[2015.09.20-18.55.58:534][788]PIE: New page: PIE session: Template (Sep 20, 2015, 10:55:58 AM)
[2015.09.20-18.55.58:535][788]LogPlayLevel: Creating play world package: /Game/VehicleAdvBP/Maps/UEDPIE_0_Template
[2015.09.20-18.55.58:542][788]LogPlayLevel: PIE: StaticDuplicateObject took: (0.007250s)
[2015.09.20-18.55.58:542][788]LogAIModule: Creating AISystem for world Template
[2015.09.20-18.55.58:542][788]LogPlayLevel: PIE: World Init took: (0.000627s)
[2015.09.20-18.55.58:543][788]LogPlayLevel: PIE: Created PIE world by copying editor world from /Game/VehicleAdvBP/Maps/Template.Template to /Game/VehicleAdvBP/Maps/UEDPIE_0_Template.Template (0.008048s)
[2015.09.20-18.55.58:543][788]LogActorComponent: UnregisterComponent: (/Engine/Transient.MovementComp) Not registered. Aborting.
[2015.09.20-18.55.58:605][788]LogWorld: Game class is 'VehicleAdvGameMode_C'
[2015.09.20-18.55.58:613][788]LogWorld: Bringing World /Game/VehicleAdvBP/Maps/UEDPIE_0_Template.Template up for play (max tick rate 60) at 2015.09.20-14.55.58
[2015.09.20-18.55.58:613][788]LogActor:Warning: GameSession /Game/VehicleAdvBP/Maps/UEDPIE_0_Template.Template:PersistentLevel.GameSession_12 has natively added scene component(s), but none of them were set as the actor's RootComponent - picking one arbitrarily
[2015.09.20-18.55.58:613][788]LogActor:Warning: GameNetworkManager /Game/VehicleAdvBP/Maps/UEDPIE_0_Template.Template:PersistentLevel.GameNetworkManager_12 has natively added scene component(s), but none of them were set as the actor's RootComponent - picking one arbitrarily
[2015.09.20-18.55.58:614][788]LogWorld: Bringing up level for play took: 0.004983
[2015.09.20-18.55.58:637][788]PIE: Info Play in editor start time for /Game/VehicleAdvBP/Maps/UEDPIE_0_Template -0.245
[2015.09.20-18.56.10:145][472]LogParticles: Destroying 0 GPU particle simulations for FXSystem 0x000000432BC06340
[2015.09.20-18.56.17:997][911]LogSavePackage: Save=371.022827ms
[2015.09.20-18.56.17:997][911]LogSavePackage: Moving '../../../../../../Users/Adam/Documents/Unreal Projects/SR2L/Saved/VehicleBlueprint94BADDC44A388E5CB4A790894C7C844C.tmp' to '../../../../../../Users/Adam/Documents/Unreal Projects/SR2L/Content/VehicleAdvBP/Blueprints/VehicleBlueprint.uasset'
[2015.09.20-18.56.18:000][911]LogSavePackage: Total save time: 379.734550ms
[2015.09.20-18.56.18:000][911]LogSavePackage:Warning: Finished SavePackage ../../../../../../Users/Adam/Documents/Unreal Projects/SR2L/Content/VehicleAdvBP/Blueprints/VehicleBlueprint.uasset
[2015.09.20-18.56.21:326][110]BlueprintLog: New page: Compile VehicleBlueprint
[2015.09.20-18.56.21:508][110]LogActorComponent: UnregisterComponent: (/Engine/Transient.MovementComp) Not registered. Aborting.
[2015.09.20-18.56.21:558][110]BlueprintEditorCompileResults: Info [0671.17] Compile of VehicleBlueprint successful! [in 231 ms]
[2015.09.20-18.56.23:007][188]LogPlayLevel: PlayLevel: No blueprints needed recompiling
[2015.09.20-18.56.23:007][188]PIE: New page: PIE session: Template (Sep 20, 2015, 10:56:23 AM)
[2015.09.20-18.56.23:007][188]LogPlayLevel: Creating play world package: /Game/VehicleAdvBP/Maps/UEDPIE_0_Template
[2015.09.20-18.56.23:015][188]LogPlayLevel: PIE: StaticDuplicateObject took: (0.007446s)
[2015.09.20-18.56.23:015][188]LogAIModule: Creating AISystem for world Template
[2015.09.20-18.56.23:015][188]LogPlayLevel: PIE: World Init took: (0.000585s)
[2015.09.20-18.56.23:015][188]LogPlayLevel: PIE: Created PIE world by copying editor world from /Game/VehicleAdvBP/Maps/Template.Template to /Game/VehicleAdvBP/Maps/UEDPIE_0_Template.Template (0.008195s)
[2015.09.20-18.56.23:015][188]LogActorComponent: UnregisterComponent: (/Engine/Transient.MovementComp) Not registered. Aborting.
[2015.09.20-18.56.23:078][188]LogWorld: Game class is 'VehicleAdvGameMode_C'
[2015.09.20-18.56.23:087][188]LogWorld: Bringing World /Game/VehicleAdvBP/Maps/UEDPIE_0_Template.Template up for play (max tick rate 60) at 2015.09.20-14.56.23
[2015.09.20-18.56.23:087][188]LogActor:Warning: GameSession /Game/VehicleAdvBP/Maps/UEDPIE_0_Template.Template:PersistentLevel.GameSession_13 has natively added scene component(s), but none of them were set as the actor's RootComponent - picking one arbitrarily
[2015.09.20-18.56.23:087][188]LogActor:Warning: GameNetworkManager /Game/VehicleAdvBP/Maps/UEDPIE_0_Template.Template:PersistentLevel.GameNetworkManager_13 has natively added scene component(s), but none of them were set as the actor's RootComponent - picking one arbitrarily
[2015.09.20-18.56.23:088][188]LogWorld: Bringing up level for play took: 0.005757
[2015.09.20-18.56.23:111][188]PIE: Info Play in editor start time for /Game/VehicleAdvBP/Maps/UEDPIE_0_Template 0.23
[2015.09.20-18.56.40:867][246]LogParticles: Destroying 0 GPU particle simulations for FXSystem 0x000000436BBB4360
[2015.09.20-18.56.46:003][547]BlueprintLog: New page: Compile VehicleBlueprint
[2015.09.20-18.56.46:180][547]LogActorComponent: UnregisterComponent: (/Engine/Transient.MovementComp) Not registered. Aborting.
[2015.09.20-18.56.46:231][547]BlueprintEditorCompileResults: Info [0695.84] Compile of VehicleBlueprint successful! [in 228 ms]
[2015.09.20-18.56.52:179][890]BlueprintLog: New page: Compile KillZ
[2015.09.20-18.56.52:223][890]LogActorComponent: UnregisterComponent: (/Engine/Transient.MovementComp) Not registered. Aborting.
[2015.09.20-18.56.52:252][890]BlueprintEditorCompileResults: Info [0701.86] Compile of KillZ successful! [in 72 ms]
[2015.09.20-18.56.53:585][969]LogPlayLevel: PlayLevel: No blueprints needed recompiling
[2015.09.20-18.56.53:585][969]PIE: New page: PIE session: Template (Sep 20, 2015, 10:56:53 AM)
[2015.09.20-18.56.53:585][969]LogPlayLevel: Creating play world package: /Game/VehicleAdvBP/Maps/UEDPIE_0_Template
[2015.09.20-18.56.53:593][969]LogPlayLevel: PIE: StaticDuplicateObject took: (0.007506s)
[2015.09.20-18.56.53:593][969]LogAIModule: Creating AISystem for world Template
[2015.09.20-18.56.53:593][969]LogPlayLevel: PIE: World Init took: (0.000559s)
[2015.09.20-18.56.53:593][969]LogPlayLevel: PIE: Created PIE world by copying editor world from /Game/VehicleAdvBP/Maps/Template.Template to /Game/VehicleAdvBP/Maps/UEDPIE_0_Template.Template (0.008225s)
[2015.09.20-18.56.53:652][969]LogWorld: Game class is 'VehicleAdvGameMode_C'
[2015.09.20-18.56.53:659][969]LogWorld: Bringing World /Game/VehicleAdvBP/Maps/UEDPIE_0_Template.Template up for play (max tick rate 60) at 2015.09.20-14.56.53
[2015.09.20-18.56.53:659][969]LogActor:Warning: GameSession /Game/VehicleAdvBP/Maps/UEDPIE_0_Template.Template:PersistentLevel.GameSession_14 has natively added scene component(s), but none of them were set as the actor's RootComponent - picking one arbitrarily
[2015.09.20-18.56.53:659][969]LogActor:Warning: GameNetworkManager /Game/VehicleAdvBP/Maps/UEDPIE_0_Template.Template:PersistentLevel.GameNetworkManager_14 has natively added scene component(s), but none of them were set as the actor's RootComponent - picking one arbitrarily
[2015.09.20-18.56.53:660][969]LogWorld: Bringing up level for play took: 0.005001
[2015.09.20-18.56.53:682][969]PIE: Info Play in editor start time for /Game/VehicleAdvBP/Maps/UEDPIE_0_Template 0.801
[2015.09.20-18.57.32:406][ 82]LogParticles: Destroying 0 GPU particle simulations for FXSystem 0x000000436FE6DB20
[2015.09.20-18.57.35:244][226]LogSavePackage: Save=80.956009ms
[2015.09.20-18.57.35:244][226]LogSavePackage: Moving '../../../../../../Users/Adam/Documents/Unreal Projects/SR2L/Saved/Template5C47B3FB4E1130CD2DD567854571DD4A.tmp' to '../../../../../../Users/Adam/Documents/Unreal Projects/SR2L/Content/VehicleAdvBP/Maps/Template.umap'
[2015.09.20-18.57.35:247][226]LogSavePackage: Total save time: 90.363950ms
[2015.09.20-18.57.35:247][226]LogSavePackage:Warning: Finished SavePackage ../../../../../../Users/Adam/Documents/Unreal Projects/SR2L/Content/VehicleAdvBP/Maps/Template.umap
[2015.09.20-18.57.35:281][226]LogFileHelpers: Saving map 'Template' took 0.257
[2015.09.20-18.57.35:701][226]LogSavePackage: Save=379.185028ms
[2015.09.20-18.57.35:701][226]LogSavePackage: Moving '../../../../../../Users/Adam/Documents/Unreal Projects/SR2L/Saved/VehicleBlueprint690AC2F540CE895636661A84CCD2B793.tmp' to '../../../../../../Users/Adam/Documents/Unreal Projects/SR2L/Content/VehicleAdvBP/Blueprints/VehicleBlueprint.uasset'
[2015.09.20-18.57.35:704][226]LogSavePackage: Total save time: 387.766302ms
[2015.09.20-18.57.35:704][226]LogSavePackage:Warning: Finished SavePackage ../../../../../../Users/Adam/Documents/Unreal Projects/SR2L/Content/VehicleAdvBP/Blueprints/VehicleBlueprint.uasset
[2015.09.20-18.57.35:711][226]Cmd: OBJ SAVEPACKAGE PACKAGE="/Game/VehicleAdvBP/Blueprints/KillZ" FILE="../../../../../../Users/Adam/Documents/Unreal Projects/SR2L/Content/VehicleAdvBP/Blueprints/KillZ.uasset" SILENT=true
[2015.09.20-18.57.35:744][226]LogSavePackage: Save=27.464735ms
[2015.09.20-18.57.35:744][226]LogSavePackage: Moving '../../../../../../Users/Adam/Documents/Unreal Projects/SR2L/Saved/KillZ9C1675E347126584E36D22BE45096D82.tmp' to '../../../../../../Users/Adam/Documents/Unreal Projects/SR2L/Content/VehicleAdvBP/Blueprints/KillZ.uasset'
[2015.09.20-18.57.35:747][226]LogSavePackage: Total save time: 35.647448ms
[2015.09.20-18.57.35:747][226]LogSavePackage:Warning: Finished SavePackage ../../../../../../Users/Adam/Documents/Unreal Projects/SR2L/Content/VehicleAdvBP/Blueprints/KillZ.uasset
[2015.09.20-18.57.36:261][256]LogPlayLevel: PlayLevel: No blueprints needed recompiling
[2015.09.20-18.57.36:262][256]PIE: New page: PIE session: Template (Sep 20, 2015, 10:57:36 AM)
[2015.09.20-18.57.36:262][256]LogPlayLevel: Creating play world package: /Game/VehicleAdvBP/Maps/UEDPIE_0_Template
[2015.09.20-18.57.36:269][256]LogPlayLevel: PIE: StaticDuplicateObject took: (0.007744s)
[2015.09.20-18.57.36:270][256]LogAIModule: Creating AISystem for world Template
[2015.09.20-18.57.36:270][256]LogPlayLevel: PIE: World Init took: (0.000565s)
[2015.09.20-18.57.36:270][256]LogPlayLevel: PIE: Created PIE world by copying editor world from /Game/VehicleAdvBP/Maps/Template.Template to /Game/VehicleAdvBP/Maps/UEDPIE_0_Template.Template (0.008477s)
[2015.09.20-18.57.36:270][256]LogActorComponent: UnregisterComponent: (/Engine/Transient.MovementComp) Not registered. Aborting.
[2015.09.20-18.57.36:331][256]LogWorld: Game class is 'VehicleAdvGameMode_C'
[2015.09.20-18.57.36:340][256]LogWorld: Bringing World /Game/VehicleAdvBP/Maps/UEDPIE_0_Template.Template up for play (max tick rate 60) at 2015.09.20-14.57.36
[2015.09.20-18.57.36:340][256]LogActor:Warning: GameSession /Game/VehicleAdvBP/Maps/UEDPIE_0_Template.Template:PersistentLevel.GameSession_15 has natively added scene component(s), but none of them were set as the actor's RootComponent - picking one arbitrarily
[2015.09.20-18.57.36:341][256]LogActor:Warning: GameNetworkManager /Game/VehicleAdvBP/Maps/UEDPIE_0_Template.Template:PersistentLevel.GameNetworkManager_15 has natively added scene component(s), but none of them were set as the actor's RootComponent - picking one arbitrarily
[2015.09.20-18.57.36:341][256]LogWorld: Bringing up level for play took: 0.006233
[2015.09.20-18.57.36:364][256]PIE: Info Play in editor start time for /Game/VehicleAdvBP/Maps/UEDPIE_0_Template -0.518
[2015.09.20-18.58.22:350][715]LogParticles: Destroying 0 GPU particle simulations for FXSystem 0x000000430E495620
[2015.09.20-18.58.23:910][806]MapCheck: New page: Map Check
[2015.09.20-18.58.23:943][806]Cmd: MAP REBUILD ALLVISIBLE
[2015.09.20-18.58.23:943][806]LogEditorServer: Rebuildmap Clear paths rebuilt
[2015.09.20-18.58.23:992][806]MapCheck:Warning: Warning WorldSettings Hierarchical LOD System is disabled or no HLOD level settings available, unable to build LOD actors. 
[2015.09.20-18.58.23:992][806]LogStats:          STAT_HLOD_BuildClusters - 23.156 ms
[2015.09.20-18.58.23:992][806]LightingResults: New page: Lighting Build - Sep 20, 2015, 10:58:23 AM
[2015.09.20-18.58.27:127][806]LogStaticLightingSystem: Running Lightmass w/ ImmediateImport mode ENABLED
[2015.09.20-18.58.27:127][806]LogStaticLightingSystem: Running Lightmass w/ ImmediateProcess mode ENABLED
[2015.09.20-18.58.27:127][806]LogStaticLightingSystem: Running Lightmass w/ Sorting mode ENABLED
[2015.09.20-18.58.27:127][806]LogStaticLightingSystem: Running Lightmass w/ Mapping paddings ENABLED
[2015.09.20-18.58.27:127][806]LogStaticLightingSystem: Running Lightmass w/ Mapping debug paddings DISABLED
[2015.09.20-18.58.27:272][806]LogEditorBuildUtils: Build time 0:00:03
[2015.09.20-18.58.27:281][806]LogMaterial: Missing cached shader map for material FLightmassMaterialRenderer Black_Mat, compiling. 
[2015.09.20-18.58.27:289][806]LogMaterial: Missing cached shader map for material FLightmassMaterialRenderer Black_Mat, compiling. 
[2015.09.20-18.58.29:323][849]LightingResults:Error: Error Skybox Object has overlapping UVs.
[2015.09.20-18.58.29:323][849]LightingResults: Info Skybox Lightmap UV are overlapping by 50.0%. Please adjust content - Enable Error Coloring to visualize.
[2015.09.20-19.03.29:264][589]LogPlayLevel: PlayLevel: No blueprints needed recompiling
[2015.09.20-19.03.29:264][589]PIE: New page: PIE session: Template (Sep 20, 2015, 11:03:29 AM)
[2015.09.20-19.03.29:264][589]LogPlayLevel: Creating play world package: /Game/VehicleAdvBP/Maps/UEDPIE_0_Template
[2015.09.20-19.03.29:272][589]LogPlayLevel: PIE: StaticDuplicateObject took: (0.008403s)
[2015.09.20-19.03.29:273][589]LogAIModule: Creating AISystem for world Template
[2015.09.20-19.03.29:273][589]LogPlayLevel: PIE: World Init took: (0.000854s)
[2015.09.20-19.03.29:273][589]LogPlayLevel: PIE: Created PIE world by copying editor world from /Game/VehicleAdvBP/Maps/Template.Template to /Game/VehicleAdvBP/Maps/UEDPIE_0_Template.Template (0.009503s)
[2015.09.20-19.03.29:274][589]LogActorComponent: UnregisterComponent: (/Engine/Transient.MovementComp) Not registered. Aborting.
[2015.09.20-19.03.29:344][589]LogWorld: Game class is 'VehicleAdvGameMode_C'
[2015.09.20-19.03.29:352][589]LogWorld: Bringing World /Game/VehicleAdvBP/Maps/UEDPIE_0_Template.Template up for play (max tick rate 60) at 2015.09.20-15.03.29
[2015.09.20-19.03.29:352][589]LogActor:Warning: GameSession /Game/VehicleAdvBP/Maps/UEDPIE_0_Template.Template:PersistentLevel.GameSession_16 has natively added scene component(s), but none of them were set as the actor's RootComponent - picking one arbitrarily
[2015.09.20-19.03.29:352][589]LogActor:Warning: GameNetworkManager /Game/VehicleAdvBP/Maps/UEDPIE_0_Template.Template:PersistentLevel.GameNetworkManager_16 has natively added scene component(s), but none of them were set as the actor's RootComponent - picking one arbitrarily
[2015.09.20-19.03.29:353][589]LogWorld: Bringing up level for play took: 0.005800
[2015.09.20-19.03.29:381][589]PIE: Info Play in editor start time for /Game/VehicleAdvBP/Maps/UEDPIE_0_Template 0.5
[2015.09.20-19.03.39:278][155]LogParticles: Destroying 0 GPU particle simulations for FXSystem 0x00000043693B1E40
[2015.09.20-19.03.51:860][886]LogPlayLevel: PlayLevel: No blueprints needed recompiling
[2015.09.20-19.03.51:860][886]PIE: New page: PIE session: Template (Sep 20, 2015, 11:03:51 AM)
[2015.09.20-19.03.51:860][886]LogPlayLevel: Creating play world package: /Game/VehicleAdvBP/Maps/UEDPIE_0_Template
[2015.09.20-19.03.51:872][886]LogPlayLevel: PIE: StaticDuplicateObject took: (0.011534s)
[2015.09.20-19.03.51:872][886]LogAIModule: Creating AISystem for world Template
[2015.09.20-19.03.51:873][886]LogPlayLevel: PIE: World Init took: (0.000707s)
[2015.09.20-19.03.51:873][886]LogPlayLevel: PIE: Created PIE world by copying editor world from /Game/VehicleAdvBP/Maps/Template.Template to /Game/VehicleAdvBP/Maps/UEDPIE_0_Template.Template (0.012463s)
[2015.09.20-19.03.51:932][886]LogWorld: Game class is 'VehicleAdvGameMode_C'
[2015.09.20-19.03.51:939][886]LogWorld: Bringing World /Game/VehicleAdvBP/Maps/UEDPIE_0_Template.Template up for play (max tick rate 60) at 2015.09.20-15.03.51
[2015.09.20-19.03.51:939][886]LogActor:Warning: GameSession /Game/VehicleAdvBP/Maps/UEDPIE_0_Template.Template:PersistentLevel.GameSession_17 has natively added scene component(s), but none of them were set as the actor's RootComponent - picking one arbitrarily
[2015.09.20-19.03.51:939][886]LogActor:Warning: GameNetworkManager /Game/VehicleAdvBP/Maps/UEDPIE_0_Template.Template:PersistentLevel.GameNetworkManager_17 has natively added scene component(s), but none of them were set as the actor's RootComponent - picking one arbitrarily
[2015.09.20-19.03.51:940][886]LogWorld: Bringing up level for play took: 0.005480
[2015.09.20-19.03.51:964][886]PIE: Info Play in editor start time for /Game/VehicleAdvBP/Maps/UEDPIE_0_Template 1.083
[2015.09.20-19.03.54:681][ 42]LogParticles: Destroying 0 GPU particle simulations for FXSystem 0x0000004368A174C0
[2015.09.20-19.04.10:991][980]LogPlayLevel: PlayLevel: No blueprints needed recompiling
[2015.09.20-19.04.10:992][980]PIE: New page: PIE session: Template (Sep 20, 2015, 11:04:10 AM)
[2015.09.20-19.04.10:992][980]LogPlayLevel: Creating play world package: /Game/VehicleAdvBP/Maps/UEDPIE_0_Template
[2015.09.20-19.04.11:005][980]LogPlayLevel: PIE: StaticDuplicateObject took: (0.013516s)
[2015.09.20-19.04.11:006][980]LogAIModule: Creating AISystem for world Template
[2015.09.20-19.04.11:006][980]LogPlayLevel: PIE: World Init took: (0.000615s)
[2015.09.20-19.04.11:006][980]LogPlayLevel: PIE: Created PIE world by copying editor world from /Game/VehicleAdvBP/Maps/Template.Template to /Game/VehicleAdvBP/Maps/UEDPIE_0_Template.Template (0.014299s)
[2015.09.20-19.04.11:071][980]LogWorld: Game class is 'VehicleAdvGameMode_C'
[2015.09.20-19.04.11:080][980]LogWorld: Bringing World /Game/VehicleAdvBP/Maps/UEDPIE_0_Template.Template up for play (max tick rate 60) at 2015.09.20-15.04.11
[2015.09.20-19.04.11:080][980]LogActor:Warning: GameSession /Game/VehicleAdvBP/Maps/UEDPIE_0_Template.Template:PersistentLevel.GameSession_18 has natively added scene component(s), but none of them were set as the actor's RootComponent - picking one arbitrarily
[2015.09.20-19.04.11:080][980]LogActor:Warning: GameNetworkManager /Game/VehicleAdvBP/Maps/UEDPIE_0_Template.Template:PersistentLevel.GameNetworkManager_18 has natively added scene component(s), but none of them were set as the actor's RootComponent - picking one arbitrarily
[2015.09.20-19.04.11:081][980]LogWorld: Bringing up level for play took: 0.005846
[2015.09.20-19.04.11:105][980]PIE: Info Play in editor start time for /Game/VehicleAdvBP/Maps/UEDPIE_0_Template 0.224
