[2015.09.29-05.44.27:667][  0]Log file open, 09/29/15 01:44:27
[2015.09.29-05.44.27:667][  0]LogInit:Display: Running engine for game: SR2L
[2015.09.29-05.44.27:667][  0]LogInit:Display: RandInit(634864116) SRandInit(634864116).
[2015.09.29-05.44.27:667][  0]LogTaskGraph: Started task graph with 4 named threads and 7 total threads.
[2015.09.29-05.44.27:667][  0]LogStats: Stats thread started at 0.114033
[2015.09.29-05.44.27:667][  0]LogInit: Version: 4.9.1-2689999+++depot+UE4-Releases+4.9
[2015.09.29-05.44.27:667][  0]LogInit: API Version: 2672455
[2015.09.29-05.44.27:667][  0]LogInit: Compiled (64-bit): Sep 14 2015 04:12:03
[2015.09.29-05.44.27:667][  0]LogInit: Compiled with Visual C++: 18.00.21005.01
[2015.09.29-05.44.27:667][  0]LogInit: Build Configuration: Development
[2015.09.29-05.44.27:667][  0]LogInit: Branch Name: ++depot+UE4-Releases+4.9
[2015.09.29-05.44.27:667][  0]LogInit: Command line:  
[2015.09.29-05.44.27:667][  0]LogInit: Base directory: C:/Program Files/Epic Games/4.9/Engine/Binaries/Win64/
[2015.09.29-05.44.27:667][  0]LogInit: Rocket: 1
[2015.09.29-05.44.27:843][  0]LogInit: Using libcurl 7.41.0
[2015.09.29-05.44.27:843][  0]LogInit:  - built for x86_64-pc-win32
[2015.09.29-05.44.27:843][  0]LogInit:  - supports SSL with WinSSL
[2015.09.29-05.44.27:843][  0]LogInit:  - other features:
[2015.09.29-05.44.27:843][  0]LogInit:      CURL_VERSION_SSL
[2015.09.29-05.44.27:843][  0]LogInit:      CURL_VERSION_IPV6
[2015.09.29-05.44.27:843][  0]LogInit:      CURL_VERSION_ASYNCHDNS
[2015.09.29-05.44.27:843][  0]LogInit:      CURL_VERSION_LARGEFILE
[2015.09.29-05.44.27:843][  0]LogInit:      CURL_VERSION_IDN
[2015.09.29-05.44.27:843][  0]LogInit:  CurlRequestOptions (configurable via config and command line):
[2015.09.29-05.44.27:843][  0]LogInit:  - bVerifyPeer = true  - Libcurl will verify peer certificate
[2015.09.29-05.44.27:843][  0]LogInit:  - bUseHttpProxy = false  - Libcurl will NOT use HTTP proxy
[2015.09.29-05.44.27:843][  0]LogInit:  - bDontReuseConnections = false  - Libcurl will reuse connections
[2015.09.29-05.44.27:843][  0]LogInit:  - CertBundlePath = nullptr  - Libcurl will use whatever was configured at build time.
[2015.09.29-05.44.27:914][  0]LogInit: Presizing for 0 objects not considered by GC, pre-allocating 0 bytes.
[2015.09.29-05.44.27:920][  0]LogInit: Object subsystem initialized
[2015.09.29-05.44.27:922][  0]LogInit: Selected Device Profile: [Windows]
[2015.09.29-05.44.27:922][  0]LogInit: Applying CVar settings loaded from the selected device profile: [Windows]
[2015.09.29-05.44.27:937][  0]LogInit: Computer: ADAM-ASUS
[2015.09.29-05.44.27:937][  0]LogInit: User: Adam
[2015.09.29-05.44.27:937][  0]LogInit: CPU Page size=4096, Cores=4
[2015.09.29-05.44.27:937][  0]LogInit: High frequency timer resolution =2.338349 MHz
[2015.09.29-05.44.27:937][  0]LogMemory: Memory total: Physical=15.8GB (16GB approx)
[2015.09.29-05.44.27:937][  0]LogMemory: Platform Memory Stats for Windows
[2015.09.29-05.44.27:937][  0]LogMemory: Process Physical Memory: 54.42 MB used, 54.42 MB peak
[2015.09.29-05.44.27:937][  0]LogMemory: Process Virtual Memory: 55.45 MB used, 55.45 MB peak
[2015.09.29-05.44.27:937][  0]LogMemory: Physical Memory: 4711.70 MB used, 16203.17 MB total
[2015.09.29-05.44.27:937][  0]LogMemory: Virtual Memory: 364.62 MB used, 134217728.00 MB total
[2015.09.29-05.44.28:354][  0]LogTextLocalizationManager: No specific translations for ('en-US') exist, so ('en') translations will be used.
[2015.09.29-05.44.29:144][  0]LogD3D11RHI: Found D3D11 adapter 0: NVIDIA GeForce GT 750M (Feature Level 11_0)
[2015.09.29-05.44.29:144][  0]LogD3D11RHI: Adapter has 1992MB of dedicated video memory, 0MB of dedicated system memory, and 8101MB of shared system memory, 1 output[s]
[2015.09.29-05.44.29:150][  0]LogD3D11RHI: Found D3D11 adapter 1: Intel(R) HD Graphics 4600 (Feature Level 11_0)
[2015.09.29-05.44.29:150][  0]LogD3D11RHI: Adapter has 112MB of dedicated video memory, 0MB of dedicated system memory, and 8101MB of shared system memory, 0 output[s]
[2015.09.29-05.44.29:151][  0]LogD3D11RHI: Found D3D11 adapter 2: Microsoft Basic Render Driver (Feature Level 11_0)
[2015.09.29-05.44.29:151][  0]LogD3D11RHI: Adapter has 0MB of dedicated video memory, 0MB of dedicated system memory, and 8101MB of shared system memory, 0 output[s]
[2015.09.29-05.44.29:151][  0]LogD3D11RHI: Chosen D3D11 Adapter Id = 0
[2015.09.29-05.44.29:156][  0]LogD3D11RHI: !Direct3DDevice
[2015.09.29-05.44.29:156][  0]LogRHI: Texture pool is 1361 MB (70% of 1945 MB)
[2015.09.29-05.44.29:170][  0]LogD3D11RHI: Async texture creation enabled
[2015.09.29-05.44.29:187][  0]LogShaderCompilers: Guid format shader working directory is 14 characters bigger than the processId version (../../../../../../Users/Adam/Documents/Unreal Projects/Aggressive Expansion/Intermediate/Shaders/WorkingDirectory/11520/).
[2015.09.29-05.44.29:187][  0]LogShaderCompilers: Cleaned the shader compiler working directory '../../../../../../Users/Adam/Documents/Unreal Projects/Aggressive Expansion/Intermediate/Shaders/tmp/AE81D2764184FBBD72EB12B4478921D4/'.
[2015.09.29-05.44.29:187][  0]LogShaderCompilers:Display: Using Local Shader Compiler.
[2015.09.29-05.44.30:603][  0]LogTemp:Display: Loaded TP AllDesktopTargetPlatform
[2015.09.29-05.44.30:627][  0]LogTemp:Display: Loaded TP WindowsClientTargetPlatform
[2015.09.29-05.44.30:646][  0]LogTemp:Display: Loaded TP WindowsNoEditorTargetPlatform
[2015.09.29-05.44.30:669][  0]LogTemp:Display: Loaded TP WindowsServerTargetPlatform
[2015.09.29-05.44.30:682][  0]LogTemp:Display: Loaded TP WindowsTargetPlatform
[2015.09.29-05.44.30:713][  0]LogTemp:Display: Loaded TP AndroidTargetPlatform
[2015.09.29-05.44.30:727][  0]LogTemp:Display: Loaded TP Android_ASTCTargetPlatform
[2015.09.29-05.44.30:738][  0]LogTemp:Display: Loaded TP Android_ATCTargetPlatform
[2015.09.29-05.44.30:756][  0]LogTemp:Display: Loaded TP Android_DXTTargetPlatform
[2015.09.29-05.44.30:766][  0]LogTemp:Display: Loaded TP Android_ETC1TargetPlatform
[2015.09.29-05.44.30:777][  0]LogTemp:Display: Loaded TP Android_ETC2TargetPlatform
[2015.09.29-05.44.30:788][  0]LogTemp:Display: Loaded TP Android_PVRTCTargetPlatform
[2015.09.29-05.44.30:798][  0]LogTemp:Display: Loaded TP HTML5TargetPlatform
[2015.09.29-05.44.30:857][  0]LogTemp:Display: Loaded TP IOSTargetPlatform
[2015.09.29-05.44.30:873][  0]LogTemp:Display: Loaded TP LinuxNoEditorTargetPlatform
[2015.09.29-05.44.30:883][  0]LogTemp:Display: Loaded TP LinuxServerTargetPlatform
[2015.09.29-05.44.30:903][  0]LogTemp:Display: Loaded TP LinuxTargetPlatform
[2015.09.29-05.44.30:903][  0]LogTargetPlatformManager:Display: Building Assets For Windows
[2015.09.29-05.44.31:414][  0]LogDerivedDataCache:Display: Max Cache Size: 512 MB
[2015.09.29-05.44.31:741][  0]LogDerivedDataCache: Loaded boot cache 0.33s 41MB C:/Users/Adam/AppData/Local/UnrealEngine/4.9/DerivedDataCache/Boot.ddc.
[2015.09.29-05.44.31:741][  0]LogDerivedDataCache:Display: Loaded Boot cache: C:/Users/Adam/AppData/Local/UnrealEngine/4.9/DerivedDataCache/Boot.ddc
[2015.09.29-05.44.31:741][  0]LogDerivedDataCache: FDerivedDataBackendGraph:  Pak pak cache file ../../../../../../Users/Adam/Documents/Unreal Projects/Aggressive Expansion/DerivedDataCache/DDC.ddp not found, will not use a pak cache.
[2015.09.29-05.44.31:741][  0]LogDerivedDataCache: Unable to find inner node Pak for hierarchical cache Hierarchy.
[2015.09.29-05.44.31:742][  0]LogDerivedDataCache: FDerivedDataBackendGraph:  CompressedPak pak cache file ../../../../../../Users/Adam/Documents/Unreal Projects/Aggressive Expansion/DerivedDataCache/Compressed.ddp not found, will not use a pak cache.
[2015.09.29-05.44.31:742][  0]LogDerivedDataCache: Unable to find inner node CompressedPak for hierarchical cache Hierarchy.
[2015.09.29-05.44.31:933][  0]LogDerivedDataCache:Display: Pak cache opened for reading ../../../Engine/DerivedDataCache/Compressed.ddp.
[2015.09.29-05.44.31:963][  0]LogDerivedDataCache: Using Local data cache path C:/Users/Adam/AppData/Local/UnrealEngine/Common/DerivedDataCache: Writable
[2015.09.29-05.44.35:041][  0]LogInit: Selected Device Profile: [Windows]
[2015.09.29-05.44.35:044][  0]LogContentStreaming: Texture pool size is 0.000000MB
[2015.09.29-05.44.35:500][  0]LogMeshUtilities: No automatic mesh reduction module available
[2015.09.29-05.44.35:500][  0]LogMeshUtilities: No automatic mesh merging module available
[2015.09.29-05.44.36:762][  0]LogInit: WinSock: version 1.1 (2.2), MaxSocks=32767, MaxUdp=65467
[2015.09.29-05.44.52:693][  0]UdpMessaging: Initializing bridge on interface 0.0.0.0:0 to multicast group 230.0.0.1:6666.
[2015.09.29-05.44.53:395][  0]LogAssetRegistry: FAssetRegistry took 0.0110 seconds to start up
[2015.09.29-05.44.55:211][  0]SourceControl: Info Source control is disabled
[2015.09.29-05.44.55:583][  0]SourceControl: Info Source control is disabled
[2015.09.29-05.44.55:665][  0]SourceControl: Info Source control is disabled
[2015.09.29-05.44.55:755][  0]SourceControl: Info Source control is disabled
[2015.09.29-05.44.57:206][  0]LogLinker:Warning: Asset '../../../Engine/Plugins/Runtime/LeapMotionController/Content/LM_PassthroughMaterial.uasset' has been saved with empty engine version. The asset will be loaded but may be incompatible.
[2015.09.29-05.44.57:505][  0]LogObj: 28361 objects as part of root set at end of initial load.
[2015.09.29-05.44.57:505][  0]LogUObjectAllocator: 6038872 out of 0 bytes used by permanent object pool.
[2015.09.29-05.44.57:680][  0]LogEngine: Initializing Engine...
[2015.09.29-05.44.57:683][  0]LogHMD: Can't find Oculus library dev build: is proper Runtime installed? Version: 0.7.0.0
[2015.09.29-05.44.57:696][  0]LogHMD: SteamVR failed to initialize.  Err: 110
[2015.09.29-05.44.58:149][  0]LogAIModule: Creating AISystem for world NewWorld
[2015.09.29-05.44.58:158][  0]LogInit: XAudio2 using 'Speakers (2- USB PnP Sound Device)' : 2 channels at 44.1 kHz using 16 bits per sample (channel mask 0x3)
[2015.09.29-05.44.58:202][  0]LogInit: FAudioDevice initialized.
[2015.09.29-05.44.58:223][  0]LogDerivedDataCache: Saved boot cache 0.02s 41MB C:/Users/Adam/AppData/Local/UnrealEngine/4.9/DerivedDataCache/Boot.ddc.
[2015.09.29-05.44.58:226][  0]LogInit: Texture streaming: Enabled
[2015.09.29-05.44.58:256][  0]LogAnalytics: Creating configured Analytics provider AnalyticsET
[2015.09.29-05.44.58:256][  0]LogAnalytics: [UEEditor.Rocket.Release] APIServer = http://et2.epicgames.com/ET2/. AppVersion = 4.9.1-2689999+++depot+UE4-Releases+4.9
[2015.09.29-05.44.58:256][  0]LogAnalytics: [UEEditor.Rocket.Release] SetUserId b6aeed064c5facbea2fec1a4dfb34289|e8dad8564e6d4f898fb2f14da66fe74c|e1a63e55-60ec-4585-be06-279f35335c9b
[2015.09.29-05.44.58:256][  0]LogAnalytics: [UEEditor.Rocket.Release] AnalyticsET::StartSession
[2015.09.29-05.44.58:330][  0]LogWindowsTextInputMethodSystem:Display: IME system now deactivated.
[2015.09.29-05.44.58:331][  0]LogWindowsTextInputMethodSystem:Display: IME system now deactivated.
[2015.09.29-05.44.58:379][  0]LogInit: Transaction tracking system initialized
[2015.09.29-05.44.58:556][  0]BlueprintLog: New page: Editor Load
[2015.09.29-05.44.59:437][  0]LocalizationService: Info Localization service is disabled
[2015.09.29-05.45.00:020][  0]LogConsoleResponse:Display: 
[2015.09.29-05.45.01:849][  0]LogCook:Display: Done creating registry. It took  0.00s.
[2015.09.29-05.45.02:821][  0]LogFileCache: Scanning file cache for directory 'C:/Users/Adam/Documents/Unreal Projects/Aggressive Expansion/Content/' took 0.01s
[2015.09.29-05.45.02:934][  0]SourceControl: Info Source control is disabled
[2015.09.29-05.45.02:934][  0]Cmd: MAP LOAD FILE="../../../../../../Users/Adam/Documents/Unreal Projects/Aggressive Expansion/Content/VehicleAdvBP/Maps/Title.umap" TEMPLATE=0 SHOWPROGRESS=1 FEATURELEVEL=3
[2015.09.29-05.45.02:949][  0]LightingResults: New page: Lighting Build
[2015.09.29-05.45.02:953][  0]MapCheck: New page: Map Check
[2015.09.29-05.45.02:953][  0]LightingResults: New page: Lighting Build
[2015.09.29-05.45.02:963][  0]LogParticles: Destroying 0 GPU particle simulations for FXSystem 0x0000001EA4CF0400
[2015.09.29-05.45.09:086][  0]LogMaterial: Missing cached shader map for material M_Rock_Basalt, compiling. 
[2015.09.29-05.45.09:087][  0]LogMaterial:Warning: Failed to compile Material /Game/StarterContent/Materials/M_Rock_Basalt.M_Rock_Basalt for platform PCD3D_SM5, Default Material will be used in game.
[2015.09.29-05.45.09:087][  0]LogMaterial:Warning: 	(Node TextureSample) TextureSample> Missing input texture
[2015.09.29-05.45.09:320][  0]LogAIModule: Creating AISystem for world Title
[2015.09.29-05.45.09:430][  0]LogEditorServer: Finished looking for orphan Actors (0.000 secs)
[2015.09.29-05.45.09:430][  0]Cmd: MAP CHECKDEP NOCLEARLOG
[2015.09.29-05.45.09:523][  0]MapCheck: Info Map check complete: 0 Error(s), 0 Warning(s), took 92.867ms to complete.
[2015.09.29-05.45.09:523][  0]LogFileHelpers: Loading map 'Title' took 6.589
[2015.09.29-05.45.09:704][  0]LogCollectionManager: Loaded 0 collections in 0.002863 seconds
[2015.09.29-05.45.09:745][  0]LogFileCache: Scanning file cache for directory 'C:/Users/Adam/Documents/Unreal Projects/Aggressive Expansion/Saved/Collections/' took 0.01s
[2015.09.29-05.45.09:745][  0]LogFileCache: Scanning file cache for directory 'C:/Users/Adam/Documents/Unreal Projects/Aggressive Expansion/Content/Developers/Adam/Collections/' took 0.01s
[2015.09.29-05.45.09:745][  0]LogFileCache: Scanning file cache for directory 'C:/Users/Adam/Documents/Unreal Projects/Aggressive Expansion/Content/Collections/' took 0.01s
[2015.09.29-05.45.09:745][  0]LogContentBrowser: Native class hierarchy populated in 0.0069 seconds. Added 1867 classes and 333 folders.
[2015.09.29-05.45.09:750][  0]LogCollectionManager: Rebuilt the GUID cache for 0 collections in 0.000002 seconds
[2015.09.29-05.45.09:758][  0]LogContentBrowser: Native class hierarchy updated for 'WidgetCarousel' in 0.0003 seconds. Added 0 classes and 0 folders.
[2015.09.29-05.45.10:800][  0]LogContentBrowser: Native class hierarchy updated for 'AddContentDialog' in 0.0004 seconds. Added 0 classes and 0 folders.
[2015.09.29-05.45.10:845][  0]LogContentBrowser: Native class hierarchy updated for 'SceneOutliner' in 0.0004 seconds. Added 1 classes and 2 folders.
[2015.09.29-05.45.10:997][  0]LogCrashTracker: Crashtracker disabled due to settings.
[2015.09.29-05.45.11:050][  0]LogUObjectGlobals:Warning: Failed to find object 'Class None.'
[2015.09.29-05.45.11:073][  0]LogLoad: Full Startup: 44.76 seconds (BP compile: 0.29 seconds)
[2015.09.29-05.45.11:271][  0]LogContentStreaming: Texture pool size now 400 MB
[2015.09.29-05.45.11:703][  0]LogRenderer: Reallocating scene render targets to support 1120x604 (Frame:2).
[2015.09.29-05.45.12:004][  5]LogAssetRegistry: Asset discovery search completed in 18.6194 seconds
[2015.09.29-05.45.12:004][  5]LogCollectionManager: Rebuilt the object cache for 0 collections in 0.000001 seconds (found 0 objects)
[2015.09.29-05.45.12:004][  5]LogCollectionManager: Fixed up redirectors for 0 collections in 0.000019 seconds (updated 0 objects)
[2015.09.29-05.45.58:634][774]LogBlueprintUserMessages: Early PlayInEditor Detection: Level '/Game/VehicleAdvBP/Maps/Title.Title:PersistentLevel' has LevelScriptBlueprint '/Game/VehicleAdvBP/Maps/Title.Title:PersistentLevel.Title' with GeneratedClass '/Game/VehicleAdvBP/Maps/Title.Title_C' with ClassGeneratedBy '/Game/VehicleAdvBP/Maps/Title.Title:PersistentLevel.Title'
[2015.09.29-05.45.58:634][774]LogPlayLevel: PlayLevel: No blueprints needed recompiling
[2015.09.29-05.45.58:635][774]PIE: New page: PIE session: Title (Sep 28, 2015, 9:45:58 PM)
[2015.09.29-05.45.58:635][774]LogPlayLevel: Creating play world package: /Game/VehicleAdvBP/Maps/UEDPIE_0_Title
[2015.09.29-05.45.58:654][774]LogPlayLevel: PIE: StaticDuplicateObject took: (0.018894s)
[2015.09.29-05.45.58:655][774]LogAIModule: Creating AISystem for world Title
[2015.09.29-05.45.58:655][774]LogPlayLevel: PIE: World Init took: (0.000636s)
[2015.09.29-05.45.58:655][774]LogPlayLevel: PIE: Created PIE world by copying editor world from /Game/VehicleAdvBP/Maps/Title.Title to /Game/VehicleAdvBP/Maps/UEDPIE_0_Title.Title (0.019740s)
[2015.09.29-05.45.58:655][774]LogActorComponent: UnregisterComponent: (/Engine/Transient.MovementComp) Not registered. Aborting.
[2015.09.29-05.45.58:698][774]LogInit: XAudio2 using 'Speakers (2- USB PnP Sound Device)' : 2 channels at 44.1 kHz using 16 bits per sample (channel mask 0x3)
[2015.09.29-05.45.58:706][774]LogInit: FAudioDevice initialized.
[2015.09.29-05.45.58:758][774]LogWorld: Game class is 'VehicleAdvGameMode_C'
[2015.09.29-05.45.58:766][774]LogWorld: Bringing World /Game/VehicleAdvBP/Maps/UEDPIE_0_Title.Title up for play (max tick rate 60) at 2015.09.29-01.45.58
[2015.09.29-05.45.58:767][774]LogActor:Warning: GameSession /Game/VehicleAdvBP/Maps/UEDPIE_0_Title.Title:PersistentLevel.GameSession_0 has natively added scene component(s), but none of them were set as the actor's RootComponent - picking one arbitrarily
[2015.09.29-05.45.58:767][774]LogActor:Warning: GameNetworkManager /Game/VehicleAdvBP/Maps/UEDPIE_0_Title.Title:PersistentLevel.GameNetworkManager_0 has natively added scene component(s), but none of them were set as the actor's RootComponent - picking one arbitrarily
[2015.09.29-05.45.58:768][774]LogWorld: Bringing up level for play took: 0.005501
[2015.09.29-05.45.58:772][774]Cmd: sg.PostProcessQuality 1
[2015.09.29-05.45.58:773][774]sg.PostProcessQuality = "1"
[2015.09.29-05.45.58:777][774]Cmd: sg.EffectsQuality 1
[2015.09.29-05.45.58:777][774]sg.EffectsQuality = "1"
[2015.09.29-05.45.58:795][774]PIE: Info Play in editor start time for /Game/VehicleAdvBP/Maps/UEDPIE_0_Title 0.303
[2015.09.29-05.45.58:795][774]LogBlueprintUserMessages: Late PlayInEditor Detection: Level '/Game/VehicleAdvBP/Maps/Title.Title:PersistentLevel' has LevelScriptBlueprint '/Game/VehicleAdvBP/Maps/Title.Title:PersistentLevel.Title' with GeneratedClass '/Game/VehicleAdvBP/Maps/Title.Title_C' with ClassGeneratedBy '/Game/VehicleAdvBP/Maps/Title.Title:PersistentLevel.Title'
[2015.09.29-05.45.58:832][775]LogRenderer: Reallocating scene render targets to support 1120x612 (Frame:4986).
[2015.09.29-05.46.00:610][873]LogPackageName: SearchForPackageOnDisk took   0.082s to resolve Level1.umap.
[2015.09.29-05.46.00:695][874]LogPackageName: SearchForPackageOnDisk took   0.077s to resolve Level1.umap.
[2015.09.29-05.46.00:695][874]LogNet: Browse: /Game/VehicleAdvBP/Maps/Level1
[2015.09.29-05.46.00:696][874]LogLoad: LoadMap: /Game/VehicleAdvBP/Maps/Level1
[2015.09.29-05.46.00:711][874]LogParticles: Destroying 0 GPU particle simulations for FXSystem 0x0000001EC4426660
[2015.09.29-05.46.00:713][874]Cmd: MEM
[2015.09.29-05.46.00:724][874]LogMemory: Platform Memory Stats for Windows
[2015.09.29-05.46.00:724][874]LogMemory: Process Physical Memory: 696.02 MB used, 707.85 MB peak
[2015.09.29-05.46.00:724][874]LogMemory: Process Virtual Memory: 1238.79 MB used, 1242.31 MB peak
[2015.09.29-05.46.00:724][874]LogMemory: Physical Memory: 5448.11 MB used, 16203.17 MB total
[2015.09.29-05.46.00:724][874]LogMemory: Virtual Memory: 1956.79 MB used, 134217728.00 MB total
[2015.09.29-05.46.00:724][874]LogMemory: 
[2015.09.29-05.46.00:724][874]Allocator Stats for TBB: (not implemented)
[2015.09.29-05.46.07:502][874]LogAIModule: Creating AISystem for world Level1
[2015.09.29-05.46.07:503][874]LogWorld: Game class is 'VehicleAdvGameMode_C'
[2015.09.29-05.46.07:549][874]LogWorld: Bringing World /Game/VehicleAdvBP/Maps/UEDPIE_0_Level1.Level1 up for play (max tick rate 60) at 2015.09.29-01.46.07
[2015.09.29-05.46.07:549][874]LogActor:Warning: GameSession /Game/VehicleAdvBP/Maps/UEDPIE_0_Level1.Level1:PersistentLevel.GameSession_1 has natively added scene component(s), but none of them were set as the actor's RootComponent - picking one arbitrarily
[2015.09.29-05.46.07:550][874]LogActor:Warning: GameNetworkManager /Game/VehicleAdvBP/Maps/UEDPIE_0_Level1.Level1:PersistentLevel.GameNetworkManager_1 has natively added scene component(s), but none of them were set as the actor's RootComponent - picking one arbitrarily
[2015.09.29-05.46.07:553][874]LogWorld: Bringing up level for play took: 0.046624
[2015.09.29-05.46.07:554][874]LogGameMode: Warning - PATHS NOT DEFINED or NO PLAYERSTART with positive rating
[2015.09.29-05.46.07:555][874]LogGameMode: Warning - PATHS NOT DEFINED or NO PLAYERSTART with positive rating
[2015.09.29-05.46.07:555][874]LogPlayerManagement:Error: Failed to Create Player: A local player already exists for controller ID 1,
[2015.09.29-05.46.07:556][874]Cmd: sg.PostProcessQuality 1
[2015.09.29-05.46.07:556][874]sg.PostProcessQuality = "1"
[2015.09.29-05.46.07:556][874]Cmd: sg.EffectsQuality 1
[2015.09.29-05.46.07:556][874]sg.EffectsQuality = "1"
[2015.09.29-05.46.40:710][507]LogBlueprintUserMessages: Early EndPlayMap Detection: Level '/Game/VehicleAdvBP/Maps/Title.Title:PersistentLevel' has LevelScriptBlueprint '/Game/VehicleAdvBP/Maps/Title.Title:PersistentLevel.Title' with GeneratedClass '/Game/VehicleAdvBP/Maps/Title.Title_C' with ClassGeneratedBy '/Game/VehicleAdvBP/Maps/Title.Title:PersistentLevel.Title'
[2015.09.29-05.46.40:769][507]LogBlueprintUserMessages: Late EndPlayMap Detection: Level '/Game/VehicleAdvBP/Maps/Title.Title:PersistentLevel' has LevelScriptBlueprint '/Game/VehicleAdvBP/Maps/Title.Title:PersistentLevel.Title' with GeneratedClass '/Game/VehicleAdvBP/Maps/Title.Title_C' with ClassGeneratedBy '/Game/VehicleAdvBP/Maps/Title.Title:PersistentLevel.Title'
[2015.09.29-05.46.40:789][507]LogParticles: Destroying 0 GPU particle simulations for FXSystem 0x0000001E9ACE7100
[2015.09.29-05.48.56:496][282]LogActorComponent: UnregisterComponent: (/Engine/Transient.MovementComp) Not registered. Aborting.
[2015.09.29-05.48.56:613][282]LogWindowsTextInputMethodSystem:Display: IME system now deactivated.
[2015.09.29-05.48.56:613][282]LogWindowsTextInputMethodSystem:Display: IME system now deactivated.
[2015.09.29-05.48.56:859][283]Cmd: QUIT_EDITOR
[2015.09.29-05.48.57:172][283]LogExit: Preparing to exit.
[2015.09.29-05.48.57:908][283]LogExit: Editor shut down
[2015.09.29-05.48.57:908][283]LogExit: Transaction tracking system shut down
[2015.09.29-05.48.57:912][283]LogParticles: Destroying 0 GPU particle simulations for FXSystem 0x0000001E961D3BA0
[2015.09.29-05.48.57:913][283]LogParticles: Destroying 0 GPU particle simulations for FXSystem 0x0000001EB550F880
[2015.09.29-05.48.57:913][283]LogParticles: Destroying 0 GPU particle simulations for FXSystem 0x0000001EB5093BA0
[2015.09.29-05.48.57:913][283]LogParticles: Destroying 0 GPU particle simulations for FXSystem 0x0000001EAC6B3380
[2015.09.29-05.48.57:913][283]LogParticles: Destroying 0 GPU particle simulations for FXSystem 0x0000001EAC6B31A0
[2015.09.29-05.48.58:064][283]LogExit: Object subsystem successfully closed.
[2015.09.29-05.48.58:083][283]LogD3D11RHI: Shutdown
[2015.09.29-05.48.58:083][283]LogD3D11RHI: CleanupD3DDevice
[2015.09.29-05.48.58:185][283]LogD3D11RHI: ~FD3D11DynamicRHI
[2015.09.29-05.48.58:208][283]LogModuleManager: Shutting down and abandoning module CrashTracker (197)
[2015.09.29-05.48.58:208][283]LogModuleManager: Shutting down and abandoning module SceneOutliner (196)
[2015.09.29-05.48.58:208][283]LogModuleManager: Shutting down and abandoning module SuperSearch (195)
[2015.09.29-05.48.58:208][283]LogModuleManager: Shutting down and abandoning module WidgetCarousel (194)
[2015.09.29-05.48.58:208][283]LogModuleManager: Shutting down and abandoning module AddContentDialog (193)
[2015.09.29-05.48.58:209][283]LogModuleManager: Shutting down and abandoning module EditorWidgets (192)
[2015.09.29-05.48.58:209][283]LogModuleManager: Shutting down and abandoning module CollectionManager (191)
[2015.09.29-05.48.58:210][283]LogModuleManager: Shutting down and abandoning module StatsViewer (190)
[2015.09.29-05.48.58:210][283]LogModuleManager: Shutting down and abandoning module FoliageEdit (189)
[2015.09.29-05.48.58:210][283]LogModuleManager: Shutting down and abandoning module LandscapeEditor (188)
[2015.09.29-05.48.58:210][283]LogModuleManager: Shutting down and abandoning module ActorPickerMode (187)
[2015.09.29-05.48.58:210][283]LogModuleManager: Shutting down and abandoning module GeometryMode (186)
[2015.09.29-05.48.58:210][283]LogModuleManager: Shutting down and abandoning module TextureAlignMode (185)
[2015.09.29-05.48.58:210][283]LogModuleManager: Shutting down and abandoning module BspMode (184)
[2015.09.29-05.48.58:210][283]LogModuleManager: Shutting down and abandoning module PlacementMode (183)
[2015.09.29-05.48.58:210][283]LogModuleManager: Shutting down and abandoning module AutomationWorker (182)
[2015.09.29-05.48.58:210][283]LogModuleManager: Shutting down and abandoning module CharacterAI (181)
[2015.09.29-05.48.58:210][283]LogModuleManager: Shutting down and abandoning module SmartSnapping (180)
[2015.09.29-05.48.58:210][283]LogModuleManager: Shutting down and abandoning module ViewportSnapping (179)
[2015.09.29-05.48.58:210][283]LogModuleManager: Shutting down and abandoning module LogVisualizer (178)
[2015.09.29-05.48.58:210][283]LogModuleManager: Shutting down and abandoning module GameProjectGeneration (177)
[2015.09.29-05.48.58:210][283]LogModuleManager: Shutting down and abandoning module IntroTutorials (176)
[2015.09.29-05.48.58:210][283]LogModuleManager: Shutting down and abandoning module EditorLiveStreaming (175)
[2015.09.29-05.48.58:210][283]LogModuleManager: Shutting down and abandoning module IOSPlatformEditor (174)
[2015.09.29-05.48.58:210][283]LogModuleManager: Shutting down and abandoning module HTML5PlatformEditor (173)
[2015.09.29-05.48.58:210][283]LogModuleManager: Shutting down and abandoning module AndroidDeviceDetection (172)
[2015.09.29-05.48.58:896][283]LogModuleManager: Shutting down and abandoning module AndroidPlatformEditor (171)
[2015.09.29-05.48.58:896][283]LogModuleManager: Shutting down and abandoning module IOSRuntimeSettings (170)
[2015.09.29-05.48.58:896][283]LogModuleManager: Shutting down and abandoning module AndroidRuntimeSettings (169)
[2015.09.29-05.48.58:896][283]LogModuleManager: Shutting down and abandoning module MergeActors (168)
[2015.09.29-05.48.58:896][283]LogModuleManager: Shutting down and abandoning module SizeMap (167)
[2015.09.29-05.48.58:896][283]LogModuleManager: Shutting down and abandoning module TreeMap (166)
[2015.09.29-05.48.58:896][283]LogModuleManager: Shutting down and abandoning module ReferenceViewer (165)
[2015.09.29-05.48.58:896][283]LogModuleManager: Shutting down and abandoning module LocalizationService (164)
[2015.09.29-05.48.58:896][283]LogModuleManager: Shutting down and abandoning module LocalizationDashboard (163)
[2015.09.29-05.48.58:896][283]LogModuleManager: Shutting down and abandoning module HardwareTargeting (162)
[2015.09.29-05.48.58:896][283]LogModuleManager: Shutting down and abandoning module DeviceProfileEditor (161)
[2015.09.29-05.48.58:896][283]LogModuleManager: Shutting down and abandoning module UndoHistory (160)
[2015.09.29-05.48.58:896][283]LogModuleManager: Shutting down and abandoning module GameplayTagsEditor (159)
[2015.09.29-05.48.58:896][283]LogModuleManager: Shutting down and abandoning module UserFeedback (158)
[2015.09.29-05.48.58:896][283]LogModuleManager: Shutting down and abandoning module XmlParser (157)
[2015.09.29-05.48.58:897][283]LogModuleManager: Shutting down and abandoning module Blutility (156)
[2015.09.29-05.48.58:897][283]LogModuleManager: Shutting down and abandoning module ProjectTargetPlatformEditor (155)
[2015.09.29-05.48.58:897][283]LogModuleManager: Shutting down and abandoning module ProjectSettingsViewer (154)
[2015.09.29-05.48.58:897][283]LogModuleManager: Shutting down and abandoning module InputBindingEditor (153)
[2015.09.29-05.48.58:897][283]LogModuleManager: Shutting down and abandoning module EditorSettingsViewer (152)
[2015.09.29-05.48.58:897][283]LogModuleManager: Shutting down and abandoning module SettingsEditor (151)
[2015.09.29-05.48.58:897][283]LogModuleManager: Shutting down and abandoning module ProjectLauncher (150)
[2015.09.29-05.48.58:897][283]LogModuleManager: Shutting down and abandoning module SessionFrontend (149)
[2015.09.29-05.48.58:897][283]LogModuleManager: Shutting down and abandoning module ProfilerClient (148)
[2015.09.29-05.48.58:897][283]LogModuleManager: Shutting down and abandoning module TargetDeviceServices (147)
[2015.09.29-05.48.58:897][283]LogModuleManager: Shutting down and abandoning module DeviceManager (146)
[2015.09.29-05.48.58:897][283]LogModuleManager: Shutting down and abandoning module AutomationController (145)
[2015.09.29-05.48.58:897][283]LogModuleManager: Shutting down and abandoning module AutomationWindow (144)
[2015.09.29-05.48.58:897][283]LogModuleManager: Shutting down and abandoning module Layers (143)
[2015.09.29-05.48.58:897][283]LogModuleManager: Shutting down and abandoning module ComponentVisualizers (142)
[2015.09.29-05.48.58:897][283]LogModuleManager: Shutting down and abandoning module DetailCustomizations (141)
[2015.09.29-05.48.58:897][283]LogModuleManager: Shutting down and abandoning module PackagesDialog (140)
[2015.09.29-05.48.58:897][283]LogModuleManager: Shutting down and abandoning module Persona (139)
[2015.09.29-05.48.58:897][283]LogModuleManager: Shutting down and abandoning module Kismet (138)
[2015.09.29-05.48.58:897][283]LogModuleManager: Shutting down and abandoning module GraphEditor (137)
[2015.09.29-05.48.58:897][283]LogModuleManager: Shutting down and abandoning module ClassViewer (136)
[2015.09.29-05.48.58:897][283]LogModuleManager: Shutting down and abandoning module Toolbox (135)
[2015.09.29-05.48.58:897][283]LogModuleManager: Shutting down and abandoning module ModuleUI (134)
[2015.09.29-05.48.58:897][283]LogModuleManager: Shutting down and abandoning module MovieSceneTools (133)
[2015.09.29-05.48.58:897][283]LogModuleManager: Shutting down and abandoning module OutputLog (132)
[2015.09.29-05.48.58:897][283]LogModuleManager: Shutting down and abandoning module GammaUI (131)
[2015.09.29-05.48.58:897][283]LogModuleManager: Shutting down and abandoning module Documentation (130)
[2015.09.29-05.48.58:897][283]LogModuleManager: Shutting down and abandoning module GameLiveStreaming (129)
[2015.09.29-05.48.58:897][283]LogModuleManager: Shutting down and abandoning module StreamingPauseRendering (128)
[2015.09.29-05.48.58:897][283]LogModuleManager: Shutting down and abandoning module AnalyticsET (127)
[2015.09.29-05.48.58:897][283]LogModuleManager: Shutting down and abandoning module Analytics (126)
[2015.09.29-05.48.58:897][283]LogModuleManager: Shutting down and abandoning module AITestSuite (125)
[2015.09.29-05.48.58:897][283]LogModuleManager: Shutting down and abandoning module GameplayDebugger (124)
[2015.09.29-05.48.58:897][283]LogModuleManager: Shutting down and abandoning module AIModule (123)
[2015.09.29-05.48.58:897][283]LogModuleManager: Shutting down and abandoning module ProfilerService (122)
[2015.09.29-05.48.59:132][283]LogModuleManager: Shutting down and abandoning module TaskGraph (121)
[2015.09.29-05.48.59:132][283]LogModuleManager: Shutting down and abandoning module SlateRemote (120)
[2015.09.29-05.48.59:132][283]LogModuleManager: Shutting down and abandoning module SteamVRController (119)
[2015.09.29-05.48.59:132][283]LogModuleManager: Shutting down and abandoning module SteamVR (118)
[2015.09.29-05.48.59:132][283]LogModuleManager: Shutting down and abandoning module ProceduralMeshComponent (117)
[2015.09.29-05.48.59:132][283]LogModuleManager: Shutting down and abandoning module OculusRift (116)
[2015.09.29-05.48.59:132][283]LogModuleManager: Shutting down and abandoning module OculusLibrary (115)
[2015.09.29-05.48.59:132][283]LogModuleManager: Shutting down and abandoning module LeapMotionController (114)
[2015.09.29-05.48.59:151][283]LogModuleManager: Shutting down and abandoning module CustomMeshComponent (113)
[2015.09.29-05.48.59:151][283]LogModuleManager: Shutting down and abandoning module CableComponent (112)
[2015.09.29-05.48.59:151][283]LogModuleManager: Shutting down and abandoning module ArchVisCharacter (111)
[2015.09.29-05.48.59:152][283]LogModuleManager: Shutting down and abandoning module MessagingDebugger (110)
[2015.09.29-05.48.59:152][283]LogModuleManager: Shutting down and abandoning module MediaPlayerEditor (109)
[2015.09.29-05.48.59:152][283]LogModuleManager: Shutting down and abandoning module HTML5Networking (108)
[2015.09.29-05.48.59:152][283]LogModuleManager: Shutting down and abandoning module SpeedTreeImporter (107)
[2015.09.29-05.48.59:152][283]LogModuleManager: Shutting down and abandoning module PluginBrowser (106)
[2015.09.29-05.48.59:152][283]LogModuleManager: Shutting down and abandoning module EpicSurvey (105)
[2015.09.29-05.48.59:152][283]LogModuleManager: Shutting down and abandoning module DesktopPlatform (104)
[2015.09.29-05.48.59:152][283]LogModuleManager: Shutting down and abandoning module VisualStudioSourceCodeAccess (103)
[2015.09.29-05.48.59:152][283]LogModuleManager: Shutting down and abandoning module UObjectPlugin (102)
[2015.09.29-05.48.59:152][283]LogModuleManager: Shutting down and abandoning module SubversionSourceControl (101)
[2015.09.29-05.48.59:152][283]LogModuleManager: Shutting down and abandoning module PerforceSourceControl (100)
[2015.09.29-05.48.59:152][283]LogModuleManager: Shutting down and abandoning module SourceControl (99)
[2015.09.29-05.48.59:152][283]LogModuleManager: Shutting down and abandoning module GitSourceControl (98)
[2015.09.29-05.48.59:152][283]LogModuleManager: Shutting down and abandoning module LightPropagationVolumeEditor (97)
[2015.09.29-05.48.59:152][283]LogModuleManager: Shutting down and abandoning module PaperTiledImporter (96)
[2015.09.29-05.48.59:152][283]LogModuleManager: Shutting down and abandoning module PaperSpriteSheetImporter (95)
[2015.09.29-05.48.59:152][283]LogModuleManager: Shutting down and abandoning module MeshPaint (94)
[2015.09.29-05.48.59:152][283]LogModuleManager: Shutting down and abandoning module SlateReflector (93)
[2015.09.29-05.48.59:152][283]LogModuleManager: Shutting down and abandoning module HotReload (92)
[2015.09.29-05.48.59:152][283]LogModuleManager: Shutting down and abandoning module MainFrame (91)
[2015.09.29-05.48.59:152][283]LogModuleManager: Shutting down and abandoning module LevelEditor (90)
[2015.09.29-05.48.59:153][283]LogModuleManager: Shutting down and abandoning module DirectoryWatcher (89)
[2015.09.29-05.48.59:153][283]LogModuleManager: Shutting down and abandoning module AssetRegistry (88)
[2015.09.29-05.48.59:184][283]LogModuleManager: Shutting down and abandoning module ContentBrowser (87)
[2015.09.29-05.48.59:185][283]LogModuleManager: Shutting down and abandoning module Paper2DEditor (86)
[2015.09.29-05.48.59:185][283]LogModuleManager: Shutting down and abandoning module UdpMessaging (85)
[2015.09.29-05.48.59:286][283]LogModuleManager: Shutting down and abandoning module LightPropagationVolumeRuntime (84)
[2015.09.29-05.48.59:286][283]LogModuleManager: Shutting down and abandoning module Paper2D (83)
[2015.09.29-05.48.59:286][283]LogModuleManager: Shutting down and abandoning module WindowsMoviePlayer (82)
[2015.09.29-05.48.59:289][283]LogModuleManager: Shutting down and abandoning module Media (81)
[2015.09.29-05.48.59:289][283]LogModuleManager: Shutting down and abandoning module WmfMedia (80)
[2015.09.29-05.48.59:289][283]LogModuleManager: Shutting down and abandoning module OnlineBlueprintSupport (79)
[2015.09.29-05.48.59:289][283]LogModuleManager: Shutting down and abandoning module GameplayTasksEditor (78)
[2015.09.29-05.48.59:289][283]LogModuleManager: Shutting down and abandoning module PropertyEditor (77)
[2015.09.29-05.48.59:289][283]LogModuleManager: Shutting down and abandoning module BehaviorTreeEditor (76)
[2015.09.29-05.48.59:289][283]LogModuleManager: Shutting down and abandoning module FunctionalTesting (75)
[2015.09.29-05.48.59:289][283]LogModuleManager: Shutting down and abandoning module CollisionAnalyzer (74)
[2015.09.29-05.48.59:289][283]LogModuleManager: Shutting down and abandoning module WorkspaceMenuStructure (73)
[2015.09.29-05.48.59:289][283]LogModuleManager: Shutting down and abandoning module MessageLog (72)
[2015.09.29-05.48.59:289][283]LogModuleManager: Shutting down and abandoning module Sequencer (71)
[2015.09.29-05.48.59:289][283]LogModuleManager: Shutting down and abandoning module AssetTools (70)
[2015.09.29-05.48.59:289][283]LogModuleManager: Shutting down and abandoning module UMGEditor (69)
[2015.09.29-05.48.59:289][283]LogModuleManager: Shutting down and abandoning module UMG (68)
[2015.09.29-05.48.59:289][283]LogModuleManager: Shutting down and abandoning module Slate (67)
[2015.09.29-05.48.59:289][283]LogModuleManager: Shutting down and abandoning module EditorStyle (66)
[2015.09.29-05.48.59:292][283]LogModuleManager: Shutting down and abandoning module SessionServices (65)
[2015.09.29-05.48.59:292][283]LogModuleManager: Shutting down and abandoning module SourceCodeAccess (64)
[2015.09.29-05.48.59:292][283]LogModuleManager: Shutting down and abandoning module HeadMountedDisplay (63)
[2015.09.29-05.48.59:292][283]LogModuleManager: Shutting down and abandoning module XAudio2 (62)
[2015.09.29-05.48.59:292][283]LogModuleManager: Shutting down and abandoning module Networking (60)
[2015.09.29-05.48.59:292][283]LogModuleManager: Shutting down and abandoning module Core (59)
[2015.09.29-05.48.59:292][283]LogModuleManager: Shutting down and abandoning module KismetCompiler (58)
[2015.09.29-05.48.59:292][283]LogModuleManager: Shutting down and abandoning module PhysXFormats (57)
[2015.09.29-05.48.59:292][283]LogModuleManager: Shutting down and abandoning module MeshUtilities (56)
[2015.09.29-05.48.59:292][283]LogModuleManager: Shutting down and abandoning module CookingStats (55)
[2015.09.29-05.48.59:293][283]LogModuleManager: Shutting down and abandoning module DerivedDataCache (54)
[2015.09.29-05.48.59:355][283]LogDerivedDataCache: Shutdown
[2015.09.29-05.48.59:355][283]LogModuleManager: Shutting down and abandoning module ShaderFormatOpenGL (53)
[2015.09.29-05.48.59:355][283]LogModuleManager: Shutting down and abandoning module ShaderFormatD3D (52)
[2015.09.29-05.48.59:355][283]LogModuleManager: Shutting down and abandoning module MetalShaderFormat (51)
[2015.09.29-05.48.59:355][283]LogModuleManager: Shutting down and abandoning module TextureFormatUncompressed (50)
[2015.09.29-05.48.59:355][283]LogModuleManager: Shutting down and abandoning module TextureFormatPVR (49)
[2015.09.29-05.48.59:355][283]LogModuleManager: Shutting down and abandoning module TextureFormatIntelISPCTexComp (48)
[2015.09.29-05.48.59:355][283]LogModuleManager: Shutting down and abandoning module TextureFormatDXT (47)
[2015.09.29-05.48.59:355][283]LogModuleManager: Shutting down and abandoning module ImageWrapper (46)
[2015.09.29-05.48.59:355][283]LogModuleManager: Shutting down and abandoning module TextureFormatASTC (45)
[2015.09.29-05.48.59:355][283]LogModuleManager: Shutting down and abandoning module TextureFormatAndroid (44)
[2015.09.29-05.48.59:355][283]LogModuleManager: Shutting down and abandoning module AudioFormatOpus (43)
[2015.09.29-05.48.59:355][283]LogModuleManager: Shutting down and abandoning module AudioFormatOgg (42)
[2015.09.29-05.48.59:355][283]LogModuleManager: Shutting down and abandoning module AudioFormatADPCM (41)
[2015.09.29-05.48.59:355][283]LogModuleManager: Shutting down and abandoning module LinuxTargetPlatform (40)
[2015.09.29-05.48.59:355][283]LogModuleManager: Shutting down and abandoning module LinuxServerTargetPlatform (39)
[2015.09.29-05.48.59:355][283]LogModuleManager: Shutting down and abandoning module LinuxNoEditorTargetPlatform (38)
[2015.09.29-05.48.59:355][283]LogModuleManager: Shutting down and abandoning module Messaging (37)
[2015.09.29-05.48.59:355][283]LogModuleManager: Shutting down and abandoning module IOSTargetPlatform (36)
[2015.09.29-05.48.59:355][283]LogModuleManager: Shutting down and abandoning module HTML5TargetPlatform (35)
[2015.09.29-05.48.59:355][283]LogModuleManager: Shutting down and abandoning module Android_PVRTCTargetPlatform (34)
[2015.09.29-05.48.59:355][283]LogModuleManager: Shutting down and abandoning module Android_ETC2TargetPlatform (33)
[2015.09.29-05.48.59:355][283]LogModuleManager: Shutting down and abandoning module Android_ETC1TargetPlatform (32)
[2015.09.29-05.48.59:355][283]LogModuleManager: Shutting down and abandoning module Android_DXTTargetPlatform (31)
[2015.09.29-05.48.59:355][283]LogModuleManager: Shutting down and abandoning module Android_ATCTargetPlatform (30)
[2015.09.29-05.48.59:355][283]LogModuleManager: Shutting down and abandoning module Android_ASTCTargetPlatform (29)
[2015.09.29-05.48.59:355][283]LogModuleManager: Shutting down and abandoning module AndroidTargetPlatform (28)
[2015.09.29-05.48.59:355][283]LogModuleManager: Shutting down and abandoning module WindowsTargetPlatform (27)
[2015.09.29-05.48.59:355][283]LogModuleManager: Shutting down and abandoning module WindowsServerTargetPlatform (26)
[2015.09.29-05.48.59:355][283]LogModuleManager: Shutting down and abandoning module WindowsNoEditorTargetPlatform (25)
[2015.09.29-05.48.59:355][283]LogModuleManager: Shutting down and abandoning module WindowsClientTargetPlatform (24)
[2015.09.29-05.48.59:355][283]LogModuleManager: Shutting down and abandoning module AllDesktopTargetPlatform (23)
[2015.09.29-05.48.59:355][283]LogModuleManager: Shutting down and abandoning module TargetPlatform (22)
[2015.09.29-05.48.59:355][283]LogModuleManager: Shutting down and abandoning module InputCore (21)
[2015.09.29-05.48.59:355][283]LogModuleManager: Shutting down and abandoning module Settings (20)
[2015.09.29-05.48.59:355][283]LogModuleManager: Shutting down and abandoning module OnlineSubsystem (18)
[2015.09.29-05.48.59:355][283]LogModuleManager: Shutting down and abandoning module HTTP (17)
[2015.09.29-05.49.01:359][283]LogModuleManager: Shutting down and abandoning module XMPP (16)
[2015.09.29-05.49.01:359][283]LogModuleManager: Shutting down and abandoning module ExampleDeviceProfileSelector (15)
[2015.09.29-05.49.01:359][283]LogModuleManager: Shutting down and abandoning module TextureCompressor (14)
[2015.09.29-05.49.01:359][283]LogModuleManager: Shutting down and abandoning module ShaderCore (13)
[2015.09.29-05.49.01:359][283]LogModuleManager: Shutting down and abandoning module Landscape (12)
[2015.09.29-05.49.01:359][283]LogModuleManager: Shutting down and abandoning module SlateRHIRenderer (11)
[2015.09.29-05.49.01:360][283]LogModuleManager: Shutting down and abandoning module OpenGLDrv (10)
[2015.09.29-05.49.01:360][283]LogModuleManager: Shutting down and abandoning module D3D11RHI (9)
[2015.09.29-05.49.01:360][283]LogModuleManager: Shutting down and abandoning module AnimGraphRuntime (8)
[2015.09.29-05.49.01:360][283]LogModuleManager: Shutting down and abandoning module Renderer (7)
[2015.09.29-05.49.01:360][283]LogModuleManager: Shutting down and abandoning module Engine (6)
[2015.09.29-05.49.01:360][283]LogModuleManager: Shutting down and abandoning module CoreUObject (5)
[2015.09.29-05.49.01:360][283]LogModuleManager: Shutting down and abandoning module NetworkFile (4)
[2015.09.29-05.49.01:360][283]LogModuleManager: Shutting down and abandoning module StreamingFile (3)
[2015.09.29-05.49.01:360][283]LogModuleManager: Shutting down and abandoning module SandboxFile (2)
[2015.09.29-05.49.01:360][283]LogModuleManager: Shutting down and abandoning module PakFile (1)
[2015.09.29-05.49.01:360][283]LogExit: Exiting.
[2015.09.29-05.49.01:362][283]Log file closed, 09/29/15 01:49:01
