[2015.09.19-04.33.28:147][  0]Log file open, 09/19/15 00:33:28
[2015.09.19-04.33.28:147][  0]LogInit:Display: Running engine for game: SR2L
[2015.09.19-04.33.28:147][  0]LogInit:Display: RandInit(-1660086711) SRandInit(-1660086710).
[2015.09.19-04.33.28:147][  0]LogTaskGraph: Started task graph with 4 named threads and 7 total threads.
[2015.09.19-04.33.28:147][  0]LogStats: Stats thread started at 0.073212
[2015.09.19-04.33.28:147][  0]LogInit: Version: 4.9.1-2689999+++depot+UE4-Releases+4.9
[2015.09.19-04.33.28:147][  0]LogInit: API Version: 2672455
[2015.09.19-04.33.28:147][  0]LogInit: Compiled (64-bit): Sep 14 2015 04:12:03
[2015.09.19-04.33.28:147][  0]LogInit: Compiled with Visual C++: 18.00.21005.01
[2015.09.19-04.33.28:147][  0]LogInit: Build Configuration: Development
[2015.09.19-04.33.28:147][  0]LogInit: Branch Name: ++depot+UE4-Releases+4.9
[2015.09.19-04.33.28:147][  0]LogInit: Command line:  
[2015.09.19-04.33.28:147][  0]LogInit: Base directory: C:/Program Files/Epic Games/4.9/Engine/Binaries/Win64/
[2015.09.19-04.33.28:147][  0]LogInit: Rocket: 1
[2015.09.19-04.33.28:157][  0]LogInit: Using libcurl 7.41.0
[2015.09.19-04.33.28:157][  0]LogInit:  - built for x86_64-pc-win32
[2015.09.19-04.33.28:157][  0]LogInit:  - supports SSL with WinSSL
[2015.09.19-04.33.28:157][  0]LogInit:  - other features:
[2015.09.19-04.33.28:157][  0]LogInit:      CURL_VERSION_SSL
[2015.09.19-04.33.28:157][  0]LogInit:      CURL_VERSION_IPV6
[2015.09.19-04.33.28:157][  0]LogInit:      CURL_VERSION_ASYNCHDNS
[2015.09.19-04.33.28:157][  0]LogInit:      CURL_VERSION_LARGEFILE
[2015.09.19-04.33.28:157][  0]LogInit:      CURL_VERSION_IDN
[2015.09.19-04.33.28:157][  0]LogInit:  CurlRequestOptions (configurable via config and command line):
[2015.09.19-04.33.28:157][  0]LogInit:  - bVerifyPeer = true  - Libcurl will verify peer certificate
[2015.09.19-04.33.28:157][  0]LogInit:  - bUseHttpProxy = false  - Libcurl will NOT use HTTP proxy
[2015.09.19-04.33.28:157][  0]LogInit:  - bDontReuseConnections = false  - Libcurl will reuse connections
[2015.09.19-04.33.28:157][  0]LogInit:  - CertBundlePath = nullptr  - Libcurl will use whatever was configured at build time.
[2015.09.19-04.33.28:165][  0]LogInit: Presizing for 0 objects not considered by GC, pre-allocating 0 bytes.
[2015.09.19-04.33.28:172][  0]LogInit: Object subsystem initialized
[2015.09.19-04.33.28:174][  0]LogInit: Selected Device Profile: [Windows]
[2015.09.19-04.33.28:174][  0]LogInit: Applying CVar settings loaded from the selected device profile: [Windows]
[2015.09.19-04.33.28:181][  0]LogInit: Computer: M543
[2015.09.19-04.33.28:181][  0]LogInit: User: kquigley
[2015.09.19-04.33.28:181][  0]LogInit: CPU Page size=4096, Cores=4
[2015.09.19-04.33.28:181][  0]LogInit: High frequency timer resolution =2.630781 MHz
[2015.09.19-04.33.28:181][  0]LogMemory: Memory total: Physical=15.9GB (16GB approx)
[2015.09.19-04.33.28:181][  0]LogMemory: Platform Memory Stats for Windows
[2015.09.19-04.33.28:181][  0]LogMemory: Process Physical Memory: 55.71 MB used, 55.71 MB peak
[2015.09.19-04.33.28:181][  0]LogMemory: Process Virtual Memory: 60.11 MB used, 60.11 MB peak
[2015.09.19-04.33.28:181][  0]LogMemory: Physical Memory: 5132.57 MB used, 16317.72 MB total
[2015.09.19-04.33.28:181][  0]LogMemory: Virtual Memory: 341.98 MB used, 8388608.00 MB total
[2015.09.19-04.33.28:221][  0]LogTextLocalizationManager: No specific translations for ('en-US') exist, so ('en') translations will be used.
[2015.09.19-04.33.28:873][  0]LogD3D11RHI: Found D3D11 adapter 0: AMD FirePro M4000 (Feature Level 11_0)
[2015.09.19-04.33.28:873][  0]LogD3D11RHI: Adapter has 995MB of dedicated video memory, 0MB of dedicated system memory, and 7902MB of shared system memory, 1 output[s]
[2015.09.19-04.33.28:873][  0]LogD3D11RHI: Chosen D3D11 Adapter Id = 0
[2015.09.19-04.33.28:878][  0]LogD3D11RHI: !Direct3DDevice
[2015.09.19-04.33.28:878][  0]LogRHI: Texture pool is 696 MB (70% of 995 MB)
[2015.09.19-04.33.28:905][  0]LogD3D11RHI: Async texture creation disabled: no driver support
[2015.09.19-04.33.28:915][  0]LogShaderCompilers: Guid format shader working directory is 15 characters bigger than the processId version (../../../../../../Users/Class2016/Documents/Unreal Projects/SR2L/Intermediate/Shaders/WorkingDirectory/3712/).
[2015.09.19-04.33.28:915][  0]LogShaderCompilers: Cleaned the shader compiler working directory '../../../../../../Users/Class2016/Documents/Unreal Projects/SR2L/Intermediate/Shaders/tmp/20D0AEDD4119F120A7880B947E7D4965/'.
[2015.09.19-04.33.28:915][  0]LogShaderCompilers:Display: Using Local Shader Compiler.
[2015.09.19-04.33.30:143][  0]LogTemp:Display: Loaded TP AllDesktopTargetPlatform
[2015.09.19-04.33.30:148][  0]LogTemp:Display: Loaded TP WindowsClientTargetPlatform
[2015.09.19-04.33.30:153][  0]LogTemp:Display: Loaded TP WindowsNoEditorTargetPlatform
[2015.09.19-04.33.30:158][  0]LogTemp:Display: Loaded TP WindowsServerTargetPlatform
[2015.09.19-04.33.30:163][  0]LogTemp:Display: Loaded TP WindowsTargetPlatform
[2015.09.19-04.33.30:167][  0]LogTemp:Display: Loaded TP AndroidTargetPlatform
[2015.09.19-04.33.30:170][  0]LogTemp:Display: Loaded TP Android_ASTCTargetPlatform
[2015.09.19-04.33.30:174][  0]LogTemp:Display: Loaded TP Android_ATCTargetPlatform
[2015.09.19-04.33.30:177][  0]LogTemp:Display: Loaded TP Android_DXTTargetPlatform
[2015.09.19-04.33.30:180][  0]LogTemp:Display: Loaded TP Android_ETC1TargetPlatform
[2015.09.19-04.33.30:184][  0]LogTemp:Display: Loaded TP Android_ETC2TargetPlatform
[2015.09.19-04.33.30:188][  0]LogTemp:Display: Loaded TP Android_PVRTCTargetPlatform
[2015.09.19-04.33.30:189][  0]LogTemp:Display: Loaded TP HTML5TargetPlatform
[2015.09.19-04.33.30:205][  0]LogTemp:Display: Loaded TP IOSTargetPlatform
[2015.09.19-04.33.30:208][  0]LogTemp:Display: Loaded TP LinuxNoEditorTargetPlatform
[2015.09.19-04.33.30:211][  0]LogTemp:Display: Loaded TP LinuxServerTargetPlatform
[2015.09.19-04.33.30:215][  0]LogTemp:Display: Loaded TP LinuxTargetPlatform
[2015.09.19-04.33.30:215][  0]LogTargetPlatformManager:Display: Building Assets For Windows
[2015.09.19-04.33.30:299][  0]LogDerivedDataCache:Display: Max Cache Size: 512 MB
[2015.09.19-04.33.30:342][  0]LogDerivedDataCache: Loaded boot cache 0.04s 41MB C:/Users/Class2016/AppData/Local/UnrealEngine/4.9/DerivedDataCache/Boot.ddc.
[2015.09.19-04.33.30:342][  0]LogDerivedDataCache:Display: Loaded Boot cache: C:/Users/Class2016/AppData/Local/UnrealEngine/4.9/DerivedDataCache/Boot.ddc
[2015.09.19-04.33.30:342][  0]LogDerivedDataCache: FDerivedDataBackendGraph:  Pak pak cache file ../../../../../../Users/Class2016/Documents/Unreal Projects/SR2L/DerivedDataCache/DDC.ddp not found, will not use a pak cache.
[2015.09.19-04.33.30:342][  0]LogDerivedDataCache: Unable to find inner node Pak for hierarchical cache Hierarchy.
[2015.09.19-04.33.30:342][  0]LogDerivedDataCache: FDerivedDataBackendGraph:  CompressedPak pak cache file ../../../../../../Users/Class2016/Documents/Unreal Projects/SR2L/DerivedDataCache/Compressed.ddp not found, will not use a pak cache.
[2015.09.19-04.33.30:342][  0]LogDerivedDataCache: Unable to find inner node CompressedPak for hierarchical cache Hierarchy.
[2015.09.19-04.33.30:492][  0]LogDerivedDataCache:Display: Pak cache opened for reading ../../../Engine/DerivedDataCache/Compressed.ddp.
[2015.09.19-04.33.30:503][  0]LogDerivedDataCache: Using Local data cache path C:/Users/Class2016/AppData/Local/UnrealEngine/Common/DerivedDataCache: Writable
[2015.09.19-04.33.30:693][  0]LogInit: Selected Device Profile: [Windows]
[2015.09.19-04.33.30:693][  0]LogContentStreaming: Texture pool size is 0.000000MB
[2015.09.19-04.33.30:718][  0]LogMeshUtilities: No automatic mesh reduction module available
[2015.09.19-04.33.30:718][  0]LogMeshUtilities: No automatic mesh merging module available
[2015.09.19-04.33.31:065][  0]LogInit: WinSock: version 1.1 (2.2), MaxSocks=32767, MaxUdp=65467
[2015.09.19-04.33.31:739][  0]UdpMessaging: Initializing bridge on interface 0.0.0.0:0 to multicast group 230.0.0.1:6666.
[2015.09.19-04.33.31:830][  0]LogAssetRegistry: FAssetRegistry took 0.0097 seconds to start up
[2015.09.19-04.33.32:000][  0]SourceControl: Info Source control is disabled
[2015.09.19-04.33.32:030][  0]SourceControl: Info Source control is disabled
[2015.09.19-04.33.32:043][  0]SourceControl: Info Source control is disabled
[2015.09.19-04.33.32:053][  0]SourceControl: Info Source control is disabled
[2015.09.19-04.33.32:189][  0]LogLinker:Warning: Asset '../../../Engine/Plugins/Runtime/LeapMotionController/Content/LM_PassthroughMaterial.uasset' has been saved with empty engine version. The asset will be loaded but may be incompatible.
[2015.09.19-04.33.32:265][  0]LogObj: 28361 objects as part of root set at end of initial load.
[2015.09.19-04.33.32:265][  0]LogUObjectAllocator: 6038872 out of 0 bytes used by permanent object pool.
[2015.09.19-04.33.32:321][  0]LogEngine: Initializing Engine...
[2015.09.19-04.33.32:324][  0]LogHMD: Can't find Oculus library dev build: is proper Runtime installed? Version: 0.7.0.0
[2015.09.19-04.33.32:334][  0]LogHMD: SteamVR failed to initialize.  Err: 108
[2015.09.19-04.33.32:461][  0]LogAIModule: Creating AISystem for world NewWorld
[2015.09.19-04.33.32:468][  0]LogInit: XAudio2 using 'Speakers / HP (IDT High Definition Audio CODEC)' : 2 channels at 48 kHz using 16 bits per sample (channel mask 0x3)
[2015.09.19-04.33.32:544][  0]LogInit: FAudioDevice initialized.
[2015.09.19-04.33.32:567][  0]LogDerivedDataCache: Saved boot cache 0.02s 41MB C:/Users/Class2016/AppData/Local/UnrealEngine/4.9/DerivedDataCache/Boot.ddc.
[2015.09.19-04.33.32:569][  0]LogInit: Texture streaming: Enabled
[2015.09.19-04.33.32:576][  0]LogAnalytics: Creating configured Analytics provider AnalyticsET
[2015.09.19-04.33.32:576][  0]LogAnalytics: [UEEditor.Rocket.Release] APIServer = http://et2.epicgames.com/ET2/. AppVersion = 4.9.1-2689999+++depot+UE4-Releases+4.9
[2015.09.19-04.33.32:576][  0]LogAnalytics: [UEEditor.Rocket.Release] SetUserId f06af28e44af78c68f6fb4b9c978cff0|1399726e6de04195913aee01235a0998|b027d75e-97b4-46e0-b1fb-f0de01022484
[2015.09.19-04.33.32:576][  0]LogAnalytics: [UEEditor.Rocket.Release] AnalyticsET::StartSession
[2015.09.19-04.33.32:598][  0]LogInit: Transaction tracking system initialized
[2015.09.19-04.33.32:626][  0]BlueprintLog: New page: Editor Load
[2015.09.19-04.33.32:707][  0]LocalizationService: Info Localization service is disabled
[2015.09.19-04.33.32:766][  0]LogLinker:Warning: Can't find file '/Game/ThirdPerson/ThirdPersonOverview'
[2015.09.19-04.33.32:766][  0]LogLinker:Warning: Can't find file '/Game/ThirdPerson/ThirdPersonOverview'
[2015.09.19-04.33.32:766][  0]LogUObjectGlobals:Warning: Failed to find object 'Class /Game/ThirdPerson/ThirdPersonOverview.ThirdPersonOverview_C'
[2015.09.19-04.33.32:938][  0]LogConsoleResponse:Display: 
[2015.09.19-04.33.33:056][  0]LogCook:Display: Done creating registry. It took  0.00s.
[2015.09.19-04.33.33:115][  0]LogFileCache: Scanning file cache for directory 'C:/Users/Class2016/Documents/Unreal Projects/SR2L/Content/' took 0.01s
[2015.09.19-04.33.33:115][  0]SourceControl: Info Source control is disabled
[2015.09.19-04.33.33:115][  0]Cmd: MAP LOAD FILE="../../../../../../Users/Class2016/Documents/Unreal Projects/SR2L/Content/VehicleAdvBP/Maps/VehicleAdvExampleMap.umap" TEMPLATE=0 SHOWPROGRESS=1 FEATURELEVEL=3
[2015.09.19-04.33.33:116][  0]LightingResults: New page: Lighting Build
[2015.09.19-04.33.33:119][  0]MapCheck: New page: Map Check
[2015.09.19-04.33.33:119][  0]LightingResults: New page: Lighting Build
[2015.09.19-04.33.33:130][  0]LogParticles: Destroying 0 GPU particle simulations for FXSystem 0x00000000219FE160
[2015.09.19-04.33.33:683][  0]LogLinker:Warning: Asset '../../../../../../Users/Class2016/Documents/Unreal Projects/SR2L/Content/VehicleAdvBP/Maps/LayerInfo/Desert_LayerInfo.uasset' has been saved with empty engine version. The asset will be loaded but may be incompatible.
[2015.09.19-04.33.33:683][  0]LogLinker:Warning: Asset '../../../../../../Users/Class2016/Documents/Unreal Projects/SR2L/Content/VehicleAdvBP/Maps/LayerInfo/Track_LayerInfo.uasset' has been saved with empty engine version. The asset will be loaded but may be incompatible.
[2015.09.19-04.33.34:011][  0]LogAIModule: Creating AISystem for world VehicleAdvExampleMap
[2015.09.19-04.33.34:039][  0]LogEditorServer: Finished looking for orphan Actors (0.000 secs)
[2015.09.19-04.33.34:040][  0]Cmd: MAP CHECKDEP NOCLEARLOG
[2015.09.19-04.33.34:099][  0]MapCheck: Info Map check complete: 0 Error(s), 0 Warning(s), took 58.844ms to complete.
[2015.09.19-04.33.34:099][  0]LogFileHelpers: Loading map 'VehicleAdvExampleMap' took 0.984
[2015.09.19-04.33.34:215][  0]LogCollectionManager: Loaded 0 collections in 0.002055 seconds
[2015.09.19-04.33.34:252][  0]LogFileCache: Scanning file cache for directory 'C:/Users/Class2016/Documents/Unreal Projects/SR2L/Saved/Collections/' took 0.01s
[2015.09.19-04.33.34:252][  0]LogFileCache: Scanning file cache for directory 'C:/Users/Class2016/Documents/Unreal Projects/SR2L/Content/Developers/kquigley/Collections/' took 0.01s
[2015.09.19-04.33.34:252][  0]LogFileCache: Scanning file cache for directory 'C:/Users/Class2016/Documents/Unreal Projects/SR2L/Content/Collections/' took 0.01s
[2015.09.19-04.33.34:252][  0]LogContentBrowser: Native class hierarchy populated in 0.0069 seconds. Added 1867 classes and 333 folders.
[2015.09.19-04.33.34:259][  0]LogCollectionManager: Rebuilt the GUID cache for 0 collections in 0.000003 seconds
[2015.09.19-04.33.34:266][  0]LogContentBrowser: Native class hierarchy updated for 'WidgetCarousel' in 0.0003 seconds. Added 0 classes and 0 folders.
[2015.09.19-04.33.34:306][  0]LogContentBrowser: Native class hierarchy updated for 'AddContentDialog' in 0.0005 seconds. Added 0 classes and 0 folders.
[2015.09.19-04.33.34:311][  0]LogContentBrowser: Native class hierarchy updated for 'SceneOutliner' in 0.0003 seconds. Added 1 classes and 2 folders.
[2015.09.19-04.33.34:337][  0]LogCrashTracker: Crashtracker disabled due to settings.
[2015.09.19-04.33.34:340][  0]LogUObjectGlobals:Warning: Failed to find object 'Class None.'
[2015.09.19-04.33.34:360][  0]LogLoad: Full Startup: 6.73 seconds (BP compile: 0.22 seconds)
[2015.09.19-04.33.34:446][  0]LogContentStreaming: Texture pool size now 400 MB
[2015.09.19-04.33.34:583][  0]LogRenderer: Reallocating scene render targets to support 1208x576 (Frame:2).
[2015.09.19-04.33.34:825][  1]Cmd: UpdateLandscapeEditorData -warnings
[2015.09.19-04.33.35:212][  6]LogAssetRegistry: Asset discovery search completed in 3.3924 seconds
[2015.09.19-04.33.35:212][  6]LogCollectionManager: Rebuilt the object cache for 0 collections in 0.000001 seconds (found 0 objects)
[2015.09.19-04.33.35:212][  6]LogCollectionManager: Fixed up redirectors for 0 collections in 0.000030 seconds (updated 0 objects)
[2015.09.19-04.33.39:216][ 64]LogFactory: FactoryCreateBinary: StaticMesh with FbxFactory (0 0 ../../../../../../Users/Class2016/Documents/Blender/ExpansionJam/car0.fbx)
[2015.09.19-04.33.39:228][ 64]LogFbx: ItemName: GlobalSettings, ItemCount : 1
[2015.09.19-04.33.39:228][ 64]LogFbx: ItemName: NodeAttribute, ItemCount : 2
[2015.09.19-04.33.39:228][ 64]LogFbx: ItemName: Geometry, ItemCount : 16
[2015.09.19-04.33.39:228][ 64]LogFbx: ItemName: Model, ItemCount : 18
[2015.09.19-04.33.39:233][ 64]LogFbx: Loading FBX Scene from ../../../../../../Users/Class2016/Documents/Blender/ExpansionJam/car0.fbx
[2015.09.19-04.33.39:305][ 64]LogFbx: FBX Scene Loaded Succesfully
[2015.09.19-04.33.49:844][ 64]LogFbx: Loading FBX Scene from ../../../../../../Users/Class2016/Documents/Blender/ExpansionJam/car0.fbx
[2015.09.19-04.33.49:917][ 64]LogFbx: FBX Scene Loaded Succesfully
[2015.09.19-04.33.49:921][ 64]LogFbx:Warning: Triangulating static mesh Trunk
[2015.09.19-04.33.51:999][ 64]LogFbx:Warning: Triangulating static mesh Shifter_handle
[2015.09.19-04.33.54:042][ 64]LogFbx:Warning: Triangulating static mesh Shifter_shaft
[2015.09.19-04.33.54:085][ 64]LogFbx:Warning: Triangulating static mesh Shifter_wheel
[2015.09.19-04.33.54:129][ 64]LogFbx:Warning: Triangulating static mesh Shifter_