[2015.09.20-18.43.25:787][  0]Log file open, 09/20/15 14:43:25
[2015.09.20-18.43.25:787][  0]LogInit:Display: Running engine for game: SR2L
[2015.09.20-18.43.25:787][  0]LogInit:Display: RandInit(-624350952) SRandInit(-624350952).
[2015.09.20-18.43.25:787][  0]LogTaskGraph: Started task graph with 4 named threads and 7 total threads.
[2015.09.20-18.43.25:787][  0]LogStats: Stats thread started at 0.082571
[2015.09.20-18.43.25:787][  0]LogInit: Version: 4.9.1-2689999+++depot+UE4-Releases+4.9
[2015.09.20-18.43.25:787][  0]LogInit: API Version: 2672455
[2015.09.20-18.43.25:787][  0]LogInit: Compiled (64-bit): Sep 14 2015 04:12:03
[2015.09.20-18.43.25:787][  0]LogInit: Compiled with Visual C++: 18.00.21005.01
[2015.09.20-18.43.25:787][  0]LogInit: Build Configuration: Development
[2015.09.20-18.43.25:787][  0]LogInit: Branch Name: ++depot+UE4-Releases+4.9
[2015.09.20-18.43.25:787][  0]LogInit: Command line:  
[2015.09.20-18.43.25:787][  0]LogInit: Base directory: C:/Program Files/Epic Games/4.9/Engine/Binaries/Win64/
[2015.09.20-18.43.25:787][  0]LogInit: Rocket: 1
[2015.09.20-18.43.25:799][  0]LogInit: Using libcurl 7.41.0
[2015.09.20-18.43.25:799][  0]LogInit:  - built for x86_64-pc-win32
[2015.09.20-18.43.25:799][  0]LogInit:  - supports SSL with WinSSL
[2015.09.20-18.43.25:799][  0]LogInit:  - other features:
[2015.09.20-18.43.25:799][  0]LogInit:      CURL_VERSION_SSL
[2015.09.20-18.43.25:799][  0]LogInit:      CURL_VERSION_IPV6
[2015.09.20-18.43.25:799][  0]LogInit:      CURL_VERSION_ASYNCHDNS
[2015.09.20-18.43.25:799][  0]LogInit:      CURL_VERSION_LARGEFILE
[2015.09.20-18.43.25:799][  0]LogInit:      CURL_VERSION_IDN
[2015.09.20-18.43.25:799][  0]LogInit:  CurlRequestOptions (configurable via config and command line):
[2015.09.20-18.43.25:799][  0]LogInit:  - bVerifyPeer = true  - Libcurl will verify peer certificate
[2015.09.20-18.43.25:799][  0]LogInit:  - bUseHttpProxy = false  - Libcurl will NOT use HTTP proxy
[2015.09.20-18.43.25:799][  0]LogInit:  - bDontReuseConnections = false  - Libcurl will reuse connections
[2015.09.20-18.43.25:799][  0]LogInit:  - CertBundlePath = nullptr  - Libcurl will use whatever was configured at build time.
[2015.09.20-18.43.25:808][  0]LogInit: Presizing for 0 objects not considered by GC, pre-allocating 0 bytes.
[2015.09.20-18.43.25:814][  0]LogInit: Object subsystem initialized
[2015.09.20-18.43.25:816][  0]LogInit: Selected Device Profile: [Windows]
[2015.09.20-18.43.25:816][  0]LogInit: Applying CVar settings loaded from the selected device profile: [Windows]
[2015.09.20-18.43.25:823][  0]LogInit: Computer: ADAM-ASUS
[2015.09.20-18.43.25:823][  0]LogInit: User: Adam
[2015.09.20-18.43.25:823][  0]LogInit: CPU Page size=4096, Cores=4
[2015.09.20-18.43.25:823][  0]LogInit: High frequency timer resolution =2.338344 MHz
[2015.09.20-18.43.25:823][  0]LogMemory: Memory total: Physical=15.8GB (16GB approx)
[2015.09.20-18.43.25:823][  0]LogMemory: Platform Memory Stats for Windows
[2015.09.20-18.43.25:823][  0]LogMemory: Process Physical Memory: 54.55 MB used, 54.55 MB peak
[2015.09.20-18.43.25:823][  0]LogMemory: Process Virtual Memory: 55.35 MB used, 55.35 MB peak
[2015.09.20-18.43.25:823][  0]LogMemory: Physical Memory: 3168.50 MB used, 16203.17 MB total
[2015.09.20-18.43.25:823][  0]LogMemory: Virtual Memory: 364.62 MB used, 134217728.00 MB total
[2015.09.20-18.43.25:866][  0]LogTextLocalizationManager: No specific translations for ('en-US') exist, so ('en') translations will be used.
[2015.09.20-18.43.26:445][  0]LogD3D11RHI: Found D3D11 adapter 0: NVIDIA GeForce GT 750M (Feature Level 11_0)
[2015.09.20-18.43.26:445][  0]LogD3D11RHI: Adapter has 1992MB of dedicated video memory, 0MB of dedicated system memory, and 8101MB of shared system memory, 1 output[s]
[2015.09.20-18.43.26:451][  0]LogD3D11RHI: Found D3D11 adapter 1: Intel(R) HD Graphics 4600 (Feature Level 11_0)
[2015.09.20-18.43.26:451][  0]LogD3D11RHI: Adapter has 112MB of dedicated video memory, 0MB of dedicated system memory, and 8101MB of shared system memory, 0 output[s]
[2015.09.20-18.43.26:452][  0]LogD3D11RHI: Found D3D11 adapter 2: Microsoft Basic Render Driver (Feature Level 11_0)
[2015.09.20-18.43.26:453][  0]LogD3D11RHI: Adapter has 0MB of dedicated video memory, 0MB of dedicated system memory, and 8101MB of shared system memory, 0 output[s]
[2015.09.20-18.43.26:453][  0]LogD3D11RHI: Chosen D3D11 Adapter Id = 0
[2015.09.20-18.43.26:456][  0]LogD3D11RHI: !Direct3DDevice
[2015.09.20-18.43.26:456][  0]LogRHI: Texture pool is 1361 MB (70% of 1945 MB)
[2015.09.20-18.43.26:469][  0]LogD3D11RHI: Async texture creation enabled
[2015.09.20-18.43.26:486][  0]LogShaderCompilers: Guid format shader working directory is 15 characters bigger than the processId version (../../../../../../Users/Adam/Documents/Unreal Projects/SR2L/Intermediate/Shaders/WorkingDirectory/3112/).
[2015.09.20-18.43.26:486][  0]LogShaderCompilers: Cleaned the shader compiler working directory '../../../../../../Users/Adam/Documents/Unreal Projects/SR2L/Intermediate/Shaders/tmp/0FF3D7BA45D6FC079F377FAFE9462A57/'.
[2015.09.20-18.43.26:486][  0]LogShaderCompilers:Display: Using Local Shader Compiler.
[2015.09.20-18.43.27:560][  0]LogTemp:Display: Loaded TP AllDesktopTargetPlatform
[2015.09.20-18.43.27:566][  0]LogTemp:Display: Loaded TP WindowsClientTargetPlatform
[2015.09.20-18.43.27:572][  0]LogTemp:Display: Loaded TP WindowsNoEditorTargetPlatform
[2015.09.20-18.43.27:579][  0]LogTemp:Display: Loaded TP WindowsServerTargetPlatform
[2015.09.20-18.43.27:585][  0]LogTemp:Display: Loaded TP WindowsTargetPlatform
[2015.09.20-18.43.27:589][  0]LogTemp:Display: Loaded TP AndroidTargetPlatform
[2015.09.20-18.43.27:593][  0]LogTemp:Display: Loaded TP Android_ASTCTargetPlatform
[2015.09.20-18.43.27:597][  0]LogTemp:Display: Loaded TP Android_ATCTargetPlatform
[2015.09.20-18.43.27:601][  0]LogTemp:Display: Loaded TP Android_DXTTargetPlatform
[2015.09.20-18.43.27:604][  0]LogTemp:Display: Loaded TP Android_ETC1TargetPlatform
[2015.09.20-18.43.27:608][  0]LogTemp:Display: Loaded TP Android_ETC2TargetPlatform
[2015.09.20-18.43.27:612][  0]LogTemp:Display: Loaded TP Android_PVRTCTargetPlatform
[2015.09.20-18.43.27:613][  0]LogTemp:Display: Loaded TP HTML5TargetPlatform
[2015.09.20-18.43.27:632][  0]LogTemp:Display: Loaded TP IOSTargetPlatform
[2015.09.20-18.43.27:635][  0]LogTemp:Display: Loaded TP LinuxNoEditorTargetPlatform
[2015.09.20-18.43.27:639][  0]LogTemp:Display: Loaded TP LinuxServerTargetPlatform
[2015.09.20-18.43.27:643][  0]LogTemp:Display: Loaded TP LinuxTargetPlatform
[2015.09.20-18.43.27:643][  0]LogTargetPlatformManager:Display: Building Assets For Windows
[2015.09.20-18.43.27:746][  0]LogDerivedDataCache:Display: Max Cache Size: 512 MB
[2015.09.20-18.43.27:787][  0]LogDerivedDataCache: Loaded boot cache 0.04s 41MB C:/Users/Adam/AppData/Local/UnrealEngine/4.9/DerivedDataCache/Boot.ddc.
[2015.09.20-18.43.27:787][  0]LogDerivedDataCache:Display: Loaded Boot cache: C:/Users/Adam/AppData/Local/UnrealEngine/4.9/DerivedDataCache/Boot.ddc
[2015.09.20-18.43.27:787][  0]LogDerivedDataCache: FDerivedDataBackendGraph:  Pak pak cache file ../../../../../../Users/Adam/Documents/Unreal Projects/SR2L/DerivedDataCache/DDC.ddp not found, will not use a pak cache.
[2015.09.20-18.43.27:787][  0]LogDerivedDataCache: Unable to find inner node Pak for hierarchical cache Hierarchy.
[2015.09.20-18.43.27:787][  0]LogDerivedDataCache: FDerivedDataBackendGraph:  CompressedPak pak cache file ../../../../../../Users/Adam/Documents/Unreal Projects/SR2L/DerivedDataCache/Compressed.ddp not found, will not use a pak cache.
[2015.09.20-18.43.27:787][  0]LogDerivedDataCache: Unable to find inner node CompressedPak for hierarchical cache Hierarchy.
[2015.09.20-18.43.27:921][  0]LogDerivedDataCache:Display: Pak cache opened for reading ../../../Engine/DerivedDataCache/Compressed.ddp.
[2015.09.20-18.43.27:933][  0]LogDerivedDataCache: Using Local data cache path C:/Users/Adam/AppData/Local/UnrealEngine/Common/DerivedDataCache: Writable
[2015.09.20-18.43.28:116][  0]LogInit: Selected Device Profile: [Windows]
[2015.09.20-18.43.28:118][  0]LogContentStreaming: Texture pool size is 0.000000MB
[2015.09.20-18.43.28:240][  0]LogMeshUtilities: No automatic mesh reduction module available
[2015.09.20-18.43.28:240][  0]LogMeshUtilities: No automatic mesh merging module available
[2015.09.20-18.43.28:473][  0]LogInit: WinSock: version 1.1 (2.2), MaxSocks=32767, MaxUdp=65467
[2015.09.20-18.43.29:357][  0]UdpMessaging: Initializing bridge on interface 0.0.0.0:0 to multicast group 230.0.0.1:6666.
[2015.09.20-18.43.29:463][  0]LogAssetRegistry: FAssetRegistry took 0.0112 seconds to start up
[2015.09.20-18.43.29:642][  0]SourceControl: Info Source control is disabled
[2015.09.20-18.43.29:642][  0]SourceControl: Info Source control is disabled
[2015.09.20-18.43.29:657][  0]SourceControl: Info Source control is disabled
[2015.09.20-18.43.29:671][  0]SourceControl: Info Source control is disabled
[2015.09.20-18.43.29:870][  0]LogLinker:Warning: Asset '../../../Engine/Plugins/Runtime/LeapMotionController/Content/LM_PassthroughMaterial.uasset' has been saved with empty engine version. The asset will be loaded but may be incompatible.
[2015.09.20-18.43.29:970][  0]LogObj: 28361 objects as part of root set at end of initial load.
[2015.09.20-18.43.29:970][  0]LogUObjectAllocator: 6038872 out of 0 bytes used by permanent object pool.
[2015.09.20-18.43.30:029][  0]LogEngine: Initializing Engine...
[2015.09.20-18.43.30:032][  0]LogHMD: Can't find Oculus library dev build: is proper Runtime installed? Version: 0.7.0.0
[2015.09.20-18.43.30:033][  0]LogHMD: SteamVR failed to initialize.  Err: 110
[2015.09.20-18.43.30:153][  0]LogAIModule: Creating AISystem for world NewWorld
[2015.09.20-18.43.30:158][  0]LogInit: XAudio2 using 'Speakers (Realtek High Definition Audio)' : 2 channels at 48 kHz using 32 bits per sample (channel mask 0x3)
[2015.09.20-18.43.30:173][  0]LogAudio:Warning: CreateMasteringVoice error: Unhandled error code -2004287478
[2015.09.20-18.43.30:173][  0]LogInit:Warning: Failed to create the mastering voice for XAudio2
[2015.09.20-18.43.30:192][  0]LogDerivedDataCache: Saved boot cache 0.02s 41MB C:/Users/Adam/AppData/Local/UnrealEngine/4.9/DerivedDataCache/Boot.ddc.
[2015.09.20-18.43.30:195][  0]LogInit: Texture streaming: Enabled
[2015.09.20-18.43.30:202][  0]LogAnalytics: Creating configured Analytics provider AnalyticsET
[2015.09.20-18.43.30:202][  0]LogAnalytics: [UEEditor.Rocket.Release] APIServer = http://et2.epicgames.com/ET2/. AppVersion = 4.9.1-2689999+++depot+UE4-Releases+4.9
[2015.09.20-18.43.30:202][  0]LogAnalytics: [UEEditor.Rocket.Release] SetUserId b6aeed064c5facbea2fec1a4dfb34289|e8dad8564e6d4f898fb2f14da66fe74c|e1a63e55-60ec-4585-be06-279f35335c9b
[2015.09.20-18.43.30:202][  0]LogAnalytics: [UEEditor.Rocket.Release] AnalyticsET::StartSession
[2015.09.20-18.43.30:215][  0]LogWindowsTextInputMethodSystem:Display: IME system now deactivated.
[2015.09.20-18.43.30:215][  0]LogWindowsTextInputMethodSystem:Display: IME system now deactivated.
[2015.09.20-18.43.30:264][  0]LogInit: Transaction tracking system initialized
[2015.09.20-18.43.30:301][  0]BlueprintLog: New page: Editor Load
[2015.09.20-18.43.30:404][  0]LocalizationService: Info Localization service is disabled
[2015.09.20-18.43.30:497][  0]LogConsoleResponse:Display: 
[2015.09.20-18.43.30:609][  0]LogCook:Display: Done creating registry. It took  0.00s.
[2015.09.20-18.43.30:681][  0]LogFileCache: Scanning file cache for directory 'C:/Users/Adam/Documents/Unreal Projects/SR2L/Content/' took 0.02s
[2015.09.20-18.43.30:681][  0]SourceControl: Info Source control is disabled
[2015.09.20-18.43.30:681][  0]Cmd: MAP LOAD FILE="../../../../../../Users/Adam/Documents/Unreal Projects/SR2L/Content/VehicleAdvBP/Maps/VehicleAdvExampleMap.umap" TEMPLATE=0 SHOWPROGRESS=1 FEATURELEVEL=3
[2015.09.20-18.43.30:682][  0]LightingResults: New page: Lighting Build
[2015.09.20-18.43.30:686][  0]MapCheck: New page: Map Check
[2015.09.20-18.43.30:686][  0]LightingResults: New page: Lighting Build
[2015.09.20-18.43.30:695][  0]LogParticles: Destroying 0 GPU particle simulations for FXSystem 0x0000001D1FCC4400
[2015.09.20-18.43.31:259][  0]LogLinker:Warning: Asset '../../../../../../Users/Adam/Documents/Unreal Projects/SR2L/Content/VehicleAdvBP/Maps/LayerInfo/Desert_LayerInfo.uasset' has been saved with empty engine version. The asset will be loaded but may be incompatible.
[2015.09.20-18.43.31:260][  0]LogLinker:Warning: Asset '../../../../../../Users/Adam/Documents/Unreal Projects/SR2L/Content/VehicleAdvBP/Maps/LayerInfo/Track_LayerInfo.uasset' has been saved with empty engine version. The asset will be loaded but may be incompatible.
[2015.09.20-18.43.31:747][  0]LogAIModule: Creating AISystem for world VehicleAdvExampleMap
[2015.09.20-18.43.32:081][  0]LogEditorServer: Finished looking for orphan Actors (0.000 secs)
[2015.09.20-18.43.32:081][  0]Cmd: MAP CHECKDEP NOCLEARLOG
[2015.09.20-18.43.32:208][  0]MapCheck: Info Map check complete: 0 Error(s), 0 Warning(s), took 126.024ms to complete.
[2015.09.20-18.43.32:208][  0]LogFileHelpers: Loading map 'VehicleAdvExampleMap' took 1.526
[2015.09.20-18.43.32:321][  0]LogCollectionManager: Loaded 0 collections in 0.002812 seconds
[2015.09.20-18.43.32:367][  0]LogFileCache: Scanning file cache for directory 'C:/Users/Adam/Documents/Unreal Projects/SR2L/Saved/Collections/' took 0.01s
[2015.09.20-18.43.32:367][  0]LogFileCache: Scanning file cache for directory 'C:/Users/Adam/Documents/Unreal Projects/SR2L/Content/Developers/Adam/Collections/' took 0.01s
[2015.09.20-18.43.32:367][  0]LogFileCache: Scanning file cache for directory 'C:/Users/Adam/Documents/Unreal Projects/SR2L/Content/Collections/' took 0.01s
[2015.09.20-18.43.32:367][  0]LogContentBrowser: Native class hierarchy populated in 0.0116 seconds. Added 1867 classes and 333 folders.
[2015.09.20-18.43.32:374][  0]LogCollectionManager: Rebuilt the GUID cache for 0 collections in 0.000003 seconds
[2015.09.20-18.43.32:382][  0]LogContentBrowser: Native class hierarchy updated for 'WidgetCarousel' in 0.0003 seconds. Added 0 classes and 0 folders.
[2015.09.20-18.43.32:445][  0]LogContentBrowser: Native class hierarchy updated for 'AddContentDialog' in 0.0003 seconds. Added 0 classes and 0 folders.
[2015.09.20-18.43.32:451][  0]LogContentBrowser: Native class hierarchy updated for 'SceneOutliner' in 0.0005 seconds. Added 1 classes and 2 folders.
[2015.09.20-18.43.32:483][  0]LogCrashTracker: Crashtracker disabled due to settings.
[2015.09.20-18.43.32:488][  0]LogUObjectGlobals:Warning: Failed to find object 'Class None.'
[2015.09.20-18.43.32:511][  0]LogLoad: Full Startup: 7.26 seconds (BP compile: 0.20 seconds)
[2015.09.20-18.43.32:585][  0]LogContentStreaming: Texture pool size now 400 MB
[2015.09.20-18.43.32:726][  0]LogRenderer: Reallocating scene render targets to support 1208x576 (Frame:2).
[2015.09.20-18.43.32:782][  1]Cmd: UpdateLandscapeEditorData -warnings
[2015.09.20-18.43.32:989][  5]LogAssetRegistry: Asset discovery search completed in 3.5371 seconds
[2015.09.20-18.43.32:989][  5]LogCollectionManager: Rebuilt the object cache for 0 collections in 0.000001 seconds (found 0 objects)
[2015.09.20-18.43.32:989][  5]LogCollectionManager: Fixed up redirectors for 0 collections in 0.000031 seconds (updated 0 objects)
[2015.09.20-18.43.41:970][442]LogActorComponent: UnregisterComponent: (/Engine/Transient.MovementComp) Not registered. Aborting.
[2015.09.20-18.43.42:002][442]Cmd: MAP LOAD FILE="../../../../../../Users/Adam/Documents/Unreal Projects/SR2L/Content/VehicleAdvBP/Maps/Template.umap" TEMPLATE=0 SHOWPROGRESS=1 FEATURELEVEL=3
[2015.09.20-18.43.42:042][442]LightingResults: New page: Lighting Build
[2015.09.20-18.43.42:067][442]LoadErrors: New page: Loading map: Template.umap
[2015.09.20-18.43.42:068][442]MapCheck: New page: Map Check
[2015.09.20-18.43.42:068][442]LightingResults: New page: Lighting Build
[2015.09.20-18.43.42:080][442]LogParticles: Destroying 0 GPU particle simulations for FXSystem 0x0000001D36936840
[2015.09.20-18.43.42:266][442]LogAIModule: Creating AISystem for world Template
[2015.09.20-18.43.42:398][442]LogEditorServer: Finished looking for orphan Actors (0.000 secs)
[2015.09.20-18.43.42:436][442]Cmd: MAP CHECKDEP NOCLEARLOG
[2015.09.20-18.43.42:541][442]MapCheck: Info Map check complete: 0 Error(s), 0 Warning(s), took 104.727ms to complete.
[2015.09.20-18.43.42:541][442]LogFileHelpers: Loading map 'Template' took 0.541
[2015.09.20-18.43.42:561][443]Cmd: UpdateLandscapeEditorData
[2015.09.20-18.43.42:562][443]Cmd: UpdateLandscapeEditorData -warnings
[2015.09.20-18.43.43:702][510]LogPlayLevel: PlayLevel: No blueprints needed recompiling
[2015.09.20-18.43.43:702][510]PIE: New page: PIE session: Template (Sep 20, 2015, 10:43:43 AM)
[2015.09.20-18.43.43:702][510]LogPlayLevel: Creating play world package: /Game/VehicleAdvBP/Maps/UEDPIE_0_Template
[2015.09.20-18.43.43:772][510]LogPlayLevel: PIE: StaticDuplicateObject took: (0.068711s)
[2015.09.20-18.43.43:773][510]LogAIModule: Creating AISystem for world Template
[2015.09.20-18.43.43:773][510]LogPlayLevel: PIE: World Init took: (0.000829s)
[2015.09.20-18.43.43:773][510]LogPlayLevel: PIE: Created PIE world by copying editor world from /Game/VehicleAdvBP/Maps/Template.Template to /Game/VehicleAdvBP/Maps/UEDPIE_0_Template.Template (0.069754s)
[2015.09.20-18.43.43:773][510]LogActorComponent: UnregisterComponent: (/Engine/Transient.MovementComp) Not registered. Aborting.
[2015.09.20-18.43.43:843][510]LogWorld: Game class is 'VehicleAdvGameMode_C'
[2015.09.20-18.43.43:865][510]LogWorld: Bringing World /Game/VehicleAdvBP/Maps/UEDPIE_0_Template.Template up for play (max tick rate 60) at 2015.09.20-14.43.43
[2015.09.20-18.43.43:865][510]LogActor:Warning: GameSession /Game/VehicleAdvBP/Maps/UEDPIE_0_Template.Template:PersistentLevel.GameSession_0 has natively added scene component(s), but none of them were set as the actor's RootComponent - picking one arbitrarily
[2015.09.20-18.43.43:865][510]LogActor:Warning: GameNetworkManager /Game/VehicleAdvBP/Maps/UEDPIE_0_Template.Template:PersistentLevel.GameNetworkManager_0 has natively added scene component(s), but none of them were set as the actor's RootComponent - picking one arbitrarily
[2015.09.20-18.43.43:866][510]LogWorld: Bringing up level for play took: 0.018631
[2015.09.20-18.43.43:888][510]PIE: Info Play in editor start time for /Game/VehicleAdvBP/Maps/UEDPIE_0_Template 1.006
[2015.09.20-18.43.43:908][511]LogRenderer: Reallocating scene render targets to support 1208x612 (Frame:421).
[2015.09.20-18.43.47:478][714]LogParticles: Destroying 0 GPU particle simulations for FXSystem 0x0000001D4C704FE0
[2015.09.20-18.43.50:166][844]LogLinker:Warning: Asset '../../../Engine/Content/ArtTools/RenderToTexture/Macros/RenderToTextureMacros.uasset' has been saved with empty engine version. The asset will be loaded but may be incompatible.
[2015.09.20-18.43.50:641][844]LogContentBrowser: Native class hierarchy updated for 'BlueprintGraph' in 0.0007 seconds. Added 107 classes and 0 folders.
[2015.09.20-18.43.57:416][210]LogBlueprintUserMessages: CustomizeDetails for Blueprint 'KillZ', cached variable property's owner is '/Game/VehicleAdvBP/Blueprints/VehicleBlueprint.VehicleBlueprint_C'
[2015.09.20-18.44.34:394][401]BlueprintLog: New page: Compile KillZ
[2015.09.20-18.44.34:443][401]LogActorComponent: UnregisterComponent: (/Engine/Transient.MovementComp) Not registered. Aborting.
[2015.09.20-18.44.34:474][401]BlueprintEditorCompileResults: Info [0069.22] Compile of KillZ successful! [in 80 ms]
[2015.09.20-18.44.35:740][448]LogSavePackage: Save=251.678116ms
[2015.09.20-18.44.35:740][448]LogSavePackage: Moving '../../../../../../Users/Adam/Documents/Unreal Projects/SR2L/Saved/Template7249F43F46EC87A795061D98C71F18BE.tmp' to '../../../../../../Users/Adam/Documents/Unreal Projects/SR2L/Content/VehicleAdvBP/Maps/Template.umap'
[2015.09.20-18.44.35:744][448]LogSavePackage: Total save time: 272.367965ms
[2015.09.20-18.44.35:744][448]LogSavePackage:Warning: Finished SavePackage ../../../../../../Users/Adam/Documents/Unreal Projects/SR2L/Content/VehicleAdvBP/Maps/Template.umap
[2015.09.20-18.44.35:774][448]LogFileHelpers: Saving map 'Tem