[2015.09.19-17.05.42:095][  0]Log file open, 09/19/15 13:05:42
[2015.09.19-17.05.42:095][  0]LogInit:Display: Running engine for game: SR2L
[2015.09.19-17.05.42:095][  0]LogInit:Display: RandInit(-856937590) SRandInit(-856937590).
[2015.09.19-17.05.42:095][  0]LogTaskGraph: Started task graph with 4 named threads and 7 total threads.
[2015.09.19-17.05.42:095][  0]LogStats: Stats thread started at 0.189729
[2015.09.19-17.05.42:095][  0]LogInit: Version: 4.9.1-2689999+++depot+UE4-Releases+4.9
[2015.09.19-17.05.42:095][  0]LogInit: API Version: 2672455
[2015.09.19-17.05.42:095][  0]LogInit: Compiled (64-bit): Sep 14 2015 04:12:03
[2015.09.19-17.05.42:095][  0]LogInit: Compiled with Visual C++: 18.00.21005.01
[2015.09.19-17.05.42:095][  0]LogInit: Build Configuration: Development
[2015.09.19-17.05.42:095][  0]LogInit: Branch Name: ++depot+UE4-Releases+4.9
[2015.09.19-17.05.42:095][  0]LogInit: Command line:  
[2015.09.19-17.05.42:095][  0]LogInit: Base directory: C:/Program Files/Epic Games/4.9/Engine/Binaries/Win64/
[2015.09.19-17.05.42:095][  0]LogInit: Rocket: 1
[2015.09.19-17.05.42:157][  0]LogInit: Using libcurl 7.41.0
[2015.09.19-17.05.42:157][  0]LogInit:  - built for x86_64-pc-win32
[2015.09.19-17.05.42:157][  0]LogInit:  - supports SSL with WinSSL
[2015.09.19-17.05.42:157][  0]LogInit:  - other features:
[2015.09.19-17.05.42:157][  0]LogInit:      CURL_VERSION_SSL
[2015.09.19-17.05.42:157][  0]LogInit:      CURL_VERSION_IPV6
[2015.09.19-17.05.42:157][  0]LogInit:      CURL_VERSION_ASYNCHDNS
[2015.09.19-17.05.42:157][  0]LogInit:      CURL_VERSION_LARGEFILE
[2015.09.19-17.05.42:157][  0]LogInit:      CURL_VERSION_IDN
[2015.09.19-17.05.42:157][  0]LogInit:  CurlRequestOptions (configurable via config and command line):
[2015.09.19-17.05.42:157][  0]LogInit:  - bVerifyPeer = true  - Libcurl will verify peer certificate
[2015.09.19-17.05.42:157][  0]LogInit:  - bUseHttpProxy = false  - Libcurl will NOT use HTTP proxy
[2015.09.19-17.05.42:157][  0]LogInit:  - bDontReuseConnections = false  - Libcurl will reuse connections
[2015.09.19-17.05.42:157][  0]LogInit:  - CertBundlePath = nullptr  - Libcurl will use whatever was configured at build time.
[2015.09.19-17.05.42:198][  0]LogInit: Presizing for 0 objects not considered by GC, pre-allocating 0 bytes.
[2015.09.19-17.05.42:206][  0]LogInit: Object subsystem initialized
[2015.09.19-17.05.42:208][  0]LogInit: Selected Device Profile: [Windows]
[2015.09.19-17.05.42:208][  0]LogInit: Applying CVar settings loaded from the selected device profile: [Windows]
[2015.09.19-17.05.42:243][  0]LogInit: Computer: M543
[2015.09.19-17.05.42:243][  0]LogInit: User: kquigley
[2015.09.19-17.05.42:243][  0]LogInit: CPU Page size=4096, Cores=4
[2015.09.19-17.05.42:243][  0]LogInit: High frequency timer resolution =2.630810 MHz
[2015.09.19-17.05.42:243][  0]LogMemory: Memory total: Physical=15.9GB (16GB approx)
[2015.09.19-17.05.42:243][  0]LogMemory: Platform Memory Stats for Windows
[2015.09.19-17.05.42:243][  0]LogMemory: Process Physical Memory: 55.75 MB used, 55.75 MB peak
[2015.09.19-17.05.42:243][  0]LogMemory: Process Virtual Memory: 60.11 MB used, 60.11 MB peak
[2015.09.19-17.05.42:243][  0]LogMemory: Physical Memory: 4487.53 MB used, 16317.72 MB total
[2015.09.19-17.05.42:243][  0]LogMemory: Virtual Memory: 341.98 MB used, 8388608.00 MB total
[2015.09.19-17.05.42:521][  0]LogTextLocalizationManager: No specific translations for ('en-US') exist, so ('en') translations will be used.
[2015.09.19-17.05.43:367][  0]LogD3D11RHI: Found D3D11 adapter 0: AMD FirePro M4000 (Feature Level 11_0)
[2015.09.19-17.05.43:367][  0]LogD3D11RHI: Adapter has 995MB of dedicated video memory, 0MB of dedicated system memory, and 7902MB of shared system memory, 1 output[s]
[2015.09.19-17.05.43:367][  0]LogD3D11RHI: Chosen D3D11 Adapter Id = 0
[2015.09.19-17.05.43:437][  0]LogD3D11RHI: !Direct3DDevice
[2015.09.19-17.05.43:437][  0]LogRHI: Texture pool is 696 MB (70% of 995 MB)
[2015.09.19-17.05.43:482][  0]LogD3D11RHI: Async texture creation disabled: no driver support
[2015.09.19-17.05.43:784][  0]LogShaderCompilers: Guid format shader working directory is 15 characters bigger than the processId version (../../../../../../Users/Class2016/Documents/Unreal Projects/SR2L/Intermediate/Shaders/WorkingDirectory/5444/).
[2015.09.19-17.05.43:785][  0]LogShaderCompilers: Cleaned the shader compiler working directory '../../../../../../Users/Class2016/Documents/Unreal Projects/SR2L/Intermediate/Shaders/tmp/5FD19ADE4C967B09E98535BE0CA71249/'.
[2015.09.19-17.05.43:808][  0]LogShaderCompilers:Display: Using Local Shader Compiler.
[2015.09.19-17.05.50:336][  0]LogTemp:Display: Loaded TP AllDesktopTargetPlatform
[2015.09.19-17.05.50:345][  0]LogTemp:Display: Loaded TP WindowsClientTargetPlatform
[2015.09.19-17.05.50:354][  0]LogTemp:Display: Loaded TP WindowsNoEditorTargetPlatform
[2015.09.19-17.05.50:384][  0]LogTemp:Display: Loaded TP WindowsServerTargetPlatform
[2015.09.19-17.05.50:401][  0]LogTemp:Display: Loaded TP WindowsTargetPlatform
[2015.09.19-17.05.50:441][  0]LogTemp:Display: Loaded TP AndroidTargetPlatform
[2015.09.19-17.05.50:477][  0]LogTemp:Display: Loaded TP Android_ASTCTargetPlatform
[2015.09.19-17.05.50:511][  0]LogTemp:Display: Loaded TP Android_ATCTargetPlatform
[2015.09.19-17.05.50:553][  0]LogTemp:Display: Loaded TP Android_DXTTargetPlatform
[2015.09.19-17.05.50:591][  0]LogTemp:Display: Loaded TP Android_ETC1TargetPlatform
[2015.09.19-17.05.50:633][  0]LogTemp:Display: Loaded TP Android_ETC2TargetPlatform
[2015.09.19-17.05.50:662][  0]LogTemp:Display: Loaded TP Android_PVRTCTargetPlatform
[2015.09.19-17.05.50:694][  0]LogTemp:Display: Loaded TP HTML5TargetPlatform
[2015.09.19-17.05.50:800][  0]LogTemp:Display: Loaded TP IOSTargetPlatform
[2015.09.19-17.05.50:834][  0]LogTemp:Display: Loaded TP LinuxNoEditorTargetPlatform
[2015.09.19-17.05.50:854][  0]LogTemp:Display: Loaded TP LinuxServerTargetPlatform
[2015.09.19-17.05.50:888][  0]LogTemp:Display: Loaded TP LinuxTargetPlatform
[2015.09.19-17.05.50:888][  0]LogTargetPlatformManager:Display: Building Assets For Windows
[2015.09.19-17.05.51:979][  0]LogDerivedDataCache:Display: Max Cache Size: 512 MB
[2015.09.19-17.05.52:706][  0]LogDerivedDataCache: Loaded boot cache 0.73s 41MB C:/Users/Class2016/AppData/Local/UnrealEngine/4.9/DerivedDataCache/Boot.ddc.
[2015.09.19-17.05.52:706][  0]LogDerivedDataCache:Display: Loaded Boot cache: C:/Users/Class2016/AppData/Local/UnrealEngine/4.9/DerivedDataCache/Boot.ddc
[2015.09.19-17.05.52:706][  0]LogDerivedDataCache: FDerivedDataBackendGraph:  Pak pak cache file ../../../../../../Users/Class2016/Documents/Unreal Projects/SR2L/DerivedDataCache/DDC.ddp not found, will not use a pak cache.
[2015.09.19-17.05.52:706][  0]LogDerivedDataCache: Unable to find inner node Pak for hierarchical cache Hierarchy.
[2015.09.19-17.05.52:706][  0]LogDerivedDataCache: FDerivedDataBackendGraph:  CompressedPak pak cache file ../../../../../../Users/Class2016/Documents/Unreal Projects/SR2L/DerivedDataCache/Compressed.ddp not found, will not use a pak cache.
[2015.09.19-17.05.52:706][  0]LogDerivedDataCache: Unable to find inner node CompressedPak for hierarchical cache Hierarchy.
[2015.09.19-17.05.52:895][  0]LogDerivedDataCache:Display: Pak cache opened for reading ../../../Engine/DerivedDataCache/Compressed.ddp.
[2015.09.19-17.05.52:911][  0]LogDerivedDataCache: Using Local data cache path C:/Users/Class2016/AppData/Local/UnrealEngine/Common/DerivedDataCache: Writable
[2015.09.19-17.06.03:464][  0]LogInit: Selected Device Profile: [Windows]
[2015.09.19-17.06.03:537][  0]LogContentStreaming: Texture pool size is 0.000000MB
[2015.09.19-17.06.04:383][  0]LogMeshUtilities: No automatic mesh reduction module available
[2015.09.19-17.06.04:383][  0]LogMeshUtilities: No automatic mesh merging module available
[2015.09.19-17.06.10:440][  0]LogInit: WinSock: version 1.1 (2.2), MaxSocks=32767, MaxUdp=65467
[2015.09.19-17.06.31:567][  0]UdpMessaging: Initializing bridge on interface 0.0.0.0:0 to multicast group 230.0.0.1:6666.
[2015.09.19-17.06.32:616][  0]LogAssetRegistry: FAssetRegistry took 0.0097 seconds to start up
[2015.09.19-17.06.35:807][  0]SourceControl: Info Source control is disabled
[2015.09.19-17.06.36:064][  0]SourceControl: Info Source control is disabled
[2015.09.19-17.06.36:318][  0]SourceControl: Info Source control is disabled
[2015.09.19-17.06.36:431][  0]SourceControl: Info Source control is disabled
[2015.09.19-17.06.38:094][  0]LogLinker:Warning: Asset '../../../Engine/Plugins/Runtime/LeapMotionController/Content/LM_PassthroughMaterial.uasset' has been saved with empty engine version. The asset will be loaded but may be incompatible.
[2015.09.19-17.06.38:952][  0]LogObj: 28361 objects as part of root set at end of initial load.
[2015.09.19-17.06.38:952][  0]LogUObjectAllocator: 6038872 out of 0 bytes used by permanent object pool.
[2015.09.19-17.06.39:677][  0]LogEngine: Initializing Engine...
[2015.09.19-17.06.39:694][  0]LogHMD: Can't find Oculus library dev build: is proper Runtime installed? Version: 0.7.0.0
[2015.09.19-17.06.39:937][  0]LogHMD: SteamVR failed to initialize.  Err: 108
[2015.09.19-17.06.40:830][  0]LogAIModule: Creating AISystem for world NewWorld
[2015.09.19-17.06.41:500][  0]LogInit: XAudio2 using '1 - SyncMaster (AMD High Definition Audio Device)' : 2 channels at 48 kHz using 16 bits per sample (channel mask 0x3)
[2015.09.19-17.06.41:862][  0]LogInit: FAudioDevice initialized.
[2015.09.19-17.06.41:887][  0]LogDerivedDataCache: Saved boot cache 0.02s 41MB C:/Users/Class2016/AppData/Local/UnrealEngine/4.9/DerivedDataCache/Boot.ddc.
[2015.09.19-17.06.41:889][  0]LogInit: Texture streaming: Enabled
[2015.09.19-17.06.41:914][  0]LogAnalytics: Creating configured Analytics provider AnalyticsET
[2015.09.19-17.06.41:914][  0]LogAnalytics: [UEEditor.Rocket.Release] APIServer = http://et2.epicgames.com/ET2/. AppVersion = 4.9.1-2689999+++depot+UE4-Releases+4.9
[2015.09.19-17.06.41:915][  0]LogAnalytics: [UEEditor.Rocket.Release] SetUserId f06af28e44af78c68f6fb4b9c978cff0|1399726e6de04195913aee01235a0998|b027d75e-97b4-46e0-b1fb-f0de01022484
[2015.09.19-17.06.41:916][  0]LogAnalytics: [UEEditor.Rocket.Release] AnalyticsET::StartSession
[2015.09.19-17.06.42:573][  0]LogInit: Transaction tracking system initialized
[2015.09.19-17.06.42:978][  0]BlueprintLog: New page: Editor Load
[2015.09.19-17.06.44:770][  0]LocalizationService: Info Localization service is disabled
[2015.09.19-17.06.45:633][  0]LogLinker:Warning: Can't find file '/Game/ThirdPerson/ThirdPersonOverview'
[2015.09.19-17.06.45:634][  0]LogLinker:Warning: Can't find file '/Game/ThirdPerson/ThirdPersonOverview'
[2015.09.19-17.06.45:647][  0]LogUObjectGlobals:Warning: Failed to find object 'Class /Game/ThirdPerson/ThirdPersonOverview.ThirdPersonOverview_C'
[2015.09.19-17.06.46:096][  0]LogConsoleResponse:Display: 
[2015.09.19-17.06.49:864][  0]LogFileCache: Scanning file cache for directory 'C:/Users/Class2016/Documents/Unreal Projects/SR2L/Content/' took 0.03s
[2015.09.19-17.06.49:864][  0]LogCook:Display: Done creating registry. It took  0.00s.
[2015.09.19-17.06.51:685][  0]SourceControl: Info Source control is disabled
[2015.09.19-17.06.51:839][  0]Cmd: MAP LOAD FILE="../../../../../../Users/Class2016/Documents/Unreal Projects/SR2L/Content/VehicleAdvBP/Maps/VehicleAdvExampleMap.umap" TEMPLATE=0 SHOWPROGRESS=1 FEATURELEVEL=3
[2015.09.19-17.06.51:922][  0]LightingResults: New page: Lighting Build
[2015.09.19-17.06.52:220][  0]MapCheck: New page: Map Check
[2015.09.19-17.06.52:221][  0]LightingResults: New page: Lighting Build
[2015.09.19-17.06.52:795][  0]LogParticles: Destroying 0 GPU particle simulations for FXSystem 0x00000000218B6160
[2015.09.19-17.06.55:991][  0]LogLinker:Warning: Asset '../../../../../../Users/Class2016/Documents/Unreal Projects/SR2L/Content/VehicleAdvBP/Maps/LayerInfo/Desert_LayerInfo.uasset' has been saved with empty engine version. The asset will be loaded but may be incompatible.
[2015.09.19-17.06.56:002][  0]LogLinker:Warning: Asset '../../../../../../Users/Class2016/Documents/Unreal Projects/SR2L/Content/VehicleAdvBP/Maps/LayerInfo/Track_LayerInfo.uasset' has been saved with empty engine version. The asset will be loaded but may be incompatible.
[2015.09.19-17.07.01:522][  0]LogAIModule: Creating AISystem for world VehicleAdvExampleMap
[2015.09.19-17.07.03:232][  0]LogEditorServer: Finished looking for orphan Actors (0.000 secs)
[2015.09.19-17.07.03:259][  0]Cmd: MAP CHECKDEP NOCLEARLOG
[2015.09.19-17.07.04:067][  0]MapCheck: Info Map check complete: 0 Error(s), 0 Warning(s), took 808.115ms to complete.
[2015.09.19-17.07.04:100][  0]LogFileHelpers: Loading map 'VehicleAdvExampleMap' took 12.363
[2015.09.19-17.07.05:198][  0]LogCollectionManager: Loaded 0 collections in 0.004151 seconds
[2015.09.19-17.07.05:276][  0]LogFileCache: Scanning file cache for directory 'C:/Users/Class2016/Documents/Unreal Projects/SR2L/Saved/Collections/' took 0.01s
[2015.09.19-17.07.05:276][  0]LogFileCache: Scanning file cache for directory 'C:/Users/Class2016/Documents/Unreal Projects/SR2L/Content/Developers/kquigley/Collections/' took 0.01s
[2015.09.19-17.07.05:276][  0]LogFileCache: Scanning file cache for directory 'C:/Users/Class2016/Documents/Unreal Projects/SR2L/Content/Collections/' took 0.00s
[2015.09.19-17.07.05:276][  0]LogContentBrowser: Native class hierarchy populated in 0.0227 seconds. Added 1867 classes and 333 folders.
[2015.09.19-17.07.05:333][  0]LogCollectionManager: Rebuilt the GUID cache for 0 collections in 0.000017 seconds
[2015.09.19-17.07.05:356][  0]LogContentBrowser: Native class hierarchy updated for 'WidgetCarousel' in 0.0022 seconds. Added 0 classes and 0 folders.
[2015.09.19-17.07.06:832][  0]LogContentBrowser: Native class hierarchy updated for 'AddContentDialog' in 0.0022 seconds. Added 0 classes and 0 folders.
[2015.09.19-17.07.06:872][  0]LogContentBrowser: Native class hierarchy updated for 'SceneOutliner' in 0.0022 seconds. Added 1 classes and 2 folders.
[2015.09.19-17.07.07:424][  0]LogCrashTracker: Crashtracker disabled due to settings.
[2015.09.19-17.07.07:526][  0]LogUObjectGlobals:Warning: Failed to find object 'Class None.'
[2015.09.19-17.07.07:547][  0]LogLoad: Full Startup: 86.94 seconds (BP compile: 1.27 seconds)
[2015.09.19-17.07.08:101][  0]LogContentStreaming: Texture pool size now 400 MB
[2015.09.19-17.07.08:852][  0]LogRenderer: Reallocating scene render targets to support 1208x576 (Frame:2).
[2015.09.19-17.07.09:269][  1]Cmd: UpdateLandscapeEditorData -warnings
[2015.09.19-17.07.09:845][  4]LogAssetRegistry: Asset discovery search completed in 37.2376 seconds
[2015.09.19-17.07.09:845][  4]LogCollectionManager: Rebuilt the object cache for 0 collections in 0.000001 seconds (found 0 objects)
[2015.09.19-17.07.09:845][  4]LogCollectionManager: Fixed up redirectors for 0 collections in 0.000044 seconds (updated 0 objects)
[2015.09.19-17.07.32:771][709]LogRenderer: Reallocating scene render targets to support 1432x924 (Frame:1379).
[2015.09.19-17.07.58:863][789]LogSavePackage: Save=86.719299ms
[2015.09.19-17.07.58:863][789]LogSavePackage: Moving '../../../../../../Users/Class2016/Documents/Unreal Projects/SR2L/Saved/car0_handle_BLF82DC7BE43D0E9AFED07C187AB8FA2F6.tmp' to '../../../../../../Users/Class2016/Documents/Unreal Projects/SR2L/Content/VehicleAdvBP/Blueprints/car0_handle_BL.uasset'
[2015.09.19-17.07.58:889][789]LogSavePackage: Total save time: 229.147676ms
[2015.09.19-17.07.58:889][789]LogSavePackage:Warning: Finished SavePackage ../../../../../../Users/Class2016/Documents/Unreal Projects/SR2L/Content/VehicleAdvBP/Blueprints/car0_handle_BL.uasset
[2015.09.19-17.08.14:827][405]LogSavePackage: Save=63.471325ms
[2015.09.19-17.08.14:827][405]LogSavePackage: Moving '../../../../../../Users/Class2016/Documents/Unreal Projects/SR2L/Saved/car0_handle_BRC9D753DF48EF075758D7E5BBF35F3694.tmp' to '../../../../../../Users/Class2016/Documents/Unreal Projects/SR2L/Content/VehicleAdvBP/Blueprints/car0_handle_BR.uasset'
[2015.09.19-17.08.14:853][405]LogSavePackage: Total save time: 220.225710ms
[2015.09.19-17.08.14:853][405]LogSavePackage:Warning: Finished SavePackage ../../../../../../Users/Class2016/Documents/Unreal Projects/SR2L/Content/VehicleAdvBP/Blueprints/car0_handle_BR.uasset
[2015.09.19-17.08.26:223][856]LogSavePackage: Save=55.632675ms
[2015.09.19-17.08.26:223][856]LogSavePackage: Moving '../../../../../../Users/Class2016/Documents/Unreal Projects/SR2L/Saved/car0_handle_FL459530C947E60B2FC738CF903E88875F.tmp' to '../../../../../../Users/Class2016/Documents/Unreal Projects/SR2L/Content/VehicleAdvBP/Blueprints/car0_handle_FL.uasset'
[2015.09.19-17.08.26:249][856]LogSavePackage: Total save time: 149.599932ms
[2015.09.19-17.08.26:249][856]LogSavePackage:Warning: Finished SavePackage ../../../../../../Users/Class2016/Documents/Unreal Projects/SR2L/Content/VehicleAdvBP/Blueprints/car0_handle_FL.uasset
[2015.09.19-17.08.45:672][728]LogSavePackage: Save=56.210445ms
[2015.09.19-17.08.45:672][728]LogSavePackage: Moving '../../../../../../Users/Class2016/Documents/Unreal Projects/SR2L/Saved/car0_handle_FR9FAECC7D4F7D1E9F1FA6E4A340F1909E.tmp' to '../../../../../../Users/Class2016/Documents/Unreal Projects/SR2L/Content/VehicleAdvBP/Blueprints/car0_handle_FR.uasset'
[2015.09.19-17.08.45:697][728]LogSavePackage: Total save time: 481.565755ms
[2015.09.19-17.08.45:697][728]LogSavePackage:Warning: Finished SavePackage ../../../../../../Users/Class2016/Documents/Unreal Projects/SR2L/Content/VehicleAdvBP/Blueprints/car0_handle_FR.uasset
[2015.09.19-17.09.53:862][697]LogSavePackage: Save=60.024097ms
[2015.09.19-17.09.53:862][697]LogSavePackage: Moving '../../../../../../Users/Class2016/Documents/Unreal Projects/SR2L/Saved/car0_Seat_backFDC285A34D49B0900C2B6CB504D3EEF8.tmp' to '../../../../../../Users/Class2016/Documents/Unreal Projects/SR2L/Content/VehicleAdvBP/Blueprints/car0_Seat_back.uasset'
[2015.09.19-17.09.53:887][697]LogSavePackage: Total save time: 121.187769ms
[2015.09.19-17.09.53:887][697]LogSavePackage:Warning: Finished SavePackage ../../../../../../Users/Class2016/Documents/Unreal Projects/SR2L/Content/VehicleAdvBP/Blueprints/car0_Seat_back.uasset
[2015.09.19-17.10.19:683][697]LogSavePackage: Save=68.714577ms
[2015.09.19-17.10.19:683][697]LogSavePackage: Moving '../../../../../../Users/Class2016/Documents/Unreal Projects/SR2L/Saved/car0_Seat_FL9B45F81F418ABF7E93AFA89E31ED0A65.tmp' to '../../../../../../Users/Class2016/Documents/Unreal Projects/SR2L/Content/VehicleAdvBP/Blueprints/car0_Seat_FL.uasset'
[2015.09.19-17.10.19:709][697]LogSavePackage: Total save time: 127.557673ms
[2015.09.19-17.10.19:709][697]LogSavePackage:Warning: Finished SavePackage ../../../../../../Users/Class2016/Documents/Unreal Projects/SR2L/Content/VehicleAdvBP/Blueprints/car0_Seat_FL.uasset
[2015.09.19-17.10.33:521][292]LogSavePackage: Save=54.480560ms
[2015.09.19-17.10.33:521][292]LogSavePackage: Moving '../../../../../../Users/Class2016/Documents/Unreal Projects/SR2L/Saved/car0_Seat_FR125BA6C64DB9976EFBC3C1B89AEBE952.tmp' to '../../../../../../Users/Class2016/Documents/Unreal Projects/SR2L/Content/VehicleAdvBP/Blueprints/car0_Seat_FR.uasset'
[2015.09.19-17.10.33:566][292]LogSavePackage: Total save time: 133.813541ms
[2015.09.19-17.10.33:566][292]LogSavePackage:Warning: Finished SavePackage ../../../../../../Users/Class2016/Documents/Unreal Projects/SR2L/Content/VehicleAdvBP/Blueprints/car0_Seat_FR.uasset
[2015.09.19-17.11.37:736][464]LogSavePackage: Save=57.744572ms
[2015.09.19-17.11.37:736][464]LogSavePackage: Moving '../../../../../../Users/Class2016/Documents/Unreal Projects/SR2L/Saved/car0_Shifter_baseC08FD12F4C9AEF128536B6B188815986.tmp' to '../../../../../../Users/Class2016/Documents/Unreal Projects/SR2L/Content/VehicleAdvBP/Blueprints/car0_Shifter_base.uasset'
[2015.09.19-17.11.37:763][464]LogSavePackage: Total save time: 133.144546ms
[2015.09.19-17.11.37:763][464]LogSavePackage:Warning: Finished SavePackage ../../../../../../Users/Class2016/Documents/Unreal Projects/SR2L/Content/VehicleAdvBP/Blueprints/car0_Shifter_base.uasset
[2015.09.19-17.12.55:563][943]LogSavePackage: Save=61.613724ms
[2015.09.19-17.12.55:563][943]LogSavePackage: Moving '../../../../../../Users/Class2016/Documents/Unreal Projects/SR2L/Saved/car0_Shifter_handleFD5E85F9402B4AEC64B4C797CB7C99A5.tmp' to '../../../../../../Users/Class2016/Documents/Unreal Projects/SR2L/Content/VehicleAdvBP/Blueprints/car0_Shifter_handle.uasset'
[2015.09.19-17.12.55:589][943]LogSavePackage: Total save time: 157.949071ms
[2015.09.19-17.12.55:589][943]LogSavePackage:Warning: Finished SavePackage ../../../../../../Users/Class2016/Documents/Unreal Projects/SR2L/Content/VehicleAdvBP/Blueprints/car0_Shifter_handle.uasset
[2015.09.19-17.13.11:936][627]LogSavePackage: Save=70.215256ms
[2015.09.19-17.13.11:936][627]LogSavePackage: Moving '../../../../../../Users/Class2016/Documents/Unreal Projects/SR2L/Saved/car0_Shifter_shaftEEBDC46E4D62E37165CECF95E777328E.tmp' to '../../../../../../Users/Class2016/Documents/Unreal Projects/SR2L/Content/VehicleAdvBP/Blueprints/car0_Shifter_shaft.uasset'
[2015.09.19-17.13.11:969][627]LogSavePackage: Total save time: 148.711991ms
[2015.09.19-17.13.11:969][627]LogSavePackage:Warning: Finished SavePackage ../../../../../../Users/Class2016/Documents/Unreal Projects/SR2L/Content/VehicleAdvBP/Blueprints/car0_Shifter_shaft.uasset
[2015.09.19-17.13.43:724][ 16]LogSavePackage: Save=55.792702ms
[2015.09.19-17.13.43:724][ 16]LogSavePackage: Moving '../../../../../../Users/Class2016/Documents/Unreal Projects/SR2L/Saved/car0_Shifter_wheel4D3A789D4025090C3E76ECA3240679B1.tmp' to '../../../../../../Users/Class2016/Documents/Unreal Projects/SR2L/Content/VehicleAdvBP/Blueprints/car0_Shifter_wheel.uasset'
[2015.09.19-17.13.43:748][ 16]LogSavePackage: Total save time: 116.664071ms
[2015.09.19-17.13.43:748][ 16]LogSavePackage:Warning: Finished SavePackage ../../../../../../Users/Class2016/Documents/Unreal Projects/SR2L/Content/VehicleAdvBP/Blueprints/car0_Shifter_wheel.uasset
[2015.09.19-17.14.10:024][952]LogSavePackage: Save=64.521194ms
[2015.09.19-17.14.10:024][952]LogSavePackage: Moving '../../../../../../Users/Class2016/Documents/Unreal Projects/SR2L/Saved/car0_TrunkAA2A436C4B50CE6A2CC7D48AC7E35D8E.tmp' to '../../../../../../Users/Class2016/Documents/Unreal Projects/SR2L/Content/VehicleAdvBP/Blueprints/car0_Trunk.uasset'
[2015.09.19-17.14.10:052][952]LogSavePackage: Total save time: 154.697224ms
[2015.09.19-17.14.10:052][952]LogSavePackage:Warning: Finished SavePackage ../../../../../../Users/Class2016/Documents/Unreal Projects/SR2L/Content/VehicleAdvBP/Blueprints/car0_Trunk.uasset
[2015.09.19-17.14.26:450][716]LogSavePackage: Save=57.039848ms
[2015.09.19-17.14.26:450][716]LogSavePackage: Moving '../../../../../../Users/Class2016/Documents/Unreal Projects/SR2L/Saved/car0_Trunk9B7F39E04D352F3358A78185D781A314.tmp' to '../../../../../../Users/Class2016/Documents/Unreal Projects/SR2L/Content/VehicleAdvBP/Blueprints/car0_Trunk.uasset'
[2015.09.19-17.14.26:478][716]LogSavePackage: Total save time: 114.164460ms
[2015.09.19-17.14.26:478][716]LogSavePackage:Warning: Finished SavePackage ../../../../../../Users/Class2016/Documents/Unreal Projects/SR2L/Content/VehicleAdvBP/Blueprints/car0_Trunk.uasset
[2015.09.19-17.14.45:564][409]LogSavePackage: Save=60.674469ms
[2015.09.19-17.14.45:564][409]LogSavePackage: Moving '../../../../../../Users/Class2016/Documents/Unreal Projects/SR2L/Saved/car0_Wheel19A3CA4344966E3A8821D0AAC6C08BF8.tmp' to '../../../../../../Users/Class2016/Documents/Unreal Projects/SR2L/Content/VehicleAdvBP/Blueprints/car0_Wheel.uasset'
[2015.09.19-17.14.45:591][409]LogSavePackage: Total save time: 161.640711ms
[2015.09.19-17.14.45:591][409]LogSavePackage:Warning: Finished SavePackage ../../../../../../Users/Class2016/Documents/Unreal Projects/SR2L/Content/VehicleAdvBP/Blueprints/car0_Wheel.uasset
[2015.09.19-17.15.19:570][345]LogSavePackage: Save=84.985229ms
[2015.09.19-17.15.19:570][345]LogSavePackage: Moving '../../../../../../Users/Class2016/Documents/Unreal Projects/SR2L/Saved/car0_Wheel_connect1B9E083C41CEBE00C7ED6C9764CBF14C.tmp' to '../../../../../../Users/Class2016/Documents/Unreal Projects/SR2L/Content/VehicleAdvBP/Blueprints/car0_Wheel_connect.uasset'
[2015.09.19-17.15.19:594][345]LogSavePackage: Total save time: 159.767527ms
[2015.09.19-17.15.19:594][345]LogSavePackage:Warning: Finished SavePackage ../../../../../../Users/Class2016/Documents/Unreal Projects/SR2L/Content/VehicleAdvBP/Blueprints/car0_Wheel_connect.uasset
[2015.09.19-17.15.35:935][950]LogSavePackage: Save=59.212563ms
[2015.09.19-17.15.35:935][950]LogSavePackage: Moving '../../../../../../Users/Class2016/Documents/Unreal Projects/SR2L/Saved/car0_WindshieldCCA81ECD48B7444A05AA0BA263CCE058.tmp' to '../../../../../../Users/Class2016/Documents/Unreal Projects/SR2L/Content/VehicleAdvBP/Blueprints/car0_Windshield.uasset'
[2015.09.19-17.15.35:960][950]LogSavePackage: Total save time: 123.003561ms
[2015.09.19-17.15.35:960][950]LogSavePackage:Warning: Finished SavePackage ../../../../../../Users/Class2016/Documents/Unreal Projects/SR2L/Content/VehicleAdvBP/Blueprints/car0_Windshield.uasset
[2015.09.19-17.16.51:331][557]LogMaterial: Missing cached shader map for material Car, compiling. 
[2015.09.19-17.16.51:718][557]LogMaterial: Missing cached shader map for material Car, compiling. 
[2015.09.19-17.16.51:724][557]LogMaterial: 0.000109 seconds spent updating 1 materials, 1 interfaces, 0 instances, 0 with static permutations.
[2015.09.19-17.16.59:893][742]MaterialEditorStats: Info Base pass shader with only dynamic lighting: 31 instructions
[2015.09.19-17.16.59:893][742]MaterialEditorStats: Info Vertex shader: 31 instructions
[2015.09.19-17.16.59:893][742]MaterialEditorStats: Info Texture samplers: 0/16
[2015.09.19-17.17.34:814][170]LogFactory: FactoryCreateBinary: Texture with ReimportTextureFactory (0 0 ../../../../../../Users/Class2016/Pictures/Expansion Jam/car material.png)
[2015.09.19-17.17.35:060][170]LogTexture:Display: Building textures: car_material (AutoDXT)
[2015.09.19-17.17.43:392][462]LogMaterial: Missing cached shader map for material PreviewMaterial_0, compiling. 
[2015.09.19-17.17.43:475][462]LogMaterial: Missing cached shader map for material PreviewMaterial_0, compiling. 
[2015.09.19-17.17.43:481][462]LogMaterial: 0.000096 seconds spent updating 1 materials, 1 interfaces, 0 instances, 0 with static permutations.
[2015.09.19-17.17.47:565][569]MaterialEditorStats: Info Base pass shader with only dynamic lighting: 31 instructions
[2015.09.19-17.17.47:565][569]MaterialEditorStats: Info Vertex shader: 31 instructions
[2015.09.19-17.17.47:565][569]MaterialEditorStats: Info Texture samplers: 0/16
[2015.09.19-17.18.53:051][266]LogMaterial: Missing cached shader map for material PreviewMaterial_1, compiling. 
[2015.09.19-17.18.53:119][266]LogMaterial: Missing cached shader map for material PreviewMaterial_1, compiling. 
[2015.09.19-17.18.53:125][266]LogMaterial: 0.000106 seconds spent updating 1 materials, 1 interfaces, 0 instances, 0 with static permutations.
[2015.09.19-17.18.57:195][355]MaterialEditorStats: Info Base pass shader with only dynamic lighting: 31 instructions
[2015.09.19-17.18.57:195][355]MaterialEditorStats: Info Vertex shader: 31 instructions
[2015.09.19-17.18.57:195][355]MaterialEditorStats: Info Texture samplers: 0/16
[2015.09.19-17.19.20:396][240]LogActorComponent: UnregisterComponent: (/Engine/Transient.MovementComp) Not registered. Aborting.
[2015.09.19-17.19.20:445][240]LogParticles: Destroying 0 GPU particle simulations for FXSystem 0x000000002718C540
[2015.09.19-17.19.20:445][240]LogParticles: Destroying 0 GPU particle simulations for FXSystem 0x000000002E15AE80
[2015.09.19-17.19.20:445][240]LogParticles: Destroying 0 GPU particle simulations for FXSystem 0x0000000032C50A40
[2015.09.19-17.19.20:446][240]LogParticles: Destroying 0 GPU particle simulations for FXSystem 0x00000000294A4680
[2015.09.19-17.19.20:446][240]LogParticles: Destroying 0 GPU particle simulations for FXSystem 0x000000002E158900
[2015.09.19-17.19.20:447][240]LogParticles: Destroying 0 GPU particle simulations for FXSystem 0x000000002E159620
[2015.09.19-17.19.20:447][240]LogParticles: Destroying 0 GPU particle simulations for FXSystem 0x000000002FFB9EE0
[2015.09.19-17.19.20:447][240]LogParticles: Destroying 0 GPU particle simulations for FXSystem 0x000000002718C900
[2015.09.19-17.19.20:448][240]LogParticles: Destroying 0 GPU particle simulations for FXSystem 0x0000000032C51440
[2015.09.19-17.19.20:448][240]LogParticles: Destroying 0 GPU particle simulations for FXSystem 0x000000002FFB9F80
[2015.09.19-17.19.20:449][240]LogParticles: Destroying 0 GPU particle simulations for FXSystem 0x000000002718D1C0
[2015.09.19-17.19.20:449][240]LogParticles: Destroying 0 GPU particle simulations for FXSystem 0x000000002FFB9C60
[2015.09.19-17.19.20:450][240]LogParticles: Destroying 0 GPU particle simulations for FXSystem 0x000000002FDEB380
[2015.09.19-17.19.20:450][240]LogParticles: Destroying 0 GPU particle simulations for FXSystem 0x00000000294A4D60
[2015.09.19-17.19.20:450][240]LogParticles: Destroying 0 GPU particle simulations for FXSystem 0x000000002FFBB060
[2015.09.19-17.19.20:451][240]LogParticles: Destroying 0 GPU particle simulations for FXSystem 0x000000002FDEB240
[2015.09.19-17.19.20:452][240]LogParticles: Destroying 0 GPU particle simulations for FXSystem 0x000000002718EC00
[2015.09.19-17.19.20:453][240]LogParticles: Destroying 0 GPU particle simulations for FXSystem 0x0000000030109D00
[2015.09.19-17.19.20:453][240]LogParticles: Destroying 0 GPU particle simulations for FXSystem 0x0000000032CDDC60
[2015.09.19-17.19.20:454][240]LogParticles: Destroying 0 GPU particle simulations for FXSystem 0x00000000301AAAC0
[2015.09.19-17.19.20:653][240]Cmd: OBJ SAVEPACKAGE PACKAGE="/Game/VehicleAdvBP/Materials/Car" FILE="../../../../../../Users/Class2016/Documents/Unreal Projects/SR2L/Content/VehicleAdvBP/Materials/Car.uasset" SILENT=true
[2015.09.19-17.19.20:687][240]LogSavePackage: Save=23.170431ms
[2015.09.19-17.19.20:687][240]LogSavePackage: Moving '../../../../../../Users/Class2016/Documents/Unreal Projects/SR2L/Saved/CarF3B1104941F9A5BC3FD732B22D2FB856.tmp' to '../../../../../../Users/Class2016/Documents/Unreal Projects/SR2L/Content/VehicleAdvBP/Materials/Car.uasset'
[2015.09.19-17.19.21:016][240]LogSavePackage: Total save time: 353.105698ms
[2015.09.19-17.19.21:016][240]LogSavePackage:Warning: Finished SavePackage ../../../../../../Users/Class2016/Documents/Unreal Projects/SR2L/Content/VehicleAdvBP/Materials/Car.uasset
[2015.09.19-17.19.21:100][240]LogSavePackage: Save=59.299988ms
[2015.09.19-17.19.21:100][240]LogSavePackage: Moving '../../../../../../Users/Class2016/Documents/Unreal Projects/SR2L/Saved/car_material76144E854A8841680A2F1CA52636F9C5.tmp' to '../../../../../../Users/Class2016/Documents/Unreal Projects/SR2L/Content/VehicleAdvBP/Materials/car_material.uasset'
[2015.09.19-17.19.21:122][240]LogSavePackage: Total save time: 82.622461ms
[2015.09.19-17.19.21:122][240]LogSavePackage:Warning: Finished SavePackage ../../../../../../Users/Class2016/Documents/Unreal Projects/SR2L/Content/VehicleAdvBP/Materials/car_material.uasset
[2015.09.19-17.19.36:085][898]LogMaterial: Missing cached shader map for material Car_blue, compiling. 
[2015.09.19-17.20.28:023][404]Cmd: OBJ SAVEPACKAGE PACKAGE="/Game/VehicleAdvBP/Blueprints/car0_Body" FILE="../../../../../../Users/Class2016/Documents/Unreal Projects/SR2L/Content/VehicleAdvBP/Blueprints/car0_Body.uasset" SILENT=true
[2015.09.19-17.20.28:248][404]LogSavePackage: Save=94.269447ms
[2015.09.19-17.20.28:248][404]LogSavePackage: Moving '../../../../../../Users/Class2016/Documents/Unreal Projects/SR2L/Saved/car0_Body7452E26F4BC257AF1D9DED9524021DFC.tmp' to '../../../../../../Users/Class2016/Documents/Unreal Projects/SR2L/Content/VehicleAdvBP/Blueprints/car0_Body.uasset'
[2015.09.19-17.20.28:281][404]LogSavePackage: Total save time: 245.007429ms
[2015.09.19-17.20.28:281][404]LogSavePackage:Warning: Finished SavePackage ../../../../../../Users/Class2016/Documents/Unreal Projects/SR2L/Content/VehicleAdvBP/Blueprints/car0_Body.uasset
[2015.09.19-17.21.50:917][406]LogActorFactory: Actor Factory created car0_Body
[2015.09.19-17.21.50:977][407]LogActorFactory: Actor Factory created car0_Body
[2015.09.19-17.21.57:385][613]LogPlayLevel: PlayLevel: No blueprints needed recompiling
[2015.09.19-17.21.57:409][613]PIE: New page: PIE session: VehicleAdvExampleMap (Sep 19, 2015, 9:21:57 AM)
[2015.09.19-17.21.57:409][613]LogPlayLevel: Creating play world package: /Game/VehicleAdvBP/Maps/UEDPIE_0_VehicleAdvExampleMap
[2015.09.19-17.21.57:482][613]LogPlayLevel: PIE: StaticDuplicateObject took: (0.073295s)
[2015.09.19-17.21.57:484][613]LogAIModule: Creating AISystem for world VehicleAdvExampleMap
[2015.09.19-17.21.57:484][613]LogPlayLevel: PIE: World Init took: (0.001876s)
[2015.09.19-17.21.57:484][613]LogPlayLevel: PIE: Created PIE world by copying editor world from /Game/VehicleAdvBP/Maps/VehicleAdvExampleMap.VehicleAdvExampleMap to /Game/VehicleAdvBP/Maps/UEDPIE_0_VehicleAdvExampleMap.VehicleAdvExampleMap (0.075403s)
[2015.09.19-17.21.57:484][613]LogActorComponent: UnregisterComponent: (/Engine/Transient.MovementComp) Not registered. Aborting.
[2015.09.19-17.21.57:502][613]LogParticles: Destroying 0 GPU particle simulations for FXSystem 0x00000000135842C0
[2015.09.19-17.21.57:957][613]LogInit: XAudio2 using '1 - SyncMaster (AMD High Definition Audio Device)' : 2 channels at 48 kHz using 16 bits per sample (channel mask 0x3)
[2015.09.19-17.21.58:095][613]LogInit: FAudioDevice initialized.
[2015.09.19-17.21.58:260][613]LogWorld: Game class is 'VehicleAdvGameMode_C'
[2015.09.19-17.21.58:630][613]LogWorld: Bringing World /Game/VehicleAdvBP/Maps/UEDPIE_0_VehicleAdvExampleMap.VehicleAdvExampleMap up for play (max tick rate 60) at 2015.09.19-13.21.58
[2015.09.19-17.21.58:630][613]LogActor:Warning: GameSession /Game/VehicleAdvBP/Maps/UEDPIE_0_VehicleAdvExampleMap.VehicleAdvExampleMap:PersistentLevel.GameSession_0 has natively added scene component(s), but none of them were set as the actor's RootComponent - picking one arbitrarily
[2015.09.19-17.21.58:643][613]LogActor:Warning: GameNetworkManager /Game/VehicleAdvBP/Maps/UEDPIE_0_VehicleAdvExampleMap.VehicleAdvExampleMap:PersistentLevel.GameNetworkManager_0 has natively added scene component(s), but none of them were set as the actor's RootComponent - picking one arbitrarily
[2015.09.19-17.21.58:690][613]LogWorld: Bringing up level for play took: 0.309612
[2015.09.19-17.21.58:750][613]PIE: Info Play in editor start time for /Game/VehicleAdvBP/Maps/UEDPIE_0_VehicleAdvExampleMap 1.494
[2015.09.19-17.22.01:242][719]LogParticles: Destroying 0 GPU particle simulations for FXSystem 0x00000000439B9260
[2015.09.19-17.22.09:029][ 21]LogPlayLevel: PlayLevel: No blueprints needed recompiling
[2015.09.19-17.22.09:029][ 21]PIE: New page: PIE session: VehicleAdvExampleMap (Sep 19, 2015, 9:22:09 AM)
[2015.09.19-17.22.09:029][ 21]LogPlayLevel: Creating play world package: /Game/VehicleAdvBP/Maps/UEDPIE_0_VehicleAdvExampleMap
[2015.09.19-17.22.09:085][ 21]LogPlayLevel: PIE: StaticDuplicateObject took: (0.055599s)
[2015.09.19-17.22.09:088][ 21]LogAIModule: Creating AISystem for world VehicleAdvExampleMap
[2015.09.19-17.22.09:088][ 21]LogPlayLevel: PIE: World Init took: (0.002558s)
[2015.09.19-17.22.09:088][ 21]LogPlayLevel: PIE: Created PIE world by copying editor world from /Game/VehicleAdvBP/Maps/VehicleAdvExampleMap.VehicleAdvExampleMap to /Game/VehicleAdvBP/Maps/UEDPIE_0_VehicleAdvExampleMap.VehicleAdvExampleMap (0.058419s)
[2015.09.19-17.22.09:611][ 21]LogInit: XAudio2 using '1 - SyncMaster (AMD High Definition Audio Device)' : 2 channels at 48 kHz using 16 bits per sample (channel mask 0x3)
[2015.09.19-17.22.09:743][ 21]LogInit: FAudioDevice initialized.
[2015.09.19-17.22.09:777][ 21]LogWorld: Game class is 'VehicleAdvGameMode_C'
[2015.09.19-17.22.09:981][ 21]LogWorld: Bringing World /Game/VehicleAdvBP/Maps/UEDPIE_0_VehicleAdvExampleMap.VehicleAdvExampleMap up for play (max tick rate 60) at 2015.09.19-13.22.09
[2015.09.19-17.22.09:981][ 21]LogActor:Warning: GameSession /Game/VehicleAdvBP/Maps/UEDPIE_0_VehicleAdvExampleMap.VehicleAdvExampleMap:PersistentLevel.GameSession_1 has natively added scene component(s), but none of them were set as the actor's RootComponent - picking one arbitrarily
[2015.09.19-17.22.09:982][ 21]LogActor:Warning: GameNetworkManager /Game/VehicleAdvBP/Maps/UEDPIE_0_VehicleAdvExampleMap.VehicleAdvExampleMap:PersistentLevel.GameNetworkManager_1 has natively added scene component(s), but none of them were set as the actor's RootComponent - picking one arbitrarily
[2015.09.19-17.22.09:984][ 21]LogWorld: Bringing up level for play took: 0.202553
[2015.09.19-17.22.09:989][ 21]PIE: Info Play in editor start time for /Game/VehicleAdvBP/Maps/UEDPIE_0_VehicleAdvExampleMap 0.732
[2015.09.19-17.23.52:318][534]LogParticles: Destroying 0 GPU particle simulations for FXSystem 0x0000000010740180
[2015.09.19-17.24.06:529][172]Cmd: DELETE
[2015.09.19-17.24.06:529][172]Cmd: ACTOR DELETE
[2015.09.19-17.24.06:580][172]LogEditorActor: Deleted Actor: StaticMeshActor
[2015.09.19-17.24.06:590][172]LogEditorActor: Deleted 1 Actors (0.024 secs)
[2015.09.19-17.24.17:044][383]LogSavePackage: Save=5453.061523ms
[2015.09.19-17.24.17:044][383]LogSavePackage: Moving '../../../../../../Users/Class2016/Documents/Unreal Projects/SR2L/Saved/VehicleAdvExampleMap65DC66134438CAA09165E8A28BF598A7.tmp' to '../../../../../../Users/Class2016/Documents/Unreal Projects/SR2L/Content/VehicleAdvBP/Maps/VehicleAdvExampleMap.umap'
[2015.09.19-17.24.17:074][383]LogSavePackage: Total save time: 5538.592298ms
[2015.09.19-17.24.17:074][383]LogSavePackage:Warning: Finished SavePackage ../../../../../../Users/Class2016/Documents/Unreal Projects/SR2L/Content/VehicleAdvBP/Maps/VehicleAdvExampleMap.umap
[2015.09.19-17.24.17:178][383]LogFileHelpers: Saving map 'VehicleAdvExampleMap' took 6.213
[2015.09.19-17.24.17:216][383]Cmd: OBJ SAVEPACKAGE PACKAGE="/Game/VehicleAdvBP/Materials/Car_blue" FILE="../../../../../../Users/Class2016/Documents/Unreal Projects/SR2L/Content/VehicleAdvBP/Materials/Car_blue.uasset" SILENT=true
[2015.09.19-17.24.17:265][383]LogSavePackage: Save=37.217815ms
[2015.09.19-17.24.17:265][383]LogSavePackage: Moving '../../../../../../Users/Class2016/Documents/Unreal Projects/SR2L/Saved/Car_blue9ACD0B4D4C03C6187D8EFC85BDB81E20.tmp' to '../../../../../../Users/Class2016/Documents/Unreal Projects/SR2L/Content/VehicleAdvBP/Materials/Car_blue.uasset'
[2015.09.19-17.24.17:287][383]LogSavePackage: Total save time: 60.645200ms
[2015.09.19-17.24.17:287][383]LogSavePackage:Warning: Finished SavePackage ../../../../../../Users/Class2016/Documents/Unreal Projects/SR2L/Content/VehicleAdvBP/Materials/Car_blue.uasset
[2015.09.19-17.24.31:546][ 66]Cmd: QUIT_EDITOR
[2015.09.19-17.24.31:912][ 66]LogExit: Preparing to exit.
[2015.09.19-17.24.32:969][ 66]LogExit: Editor shut down
[2015.09.19-17.24.32:969][ 66]LogExit: Transaction tracking system shut down
[2015.09.19-17.24.33:009][ 66]LogParticles: Destroying 0 GPU particle simulations for FXSystem 0x0000000024B4BF60
[2015.09.19-17.24.33:010][ 66]LogParticles: Destroying 0 GPU particle simulations for FXSystem 0x000000002713B880
[2015.09.19-17.24.33:010][ 66]LogParticles: Destroying 0 GPU particle simulations for FXSystem 0x00000000272939C0
[2015.09.19-17.24.33:010][ 66]LogParticles: Destroying 0 GPU particle simulations for FXSystem 0x000000002FFB8A40
[2015.09.19-17.24.33:010][ 66]LogParticles: Destroying 0 GPU particle simulations for FXSystem 0x000000002FDE9760
[2015.09.19-17.24.33:445][ 66]LogExit: Object subsystem successfully closed.
[2015.09.19-17.24.33:678][ 66]LogD3D11RHI: Shutdown
[2015.09.19-17.24.33:678][ 66]LogD3D11RHI: CleanupD3DDevice
[2015.09.19-17.24.33:755][ 66]LogD3D11RHI: ~FD3D11DynamicRHI
[2015.09.19-17.24.33:984][ 66]LogModuleManager: Shutting down and abandoning module MaterialEditor (199)
[2015.09.19-17.24.33:985][ 66]LogModuleManager: Shutting down and abandoning module StaticMeshEditor (198)
[2015.09.19-17.24.33:985][ 66]LogModuleManager: Shutting down and abandoning module CrashTracker (197)
[2015.09.19-17.24.33:985][ 66]LogModuleManager: Shutting down and abandoning module SceneOutliner (196)
[2015.09.19-17.24.33:985][ 66]LogModuleManager: Shutting down and abandoning module SuperSearch (195)
[2015.09.19-17.24.33:985][ 66]LogModuleManager: Shutting down and abandoning module WidgetCarousel (194)
[2015.09.19-17.24.33:985][ 66]LogModuleManager: Shutting down and abandoning module AddContentDialog (193)
[2015.09.19-17.24.34:018][ 66]LogModuleManager: Shutting down and abandoning module EditorWidgets (192)
[2015.09.19-17.24.34:018][ 66]LogModuleManager: Shutting down and abandoning module CollectionManager (191)
[2015.09.19-17.24.34:018][ 66]LogModuleManager: Shutting down and abandoning module StatsViewer (190)
[2015.09.19-17.24.34:018][ 66]LogModuleManager: Shutting down and abandoning module FoliageEdit (189)
[2015.09.19-17.24.34:018][ 66]LogModuleManager: Shutting down and abandoning module LandscapeEditor (188)
[2015.09.19-17.24.34:030][ 66]LogModuleManager: Shutting down and abandoning module ActorPickerMode (187)
[2015.09.19-17.24.34:030][ 66]LogModuleManager: Shutting down and abandoning module GeometryMode (186)
[2015.09.19-17.24.34:030][ 66]LogModuleManager: Shutting down and abandoning module TextureAlignMode (185)
[2015.09.19-17.24.34:030][ 66]LogModuleManager: Shutting down and abandoning module BspMode (184)
[2015.09.19-17.24.34:030][ 66]LogModuleManager: Shutting down and abandoning module PlacementMode (183)
[2015.09.19-17.24.34:030][ 66]LogModuleManager: Shutting down and abandoning module AutomationWorker (182)
[2015.09.19-17.24.34:030][ 66]LogModuleManager: Shutting down and abandoning module CharacterAI (181)
[2015.09.19-17.24.34:030][ 66]LogModuleManager: Shutting down and abandoning module SmartSnapping (180)
[2015.09.19-17.24.34:030][ 66]LogModuleManager: Shutting down and abandoning module ViewportSnapping (179)
[2015.09.19-17.24.34:030][ 66]LogModuleManager: Shutting down and abandoning module LogVisualizer (178)
[2015.09.19-17.24.34:030][ 66]LogModuleManager: Shutting down and abandoning module GameProjectGeneration (177)
[2015.09.19-17.24.34:041][ 66]LogModuleManager: Shutting down and abandoning module IntroTutorials (176)
[2015.09.19-17.24.34:049][ 66]LogModuleManager: Shutting down and abandoning module EditorLiveStreaming (175)
[2015.09.19-17.24.34:049][ 66]LogModuleManager: Shutting down and abandoning module IOSPlatformEditor (174)
[2015.09.19-17.24.34:049][ 66]LogModuleManager: Shutting down and abandoning module HTML5PlatformEditor (173)
[2015.09.19-17.24.34:049][ 66]LogModuleManager: Shutting down and abandoning module AndroidDeviceDetection (172)
[2015.09.19-17.24.34:409][ 66]LogModuleManager: Shutting down and abandoning module AndroidPlatformEditor (171)
[2015.09.19-17.24.34:409][ 66]LogModuleManager: Shutting down and abandoning module IOSRuntimeSettings (170)
[2015.09.19-17.24.34:409][ 66]LogModuleManager: Shutting down and abandoning module AndroidRuntimeSettings (169)
[2015.09.19-17.24.34:409][ 66]LogModuleManager: Shutting down and abandoning module MergeActors (168)
[2015.09.19-17.24.34:409][ 66]LogModuleManager: Shutting down and abandoning module SizeMap (167)
[2015.09.19-17.24.34:409][ 66]LogModuleManager: Shutting down and abandoning module TreeMap (166)
[2015.09.19-17.24.34:409][ 66]LogModuleManager: Shutting down and abandoning module ReferenceViewer (165)
[2015.09.19-17.24.34:409][ 66]LogModuleManager: Shutting down and abandoning module LocalizationService (164)
[2015.09.19-17.24.34:409][ 66]LogModuleManager: Shutting down and abandoning module LocalizationDashboard (163)
[2015.09.19-17.24.34:409][ 66]LogModuleManager: Shutting down and abandoning module HardwareTargeting (162)
[2015.09.19-17.24.34:409][ 66]LogModuleManager: Shutting down and abandoning module DeviceProfileEditor (161)
[2015.09.19-17.24.34:409][ 66]LogModuleManager: Shutting down and abandoning module UndoHistory (160)
[2015.09.19-17.24.34:409][ 66]LogModuleManager: Shutting down and abandoning module GameplayTagsEditor (159)
[2015.09.19-17.24.34:409][ 66]LogModuleManager: Shutting down and abandoning module UserFeedback (158)
[2015.09.19-17.24.34:409][ 66]LogModuleManager: Shutting down and abandoning module XmlParser (157)
[2015.09.19-17.24.34:409][ 66]LogModuleManager: Shutting down and abandoning module Blutility (156)
[2015.09.19-17.24.34:409][ 66]LogModuleManager: Shutting down and abandoning module ProjectTargetPlatformEditor (155)
[2015.09.19-17.24.34:409][ 66]LogModuleManager: Shutting down and abandoning module ProjectSettingsViewer (154)
[2015.09.19-17.24.34:409][ 66]LogModuleManager: Shutting down and abandoning module InputBindingEditor (153)
[2015.09.19-17.24.34:409][ 66]LogModuleManager: Shutting down and abandoning module EditorSettingsViewer (152)
[2015.09.19-17.24.34:409][ 66]LogModuleManager: Shutting down and abandoning module SettingsEditor (151)
[2015.09.19-17.24.34:409][ 66]LogModuleManager: Shutting down and abandoning module ProjectLauncher (150)
[2015.09.19-17.24.34:409][ 66]LogModuleManager: Shutting down and abandoning module SessionFrontend (149)
[2015.09.19-17.24.34:410][ 66]LogModuleManager: Shutting down and abandoning module ProfilerClient (148)
[2015.09.19-17.24.34:410][ 66]LogModuleManager: Shutting down and abandoning module TargetDeviceServices (147)
[2015.09.19-17.24.34:410][ 66]LogModuleManager: Shutting down and abandoning module DeviceManager (146)
[2015.09.19-17.24.34:410][ 66]LogModuleManager: Shutting down and abandoning module AutomationController (145)
[2015.09.19-17.24.34:410][ 66]LogModuleManager: Shutting down and abandoning module AutomationWindow (144)
[2015.09.19-17.24.34:410][ 66]LogModuleManager: Shutting down and abandoning module Layers (143)
[2015.09.19-17.24.34:410][ 66]LogModuleManager: Shutting down and abandoning module ComponentVisualizers (142)
[2015.09.19-17.24.34:410][ 66]LogModuleManager: Shutting down and abandoning module DetailCustomizations (141)
[2015.09.19-17.24.34:410][ 66]LogModuleManager: Shutting down and abandoning module PackagesDialog (140)
[2015.09.19-17.24.34:410][ 66]LogModuleManager: Shutting down and abandoning module Persona (139)
[2015.09.19-17.24.34:410][ 66]LogModuleManager: Shutting down and abandoning module Kismet (138)
[2015.09.19-17.24.34:410][ 66]LogModuleManager: Shutting down and abandoning module GraphEditor (137)
[2015.09.19-17.24.34:410][ 66]LogModuleManager: Shutting down and abandoning module ClassViewer (136)
[2015.09.19-17.24.34:410][ 66]LogModuleManager: Shutting down and abandoning module Toolbox (135)
[2015.09.19-17.24.34:410][ 66]LogModuleManager: Shutting down and abandoning module ModuleUI (134)
[2015.09.19-17.24.34:410][ 66]LogModuleManager: Shutting down and abandoning module MovieSceneTools (133)
[2015.09.19-17.24.34:410][ 66]LogModuleManager: Shutting down and abandoning module OutputLog (132)
[2015.09.19-17.24.34:410][ 66]LogModuleManager: Shutting down and abandoning module GammaUI (131)
[2015.09.19-17.24.34:410][ 66]LogModuleManager: Shutting down and abandoning module Documentation (130)
[2015.09.19-17.24.34:410][ 66]LogModuleManager: Shutting down and abandoning module GameLiveStreaming (129)
[2015.09.19-17.24.34:410][ 66]LogModuleManager: Shutting down and abandoning module StreamingPauseRendering (128)
[2015.09.19-17.24.34:410][ 66]LogModuleManager: Shutting down and abandoning module AnalyticsET (127)
[2015.09.19-17.24.34:410][ 66]LogModuleManager: Shutting down and abandoning module Analytics (126)
[2015.09.19-17.24.34:410][ 66]LogModuleManager: Shutting down and abandoning module AITestSuite (125)
[2015.09.19-17.24.34:410][ 66]LogModuleManager: Shutting down and abandoning module GameplayDebugger (124)
[2015.09.19-17.24.34:410][ 66]LogModuleManager: Shutting down and abandoning module AIModule (123)
[2015.09.19-17.24.34:410][ 66]LogModuleManager: Shutting down and abandoning module ProfilerService (122)
[2015.09.19-17.24.34:418][ 66]LogModuleManager: Shutting down and abandoning module TaskGraph (121)
[2015.09.19-17.24.34:418][ 66]LogModuleManager: Shutting down and abandoning module SlateRemote (120)
[2015.09.19-17.24.34:418][ 66]LogModuleManager: Shutting down and abandoning module SteamVRController (119)
[2015.09.19-17.24.34:418][ 66]LogModuleManager: Shutting down and abandoning module SteamVR (118)
[2015.09.19-17.24.34:418][ 66]LogModuleManager: Shutting down and abandoning module ProceduralMeshComponent (117)
[2015.09.19-17.24.34:418][ 66]LogModuleManager: Shutting down and abandoning module OculusRift (116)
[2015.09.19-17.24.34:418][ 66]LogModuleManager: Shutting down and abandoning module OculusLibrary (115)
[2015.09.19-17.24.34:418][ 66]LogModuleManager: Shutting down and abandoning module LeapMotionController (114)
[2015.09.19-17.24.35:110][ 66]LogModuleManager: Shutting down and abandoning module CustomMeshComponent (113)
[2015.09.19-17.24.35:111][ 66]LogModuleManager: Shutting down and abandoning module CableComponent (112)
[2015.09.19-17.24.35:111][ 66]LogModuleManager: Shutting down and abandoning module ArchVisCharacter (111)
[2015.09.19-17.24.35:111][ 66]LogModuleManager: Shutting down and abandoning module MessagingDebugger (110)
[2015.09.19-17.24.35:111][ 66]LogModuleManager: Shutting down and abandoning module MediaPlayerEditor (109)
[2015.09.19-17.24.35:111][ 66]LogModuleManager: Shutting down and abandoning module HTML5Networking (108)
[2015.09.19-17.24.35:111][ 66]LogModuleManager: Shutting down and abandoning module SpeedTreeImporter (107)
[2015.09.19-17.24.35:111][ 66]LogModuleManager: Shutting down and abandoning module PluginBrowser (106)
[2015.09.19-17.24.35:111][ 66]LogModuleManager: Shutting down and abandoning module EpicSurvey (105)
[2015.09.19-17.24.35:111][ 66]LogModuleManager: Shutting down and abandoning module DesktopPlatform (104)
[2015.09.19-17.24.35:111][ 66]LogModuleManager: Shutting down and abandoning module VisualStudioSourceCodeAccess (103)
[2015.09.19-17.24.35:111][ 66]LogModuleManager: Shutting down and abandoning module UObjectPlugin (102)
[2015.09.19-17.24.35:111][ 66]LogModuleManager: Shutting down and abandoning module SubversionSourceControl (101)
[2015.09.19-17.24.35:111][ 66]LogModuleManager: Shutting down and abandoning module PerforceSourceControl (100)
[2015.09.19-17.24.35:111][ 66]LogModuleManager: Shutting down and abandoning module SourceControl (99)
[2015.09.19-17.24.35:111][ 66]LogModuleManager: Shutting down and abandoning module GitSourceControl (98)
[2015.09.19-17.24.35:111][ 66]LogModuleManager: Shutting down and abandoning module LightPropagationVolumeEditor (97)
[2015.09.19-17.24.35:111][ 66]LogModuleManager: Shutting down and abandoning module PaperTiledImporter (96)
[2015.09.19-17.24.35:111][ 66]LogModuleManager: Shutting down and abandoning module PaperSpriteSheetImporter (95)
[2015.09.19-17.24.35:111][ 66]LogModuleManager: Shutting down and abandoning module MeshPaint (94)
[2015.09.19-17.24.35:111][ 66]LogModuleManager: Shutting down and abandoning module SlateReflector (93)
[2015.09.19-17.24.35:111][ 66]LogModuleManager: Shutting down and abandoning module HotReload (92)
[2015.09.19-17.24.35:111][ 66]LogModuleManager: Shutting down and abandoning module MainFrame (91)
[2015.09.19-17.24.35:111][ 66]LogModuleManager: Shutting down and abandoning module LevelEditor (90)
[2015.09.19-17.24.35:112][ 66]LogModuleManager: Shutting down and abandoning module DirectoryWatcher (89)
[2015.09.19-17.24.35:113][ 66]LogModuleManager: Shutting down and abandoning module AssetRegistry (88)
[2015.09.19-17.24.35:250][ 66]LogModuleManager: Shutting down and abandoning module ContentBrowser (87)
[2015.09.19-17.24.35:251][ 66]LogModuleManager: Shutting down and abandoning module Paper2DEditor (86)
[2015.09.19-17.24.35:251][ 66]LogModuleManager: Shutting down and abandoning module UdpMessaging (85)
[2015.09.19-17.24.35:351][ 66]LogModuleManager: Shutting down and abandoning module LightPropagationVolumeRuntime (84)
[2015.09.19-17.24.35:351][ 66]LogModuleManager: Shutting down and abandoning module Paper2D (83)
[2015.09.19-17.24.35:351][ 66]LogModuleManager: Shutting down and abandoning module WindowsMoviePlayer (82)
[2015.09.19-17.24.35:354][ 66]LogModuleManager: Shutting down and abandoning module Media (81)
[2015.09.19-17.24.35:354][ 66]LogModuleManager: Shutting down and abandoning module WmfMedia (80)
[2015.09.19-17.24.35:354][ 66]LogModuleManager: Shutting down and abandoning module OnlineBlueprintSupport (79)
[2015.09.19-17.24.35:355][ 66]LogModuleManager: Shutting down and abandoning module GameplayTasksEditor (78)
[2015.09.19-17.24.35:355][ 66]LogModuleManager: Shutting down and abandoning module PropertyEditor (77)
[2015.09.19-17.24.35:355][ 66]LogModuleManager: Shutting down and abandoning module BehaviorTreeEditor (76)
[2015.09.19-17.24.35:379][ 66]LogModuleManager: Shutting down and abandoning module FunctionalTesting (75)
[2015.09.19-17.24.35:379][ 66]LogModuleManager: Shutting down and abandoning module CollisionAnalyzer (74)
[2015.09.19-17.24.35:379][ 66]LogModuleManager: Shutting down and abandoning module WorkspaceMenuStructure (73)
[2015.09.19-17.24.35:379][ 66]LogModuleManager: Shutting down and abandoning module MessageLog (72)
[2015.09.19-17.24.35:379][ 66]LogModuleManager: Shutting down and abandoning module Sequencer (71)
[2015.09.19-17.24.35:403][ 66]LogModuleManager: Shutting down and abandoning module AssetTools (70)
[2015.09.19-17.24.35:403][ 66]LogModuleManager: Shutting down and abandoning module UMGEditor (69)
[2015.09.19-17.24.35:403][ 66]LogModuleManager: Shutting down and abandoning module UMG (68)
[2015.09.19-17.24.35:416][ 66]LogModuleManager: Shutting down and abandoning module Slate (67)
[2015.09.19-17.24.35:416][ 66]LogModuleManager: Shutting down and abandoning module EditorStyle (66)
[2015.09.19-17.24.35:418][ 66]LogModuleManager: Shutting down and abandoning module SessionServices (65)
[2015.09.19-17.24.35:418][ 66]LogModuleManager: Shutting down and abandoning module SourceCodeAccess (64)
[2015.09.19-17.24.35:418][ 66]LogModuleManager: Shutting down and abandoning module HeadMountedDisplay (63)
[2015.09.19-17.24.35:418][ 66]LogModuleManager: Shutting down and abandoning module XAudio2 (62)
[2015.09.19-17.24.35:418][ 66]LogModuleManager: Shutting down and abandoning module Networking (60)
[2015.09.19-17.24.35:418][ 66]LogModuleManager: Shutting down and abandoning module Core (59)
[2015.09.19-17.24.35:418][ 66]LogModuleManager: Shutting down and abandoning module KismetCompiler (58)
[2015.09.19-17.24.35:418][ 66]LogModuleManager: Shutting down and abandoning module PhysXFormats (57)
[2015.09.19-17.24.35:418][ 66]LogModuleManager: Shutting down and abandoning module MeshUtilities (56)
[2015.09.19-17.24.35:418][ 66]LogModuleManager: Shutting down and abandoning module CookingStats (55)
[2015.09.19-17.24.35:419][ 66]LogModuleManager: Shutting down and abandoning module DerivedDataCache (54)
[2015.09.19-17.24.35:502][ 66]LogDerivedDataCache: Shutdown
[2015.09.19-17.24.35:502][ 66]LogModuleManager: Shutting down and abandoning module ShaderFormatOpenGL (53)
[2015.09.19-17.24.35:502][ 66]LogModuleManager: Shutting down and abandoning module ShaderFormatD3D (52)
[2015.09.19-17.24.35:502][ 66]LogModuleManager: Shutting down and abandoning module MetalShaderFormat (51)
[2015.09.19-17.24.35:502][ 66]LogModuleManager: Shutting down and abandoning module TextureFormatUncompressed (50)
[2015.09.19-17.24.35:502][ 66]LogModuleManager: Shutting down and abandoning module TextureFormatPVR (49)
[2015.09.19-17.24.35:502][ 66]LogModuleManager: Shutting down and abandoning module TextureFormatIntelISPCTexComp (48)
[2015.09.19-17.24.35:502][ 66]LogModuleManager: Shutting down and abandoning module TextureFormatDXT (47)
[2015.09.19-17.24.35:502][ 66]LogModuleManager: Shutting down and abandoning module ImageWrapper (46)
[2015.09.19-17.24.35:502][ 66]LogModuleManager: Shutting down and abandoning module TextureFormatASTC (45)
[2015.09.19-17.24.35:502][ 66]LogModuleManager: Shutting down and abandoning module TextureFormatAndroid (44)
[2015.09.19-17.24.35:502][ 66]LogModuleManager: Shutting down and abandoning module AudioFormatOpus (43)
[2015.09.19-17.24.35:502][ 66]LogModuleManager: Shutting down and abandoning module AudioFormatOgg (42)
[2015.09.19-17.24.35:502][ 66]LogModuleManager: Shutting down and abandoning module AudioFormatADPCM (41)
[2015.09.19-17.24.35:502][ 66]LogModuleManager: Shutting down and abandoning module LinuxTargetPlatform (40)
[2015.09.19-17.24.35:502][ 66]LogModuleManager: Shutting down and abandoning module LinuxServerTargetPlatform (39)
[2015.09.19-17.24.35:502][ 66]LogModuleManager: Shutting down and abandoning module LinuxNoEditorTargetPlatform (38)
[2015.09.19-17.24.35:502][ 66]LogModuleManager: Shutting down and abandoning module Messaging (37)
[2015.09.19-17.24.35:502][ 66]LogModuleManager: Shutting down and abandoning module IOSTargetPlatform (36)
[2015.09.19-17.24.35:502][ 66]LogModuleManager: Shutting down and abandoning module HTML5TargetPlatform (35)
[2015.09.19-17.24.35:502][ 66]LogModuleManager: Shutting down and abandoning module Android_PVRTCTargetPlatform (34)
[2015.09.19-17.24.35:502][ 66]LogModuleManager: Shutting down and abandoning module Android_ETC2TargetPlatform (33)
[2015.09.19-17.24.35:502][ 66]LogModuleManager: Shutting down and abandoning module Android_ETC1TargetPlatform (32)
[2015.09.19-17.24.35:502][ 66]LogModuleManager: Shutting down and abandoning module Android_DXTTargetPlatform (31)
[2015.09.19-17.24.35:502][ 66]LogModuleManager: Shutting down and abandoning module Android_ATCTargetPlatform (30)
[2015.09.19-17.24.35:502][ 66]LogModuleManager: Shutting down and abandoning module Android_ASTCTargetPlatform (29)
[2015.09.19-17.24.35:502][ 66]LogModuleManager: Shutting down and abandoning module AndroidTargetPlatform (28)
[2015.09.19-17.24.35:502][ 66]LogModuleManager: Shutting down and abandoning module WindowsTargetPlatform (27)
[2015.09.19-17.24.35:502][ 66]LogModuleManager: Shutting down and abandoning module WindowsServerTargetPlatform (26)
[2015.09.19-17.24.35:502][ 66]LogModuleManager: Shutting down and abandoning module WindowsNoEditorTargetPlatform (25)
[2015.09.19-17.24.35:502][ 66]LogModuleManager: Shutting down and abandoning module WindowsClientTargetPlatform (24)
[2015.09.19-17.24.35:502][ 66]LogModuleManager: Shutting down and abandoning module AllDesktopTargetPlatform (23)
[2015.09.19-17.24.35:516][ 66]LogModuleManager: Shutting down and abandoning module TargetPlatform (22)
[2015.09.19-17.24.35:516][ 66]LogModuleManager: Shutting down and abandoning module InputCore (21)
[2015.09.19-17.24.35:516][ 66]LogModuleManager: Shutting down and abandoning module Settings (20)
[2015.09.19-17.24.35:516][ 66]LogModuleManager: Shutting down and abandoning module OnlineSubsystem (18)
[2015.09.19-17.24.35:516][ 66]LogModuleManager: Shutting down and abandoning module HTTP (17)
[2015.09.19-17.24.37:516][ 66]LogModuleManager: Shutting down and abandoning module XMPP (16)
[2015.09.19-17.24.37:555][ 66]LogModuleManager: Shutting down and abandoning module ExampleDeviceProfileSelector (15)
[2015.09.19-17.24.37:556][ 66]LogModuleManager: Shutting down and abandoning module TextureCompressor (14)
[2015.09.19-17.24.37:556][ 66]LogModuleManager: Shutting down and abandoning module ShaderCore (13)
[2015.09.19-17.24.37:556][ 66]LogModuleManager: Shutting down and abandoning module Landscape (12)
[2015.09.19-17.24.37:556][ 66]LogModuleManager: Shutting down and abandoning module SlateRHIRenderer (11)
[2015.09.19-17.24.37:583][ 66]LogModuleManager: Shutting down and abandoning module OpenGLDrv (10)
[2015.09.19-17.24.37:583][ 66]LogModuleManager: Shutting down and abandoning module D3D11RHI (9)
[2015.09.19-17.24.37:583][ 66]LogModuleManager: Shutting down and abandoning module AnimGraphRuntime (8)
[2015.09.19-17.24.37:583][ 66]LogModuleManager: Shutting down and abandoning module Renderer (7)
[2015.09.19-17.24.37:583][ 66]LogModuleManager: Shutting down and abandoning module Engine (6)
[2015.09.19-17.24.37:583][ 66]LogModuleManager: Shutting down and abandoning module CoreUObject (5)
[2015.09.19-17.24.37:583][ 66]LogModuleManager: Shutting down and abandoning module NetworkFile (4)
[2015.09.19-17.24.37:583][ 66]LogModuleManager: Shutting down and abandoning module StreamingFile (3)
[2015.09.19-17.24.37:583][ 66]LogModuleManager: Shutting down and abandoning module SandboxFile (2)
[2015.09.19-17.24.37:583][ 66]LogModuleManager: Shutting down and abandoning module PakFile (1)
[2015.09.19-17.24.37:600][ 66]LogExit: Exiting.
[2015.09.19-17.24.37:622][ 66]Log file closed, 09/19/15 13:24:37
