[2015.09.19-04.32.44:705][  0]Log file open, 09/19/15 00:32:44
[2015.09.19-04.32.44:705][  0]LogInit:Display: Running engine for game: SR2L
[2015.09.19-04.32.44:705][  0]LogInit:Display: RandInit(-1774342029) SRandInit(-1774342028).
[2015.09.19-04.32.44:705][  0]LogTaskGraph: Started task graph with 4 named threads and 7 total threads.
[2015.09.19-04.32.44:705][  0]LogStats: Stats thread started at 0.073995
[2015.09.19-04.32.44:705][  0]LogInit: Version: 4.9.1-2689999+++depot+UE4-Releases+4.9
[2015.09.19-04.32.44:705][  0]LogInit: API Version: 2672455
[2015.09.19-04.32.44:705][  0]LogInit: Compiled (64-bit): Sep 14 2015 04:12:03
[2015.09.19-04.32.44:705][  0]LogInit: Compiled with Visual C++: 18.00.21005.01
[2015.09.19-04.32.44:705][  0]LogInit: Build Configuration: Development
[2015.09.19-04.32.44:705][  0]LogInit: Branch Name: ++depot+UE4-Releases+4.9
[2015.09.19-04.32.44:705][  0]LogInit: Command line:  
[2015.09.19-04.32.44:705][  0]LogInit: Base directory: C:/Program Files/Epic Games/4.9/Engine/Binaries/Win64/
[2015.09.19-04.32.44:705][  0]LogInit: Rocket: 1
[2015.09.19-04.32.44:714][  0]LogInit: Using libcurl 7.41.0
[2015.09.19-04.32.44:714][  0]LogInit:  - built for x86_64-pc-win32
[2015.09.19-04.32.44:714][  0]LogInit:  - supports SSL with WinSSL
[2015.09.19-04.32.44:714][  0]LogInit:  - other features:
[2015.09.19-04.32.44:714][  0]LogInit:      CURL_VERSION_SSL
[2015.09.19-04.32.44:714][  0]LogInit:      CURL_VERSION_IPV6
[2015.09.19-04.32.44:714][  0]LogInit:      CURL_VERSION_ASYNCHDNS
[2015.09.19-04.32.44:714][  0]LogInit:      CURL_VERSION_LARGEFILE
[2015.09.19-04.32.44:714][  0]LogInit:      CURL_VERSION_IDN
[2015.09.19-04.32.44:714][  0]LogInit:  CurlRequestOptions (configurable via config and command line):
[2015.09.19-04.32.44:714][  0]LogInit:  - bVerifyPeer = true  - Libcurl will verify peer certificate
[2015.09.19-04.32.44:714][  0]LogInit:  - bUseHttpProxy = false  - Libcurl will NOT use HTTP proxy
[2015.09.19-04.32.44:714][  0]LogInit:  - bDontReuseConnections = false  - Libcurl will reuse connections
[2015.09.19-04.32.44:714][  0]LogInit:  - CertBundlePath = nullptr  - Libcurl will use whatever was configured at build time.
[2015.09.19-04.32.44:721][  0]LogInit: Presizing for 0 objects not considered by GC, pre-allocating 0 bytes.
[2015.09.19-04.32.44:729][  0]LogInit: Object subsystem initialized
[2015.09.19-04.32.44:730][  0]LogInit: Selected Device Profile: [Windows]
[2015.09.19-04.32.44:730][  0]LogInit: Applying CVar settings loaded from the selected device profile: [Windows]
[2015.09.19-04.32.44:737][  0]LogInit: Computer: M543
[2015.09.19-04.32.44:737][  0]LogInit: User: kquigley
[2015.09.19-04.32.44:737][  0]LogInit: CPU Page size=4096, Cores=4
[2015.09.19-04.32.44:737][  0]LogInit: High frequency timer resolution =2.630781 MHz
[2015.09.19-04.32.44:738][  0]LogMemory: Memory total: Physical=15.9GB (16GB approx)
[2015.09.19-04.32.44:738][  0]LogMemory: Platform Memory Stats for Windows
[2015.09.19-04.32.44:738][  0]LogMemory: Process Physical Memory: 55.70 MB used, 55.70 MB peak
[2015.09.19-04.32.44:738][  0]LogMemory: Process Virtual Memory: 60.10 MB used, 60.10 MB peak
[2015.09.19-04.32.44:738][  0]LogMemory: Physical Memory: 5155.53 MB used, 16317.72 MB total
[2015.09.19-04.32.44:738][  0]LogMemory: Virtual Memory: 341.98 MB used, 8388608.00 MB total
[2015.09.19-04.32.44:778][  0]LogTextLocalizationManager: No specific translations for ('en-US') exist, so ('en') translations will be used.
[2015.09.19-04.32.45:387][  0]LogD3D11RHI: Found D3D11 adapter 0: AMD FirePro M4000 (Feature Level 11_0)
[2015.09.19-04.32.45:387][  0]LogD3D11RHI: Adapter has 995MB of dedicated video memory, 0MB of dedicated system memory, and 7902MB of shared system memory, 1 output[s]
[2015.09.19-04.32.45:387][  0]LogD3D11RHI: Chosen D3D11 Adapter Id = 0
[2015.09.19-04.32.45:391][  0]LogD3D11RHI: !Direct3DDevice
[2015.09.19-04.32.45:391][  0]LogRHI: Texture pool is 696 MB (70% of 995 MB)
[2015.09.19-04.32.45:422][  0]LogD3D11RHI: Async texture creation disabled: no driver support
[2015.09.19-04.32.45:432][  0]LogShaderCompilers: Guid format shader working directory is 15 characters bigger than the processId version (../../../../../../Users/Class2016/Documents/Unreal Projects/SR2L/Intermediate/Shaders/WorkingDirectory/9592/).
[2015.09.19-04.32.45:432][  0]LogShaderCompilers: Cleaned the shader compiler working directory '../../../../../../Users/Class2016/Documents/Unreal Projects/SR2L/Intermediate/Shaders/tmp/C63B324E49D2DA8A0CCEA791A5B0CB63/'.
[2015.09.19-04.32.45:432][  0]LogShaderCompilers:Display: Using Local Shader Compiler.
[2015.09.19-04.32.46:680][  0]LogTemp:Display: Loaded TP AllDesktopTargetPlatform
[2015.09.19-04.32.46:686][  0]LogTemp:Display: Loaded TP WindowsClientTargetPlatform
[2015.09.19-04.32.46:691][  0]LogTemp:Display: Loaded TP WindowsNoEditorTargetPlatform
[2015.09.19-04.32.46:697][  0]LogTemp:Display: Loaded TP WindowsServerTargetPlatform
[2015.09.19-04.32.46:702][  0]LogTemp:Display: Loaded TP WindowsTargetPlatform
[2015.09.19-04.32.46:706][  0]LogTemp:Display: Loaded TP AndroidTargetPlatform
[2015.09.19-04.32.46:710][  0]LogTemp:Display: Loaded TP Android_ASTCTargetPlatform
[2015.09.19-04.32.46:713][  0]LogTemp:Display: Loaded TP Android_ATCTargetPlatform
[2015.09.19-04.32.46:716][  0]LogTemp:Display: Loaded TP Android_DXTTargetPlatform
[2015.09.19-04.32.46:720][  0]LogTemp:Display: Loaded TP Android_ETC1TargetPlatform
[2015.09.19-04.32.46:723][  0]LogTemp:Display: Loaded TP Android_ETC2TargetPlatform
[2015.09.19-04.32.46:727][  0]LogTemp:Display: Loaded TP Android_PVRTCTargetPlatform
[2015.09.19-04.32.46:728][  0]LogTemp:Display: Loaded TP HTML5TargetPlatform
[2015.09.19-04.32.46:745][  0]LogTemp:Display: Loaded TP IOSTargetPlatform
[2015.09.19-04.32.46:748][  0]LogTemp:Display: Loaded TP LinuxNoEditorTargetPlatform
[2015.09.19-04.32.46:752][  0]LogTemp:Display: Loaded TP LinuxServerTargetPlatform
[2015.09.19-04.32.46:756][  0]LogTemp:Display: Loaded TP LinuxTargetPlatform
[2015.09.19-04.32.46:756][  0]LogTargetPlatformManager:Display: Building Assets For Windows
[2015.09.19-04.32.46:840][  0]LogDerivedDataCache:Display: Max Cache Size: 512 MB
[2015.09.19-04.32.46:887][  0]LogDerivedDataCache: Loaded boot cache 0.05s 41MB C:/Users/Class2016/AppData/Local/UnrealEngine/4.9/DerivedDataCache/Boot.ddc.
[2015.09.19-04.32.46:887][  0]LogDerivedDataCache:Display: Loaded Boot cache: C:/Users/Class2016/AppData/Local/UnrealEngine/4.9/DerivedDataCache/Boot.ddc
[2015.09.19-04.32.46:887][  0]LogDerivedDataCache: FDerivedDataBackendGraph:  Pak pak cache file ../../../../../../Users/Class2016/Documents/Unreal Projects/SR2L/DerivedDataCache/DDC.ddp not found, will not use a pak cache.
[2015.09.19-04.32.46:887][  0]LogDerivedDataCache: Unable to find inner node Pak for hierarchical cache Hierarchy.
[2015.09.19-04.32.46:887][  0]LogDerivedDataCache: FDerivedDataBackendGraph:  CompressedPak pak cache file ../../../../../../Users/Class2016/Documents/Unreal Projects/SR2L/DerivedDataCache/Compressed.ddp not found, will not use a pak cache.
[2015.09.19-04.32.46:887][  0]LogDerivedDataCache: Unable to find inner node CompressedPak for hierarchical cache Hierarchy.
[2015.09.19-04.32.47:040][  0]LogDerivedDataCache:Display: Pak cache opened for reading ../../../Engine/DerivedDataCache/Compressed.ddp.
[2015.09.19-04.32.47:051][  0]LogDerivedDataCache: Using Local data cache path C:/Users/Class2016/AppData/Local/UnrealEngine/Common/DerivedDataCache: Writable
[2015.09.19-04.32.47:242][  0]LogInit: Selected Device Profile: [Windows]
[2015.09.19-04.32.47:243][  0]LogContentStreaming: Texture pool size is 0.000000MB
[2015.09.19-04.32.47:269][  0]LogMeshUtilities: No automatic mesh reduction module available
[2015.09.19-04.32.47:269][  0]LogMeshUtilities: No automatic mesh merging module available
[2015.09.19-04.32.47:625][  0]LogInit: WinSock: version 1.1 (2.2), MaxSocks=32767, MaxUdp=65467
[2015.09.19-04.32.48:294][  0]UdpMessaging: Initializing bridge on interface 0.0.0.0:0 to multicast group 230.0.0.1:6666.
[2015.09.19-04.32.48:387][  0]LogAssetRegistry: FAssetRegistry took 0.0104 seconds to start up
[2015.09.19-04.32.48:552][  0]SourceControl: Info Source control is disabled
[2015.09.19-04.32.48:589][  0]SourceControl: Info Source control is disabled
[2015.09.19-04.32.48:600][  0]SourceControl: Info Source control is disabled
[2015.09.19-04.32.48:610][  0]SourceControl: Info Source control is disabled
[2015.09.19-04.32.48:755][  0]LogLinker:Warning: Asset '../../../Engine/Plugins/Runtime/LeapMotionController/Content/LM_PassthroughMaterial.uasset' has been saved with empty engine version. The asset will be loaded but may be incompatible.
[2015.09.19-04.32.48:831][  0]LogObj: 28361 objects as part of root set at end of initial load.
[2015.09.19-04.32.48:831][  0]LogUObjectAllocator: 6038872 out of 0 bytes used by permanent object pool.
[2015.09.19-04.32.48:887][  0]LogEngine: Initializing Engine...
[2015.09.19-04.32.48:889][  0]LogHMD: Can't find Oculus library dev build: is proper Runtime installed? Version: 0.7.0.0
[2015.09.19-04.32.48:899][  0]LogHMD: SteamVR failed to initialize.  Err: 108
[2015.09.19-04.32.49:027][  0]LogAIModule: Creating AISystem for world NewWorld
[2015.09.19-04.32.49:035][  0]LogInit: XAudio2 using 'Speakers / HP (IDT High Definition Audio CODEC)' : 2 channels at 48 kHz using 16 bits per sample (channel mask 0x3)
[2015.09.19-04.32.49:135][  0]LogInit: FAudioDevice initialized.
[2015.09.19-04.32.49:155][  0]LogDerivedDataCache: Saved boot cache 0.02s 41MB C:/Users/Class2016/AppData/Local/UnrealEngine/4.9/DerivedDataCache/Boot.ddc.
[2015.09.19-04.32.49:159][  0]LogInit: Texture streaming: Enabled
[2015.09.19-04.32.49:165][  0]LogAnalytics: Creating configured Analytics provider AnalyticsET
[2015.09.19-04.32.49:165][  0]LogAnalytics: [UEEditor.Rocket.Release] APIServer = http://et2.epicgames.com/ET2/. AppVersion = 4.9.1-2689999+++depot+UE4-Releases+4.9
[2015.09.19-04.32.49:165][  0]LogAnalytics: [UEEditor.Rocket.Release] SetUserId f06af28e44af78c68f6fb4b9c978cff0|1399726e6de04195913aee01235a0998|b027d75e-97b4-46e0-b1fb-f0de01022484
[2015.09.19-04.32.49:165][  0]LogAnalytics: [UEEditor.Rocket.Release] AnalyticsET::StartSession
[2015.09.19-04.32.49:186][  0]LogInit: Transaction tracking system initialized
[2015.09.19-04.32.49:216][  0]BlueprintLog: New page: Editor Load
[2015.09.19-04.32.49:297][  0]LocalizationService: Info Localization service is disabled
[2015.09.19-04.32.49:357][  0]LogLinker:Warning: Can't find file '/Game/ThirdPerson/ThirdPersonOverview'
[2015.09.19-04.32.49:357][  0]LogLinker:Warning: Can't find file '/Game/ThirdPerson/ThirdPersonOverview'
[2015.09.19-04.32.49:357][  0]LogUObjectGlobals:Warning: Failed to find object 'Class /Game/ThirdPerson/ThirdPersonOverview.ThirdPersonOverview_C'
[2015.09.19-04.32.49:530][  0]LogConsoleResponse:Display: 
[2015.09.19-04.32.49:650][  0]LogCook:Display: Done creating registry. It took  0.00s.
[2015.09.19-04.32.49:709][  0]LogFileCache: Scanning file cache for directory 'C:/Users/Class2016/Documents/Unreal Projects/SR2L/Content/' took 0.01s
[2015.09.19-04.32.49:709][  0]SourceControl: Info Source control is disabled
[2015.09.19-04.32.49:710][  0]Cmd: MAP LOAD FILE="../../../../../../Users/Class2016/Documents/Unreal Projects/SR2L/Content/VehicleAdvBP/Maps/VehicleAdvExampleMap.umap" TEMPLATE=0 SHOWPROGRESS=1 FEATURELEVEL=3
[2015.09.19-04.32.49:710][  0]LightingResults: New page: Lighting Build
[2015.09.19-04.32.49:713][  0]MapCheck: New page: Map Check
[2015.09.19-04.32.49:713][  0]LightingResults: New page: Lighting Build
[2015.09.19-04.32.49:722][  0]LogParticles: Destroying 0 GPU particle simulations for FXSystem 0x00000000215C6160
[2015.09.19-04.32.50:249][  0]LogLinker:Warning: Asset '../../../../../../Users/Class2016/Documents/Unreal Projects/SR2L/Content/VehicleAdvBP/Maps/LayerInfo/Desert_LayerInfo.uasset' has been saved with empty engine version. The asset will be loaded but may be incompatible.
[2015.09.19-04.32.50:250][  0]LogLinker:Warning: Asset '../../../../../../Users/Class2016/Documents/Unreal Projects/SR2L/Content/VehicleAdvBP/Maps/LayerInfo/Track_LayerInfo.uasset' has been saved with empty engine version. The asset will be loaded but may be incompatible.
[2015.09.19-04.32.50:612][  0]LogAIModule: Creating AISystem for world VehicleAdvExampleMap
[2015.09.19-04.32.50:639][  0]LogEditorServer: Finished looking for orphan Actors (0.000 secs)
[2015.09.19-04.32.50:640][  0]Cmd: MAP CHECKDEP NOCLEARLOG
[2015.09.19-04.32.50:699][  0]MapCheck: Info Map check complete: 0 Error(s), 0 Warning(s), took 59.048ms to complete.
[2015.09.19-04.32.50:699][  0]LogFileHelpers: Loading map 'VehicleAdvExampleMap' took 0.988
[2015.09.19-04.32.50:792][  0]LogCollectionManager: Loaded 0 collections in 0.001870 seconds
[2015.09.19-04.32.50:833][  0]LogFileCache: Scanning file cache for directory 'C:/Users/Class2016/Documents/Unreal Projects/SR2L/Saved/Collections/' took 0.01s
[2015.09.19-04.32.50:833][  0]LogFileCache: Scanning file cache for directory 'C:/Users/Class2016/Documents/Unreal Projects/SR2L/Content/Developers/kquigley/Collections/' took 0.01s
[2015.09.19-04.32.50:833][  0]LogFileCache: Scanning file cache for directory 'C:/Users/Class2016/Documents/Unreal Projects/SR2L/Content/Collections/' took 0.01s
[2015.09.19-04.32.50:833][  0]LogContentBrowser: Native class hierarchy populated in 0.0108 seconds. Added 1867 classes and 333 folders.
[2015.09.19-04.32.50:840][  0]LogCollectionManager: Rebuilt the GUID cache for 0 collections in 0.000003 seconds
[2015.09.19-04.32.50:847][  0]LogContentBrowser: Native class hierarchy updated for 'WidgetCarousel' in 0.0003 seconds. Added 0 classes and 0 folders.
[2015.09.19-04.32.50:885][  0]LogContentBrowser: Native class hierarchy updated for 'AddContentDialog' in 0.0003 seconds. Added 0 classes and 0 folders.
[2015.09.19-04.32.50:889][  0]LogContentBrowser: Native class hierarchy updated for 'SceneOutliner' in 0.0003 seconds. Added 1 classes and 2 folders.
[2015.09.19-04.32.50:915][  0]LogCrashTracker: Crashtracker disabled due to settings.
[2015.09.19-04.32.50:918][  0]LogUObjectGlobals:Warning: Failed to find object 'Class None.'
[2015.09.19-04.32.50:938][  0]LogLoad: Full Startup: 6.74 seconds (BP compile: 0.20 seconds)
[2015.09.19-04.32.51:018][  0]LogContentStreaming: Texture pool size now 400 MB
[2015.09.19-04.32.51:151][  0]LogRenderer: Reallocating scene render targets to support 1208x576 (Frame:2).
[2015.09.19-04.32.51:391][  1]Cmd: UpdateLandscapeEditorData -warnings
[2015.09.19-04.32.51:906][  8]LogAssetRegistry: Asset discovery search completed in 3.5288 seconds
[2015.09.19-04.32.51:906][  8]LogCollectionManager: Rebuilt the object cache for 0 collections in 0.000001 seconds (found 0 objects)
[2015.09.19-04.32.51:906][  8]LogCollectionManager: Fixed up redirectors for 0 collections in 0.000027 seconds (updated 0 objects)
[2015.09.19-04.32.56:233][ 61]LogFactory: FactoryCreateBinary: StaticMesh with FbxFactory (0 0 ../../../../../../Users/Class2016/Documents/Blender/ExpansionJam/car0.fbx)
[2015.09.19-04.32.56:244][ 61]LogFbx: ItemName: GlobalSettings, ItemCount : 1
[2015.09.19-04.32.56:244][ 61]LogFbx: ItemName: NodeAttribute, ItemCount : 2
[2015.09.19-04.32.56:244][ 61]LogFbx: ItemName: Geometry, ItemCount : 16
[2015.09.19-04.32.56:244][ 61]LogFbx: ItemName: Model, ItemCount : 18
[2015.09.19-04.32.56:249][ 61]LogFbx: Loading FBX Scene from ../../../../../../Users/Class2016/Documents/Blender/ExpansionJam/car0.fbx
[2015.09.19-04.32.56:323][ 61]LogFbx: FBX Scene Loaded Succesfully
[2015.09.19-04.33.14:673][ 61]LogFbx: Loading FBX Scene from ../../../../../../Users/Class2016/Documents/Blender/ExpansionJam/car0.fbx
[2015.09.19-04.33.14:746][ 61]LogFbx: FBX Scene Loaded Succesfully
[2015.09.19-04.33.14:749][ 61]LogFbx:Warning: Triangulating static mesh Trunk
[2015.09.19-04.33.16:823][ 61]LogFbx:Warning: Triangulating static mesh Shifter_handle
[2015.09.19-04.33.18:851][ 61]LogFbx:Warning: Triangulating static mesh Shifter_shaft
[2015.09.19-04.33.18:894][ 61]LogFbx:Warning: Triangulating static mesh Shifter_wheel
[2015.09.19-04.33.18:937][ 61]LogFbx:Warning: Triangulating static mesh Shifter_