[2015.09.19-03.29.53:552][  0]Log file open, 09/18/15 23:29:53
[2015.09.19-03.29.53:552][  0]LogInit:Display: Running engine for game: SR2L
[2015.09.19-03.29.53:552][  0]LogInit:Display: RandInit(-222640999) SRandInit(-222640998).
[2015.09.19-03.29.53:552][  0]LogTaskGraph: Started task graph with 4 named threads and 7 total threads.
[2015.09.19-03.29.53:552][  0]LogStats: Stats thread started at 0.195902
[2015.09.19-03.29.53:552][  0]LogInit: Version: 4.9.1-2689999+++depot+UE4-Releases+4.9
[2015.09.19-03.29.53:552][  0]LogInit: API Version: 2672455
[2015.09.19-03.29.53:552][  0]LogInit: Compiled (64-bit): Sep 14 2015 04:12:03
[2015.09.19-03.29.53:552][  0]LogInit: Compiled with Visual C++: 18.00.21005.01
[2015.09.19-03.29.53:552][  0]LogInit: Build Configuration: Development
[2015.09.19-03.29.53:552][  0]LogInit: Branch Name: ++depot+UE4-Releases+4.9
[2015.09.19-03.29.53:552][  0]LogInit: Command line:  
[2015.09.19-03.29.53:552][  0]LogInit: Base directory: C:/Program Files/Epic Games/4.9/Engine/Binaries/Win64/
[2015.09.19-03.29.53:552][  0]LogInit: Rocket: 1
[2015.09.19-03.29.53:592][  0]LogInit: Using libcurl 7.41.0
[2015.09.19-03.29.53:592][  0]LogInit:  - built for x86_64-pc-win32
[2015.09.19-03.29.53:592][  0]LogInit:  - supports SSL with WinSSL
[2015.09.19-03.29.53:592][  0]LogInit:  - other features:
[2015.09.19-03.29.53:592][  0]LogInit:      CURL_VERSION_SSL
[2015.09.19-03.29.53:592][  0]LogInit:      CURL_VERSION_IPV6
[2015.09.19-03.29.53:592][  0]LogInit:      CURL_VERSION_ASYNCHDNS
[2015.09.19-03.29.53:592][  0]LogInit:      CURL_VERSION_LARGEFILE
[2015.09.19-03.29.53:592][  0]LogInit:      CURL_VERSION_IDN
[2015.09.19-03.29.53:592][  0]LogInit:  CurlRequestOptions (configurable via config and command line):
[2015.09.19-03.29.53:592][  0]LogInit:  - bVerifyPeer = true  - Libcurl will verify peer certificate
[2015.09.19-03.29.53:592][  0]LogInit:  - bUseHttpProxy = false  - Libcurl will NOT use HTTP proxy
[2015.09.19-03.29.53:592][  0]LogInit:  - bDontReuseConnections = false  - Libcurl will reuse connections
[2015.09.19-03.29.53:592][  0]LogInit:  - CertBundlePath = nullptr  - Libcurl will use whatever was configured at build time.
[2015.09.19-03.29.53:625][  0]LogInit: Presizing for 0 objects not considered by GC, pre-allocating 0 bytes.
[2015.09.19-03.29.53:650][  0]LogInit: Object subsystem initialized
[2015.09.19-03.29.53:656][  0]LogInit: Selected Device Profile: [Windows]
[2015.09.19-03.29.53:656][  0]LogInit: Applying CVar settings loaded from the selected device profile: [Windows]
[2015.09.19-03.29.53:686][  0]LogInit: Computer: ADAM-ASUS
[2015.09.19-03.29.53:686][  0]LogInit: User: Adam
[2015.09.19-03.29.53:686][  0]LogInit: CPU Page size=4096, Cores=4
[2015.09.19-03.29.53:686][  0]LogInit: High frequency timer resolution =2.338344 MHz
[2015.09.19-03.29.53:686][  0]LogMemory: Memory total: Physical=15.8GB (16GB approx)
[2015.09.19-03.29.53:686][  0]LogMemory: Platform Memory Stats for Windows
[2015.09.19-03.29.53:686][  0]LogMemory: Process Physical Memory: 54.07 MB used, 54.07 MB peak
[2015.09.19-03.29.53:686][  0]LogMemory: Process Virtual Memory: 57.32 MB used, 57.32 MB peak
[2015.09.19-03.29.53:686][  0]LogMemory: Physical Memory: 3654.54 MB used, 16203.17 MB total
[2015.09.19-03.29.53:686][  0]LogMemory: Virtual Memory: 366.56 MB used, 134217728.00 MB total
[2015.09.19-03.29.53:818][  0]LogTextLocalizationManager: No specific translations for ('en-US') exist, so ('en') translations will be used.
[2015.09.19-03.29.56:308][  0]LogD3D11RHI: Found D3D11 adapter 0: NVIDIA GeForce GT 750M (Feature Level 11_0)
[2015.09.19-03.29.56:308][  0]LogD3D11RHI: Adapter has 1992MB of dedicated video memory, 0MB of dedicated system memory, and 8101MB of shared system memory, 1 output[s]
[2015.09.19-03.29.56:329][  0]LogD3D11RHI: Found D3D11 adapter 1: Intel(R) HD Graphics 4600 (Feature Level 11_0)
[2015.09.19-03.29.56:329][  0]LogD3D11RHI: Adapter has 112MB of dedicated video memory, 0MB of dedicated system memory, and 8101MB of shared system memory, 0 output[s]
[2015.09.19-03.29.56:338][  0]LogD3D11RHI: Found D3D11 adapter 2: Microsoft Basic Render Driver (Feature Level 11_0)
[2015.09.19-03.29.56:338][  0]LogD3D11RHI: Adapter has 0MB of dedicated video memory, 0MB of dedicated system memory, and 8101MB of shared system memory, 0 output[s]
[2015.09.19-03.29.56:338][  0]LogD3D11RHI: Chosen D3D11 Adapter Id = 0
[2015.09.19-03.29.56:353][  0]LogD3D11RHI: !Direct3DDevice
[2015.09.19-03.29.56:353][  0]LogRHI: Texture pool is 1361 MB (70% of 1945 MB)
[2015.09.19-03.29.56:402][  0]LogD3D11RHI: Async texture creation enabled
[2015.09.19-03.29.56:429][  0]LogShaderCompilers: Guid format shader working directory is 15 characters bigger than the processId version (../../../../../../Users/Adam/Documents/Unreal Projects/SR2L/Intermediate/Shaders/WorkingDirectory/8656/).
[2015.09.19-03.29.56:430][  0]LogShaderCompilers: Cleaned the shader compiler working directory '../../../../../../Users/Adam/Documents/Unreal Projects/SR2L/Intermediate/Shaders/tmp/38F024F04745694803DD499ADB5B68C2/'.
[2015.09.19-03.29.56:430][  0]LogShaderCompilers:Display: Using Local Shader Compiler.
[2015.09.19-03.30.00:924][  0]LogTemp:Display: Loaded TP AllDesktopTargetPlatform
[2015.09.19-03.30.00:948][  0]LogTemp:Display: Loaded TP WindowsClientTargetPlatform
[2015.09.19-03.30.00:973][  0]LogTemp:Display: Loaded TP WindowsNoEditorTargetPlatform
[2015.09.19-03.30.00:997][  0]LogTemp:Display: Loaded TP WindowsServerTargetPlatform
[2015.09.19-03.30.01:022][  0]LogTemp:Display: Loaded TP WindowsTargetPlatform
[2015.09.19-03.30.01:037][  0]LogTemp:Display: Loaded TP AndroidTargetPlatform
[2015.09.19-03.30.01:052][  0]LogTemp:Display: Loaded TP Android_ASTCTargetPlatform
[2015.09.19-03.30.01:067][  0]LogTemp:Display: Loaded TP Android_ATCTargetPlatform
[2015.09.19-03.30.01:082][  0]LogTemp:Display: Loaded TP Android_DXTTargetPlatform
[2015.09.19-03.30.01:098][  0]LogTemp:Display: Loaded TP Android_ETC1TargetPlatform
[2015.09.19-03.30.01:114][  0]LogTemp:Display: Loaded TP Android_ETC2TargetPlatform
[2015.09.19-03.30.01:132][  0]LogTemp:Display: Loaded TP Android_PVRTCTargetPlatform
[2015.09.19-03.30.01:135][  0]LogTemp:Display: Loaded TP HTML5TargetPlatform
[2015.09.19-03.30.01:177][  0]LogTemp:Display: Loaded TP IOSTargetPlatform
[2015.09.19-03.30.01:191][  0]LogTemp:Display: Loaded TP LinuxNoEditorTargetPlatform
[2015.09.19-03.30.01:206][  0]LogTemp:Display: Loaded TP LinuxServerTargetPlatform
[2015.09.19-03.30.01:223][  0]LogTemp:Display: Loaded TP LinuxTargetPlatform
[2015.09.19-03.30.01:223][  0]LogTargetPlatformManager:Display: Building Assets For Windows
[2015.09.19-03.30.01:674][  0]LogDerivedDataCache:Display: Max Cache Size: 512 MB
[2015.09.19-03.30.01:818][  0]LogDerivedDataCache: Loaded boot cache 0.14s 41MB C:/Users/Adam/AppData/Local/UnrealEngine/4.9/DerivedDataCache/Boot.ddc.
[2015.09.19-03.30.01:818][  0]LogDerivedDataCache:Display: Loaded Boot cache: C:/Users/Adam/AppData/Local/UnrealEngine/4.9/DerivedDataCache/Boot.ddc
[2015.09.19-03.30.01:818][  0]LogDerivedDataCache: FDerivedDataBackendGraph:  Pak pak cache file ../../../../../../Users/Adam/Documents/Unreal Projects/SR2L/DerivedDataCache/DDC.ddp not found, will not use a pak cache.
[2015.09.19-03.30.01:818][  0]LogDerivedDataCache: Unable to find inner node Pak for hierarchical cache Hierarchy.
[2015.09.19-03.30.01:818][  0]LogDerivedDataCache: FDerivedDataBackendGraph:  CompressedPak pak cache file ../../../../../../Users/Adam/Documents/Unreal Projects/SR2L/DerivedDataCache/Compressed.ddp not found, will not use a pak cache.
[2015.09.19-03.30.01:818][  0]LogDerivedDataCache: Unable to find inner node CompressedPak for hierarchical cache Hierarchy.
[2015.09.19-03.30.02:366][  0]LogDerivedDataCache:Display: Pak cache opened for reading ../../../Engine/DerivedDataCache/Compressed.ddp.
[2015.09.19-03.30.02:380][  0]LogDerivedDataCache: Using Local data cache path C:/Users/Adam/AppData/Local/UnrealEngine/Common/DerivedDataCache: Writable
[2015.09.19-03.30.03:162][  0]LogInit: Selected Device Profile: [Windows]
[2015.09.19-03.30.03:172][  0]LogContentStreaming: Texture pool size is 0.000000MB
[2015.09.19-03.30.03:746][  0]LogMeshUtilities: No automatic mesh reduction module available
[2015.09.19-03.30.03:746][  0]LogMeshUtilities: No automatic mesh merging module available
[2015.09.19-03.30.04:692][  0]LogInit: WinSock: version 1.1 (2.2), MaxSocks=32767, MaxUdp=65467
[2015.09.19-03.30.08:849][  0]UdpMessaging: Initializing bridge on interface 0.0.0.0:0 to multicast group 230.0.0.1:6666.
[2015.09.19-03.30.09:082][  0]LogAssetRegistry: FAssetRegistry took 0.0110 seconds to start up
[2015.09.19-03.30.09:846][  0]SourceControl: Info Source control is disabled
[2015.09.19-03.30.09:849][  0]SourceControl: Info Source control is disabled
[2015.09.19-03.30.09:927][  0]SourceControl: Info Source control is disabled
[2015.09.19-03.30.09:993][  0]SourceControl: Info Source control is disabled
[2015.09.19-03.30.10:838][  0]LogLinker:Warning: Asset '../../../Engine/Plugins/Runtime/LeapMotionController/Content/LM_PassthroughMaterial.uasset' has been saved with empty engine version. The asset will be loaded but may be incompatible.
[2015.09.19-03.30.11:259][  0]LogObj: 28361 objects as part of root set at end of initial load.
[2015.09.19-03.30.11:259][  0]LogUObjectAllocator: 6038872 out of 0 bytes used by permanent object pool.
[2015.09.19-03.30.11:497][  0]LogEngine: Initializing Engine...
[2015.09.19-03.30.11:514][  0]LogHMD: Can't find Oculus library dev build: is proper Runtime installed? Version: 0.7.0.0
[2015.09.19-03.30.11:516][  0]LogHMD: SteamVR failed to initialize.  Err: 110
[2015.09.19-03.30.12:046][  0]LogAIModule: Creating AISystem for world NewWorld
[2015.09.19-03.30.12:066][  0]LogInit: XAudio2 using 'Speakers (Realtek High Definition Audio)' : 2 channels at 48 kHz using 32 bits per sample (channel mask 0x3)
[2015.09.19-03.30.12:255][  0]LogInit: FAudioDevice initialized.
[2015.09.19-03.30.12:317][  0]LogDerivedDataCache: Saved boot cache 0.06s 41MB C:/Users/Adam/AppData/Local/UnrealEngine/4.9/DerivedDataCache/Boot.ddc.
[2015.09.19-03.30.12:327][  0]LogInit: Texture streaming: Enabled
[2015.09.19-03.30.12:356][  0]LogAnalytics: Creating configured Analytics provider AnalyticsET
[2015.09.19-03.30.12:356][  0]LogAnalytics: [UEEditor.Rocket.Release] APIServer = http://et2.epicgames.com/ET2/. AppVersion = 4.9.1-2689999+++depot+UE4-Releases+4.9
[2015.09.19-03.30.12:357][  0]LogAnalytics: [UEEditor.Rocket.Release] SetUserId b6aeed064c5facbea2fec1a4dfb34289|e8dad8564e6d4f898fb2f14da66fe74c|e1a63e55-60ec-4585-be06-279f35335c9b
[2015.09.19-03.30.12:357][  0]LogAnalytics: [UEEditor.Rocket.Release] AnalyticsET::StartSession
[2015.09.19-03.30.12:403][  0]LogWindowsTextInputMethodSystem:Display: IME system now deactivated.
[2015.09.19-03.30.12:403][  0]LogWindowsTextInputMethodSystem:Display: IME system now deactivated.
[2015.09.19-03.30.12:589][  0]LogInit: Transaction tracking system initialized
[2015.09.19-03.30.12:773][  0]BlueprintLog: New page: Editor Load
[2015.09.19-03.30.13:228][  0]LocalizationService: Info Localization service is disabled
[2015.09.19-03.30.13:601][  0]LogConsoleResponse:Display: 
[2015.09.19-03.30.14:114][  0]LogCook:Display: Done creating registry. It took  0.00s.
[2015.09.19-03.30.14:180][  0]LogFileCache: Scanning file cache for directory 'C:/Users/Adam/Documents/Unreal Projects/SR2L/Content/' took 0.03s
[2015.09.19-03.30.14:435][  0]SourceControl: Info Source control is disabled
[2015.09.19-03.30.14:436][  0]Cmd: MAP LOAD FILE="../../../../../../Users/Adam/Documents/Unreal Projects/SR2L/Content/VehicleAdvBP/Maps/VehicleAdvExampleMap.umap" TEMPLATE=0 SHOWPROGRESS=1 FEATURELEVEL=3
[2015.09.19-03.30.14:438][  0]LightingResults: New page: Lighting Build
[2015.09.19-03.30.14:455][  0]MapCheck: New page: Map Check
[2015.09.19-03.30.14:455][  0]LightingResults: New page: Lighting Build
[2015.09.19-03.30.14:497][  0]LogParticles: Destroying 0 GPU particle simulations for FXSystem 0x0000002F4AE80400
[2015.09.19-03.30.16:608][  0]LogLinker:Warning: Asset '../../../../../../Users/Adam/Documents/Unreal Projects/SR2L/Content/VehicleAdvBP/Maps/LayerInfo/Desert_LayerInfo.uasset' has been saved with empty engine version. The asset will be loaded but may be incompatible.
[2015.09.19-03.30.16:613][  0]LogLinker:Warning: Asset '../../../../../../Users/Adam/Documents/Unreal Projects/SR2L/Content/VehicleAdvBP/Maps/LayerInfo/Track_LayerInfo.uasset' has been saved with empty engine version. The asset will be loaded but may be incompatible.
[2015.09.19-03.30.18:141][  0]LogAIModule: Creating AISystem for world VehicleAdvExampleMap
[2015.09.19-03.30.18:247][  0]LogEditorServer: Finished looking for orphan Actors (0.000 secs)
[2015.09.19-03.30.18:250][  0]Cmd: MAP CHECKDEP NOCLEARLOG
[2015.09.19-03.30.18:752][  0]MapCheck: Info Map check complete: 0 Error(s), 0 Warning(s), took 502.019ms to complete.
[2015.09.19-03.30.18:752][  0]LogFileHelpers: Loading map 'VehicleAdvExampleMap' took 4.317
[2015.09.19-03.30.19:113][  0]LogCollectionManager: Loaded 0 collections in 0.010686 seconds
[2015.09.19-03.30.19:174][  0]LogFileCache: Scanning file cache for directory 'C:/Users/Adam/Documents/Unreal Projects/SR2L/Saved/Collections/' took 0.01s
[2015.09.19-03.30.19:174][  0]LogFileCache: Scanning file cache for directory 'C:/Users/Adam/Documents/Unreal Projects/SR2L/Content/Developers/Adam/Collections/' took 0.01s
[2015.09.19-03.30.19:174][  0]LogFileCache: Scanning file cache for directory 'C:/Users/Adam/Documents/Unreal Projects/SR2L/Content/Collections/' took 0.01s
[2015.09.19-03.30.19:174][  0]LogContentBrowser: Native class hierarchy populated in 0.0221 seconds. Added 1867 classes and 333 folders.
[2015.09.19-03.30.19:196][  0]LogCollectionManager: Rebuilt the GUID cache for 0 collections in 0.000006 seconds
[2015.09.19-03.30.19:225][  0]LogContentBrowser: Native class hierarchy updated for 'WidgetCarousel' in 0.0012 seconds. Added 0 classes and 0 folders.
[2015.09.19-03.30.19:510][  0]LogContentBrowser: Native class hierarchy updated for 'AddContentDialog' in 0.0015 seconds. Added 0 classes and 0 folders.
[2015.09.19-03.30.19:534][  0]LogContentBrowser: Native class hierarchy updated for 'SceneOutliner' in 0.0015 seconds. Added 1 classes and 2 folders.
[2015.09.19-03.30.19:664][  0]LogCrashTracker: Crashtracker disabled due to settings.
[2015.09.19-03.30.19:683][  0]LogUObjectGlobals:Warning: Failed to find object 'Class None.'
[2015.09.19-03.30.19:707][  0]LogLoad: Full Startup: 28.07 seconds (BP compile: 0.80 seconds)
[2015.09.19-03.30.19:877][  0]LogContentStreaming: Texture pool size now 400 MB
[2015.09.19-03.30.20:383][  0]LogRenderer: Reallocating scene render targets to support 1208x576 (Frame:2).
[2015.09.19-03.30.20:549][  1]Cmd: UpdateLandscapeEditorData -warnings
[2015.09.19-03.30.21:714][ 12]LogAssetRegistry: Asset discovery search completed in 12.6428 seconds
[2015.09.19-03.30.21:714][ 12]LogCollectionManager: Rebuilt the object cache for 0 collections in 0.000002 seconds (found 0 objects)
[2015.09.19-03.30.21:714][ 12]LogCollectionManager: Fixed up redirectors for 0 collections in 0.000100 seconds (updated 0 objects)
[2015.09.19-03.31.09:676][841]LogFactory: FactoryCreateBinary: StaticMesh with FbxFactory (0 0 ../../../../../../Users/Adam/Downloads/Car (1).fbx)
[2015.09.19-03.31.09:721][841]LogFbx: ItemName: GlobalSettings, ItemCount : 1
[2015.09.19-03.31.09:721][841]LogFbx: ItemName: NodeAttribute, ItemCount : 2
[2015.09.19-03.31.09:721][841]LogFbx: ItemName: Geometry, ItemCount : 16
[2015.09.19-03.31.09:721][841]LogFbx: ItemName: Model, ItemCount : 18
[2015.09.19-03.31.09:740][841]LogFbx: Loading FBX Scene from ../../../../../../Users/Adam/Downloads/Car (1).fbx
[2015.09.19-03.31.10:058][841]LogFbx: FBX Scene Loaded Succesfully
[2015.09.19-03.31.14:230][841]LogFbx: Loading FBX Scene from ../../../../../../Users/Adam/Downloads/Car (1).fbx
[2015.09.19-03.31.14:531][841]LogFbx: FBX Scene Loaded Succesfully
[2015.09.19-03.31.14:544][841]LogFbx:Warning: Triangulating static mesh Trunk
[2015.09.19-03.31.22:873][841]LogFbx:Warning: Triangulating static mesh Shifter_handle
[2015.09.