[2015.09.19-04.19.16:323][  0]Log file open, 09/19/15 00:19:16
[2015.09.19-04.19.16:323][  0]LogInit:Display: Running engine for game: SR2L
[2015.09.19-04.19.16:323][  0]LogInit:Display: RandInit(387765728) SRandInit(387765729).
[2015.09.19-04.19.16:323][  0]LogTaskGraph: Started task graph with 4 named threads and 7 total threads.
[2015.09.19-04.19.16:323][  0]LogStats: Stats thread started at 2.213712
[2015.09.19-04.19.16:323][  0]LogInit: Version: 4.9.1-2689999+++depot+UE4-Releases+4.9
[2015.09.19-04.19.16:323][  0]LogInit: API Version: 2672455
[2015.09.19-04.19.16:323][  0]LogInit: Compiled (64-bit): Sep 14 2015 04:12:03
[2015.09.19-04.19.16:323][  0]LogInit: Compiled with Visual C++: 18.00.21005.01
[2015.09.19-04.19.16:323][  0]LogInit: Build Configuration: Development
[2015.09.19-04.19.16:323][  0]LogInit: Branch Name: ++depot+UE4-Releases+4.9
[2015.09.19-04.19.16:323][  0]LogInit: Command line:  
[2015.09.19-04.19.16:323][  0]LogInit: Base directory: C:/Program Files/Epic Games/4.9/Engine/Binaries/Win64/
[2015.09.19-04.19.16:323][  0]LogInit: Rocket: 1
[2015.09.19-04.19.16:332][  0]LogInit: Using libcurl 7.41.0
[2015.09.19-04.19.16:332][  0]LogInit:  - built for x86_64-pc-win32
[2015.09.19-04.19.16:332][  0]LogInit:  - supports SSL with WinSSL
[2015.09.19-04.19.16:332][  0]LogInit:  - other features:
[2015.09.19-04.19.16:332][  0]LogInit:      CURL_VERSION_SSL
[2015.09.19-04.19.16:332][  0]LogInit:      CURL_VERSION_IPV6
[2015.09.19-04.19.16:332][  0]LogInit:      CURL_VERSION_ASYNCHDNS
[2015.09.19-04.19.16:332][  0]LogInit:      CURL_VERSION_LARGEFILE
[2015.09.19-04.19.16:332][  0]LogInit:      CURL_VERSION_IDN
[2015.09.19-04.19.16:332][  0]LogInit:  CurlRequestOptions (configurable via config and command line):
[2015.09.19-04.19.16:332][  0]LogInit:  - bVerifyPeer = true  - Libcurl will verify peer certificate
[2015.09.19-04.19.16:332][  0]LogInit:  - bUseHttpProxy = false  - Libcurl will NOT use HTTP proxy
[2015.09.19-04.19.16:332][  0]LogInit:  - bDontReuseConnections = false  - Libcurl will reuse connections
[2015.09.19-04.19.16:332][  0]LogInit:  - CertBundlePath = nullptr  - Libcurl will use whatever was configured at build time.
[2015.09.19-04.19.16:340][  0]LogInit: Presizing for 0 objects not considered by GC, pre-allocating 0 bytes.
[2015.09.19-04.19.16:626][  0]LogInit: Object subsystem initialized
[2015.09.19-04.19.16:627][  0]LogInit: Selected Device Profile: [Windows]
[2015.09.19-04.19.16:627][  0]LogInit: Applying CVar settings loaded from the selected device profile: [Windows]
[2015.09.19-04.19.16:660][  0]LogInit: Computer: M543
[2015.09.19-04.19.16:660][  0]LogInit: User: kquigley
[2015.09.19-04.19.16:660][  0]LogInit: CPU Page size=4096, Cores=4
[2015.09.19-04.19.16:660][  0]LogInit: High frequency timer resolution =2.630781 MHz
[2015.09.19-04.19.16:660][  0]LogMemory: Memory total: Physical=15.9GB (16GB approx)
[2015.09.19-04.19.16:660][  0]LogMemory: Platform Memory Stats for Windows
[2015.09.19-04.19.16:660][  0]LogMemory: Process Physical Memory: 56.82 MB used, 56.82 MB peak
[2015.09.19-04.19.16:660][  0]LogMemory: Process Virtual Memory: 62.17 MB used, 62.17 MB peak
[2015.09.19-04.19.16:660][  0]LogMemory: Physical Memory: 5081.08 MB used, 16317.72 MB total
[2015.09.19-04.19.16:660][  0]LogMemory: Virtual Memory: 344.04 MB used, 8388608.00 MB total
[2015.09.19-04.19.19:277][  0]LogTextLocalizationManager: No specific translations for ('en-US') exist, so ('en') translations will be used.
[2015.09.19-04.19.21:364][  0]LogD3D11RHI: Found D3D11 adapter 0: AMD FirePro M4000 (Feature Level 11_0)
[2015.09.19-04.19.21:364][  0]LogD3D11RHI: Adapter has 995MB of dedicated video memory, 0MB of dedicated system memory, and 7902MB of shared system memory, 1 output[s]
[2015.09.19-04.19.21:364][  0]LogD3D11RHI: Chosen D3D11 Adapter Id = 0
[2015.09.19-04.19.21:369][  0]LogD3D11RHI: !Direct3DDevice
[2015.09.19-04.19.21:369][  0]LogRHI: Texture pool is 696 MB (70% of 995 MB)
[2015.09.19-04.19.21:382][  0]LogD3D11RHI: Async texture creation disabled: no driver support
[2015.09.19-04.19.21:393][  0]LogShaderCompilers: Guid format shader working directory is 15 characters bigger than the processId version (../../../../../../Users/Class2016/Documents/Unreal Projects/SR2L/Intermediate/Shaders/WorkingDirectory/7716/).
[2015.09.19-04.19.21:393][  0]LogShaderCompilers: Cleaned the shader compiler working directory '../../../../../../Users/Class2016/Documents/Unreal Projects/SR2L/Intermediate/Shaders/tmp/AD3B0C9B49E93B15BCFE13A701550331/'.
[2015.09.19-04.19.21:393][  0]LogShaderCompilers:Display: Using Local Shader Compiler.
[2015.09.19-04.19.33:473][  0]LogTemp:Display: Loaded TP AllDesktopTargetPlatform
[2015.09.19-04.19.33:478][  0]LogTemp:Display: Loaded TP WindowsClientTargetPlatform
[2015.09.19-04.19.33:483][  0]LogTemp:Display: Loaded TP WindowsNoEditorTargetPlatform
[2015.09.19-04.19.33:489][  0]LogTemp:Display: Loaded TP WindowsServerTargetPlatform
[2015.09.19-04.19.33:494][  0]LogTemp:Display: Loaded TP WindowsTargetPlatform
[2015.09.19-04.19.33:499][  0]LogTemp:Display: Loaded TP AndroidTargetPlatform
[2015.09.19-04.19.33:505][  0]LogTemp:Display: Loaded TP Android_ASTCTargetPlatform
[2015.09.19-04.19.33:511][  0]LogTemp:Display: Loaded TP Android_ATCTargetPlatform
[2015.09.19-04.19.33:517][  0]LogTemp:Display: Loaded TP Android_DXTTargetPlatform
[2015.09.19-04.19.33:523][  0]LogTemp:Display: Loaded TP Android_ETC1TargetPlatform
[2015.09.19-04.19.33:528][  0]LogTemp:Display: Loaded TP Android_ETC2TargetPlatform
[2015.09.19-04.19.33:534][  0]LogTemp:Display: Loaded TP Android_PVRTCTargetPlatform
[2015.09.19-04.19.33:558][  0]LogTemp:Display: Loaded TP HTML5TargetPlatform
[2015.09.19-04.19.33:578][  0]LogTemp:Display: Loaded TP IOSTargetPlatform
[2015.09.19-04.19.33:582][  0]LogTemp:Display: Loaded TP LinuxNoEditorTargetPlatform
[2015.09.19-04.19.33:587][  0]LogTemp:Display: Loaded TP LinuxServerTargetPlatform
[2015.09.19-04.19.33:592][  0]LogTemp:Display: Loaded TP LinuxTargetPlatform
[2015.09.19-04.19.33:592][  0]LogTargetPlatformManager:Display: Building Assets For Windows
[2015.09.19-04.19.33:924][  0]LogDerivedDataCache:Display: Max Cache Size: 512 MB
[2015.09.19-04.19.33:924][  0]LogDerivedDataCache:Display: Starting with empty Boot cache
[2015.09.19-04.19.33:924][  0]LogDerivedDataCache: FDerivedDataBackendGraph:  Pak pak cache file ../../../../../../Users/Class2016/Documents/Unreal Projects/SR2L/DerivedDataCache/DDC.ddp not found, will not use a pak cache.
[2015.09.19-04.19.33:924][  0]LogDerivedDataCache: Unable to find inner node Pak for hierarchical cache Hierarchy.
[2015.09.19-04.19.33:924][  0]LogDerivedDataCache: FDerivedDataBackendGraph:  CompressedPak pak cache file ../../../../../../Users/Class2016/Documents/Unreal Projects/SR2L/DerivedDataCache/Compressed.ddp not found, will not use a pak cache.
[2015.09.19-04.19.33:924][  0]LogDerivedDataCache: Unable to find inner node CompressedPak for hierarchical cache Hierarchy.
[2015.09.19-04.19.34:102][  0]LogDerivedDataCache:Display: Pak cache opened for reading ../../../Engine/DerivedDataCache/Compressed.ddp.
[2015.09.19-04.19.34:151][  0]LogDerivedDataCache: Using Local data cache path C:/Users/Class2016/AppData/Local/UnrealEngine/Common/DerivedDataCache: Writable
[2015.09.19-04.19.35:495][  0]LogInit: Selected Device Profile: [Windows]
[2015.09.19-04.19.35:511][  0]LogContentStreaming: Texture pool size is 0.000000MB
[2015.09.19-04.19.35:577][  0]LogMeshUtilities: No automatic mesh reduction module available
[2015.09.19-04.19.35:577][  0]LogMeshUtilities: No automatic mesh merging module available
[2015.09.19-04.19.36:537][  0]LogInit: WinSock: version 1.1 (2.2), MaxSocks=32767, MaxUdp=65467
[2015.09.19-04.19.37:912][  0]UdpMessaging: Initializing bridge on interface 0.0.0.0:0 to multicast group 230.0.0.1:6666.
[2015.09.19-04.19.38:102][  0]LogAssetRegistry: FAssetRegistry took 0.0161 seconds to start up
[2015.09.19-04.19.38:509][  0]SourceControl: Info Source control is disabled
[2015.09.19-04.19.39:182][  0]SourceControl: Info Source control is disabled
[2015.09.19-04.19.39:255][  0]SourceControl: Info Source control is disabled
[2015.09.19-04.19.39:266][  0]SourceControl: Info Source control is disabled
[2015.09.19-04.19.39:570][  0]LogLinker:Warning: Asset '../../../Engine/Plugins/Runtime/LeapMotionController/Content/LM_PassthroughMaterial.uasset' has been saved with empty engine version. The asset will be loaded but may be incompatible.
[2015.09.19-04.19.39:906][  0]LogObj: 28361 objects as part of root set at end of initial load.
[2015.09.19-04.19.39:906][  0]LogUObjectAllocator: 6038872 out of 0 bytes used by permanent object pool.
[2015.09.19-04.19.40:646][  0]LogEngine: Initializing Engine...
[2015.09.19-04.19.40:862][  0]LogHMD: Can't find Oculus library dev build: is proper Runtime installed? Version: 0.7.0.0
[2015.09.19-04.19.43:044][  0]LogHMD: SteamVR failed to initialize.  Err: 108
[2015.09.19-04.19.45:271][  0]LogAIModule: Creating AISystem for world NewWorld
[2015.09.19-04.19.45:952][  0]LogInit: XAudio2 using 'Speakers / HP (IDT High Definition Audio CODEC)' : 2 channels at 48 kHz using 16 bits per sample (channel mask 0x3)
[2015.09.19-04.19.47:402][  0]LogInit: FAudioDevice initialized.
[2015.09.19-04.19.47:418][  0]LogDerivedDataCache: Saved boot cache 0.02s 41MB C:/Users/Class2016/AppData/Local/UnrealEngine/4.9/DerivedDataCache/Boot.ddc.
[2015.09.19-04.19.47:421][  0]LogInit: Texture streaming: Enabled
[2015.09.19-04.19.47:581][  0]LogAnalytics: Creating configured Analytics provider AnalyticsET
[2015.09.19-04.19.47:582][  0]LogAnalytics: [UEEditor.Rocket.Release] APIServer = http://et2.epicgames.com/ET2/. AppVersion = 4.9.1-2689999+++depot+UE4-Releases+4.9
[2015.09.19-04.19.47:582][  0]LogAnalytics: [UEEditor.Rocket.Release] SetUserId f06af28e44af78c68f6fb4b9c978cff0|1399726e6de04195913aee01235a0998|b027d75e-97b4-46e0-b1fb-f0de01022484
[2015.09.19-04.19.47:582][  0]LogAnalytics: [UEEditor.Rocket.Release] AnalyticsET::StartSession
[2015.09.19-04.19.48:459][  0]LogInit: Transaction tracking system initialized
[2015.09.19-04.19.48:686][  0]BlueprintLog: New page: Editor Load
[2015.09.19-04.19.50:580][  0]LocalizationService: Info Localization service is disabled
[2015.09.19-04.19.51:486][  0]LogLinker:Warning: Can't find file '/Game/ThirdPerson/ThirdPersonOverview'
[2015.09.19-04.19.51:486][  0]LogLinker:Warning: Can't find file '/Game/ThirdPerson/ThirdPersonOverview'
[2015.09.19-04.19.51:509][  0]LogUObjectGlobals:Warning: Failed to find object 'Class /Game/ThirdPerson/ThirdPersonOverview.ThirdPersonOverview_C'
[2015.09.19-04.19.51:718][  0]LogConsoleResponse:Display: 
[2015.09.19-04.19.53:202][  0]LogCook:Display: Done creating registry. It took  0.00s.
[2015.09.19-04.19.53:446][  0]LogFileCache: Scanning file cache for directory 'C:/Users/Class2016/Documents/Unreal Projects/SR2L/Content/' took 0.01s
[2015.09.19-04.19.53:646][  0]SourceControl: Info Source control is disabled
[2015.09.19-04.19.53:670][  0]Cmd: MAP LOAD FILE="../../../../../../Users/Class2016/Documents/Unreal Projects/SR2L/Content/VehicleAdvBP/Maps/VehicleAdvExampleMap.umap" TEMPLATE=0 SHOWPROGRESS=1 FEATURELEVEL=3
[2015.09.19-04.19.53:760][  0]LightingResults: New page: Lighting Build
[2015.09.19-04.19.53:764][  0]MapCheck: New page: Map Check
[2015.09.19-04.19.53:764][  0]LightingResults: New page: Lighting Build
[2015.09.19-04.19.54:089][  0]LogParticles: Destroying 0 GPU particle simulations for FXSystem 0x000000002336A160
[2015.09.19-04.19.56:191][  0]LogLinker:Warning: Asset '../../../../../../Users/Class2016/Documents/Unreal Projects/SR2L/Content/VehicleAdvBP/Maps/LayerInfo/Desert_LayerInfo.uasset' has been saved with empty engine version. The asset will be loaded but may be incompatible.
[2015.09.19-04.19.56:192][  0]LogLinker:Warning: Asset '../../../../../../Users/Class2016/Documents/Unreal Projects/SR2L/Content/VehicleAdvBP/Maps/LayerInfo/Track_LayerInfo.uasset' has been saved with empty engine version. The asset will be loaded but may be incompatible.
[2015.09.19-04.20.01:224][  0]LogAIModule: Creating AISystem for world VehicleAdvExampleMap
[2015.09.19-04.20.04:814][  0]LogEditorServer: Finished looking for orphan Actors (0.000 secs)
[2015.09.19-04.20.04:815][  0]Cmd: MAP CHECKDEP NOCLEARLOG
[2015.09.19-04.20.04:869][  0]MapCheck: Info Map check complete: 0 Error(s), 0 Warning(s), took 53.902ms to complete.
[2015.09.19-04.20.04:929][  0]LogFileHelpers: Loading map 'VehicleAdvExampleMap' took 11.259
[2015.09.19-04.20.06:613][  0]LogCollectionManager: Loaded 0 collections in 0.002480 seconds
[2015.09.19-04.20.06:853][  0]LogFileCache: Scanning file cache for directory 'C:/Users/Class2016/Documents/Unreal Projects/SR2L/Saved/Collections/' took 0.01s
[2015.09.19-04.20.06:853][  0]LogFileCache: Scanning file cache for directory 'C:/Users/Class2016/Documents/Unreal Projects/SR2L/Content/Developers/kquigley/Collections/' took 0.01s
[2015.09.19-04.20.06:853][  0]LogFileCache: Scanning file cache for directory 'C:/Users/Class2016/Documents/Unreal Projects/SR2L/Content/Collections/' took 0.01s
[2015.09.19-04.20.06:853][  0]LogContentBrowser: Native class hierarchy populated in 0.1030 seconds. Added 1867 classes and 333 folders.
[2015.09.19-04.20.07:344][  0]LogCollectionManager: Rebuilt the GUID cache for 0 collections in 0.000003 seconds
[2015.09.19-04.20.07:745][  0]LogContentBrowser: Native class hierarchy updated for 'WidgetCarousel' in 0.0003 seconds. Added 0 classes and 0 folders.
[2015.09.19-04.20.07:832][  0]LogContentBrowser: Native class hierarchy updated for 'AddContentDialog' in 0.0003 seconds. Added 0 classes and 0 folders.
[2015.09.19-04.20.07:871][  0]LogContentBrowser: Native class hierarchy updated for 'SceneOutliner' in 0.0003 seconds. Added 1 classes and 2 folders.
[2015.09.19-04.20.08:815][  0]LogCrashTracker: Crashtracker disabled due to settings.
[2015.09.19-04.20.08:919][  0]LogUObjectGlobals:Warning: Failed to find object 'Class None.'
[2015.09.19-04.20.09:926][  0]LogLoad: Full Startup: 58.59 seconds (BP compile: 1.01 seconds)
[2015.09.19-04.20.10:387][  0]LogContentStreaming: Texture pool size now 400 MB
[2015.09.19-04.20.11:490][  0]LogRenderer: Reallocating scene render targets to support 1208x576 (Frame:2).
[2015.09.19-04.20.13:210][  1]Cmd: UpdateLandscapeEditorData -warnings
[2015.09.19-04.20.16:389][  6]LogAssetRegistry: Asset discovery search completed in 38.2979 seconds
[2015.09.19-04.20.16:389][  6]LogCollectionManager: Rebuilt the object cache for 0 collections in 0.000001 seconds (found 0 objects)
[2015.09.19-04.20.16:389][  6]LogCollectionManager: Fixed up redirectors for 0 collections in 0.000021 seconds (updated 0 objects)
[2015.09.19-04.20.25:592][287]LogPlayLevel: PlayLevel: No blueprints needed recompiling
[2015.09.19-04.20.25:698][287]PIE: New page: PIE session: VehicleAdvExampleMap (Sep 18, 2015, 8:20:25 PM)
[2015.09.19-04.20.25:698][287]LogPlayLevel: Creating play world package: /Game/VehicleAdvBP/Maps/UEDPIE_0_VehicleAdvExampleMap
[2015.09.19-04.20.26:142][287]LogPlayLevel: PIE: StaticDuplicateObject took: (0.443034s)
[2015.09.19-04.20.26:142][287]LogAIModule: Creating AISystem for world VehicleAdvExampleMap
[2015.09.19-04.20.26:142][287]LogPlayLevel: PIE: World Init took: (0.000801s)
[2015.09.19-04.20.26:143][287]LogPlayLevel: PIE: Created PIE world by copying editor world from /Game/VehicleAdvBP/Maps/VehicleAdvExampleMap.VehicleAdvExampleMap to /Game/VehicleAdvBP/Maps/UEDPIE_0_VehicleAdvExampleMap.VehicleAdvExampleMap (0.444110s)
[2015.09.19-04.20.26:143][287]LogActorComponent: UnregisterComponent: (/Engine/Transient.MovementComp) Not registered. Aborting.
[2015.09.19-04.20.27:009][287]LogInit: XAudio2 using 'Speakers / HP (IDT High Definition Audio CODEC)' : 2 channels at 48 kHz using 16 bits per sample (channel mask 0x3)
[2015.09.19-04.20.27:209][287]LogInit: FAudioDevice initialized.
[2015.09.19-04.20.27:558][287]LogWorld: Game class is 'VehicleAdvGameMode_C'
[2015.09.19-04.20.28:719][287]LogWorld: Bringing World /Game/VehicleAdvBP/Maps/UEDPIE_0_VehicleAdvExampleMap.VehicleAdvExampleMap up for play (max tick rate 60) at 2015.09.19-00.20.28
[2015.09.19-04.20.28:719][287]LogActor:Warning: GameSess