[2015.09.20-19.38.52:387][  0]Log file open, 09/20/15 15:38:52
[2015.09.20-19.38.52:387][  0]LogInit:Display: Running engine for game: SR2L
[2015.09.20-19.38.52:387][  0]LogInit:Display: RandInit(-1435559374) SRandInit(-1435559374).
[2015.09.20-19.38.52:387][  0]LogTaskGraph: Started task graph with 4 named threads and 7 total threads.
[2015.09.20-19.38.52:387][  0]LogStats: Stats thread started at 0.081979
[2015.09.20-19.38.52:387][  0]LogInit: Version: 4.9.1-2689999+++depot+UE4-Releases+4.9
[2015.09.20-19.38.52:387][  0]LogInit: API Version: 2672455
[2015.09.20-19.38.52:387][  0]LogInit: Compiled (64-bit): Sep 14 2015 04:12:03
[2015.09.20-19.38.52:387][  0]LogInit: Compiled with Visual C++: 18.00.21005.01
[2015.09.20-19.38.52:387][  0]LogInit: Build Configuration: Development
[2015.09.20-19.38.52:387][  0]LogInit: Branch Name: ++depot+UE4-Releases+4.9
[2015.09.20-19.38.52:387][  0]LogInit: Command line:  
[2015.09.20-19.38.52:387][  0]LogInit: Base directory: C:/Program Files/Epic Games/4.9/Engine/Binaries/Win64/
[2015.09.20-19.38.52:387][  0]LogInit: Rocket: 1
[2015.09.20-19.38.52:401][  0]LogInit: Using libcurl 7.41.0
[2015.09.20-19.38.52:401][  0]LogInit:  - built for x86_64-pc-win32
[2015.09.20-19.38.52:401][  0]LogInit:  - supports SSL with WinSSL
[2015.09.20-19.38.52:401][  0]LogInit:  - other features:
[2015.09.20-19.38.52:401][  0]LogInit:      CURL_VERSION_SSL
[2015.09.20-19.38.52:401][  0]LogInit:      CURL_VERSION_IPV6
[2015.09.20-19.38.52:401][  0]LogInit:      CURL_VERSION_ASYNCHDNS
[2015.09.20-19.38.52:401][  0]LogInit:      CURL_VERSION_LARGEFILE
[2015.09.20-19.38.52:401][  0]LogInit:      CURL_VERSION_IDN
[2015.09.20-19.38.52:401][  0]LogInit:  CurlRequestOptions (configurable via config and command line):
[2015.09.20-19.38.52:401][  0]LogInit:  - bVerifyPeer = true  - Libcurl will verify peer certificate
[2015.09.20-19.38.52:401][  0]LogInit:  - bUseHttpProxy = false  - Libcurl will NOT use HTTP proxy
[2015.09.20-19.38.52:401][  0]LogInit:  - bDontReuseConnections = false  - Libcurl will reuse connections
[2015.09.20-19.38.52:401][  0]LogInit:  - CertBundlePath = nullptr  - Libcurl will use whatever was configured at build time.
[2015.09.20-19.38.52:410][  0]LogInit: Presizing for 0 objects not considered by GC, pre-allocating 0 bytes.
[2015.09.20-19.38.52:416][  0]LogInit: Object subsystem initialized
[2015.09.20-19.38.52:417][  0]LogInit: Selected Device Profile: [Windows]
[2015.09.20-19.38.52:417][  0]LogInit: Applying CVar settings loaded from the selected device profile: [Windows]
[2015.09.20-19.38.52:425][  0]LogInit: Computer: ADAM-ASUS
[2015.09.20-19.38.52:425][  0]LogInit: User: Adam
[2015.09.20-19.38.52:425][  0]LogInit: CPU Page size=4096, Cores=4
[2015.09.20-19.38.52:425][  0]LogInit: High frequency timer resolution =2.338344 MHz
[2015.09.20-19.38.52:425][  0]LogMemory: Memory total: Physical=15.8GB (16GB approx)
[2015.09.20-19.38.52:425][  0]LogMemory: Platform Memory Stats for Windows
[2015.09.20-19.38.52:425][  0]LogMemory: Process Physical Memory: 54.36 MB used, 54.36 MB peak
[2015.09.20-19.38.52:425][  0]LogMemory: Process Virtual Memory: 55.38 MB used, 55.38 MB peak
[2015.09.20-19.38.52:425][  0]LogMemory: Physical Memory: 4384.26 MB used, 16203.17 MB total
[2015.09.20-19.38.52:425][  0]LogMemory: Virtual Memory: 364.62 MB used, 134217728.00 MB total
[2015.09.20-19.38.52:466][  0]LogTextLocalizationManager: No specific translations for ('en-US') exist, so ('en') translations will be used.
[2015.09.20-19.38.53:218][  0]LogD3D11RHI: Found D3D11 adapter 0: NVIDIA GeForce GT 750M (Feature Level 11_0)
[2015.09.20-19.38.53:218][  0]LogD3D11RHI: Adapter has 1992MB of dedicated video memory, 0MB of dedicated system memory, and 8101MB of shared system memory, 1 output[s]
[2015.09.20-19.38.53:223][  0]LogD3D11RHI: Found D3D11 adapter 1: Intel(R) HD Graphics 4600 (Feature Level 11_0)
[2015.09.20-19.38.53:223][  0]LogD3D11RHI: Adapter has 112MB of dedicated video memory, 0MB of dedicated system memory, and 8101MB of shared system memory, 0 output[s]
[2015.09.20-19.38.53:225][  0]LogD3D11RHI: Found D3D11 adapter 2: Microsoft Basic Render Driver (Feature Level 11_0)
[2015.09.20-19.38.53:225][  0]LogD3D11RHI: Adapter has 0MB of dedicated video memory, 0MB of dedicated system memory, and 8101MB of shared system memory, 0 output[s]
[2015.09.20-19.38.53:225][  0]LogD3D11RHI: Chosen D3D11 Adapter Id = 0
[2015.09.20-19.38.53:228][  0]LogD3D11RHI: !Direct3DDevice
[2015.09.20-19.38.53:228][  0]LogRHI: Texture pool is 1361 MB (70% of 1945 MB)
[2015.09.20-19.38.53:242][  0]LogD3D11RHI: Async texture creation enabled
[2015.09.20-19.38.53:257][  0]LogShaderCompilers: Guid format shader working directory is 14 characters bigger than the processId version (../../../../../../Users/Adam/Documents/Unreal Projects/SR2L/Intermediate/Shaders/WorkingDirectory/10916/).
[2015.09.20-19.38.53:258][  0]LogShaderCompilers: Cleaned the shader compiler working directory '../../../../../../Users/Adam/Documents/Unreal Projects/SR2L/Intermediate/Shaders/tmp/8652277A4E944713BBCCDFAC64C3AB1D/'.
[2015.09.20-19.38.53:258][  0]LogShaderCompilers:Display: Using Local Shader Compiler.
[2015.09.20-19.38.54:316][  0]LogTemp:Display: Loaded TP AllDesktopTargetPlatform
[2015.09.20-19.38.54:324][  0]LogTemp:Display: Loaded TP WindowsClientTargetPlatform
[2015.09.20-19.38.54:331][  0]LogTemp:Display: Loaded TP WindowsNoEditorTargetPlatform
[2015.09.20-19.38.54:339][  0]LogTemp:Display: Loaded TP WindowsServerTargetPlatform
[2015.09.20-19.38.54:346][  0]LogTemp:Display: Loaded TP WindowsTargetPlatform
[2015.09.20-19.38.54:351][  0]LogTemp:Display: Loaded TP AndroidTargetPlatform
[2015.09.20-19.38.54:355][  0]LogTemp:Display: Loaded TP Android_ASTCTargetPlatform
[2015.09.20-19.38.54:359][  0]LogTemp:Display: Loaded TP Android_ATCTargetPlatform
[2015.09.20-19.38.54:364][  0]LogTemp:Display: Loaded TP Android_DXTTargetPlatform
[2015.09.20-19.38.54:368][  0]LogTemp:Display: Loaded TP Android_ETC1TargetPlatform
[2015.09.20-19.38.54:371][  0]LogTemp:Display: Loaded TP Android_ETC2TargetPlatform
[2015.09.20-19.38.54:375][  0]LogTemp:Display: Loaded TP Android_PVRTCTargetPlatform
[2015.09.20-19.38.54:376][  0]LogTemp:Display: Loaded TP HTML5TargetPlatform
[2015.09.20-19.38.54:394][  0]LogTemp:Display: Loaded TP IOSTargetPlatform
[2015.09.20-19.38.54:397][  0]LogTemp:Display: Loaded TP LinuxNoEditorTargetPlatform
[2015.09.20-19.38.54:401][  0]LogTemp:Display: Loaded TP LinuxServerTargetPlatform
[2015.09.20-19.38.54:405][  0]LogTemp:Display: Loaded TP LinuxTargetPlatform
[2015.09.20-19.38.54:405][  0]LogTargetPlatformManager:Display: Building Assets For Windows
[2015.09.20-19.38.54:514][  0]LogDerivedDataCache:Display: Max Cache Size: 512 MB
[2015.09.20-19.38.54:556][  0]LogDerivedDataCache: Loaded boot cache 0.04s 41MB C:/Users/Adam/AppData/Local/UnrealEngine/4.9/DerivedDataCache/Boot.ddc.
[2015.09.20-19.38.54:556][  0]LogDerivedDataCache:Display: Loaded Boot cache: C:/Users/Adam/AppData/Local/UnrealEngine/4.9/DerivedDataCache/Boot.ddc
[2015.09.20-19.38.54:556][  0]LogDerivedDataCache: FDerivedDataBackendGraph:  Pak pak cache file ../../../../../../Users/Adam/Documents/Unreal Projects/SR2L/DerivedDataCache/DDC.ddp not found, will not use a pak cache.
[2015.09.20-19.38.54:556][  0]LogDerivedDataCache: Unable to find inner node Pak for hierarchical cache Hierarchy.
[2015.09.20-19.38.54:556][  0]LogDerivedDataCache: FDerivedDataBackendGraph:  CompressedPak pak cache file ../../../../../../Users/Adam/Documents/Unreal Projects/SR2L/DerivedDataCache/Compressed.ddp not found, will not use a pak cache.
[2015.09.20-19.38.54:556][  0]LogDerivedDataCache: Unable to find inner node CompressedPak for hierarchical cache Hierarchy.
[2015.09.20-19.38.54:691][  0]LogDerivedDataCache:Display: Pak cache opened for reading ../../../Engine/DerivedDataCache/Compressed.ddp.
[2015.09.20-19.38.54:703][  0]LogDerivedDataCache: Using Local data cache path C:/Users/Adam/AppData/Local/UnrealEngine/Common/DerivedDataCache: Writable
[2015.09.20-19.38.54:887][  0]LogInit: Selected Device Profile: [Windows]
[2015.09.20-19.38.54:890][  0]LogContentStreaming: Texture pool size is 0.000000MB
[2015.09.20-19.38.55:013][  0]LogMeshUtilities: No automatic mesh reduction module available
[2015.09.20-19.38.55:014][  0]LogMeshUtilities: No automatic mesh merging module available
[2015.09.20-19.38.55:247][  0]LogInit: WinSock: version 1.1 (2.2), MaxSocks=32767, MaxUdp=65467
[2015.09.20-19.38.56:116][  0]UdpMessaging: Initializing bridge on interface 0.0.0.0:0 to multicast group 230.0.0.1:6666.
[2015.09.20-19.38.56:221][  0]LogAssetRegistry: FAssetRegistry took 0.0105 seconds to start up
[2015.09.20-19.38.56:398][  0]SourceControl: Info Source control is disabled
[2015.09.20-19.38.56:399][  0]SourceControl: Info Source control is disabled
[2015.09.20-19.38.56:413][  0]SourceControl: Info Source control is disabled
[2015.09.20-19.38.56:427][  0]SourceControl: Info Source control is disabled
[2015.09.20-19.38.56:630][  0]LogLinker:Warning: Asset '../../../Engine/Plugins/Runtime/LeapMotionController/Content/LM_PassthroughMaterial.uasset' has been saved with empty engine version. The asset will be loaded but may be incompatible.
[2015.09.20-19.38.56:731][  0]LogObj: 28361 objects as part of root set at end of initial load.
[2015.09.20-19.38.56:731][  0]LogUObjectAllocator: 6038872 out of 0 bytes used by permanent object pool.
[2015.09.20-19.38.56:788][  0]LogEngine: Initializing Engine...
[2015.09.20-19.38.56:792][  0]LogHMD: Can't find Oculus library dev build: is proper Runtime installed? Version: 0.7.0.0
[2015.09.20-19.38.56:792][  0]LogHMD: SteamVR failed to initialize.  Err: 110
[2015.09.20-19.38.56:915][  0]LogAIModule: Creating AISystem for world NewWorld
[2015.09.20-19.38.56:921][  0]LogInit: XAudio2 using 'Speakers (Realtek High Definition Audio)' : 2 channels at 48 kHz using 32 bits per sample (channel mask 0x3)
[2015.09.20-19.38.57:033][  0]LogInit: FAudioDevice initialized.
[2015.09.20-19.38.57:053][  0]LogDerivedDataCache: Saved boot cache 0.02s 41MB C:/Users/Adam/AppData/Local/UnrealEngine/4.9/DerivedDataCache/Boot.ddc.
[2015.09.20-19.38.57:056][  0]LogInit: Texture streaming: Enabled
[2015.09.20-19.38.57:063][  0]LogAnalytics: Creating configured Analytics provider AnalyticsET
[2015.09.20-19.38.57:063][  0]LogAnalytics: [UEEditor.Rocket.Release] APIServer = http://et2.epicgames.com/ET2/. AppVersion = 4.9.1-2689999+++depot+UE4-Releases+4.9
[2015.09.20-19.38.57:063][  0]LogAnalytics: [UEEditor.Rocket.Release] SetUserId b6aeed064c5facbea2fec1a4dfb34289|e8dad8564e6d4f898fb2f14da66fe74c|e1a63e55-60ec-4585-be06-279f35335c9b
[2015.09.20-19.38.57:063][  0]LogAnalytics: [UEEditor.Rocket.Release] AnalyticsET::StartSession
[2015.09.20-19.38.57:074][  0]LogWindowsTextInputMethodSystem:Display: IME system now deactivated.
[2015.09.20-19.38.57:075][  0]LogWindowsTextInputMethodSystem:Display: IME system now deactivated.
[2015.09.20-19.38.57:121][  0]LogInit: Transaction tracking system initialized
[2015.09.20-19.38.57:158][  0]BlueprintLog: New page: Editor Load
[2015.09.20-19.38.57:261][  0]LocalizationService: Info Localization service is disabled
[2015.09.20-19.38.57:352][  0]LogConsoleResponse:Display: 
[2015.09.20-19.38.57:465][  0]LogCook:Display: Done creating registry. It took  0.00s.
[2015.09.20-19.38.57:535][  0]LogFileCache: Scanning file cache for directory 'C:/Users/Adam/Documents/Unreal Projects/SR2L/Content/' took 0.01s
[2015.09.20-19.38.57:535][  0]SourceControl: Info Source control is disabled
[2015.09.20-19.38.57:535][  0]Cmd: MAP LOAD FILE="../../../../../../Users/Adam/Documents/Unreal Projects/SR2L/Content/VehicleAdvBP/Maps/Template.umap" TEMPLATE=0 SHOWPROGRESS=1 FEATURELEVEL=3
[2015.09.20-19.38.57:535][  0]LightingResults: New page: Lighting Build
[2015.09.20-19.38.57:539][  0]MapCheck: New page: Map Check
[2015.09.20-19.38.57:539][  0]LightingResults: New page: Lighting Build
[2015.09.20-19.38.57:551][  0]LogParticles: Destroying 0 GPU particle simulations for FXSystem 0x0000003CF83F8400
[2015.09.20-19.38.58:533][  0]LogAIModule: Creating AISystem for world Template
[2015.09.20-19.38.58:554][  0]LogEditorServer: Finished looking for orphan Actors (0.000 secs)
[2015.09.20-19.38.58:555][  0]Cmd: MAP CHECKDEP NOCLEARLOG
[2015.09.20-19.38.58:674][  0]MapCheck: Info Map check complete: 0 Error(s), 0 Warning(s), took 119.674ms to complete.
[2015.09.20-19.38.58:675][  0]LogFileHelpers: Loading map 'Template' took 1.141
[2015.09.20-19.38.58:783][  0]LogCollectionManager: Loaded 0 collections in 0.002943 seconds
[2015.09.20-19.38.58:824][  0]LogFileCache: Scanning file cache for directory 'C:/Users/Adam/Documents/Unreal Projects/SR2L/Saved/Collections/' took 0.01s
[2015.09.20-19.38.58:824][  0]LogFileCache: Scanning file cache for directory 'C:/Users/Adam/Documents/Unreal Projects/SR2L/Content/Developers/Adam/Collections/' took 0.01s
[2015.09.20-19.38.58:824][  0]LogFileCache: Scanning file cache for directory 'C:/Users/Adam/Documents/Unreal Projects/SR2L/Content/Collections/' took 0.01s
[2015.09.20-19.38.58:824][  0]LogContentBrowser: Native class hierarchy populated in 0.0071 seconds. Added 1867 classes and 333 folders.
[2015.09.20-19.38.58:830][  0]LogCollectionManager: Rebuilt the GUID cache for 0 collections in 0.000003 seconds
[2015.09.20-19.38.58:839][  0]LogContentBrowser: Native class hierarchy updated for 'WidgetCarousel' in 0.0003 seconds. Added 0 classes and 0 folders.
[2015.09.20-19.38.58:910][  0]LogContentBrowser: Native class hierarchy updated for 'AddContentDialog' in 0.0004 seconds. Added 0 classes and 0 folders.
[2015.09.20-19.38.58:914][  0]LogContentBrowser: Native class hierarchy updated for 'SceneOutliner' in 0.0003 seconds. Added 1 classes and 2 folders.
[2015.09.20-19.38.58:942][  0]LogCrashTracker: Crashtracker disabled due to settings.
[2015.09.20-19.38.58:946][  0]LogUObjectGlobals:Warning: Failed to find object 'Class None.'
[2015.09.20-19.38.58:968][  0]LogLoad: Full Startup: 7.12 seconds (BP compile: 0.21 seconds)
[2015.09.20-19.38.59:061][  0]LogContentStreaming: Texture pool size now 400 MB
[2015.09.20-19.38.59:216][  0]LogRenderer: Reallocating scene render targets to support 1208x576 (Frame:2).
[2015.09.20-19.39.00:672][  5]LogAssetRegistry: Asset discovery search completed in 4.4613 seconds
[2015.09.20-19.39.00:672][  5]LogCollectionManager: Rebuilt the object cache for 0 collections in 0.000000 seconds (found 0 objects)
[2015.09.20-19.39.00:672][  5]LogCollectionManager: Fixed up redirectors for 0 collections in 0.000021 seconds (updated 0 objects)
[2015.09.20-19.39.08:672][ 29]LogPlayLevel: PlayLevel: No blueprints needed recompiling
[2015.09.20-19.39.08:672][ 29]PIE: New page: PIE session: Template (Sep 20, 2015, 11:39:08 AM)
[2015.09.20-19.39.08:672][ 29]LogPlayLevel: Creating play world package: /Game/VehicleAdvBP/Maps/UEDPIE_0_Template
[2015.09.20-19.39.08:684][ 29]LogPlayLevel: PIE: StaticDuplicateObject took: (0.011701s)
[2015.09.20-19.39.08:685][ 29]LogAIModule: Creating AISystem for world Template
[2015.09.20-19.39.08:685][ 29]LogPlayLevel: PIE: World Init took: (0.000744s)
[2015.09.20-19.39.08:685][ 29]LogPlayLevel: PIE: Created PIE world by copying editor world from /Game/VehicleAdvBP/Maps/Template.Template to /Game/VehicleAdvBP/Maps/UEDPIE_0_Template.Template (0.012727s)
[2015.09.20-19.39.08:685][ 29]LogActorComponent: UnregisterComponent: (/Engine/Transient.MovementComp) Not registered. Aborting.
[2015.09.20-19.39.08:718][ 29]LogInit: XAudio2 using 'Speakers (Realtek High Definition Audio)' : 2 channels at 48 kHz using 32 bits per sample (channel mask 0x3)
[2015.09.20-19.39.08:725][ 29]LogInit: FAudioDevice initialized.
[2015.09.20-19.39.08:781][ 29]LogWorld: Game class is 'VehicleAdvGameMode_C'
[2015.09.20-19.39.08:792][ 29]LogWorld: Bringing World /Game/VehicleAdvBP/Maps/UEDPIE_0_Template.Template up for play (max tick rate 60) at 2015.09.20-15.39.08
[2015.09.20-19.39.08:792][ 29]LogActor:Warning: GameSession /Game/VehicleAdvBP/Maps/UEDPIE_0_Template.Template:PersistentLevel.GameSession_0 has natively added scene component(s), but none of them were set as the actor's RootComponent - picking one arbitrarily
[2015.09.20-19.39